#
# A fatal error has been detected by the Java Runtime Environment:
#
#  EXCEPTION_ACCESS_VIOLATION (0xc0000005) at pc=0x00000000d95d2e92, pid=5032, tid=6740
#
# JRE version: 6.0_17-b04
# Java VM: Java HotSpot(TM) 64-Bit Server VM (14.3-b01 mixed mode windows-amd64 )
# Problematic frame:
# C  0x00000000d95d2e92
#
# If you would like to submit a bug report, please visit:
#   http://java.sun.com/webapps/bugreport/crash.jsp
# The crash happened outside the Java Virtual Machine in native code.
# See problematic frame for where to report the bug.
#

---------------  T H R E A D  ---------------

Current thread (0x000000000e0fd000):  JavaThread "main" [_thread_in_native, id=6740, stack(0x00000000000b0000,0x00000000040b0000)]

siginfo: ExceptionCode=0xc0000005, reading address 0x0000000011cff0ac

Registers:
EAX=0x0000000011cff0a0, EBX=0x00000000380397c0, ECX=0x00000000040a1c90, EDX=0x00000000f1b94ba0
ESP=0x00000000040a1c50, EBP=0x00000000040a2758, ESI=0x0000000000000009, EDI=0x00000000316e59ae
EIP=0x00000000d95d2e92, EFLAGS=0x0000000000010206

Top of Stack: (sp=0x00000000040a1c50)
0x00000000040a1c50:   00000000040a1c90 00000000d96054f8
0x00000000040a1c60:   0000000000000000 00000000040a2758
0x00000000040a1c70:   000007ff00000001 0000000011cff0a0
0x00000000040a1c80:   0ffffffffffff000 0000000004c31adc
0x00000000040a1c90:   74726f5058545852 29286e696172643a
0x00000000040a1ca0:   736e727574657220 000000000a30203a
0x00000000040a1cb0:   0000000000000000 0000000000000000
0x00000000040a1cc0:   0000000000000000 0000000000000000
0x00000000040a1cd0:   0000000000000000 0000000000000000
0x00000000040a1ce0:   0000000100000000 0000000000000000
0x00000000040a1cf0:   0000000000000000 0000000000000000
0x00000000040a1d00:   0000000000000000 0000000000000000
0x00000000040a1d10:   0000000000000000 0000000000000000
0x00000000040a1d20:   0000000000000000 0000000000000000
0x00000000040a1d30:   0000000000000000 0000000000000000
0x00000000040a1d40:   0000000000000000 0000000000000000 

Instructions: (pc=0x00000000d95d2e92)
0x00000000d95d2e82:   00 00 00 48 83 7c 24 28 00 74 77 48 8b 44 24 28
0x00000000d95d2e92:   83 78 0c 00 74 6c 4c 8b 4c 24 28 4c 8d 84 24 98 


Stack: [0x00000000000b0000,0x00000000040b0000],  sp=0x00000000040a1c50,  free space=65479k
Native frames: (J=compiled Java code, j=interpreted, Vv=VM code, C=native code)
C  0x00000000d95d2e92
j  gnu.io.RXTXPort$SerialOutputStream.flush()V+92
j  com.mathworks.toolbox.instrument.SerialComm.writeBinaryToHardware(Ljava/lang/Object;II)I+77
j  com.mathworks.toolbox.instrument.InstrumentWriter.writeBinarySync(Ljava/lang/Object;II)[Ljava/lang/Object;+4
j  com.mathworks.toolbox.instrument.InstrumentWriter.writeBinary(Ljava/lang/Object;III)[Ljava/lang/Object;+48
j  com.mathworks.toolbox.instrument.InstrumentWriter.fwrite(Ljava/lang/Object;IIII)V+183
v  ~StubRoutines::call_stub

Java frames: (J=compiled Java code, j=interpreted, Vv=VM code)
j  gnu.io.RXTXPort.nativeDrain(Z)Z+0
j  gnu.io.RXTXPort$SerialOutputStream.flush()V+92
j  com.mathworks.toolbox.instrument.SerialComm.writeBinaryToHardware(Ljava/lang/Object;II)I+77
j  com.mathworks.toolbox.instrument.InstrumentWriter.writeBinarySync(Ljava/lang/Object;II)[Ljava/lang/Object;+4
j  com.mathworks.toolbox.instrument.InstrumentWriter.writeBinary(Ljava/lang/Object;III)[Ljava/lang/Object;+48
j  com.mathworks.toolbox.instrument.InstrumentWriter.fwrite(Ljava/lang/Object;IIII)V+183
v  ~StubRoutines::call_stub

---------------  P R O C E S S  ---------------

Java Threads: ( => current thread )
  0x0000000062721000 JavaThread "Thread-117" [_thread_in_native, id=4612, stack(0x0000000111c80000,0x0000000111d00000)]
  0x0000000062723800 JavaThread "Timer-InstrumentReadWritePoll" [_thread_blocked, id=5592, stack(0x0000000009600000,0x0000000009680000)]
  0x0000000062727800 JavaThread "Swing-Shell" daemon [_thread_blocked, id=888, stack(0x000000002dc50000,0x000000002dcd0000)]
  0x0000000062725800 JavaThread "Timer-3" daemon [_thread_blocked, id=6720, stack(0x0000000072810000,0x0000000072890000)]
  0x0000000062725000 JavaThread "Explorer NavigationContext request queue" [_thread_blocked, id=6424, stack(0x000000006b600000,0x000000006b680000)]
  0x0000000062722800 JavaThread "AddressBar directory emptiness poller" [_thread_blocked, id=472, stack(0x00000000724d0000,0x0000000072550000)]
  0x0000000062722000 JavaThread "Explorer Refresh Service 1472914871" [_thread_blocked, id=6020, stack(0x0000000072410000,0x0000000072490000)]
  0x0000000062720800 JavaThread "Timer-1" daemon [_thread_blocked, id=4160, stack(0x000000002d660000,0x000000002d6e0000)]
  0x000000006271f800 JavaThread "TimerQueue" daemon [_thread_blocked, id=4408, stack(0x0000000050cd0000,0x0000000050d50000)]
  0x000000006271f000 JavaThread "Thread-5" daemon [_thread_blocked, id=6884, stack(0x000000001d220000,0x000000001d2a0000)]
  0x000000006271e800 JavaThread "AWT-EventQueue-0" [_thread_blocked, id=6328, stack(0x0000000019150000,0x00000000191d0000)]
  0x000000006271d800 JavaThread "AWT-Shutdown" [_thread_blocked, id=3948, stack(0x00000000294c0000,0x0000000029540000)]
  0x000000006271d000 JavaThread "FelixPackageAdmin" daemon [_thread_blocked, id=6468, stack(0x0000000054e20000,0x0000000054ea0000)]
  0x00000000627d5000 JavaThread "FelixStartLevel" daemon [_thread_blocked, id=3120, stack(0x0000000014ff0000,0x0000000015070000)]
  0x00000000627d4800 JavaThread "FelixDispatchQueue" daemon [_thread_blocked, id=6612, stack(0x000000002d580000,0x000000002d600000)]
  0x00000000623f2800 JavaThread "com.google.common.base.internal.Finalizer" daemon [_thread_blocked, id=5612, stack(0x0000000010ef0000,0x0000000010f70000)]
  0x00000000622e3800 JavaThread "AWT-Windows" daemon [_thread_in_native, id=6868, stack(0x000000000fe90000,0x000000000ff10000)]
  0x00000000622e2000 JavaThread "Java2D Disposer" daemon [_thread_blocked, id=4384, stack(0x0000000010e70000,0x0000000010ef0000)]
  0x0000000062021000 JavaThread "Timer-0" [_thread_blocked, id=6552, stack(0x000000000fd60000,0x000000000fde0000)]
  0x0000000061b6a800 JavaThread "EventMgr Dispatcher" daemon [_thread_in_native, id=4080, stack(0x0000000009c70000,0x000000000dc70000)]
  0x000000000f915000 JavaThread "Low Memory Detector" daemon [_thread_blocked, id=6976, stack(0x000000000fcd0000,0x000000000fd50000)]
  0x000000000f65c800 JavaThread "CompilerThread1" daemon [_thread_blocked, id=6188, stack(0x00000000eda00000,0x00000000f1a00000)]
  0x000000000f656800 JavaThread "CompilerThread0" daemon [_thread_blocked, id=3992, stack(0x00000000e9960000,0x00000000ed960000)]
  0x000000000f655800 JavaThread "Attach Listener" daemon [_thread_blocked, id=3652, stack(0x000000000ff20000,0x000000000ffa0000)]
  0x000000000f650000 JavaThread "Finalizer" daemon [_thread_blocked, id=2408, stack(0x000000000fde0000,0x000000000fe60000)]
  0x000000000f64f800 JavaThread "Reference Handler" daemon [_thread_blocked, id=2420, stack(0x000000000fc10000,0x000000000fc90000)]
=>0x000000000e0fd000 JavaThread "main" [_thread_in_native, id=6740, stack(0x00000000000b0000,0x00000000040b0000)]

Other Threads:
  0x000000000f645000 VMThread [stack: 0x00000000e5780000,0x00000000e9780000] [id=5040]
  0x000000000f933000 WatcherThread [stack: 0x00000000f1bb0000,0x00000000f5bb0000] [id=5772]

VM state:not at safepoint (normal execution)

VM Mutex/Monitor currently owned by a thread: None

Heap
 PSYoungGen      total 39040K, used 13482K [0x00000000459e0000, 0x00000000489a0000, 0x0000000048ae0000)
  eden space 35072K, 27% used [0x00000000459e0000,0x00000000463351e0,0x0000000047c20000)
  from space 3968K, 98% used [0x0000000047c20000,0x0000000047ff5958,0x0000000048000000)
  to   space 6848K, 0% used [0x00000000482f0000,0x00000000482f0000,0x00000000489a0000)
 PSOldGen        total 81856K, used 56771K [0x000000003c6e0000, 0x00000000416d0000, 0x00000000459e0000)
  object space 81856K, 69% used [0x000000003c6e0000,0x000000003fe50e00,0x00000000416d0000)
 PSPermGen       total 100096K, used 62320K [0x00000000346e0000, 0x000000003a8a0000, 0x000000003c6e0000)
  object space 100096K, 62% used [0x00000000346e0000,0x00000000383bc080,0x000000003a8a0000)

Dynamic libraries:
0x000000013f730000 - 0x000000013f75d000 	C:\Program Files\MATLAB\R2012b\bin\win64\MATLAB.exe
0x0000000077b40000 - 0x0000000077ce9000 	C:\Windows\SYSTEM32\ntdll.dll
0x0000000077920000 - 0x0000000077a3f000 	C:\Windows\system32\kernel32.dll
0x000007fefd9d0000 - 0x000007fefda3b000 	C:\Windows\system32\KERNELBASE.dll
0x0000000074460000 - 0x000000007451f000 	C:\Program Files\MATLAB\R2012b\bin\win64\libut.dll
0x00000000758a0000 - 0x000000007595c000 	C:\Program Files\MATLAB\R2012b\bin\win64\libmwi18n.dll
0x0000000180000000 - 0x000000018000b000 	C:\Program Files\MATLAB\R2012b\bin\win64\libmwresource_core.dll
0x0000000066230000 - 0x0000000066303000 	C:\Windows\WinSxS\amd64_microsoft.vc90.crt_1fc8b3b9a1e18e3b_9.0.30729.6161_none_08e61857a83bc251\MSVCP90.dll
0x0000000066180000 - 0x0000000066223000 	C:\Windows\WinSxS\amd64_microsoft.vc90.crt_1fc8b3b9a1e18e3b_9.0.30729.6161_none_08e61857a83bc251\MSVCR90.dll
0x000000007a170000 - 0x000000007a19c000 	C:\Program Files\MATLAB\R2012b\bin\win64\boost_filesystem-vc90-mt-1_44.dll
0x000000007a560000 - 0x000000007a569000 	C:\Program Files\MATLAB\R2012b\bin\win64\boost_system-vc90-mt-1_44.dll
0x000007feff5d0000 - 0x000007feff6ab000 	C:\Windows\system32\ADVAPI32.dll
0x000007fefdd80000 - 0x000007fefde1f000 	C:\Windows\system32\msvcrt.dll
0x000007feffbd0000 - 0x000007feffbef000 	C:\Windows\SYSTEM32\sechost.dll
0x000007feff4a0000 - 0x000007feff5cd000 	C:\Windows\system32\RPCRT4.dll
0x000000007a010000 - 0x000000007a035000 	C:\Program Files\MATLAB\R2012b\bin\win64\LIBEXPAT.dll
0x0000000065f80000 - 0x0000000066171000 	C:\Program Files\MATLAB\R2012b\bin\win64\icuin44.dll
0x0000000065e00000 - 0x0000000065f71000 	C:\Program Files\MATLAB\R2012b\bin\win64\icuuc44.dll
0x0000000010000000 - 0x0000000010e41000 	C:\Program Files\MATLAB\R2012b\bin\win64\icudt44.dll
0x0000000073f70000 - 0x000000007411d000 	C:\Program Files\MATLAB\R2012b\bin\win64\libmwfl.dll
0x0000000004530000 - 0x00000000048e6000 	C:\Program Files\MATLAB\R2012b\bin\win64\libmwMATLAB_res.dll
0x000000007a3b0000 - 0x000000007a3c0000 	C:\Program Files\MATLAB\R2012b\bin\win64\boost_date_time-vc90-mt-1_44.dll
0x000000007a250000 - 0x000000007a263000 	C:\Program Files\MATLAB\R2012b\bin\win64\boost_signals-vc90-mt-1_44.dll
0x000000007a2d0000 - 0x000000007a2e2000 	C:\Program Files\MATLAB\R2012b\bin\win64\boost_thread-vc90-mt-1_44.dll
0x00000000041a0000 - 0x000000000425d000 	C:\Program Files\MATLAB\R2012b\bin\win64\boost_log-vc90-mt-1_44.dll
0x0000000077d00000 - 0x0000000077d07000 	C:\Windows\system32\PSAPI.DLL
0x000007fefdd30000 - 0x000007fefdd7d000 	C:\Windows\system32\WS2_32.dll
0x000007fefdd20000 - 0x000007fefdd28000 	C:\Windows\system32\NSI.dll
0x00000000048f0000 - 0x0000000004936000 	C:\Program Files\MATLAB\R2012b\bin\win64\tbb.dll
0x000007feff480000 - 0x000007feff499000 	C:\Windows\system32\imagehlp.dll
0x000000006bf30000 - 0x000000006bf43000 	C:\Program Files\MATLAB\R2012b\bin\win64\icuio44.dll
0x000007feea8d0000 - 0x000007feea9f5000 	C:\Windows\system32\dbghelp.dll
0x0000000077a40000 - 0x0000000077b3a000 	C:\Windows\system32\USER32.dll
0x000007fefe180000 - 0x000007fefe1e7000 	C:\Windows\system32\GDI32.dll
0x000007fefdec0000 - 0x000007fefdece000 	C:\Windows\system32\LPK.dll
0x000007fefe620000 - 0x000007fefe6e9000 	C:\Windows\system32\USP10.dll
0x0000000004940000 - 0x0000000004c1c000 	C:\Program Files\MATLAB\R2012b\bin\win64\libmwservices.dll
0x0000000075a20000 - 0x0000000075af3000 	C:\Program Files\MATLAB\R2012b\bin\win64\libmx.dll
0x0000000004c30000 - 0x0000000004c59000 	C:\Program Files\MATLAB\R2012b\bin\win64\tbbmalloc.dll
0x000000007a210000 - 0x000000007a228000 	C:\Program Files\MATLAB\R2012b\bin\win64\zlib1.dll
0x0000000004c80000 - 0x0000000004ccd000 	C:\Program Files\MATLAB\R2012b\bin\win64\libmwregexp.dll
0x0000000004ce0000 - 0x0000000004d03000 	C:\Program Files\MATLAB\R2012b\bin\win64\libmwmfl_scalar.dll
0x0000000075f10000 - 0x0000000075f60000 	C:\Program Files\MATLAB\R2012b\bin\win64\mpath.dll
0x000000007b680000 - 0x000000007bc9a000 	C:\Program Files\MATLAB\R2012b\bin\win64\mlutil.dll
0x00000000754d0000 - 0x0000000075551000 	C:\Program Files\MATLAB\R2012b\bin\win64\xmlcore.dll
0x0000000004d50000 - 0x0000000004fa3000 	C:\Program Files\MATLAB\R2012b\bin\win64\xerces-c_2_7.dll
0x0000000004fc0000 - 0x0000000004fe0000 	C:\Program Files\MATLAB\R2012b\bin\win64\libmwMATLAB_settings_res.dll
0x0000000004ff0000 - 0x0000000005000000 	C:\Program Files\MATLAB\R2012b\bin\win64\boost_iostreams-vc90-mt-1_44.dll
0x0000000005010000 - 0x0000000005057000 	C:\Program Files\MATLAB\R2012b\bin\win64\boost_serialization-vc90-mt-1_44.dll
0x000007fefe6f0000 - 0x000007feff478000 	C:\Windows\system32\SHELL32.dll
0x000007feffab0000 - 0x000007feffb21000 	C:\Windows\system32\SHLWAPI.dll
0x000007fef9a10000 - 0x000007fef9ab0000 	C:\Windows\WinSxS\amd64_microsoft.windows.common-controls_6595b64144ccf1df_5.82.7601.18201_none_a4d3b9377117c3df\COMCTL32.dll
0x000007fefde20000 - 0x000007fefdeb7000 	C:\Windows\system32\COMDLG32.dll
0x000007fefb4a0000 - 0x000007fefb4b6000 	C:\Windows\system32\NETAPI32.dll
0x000007fefb490000 - 0x000007fefb49c000 	C:\Windows\system32\netutils.dll
0x000007fefd520000 - 0x000007fefd543000 	C:\Windows\system32\srvcli.dll
0x000007fefb470000 - 0x000007fefb485000 	C:\Windows\system32\wkscli.dll
0x000007feff6e0000 - 0x000007feff8e3000 	C:\Windows\system32\ole32.dll
0x000007fefe1f0000 - 0x000007fefe2c7000 	C:\Windows\system32\OLEAUT32.dll
0x0000000074970000 - 0x0000000074a31000 	C:\Program Files\MATLAB\R2012b\bin\win64\mcr.dll
0x0000000075000000 - 0x00000000753e9000 	C:\Program Files\MATLAB\R2012b\bin\win64\iqm.dll
0x0000000074e80000 - 0x0000000074f38000 	C:\Program Files\MATLAB\R2012b\bin\win64\m_dispatcher.dll
0x0000000074880000 - 0x000000007496d000 	C:\Program Files\MATLAB\R2012b\bin\win64\boost_regex-vc90-mt-1_44.dll
0x000007fef4bc0000 - 0x000007fef5431000 	C:\Program Files\MATLAB\R2012b\bin\win64\m_interpreter.dll
0x0000000065dd0000 - 0x0000000065df7000 	C:\Program Files\MATLAB\R2012b\bin\win64\libmex.dll
0x0000000065d40000 - 0x0000000065dc4000 	C:\Program Files\MATLAB\R2012b\bin\win64\profiler.dll
0x00000000050e0000 - 0x000000000534a000 	C:\Program Files\MATLAB\R2012b\bin\win64\libmwmathutil.dll
0x0000000079f40000 - 0x0000000079f6e000 	C:\Program Files\MATLAB\R2012b\bin\win64\libmwmathrng.dll
0x0000000005370000 - 0x0000000005382000 	C:\Program Files\MATLAB\R2012b\bin\win64\libmwmfl_rng.dll
0x0000000074c10000 - 0x0000000074cee000 	C:\Program Files\MATLAB\R2012b\bin\win64\libmwmathcore.dll
0x0000000076160000 - 0x00000000761ca000 	C:\Program Files\MATLAB\R2012b\bin\win64\libmwspmatrix.dll
0x0000000075ea0000 - 0x0000000075f02000 	C:\Program Files\MATLAB\R2012b\bin\win64\libmwcholmod.dll
0x000000007a460000 - 0x000000007a46d000 	C:\Program Files\MATLAB\R2012b\bin\win64\libmwamd.dll
0x000000007a4b0000 - 0x000000007a4bc000 	C:\Program Files\MATLAB\R2012b\bin\win64\libmwcolamd.dll
0x000000007a290000 - 0x000000007a2a9000 	C:\Program Files\MATLAB\R2012b\bin\win64\libmwblas.dll
0x000000007a310000 - 0x000000007a321000 	C:\Program Files\MATLAB\R2012b\bin\win64\libmwbinder.dll
0x000000007a4d0000 - 0x000000007a4dc000 	C:\Program Files\MATLAB\R2012b\bin\win64\libmwompwrapper.dll
0x0000000005420000 - 0x00000000054a5000 	C:\Program Files\MATLAB\R2012b\bin\win64\libmwlapack.dll
0x0000000065d10000 - 0x0000000065d31000 	C:\Program Files\MATLAB\R2012b\bin\win64\m_pcodeio.dll
0x0000000079b10000 - 0x0000000079b77000 	C:\Program Files\MATLAB\R2012b\bin\win64\m_ir.dll
0x00000000656a0000 - 0x0000000065d10000 	C:\Program Files\MATLAB\R2012b\bin\win64\m_parser.dll
0x0000000065680000 - 0x000000006569a000 	C:\Program Files\MATLAB\R2012b\bin\win64\ir_xfmr.dll
0x000007fef4920000 - 0x000007fef4bb6000 	C:\Program Files\MATLAB\R2012b\bin\win64\mcos.dll
0x0000000065660000 - 0x0000000065671000 	C:\Program Files\MATLAB\R2012b\bin\win64\mtok.dll
0x0000000065620000 - 0x0000000065651000 	C:\Program Files\MATLAB\R2012b\bin\win64\m_pcodegen.dll
0x0000000079fb0000 - 0x0000000079fe6000 	C:\Program Files\MATLAB\R2012b\bin\win64\libmwbridge.dll
0x0000000065550000 - 0x0000000065618000 	C:\Program Files\MATLAB\R2012b\bin\win64\udd.dll
0x00000000653f0000 - 0x0000000065542000 	C:\Program Files\MATLAB\R2012b\bin\win64\libmwgui.dll
0x00000000653d0000 - 0x00000000653e7000 	C:\Program Files\MATLAB\R2012b\bin\win64\graphics_util.dll
0x0000000064970000 - 0x00000000653cf000 	C:\Program Files\MATLAB\R2012b\bin\win64\hg.dll
0x0000000005580000 - 0x00000000055e8000 	C:\Program Files\MATLAB\R2012b\bin\win64\libmat.dll
0x0000000072d30000 - 0x0000000072f44000 	C:\Program Files\MATLAB\R2012b\bin\win64\hdf5dll.dll
0x0000000075710000 - 0x00000000757de000 	C:\Program Files\MATLAB\R2012b\bin\win64\jmi.dll
0x0000000005620000 - 0x000000000562d000 	C:\Program Files\MATLAB\R2012b\bin\win64\nativejava_services.dll
0x0000000064920000 - 0x0000000064966000 	C:\Program Files\MATLAB\R2012b\bin\win64\libmwhardcopy.dll
0x00000000648b0000 - 0x0000000064913000 	C:\Program Files\MATLAB\R2012b\bin\win64\libuij.dll
0x0000000064640000 - 0x00000000648a4000 	C:\Program Files\MATLAB\R2012b\bin\win64\hgdatatypes.dll
0x0000000064520000 - 0x000000006463f000 	C:\Program Files\MATLAB\R2012b\bin\win64\hgutils.dll
0x0000000064460000 - 0x0000000064520000 	C:\Program Files\MATLAB\R2012b\bin\win64\udd_mi.dll
0x0000000005690000 - 0x00000000056cb000 	C:\Program Files\MATLAB\R2012b\bin\win64\libmwgbtutils.dll
0x00000000056e0000 - 0x00000000056fb000 	C:\Program Files\MATLAB\R2012b\bin\win64\libmwgbt.dll
0x0000000005710000 - 0x00000000059e1000 	C:\Program Files\MATLAB\R2012b\bin\win64\uiw.dll
0x000000006bf20000 - 0x000000006bf2f000 	C:\Program Files\MATLAB\R2012b\bin\win64\uinone.dll
0x0000000005a10000 - 0x0000000005a39000 	C:\Program Files\MATLAB\R2012b\bin\win64\libmwnativefiledialogs.dll
0x0000000005a50000 - 0x0000000005a58000 	C:\Program Files\MATLAB\R2012b\bin\win64\libmwplatform_res.dll
0x000007fef8a50000 - 0x000007fef8a68000 	C:\Windows\system32\MPR.dll
0x0000000063f70000 - 0x0000000064454000 	C:\Windows\WinSxS\amd64_microsoft.vc90.mfc_1fc8b3b9a1e18e3b_9.0.30729.6161_none_044aad0bab1eb146\mfc90.dll
0x000007fef9db0000 - 0x000007fef9db7000 	C:\Windows\system32\MSIMG32.dll
0x000007fef9990000 - 0x000007fef9a01000 	C:\Windows\system32\WINSPOOL.DRV
0x0000000063f40000 - 0x0000000063f62000 	C:\Program Files\MATLAB\R2012b\bin\win64\mwoles05.DLL
0x0000000063ec0000 - 0x0000000063f3d000 	C:\Program Files\MATLAB\R2012b\bin\win64\comcli.dll
0x0000000063e90000 - 0x0000000063ebf000 	C:\Windows\WinSxS\amd64_microsoft.vc90.atl_1fc8b3b9a1e18e3b_9.0.30729.6161_none_0a1fd3a3a768b895\ATL90.DLL
0x0000000063e80000 - 0x0000000063e8c000 	C:\Program Files\MATLAB\R2012b\bin\win64\mlautoregister.dll
0x000007fefd7c0000 - 0x000007fefd817000 	C:\Windows\system32\apphelp.dll
0x000007fef76a0000 - 0x000007fef76f1000 	C:\Windows\AppPatch\AppPatch64\AcGenral.DLL
0x000007fefd790000 - 0x000007fefd7b5000 	C:\Windows\system32\SspiCli.dll
0x0000000074660000 - 0x0000000074663000 	C:\Windows\system32\sfc.dll
0x000007fef92c0000 - 0x000007fef92d0000 	C:\Windows\system32\sfc_os.DLL
0x000007fefcbe0000 - 0x000007fefcbfe000 	C:\Windows\system32\USERENV.dll
0x000007fefd8f0000 - 0x000007fefd8ff000 	C:\Windows\system32\profapi.dll
0x000007fefa980000 - 0x000007fefa998000 	C:\Windows\system32\dwmapi.dll
0x000007feff6b0000 - 0x000007feff6de000 	C:\Windows\system32\IMM32.DLL
0x000007fefe510000 - 0x000007fefe619000 	C:\Windows\system32\MSCTF.dll
0x000007fefae30000 - 0x000007fefae86000 	C:\Windows\system32\UxTheme.dll
0x0000000063e70000 - 0x0000000063e7d000 	C:\Windows\WinSxS\amd64_microsoft.vc90.mfcloc_1fc8b3b9a1e18e3b_9.0.30729.6161_none_01c9581e60cbee58\MFC90ENU.DLL
0x0000000005d90000 - 0x0000000005d9f000 	C:\Program Files\MATLAB\R2012b\bin\win64\xmlxrcsc.dll
0x000007fefd820000 - 0x000007fefd82f000 	C:\Windows\system32\CRYPTBASE.dll
0x000007fefbe10000 - 0x000007fefc004000 	C:\Windows\WinSxS\amd64_microsoft.windows.common-controls_6595b64144ccf1df_6.0.7601.17514_none_fa396087175ac9ac\comctl32.dll

VM Arguments:
jvm_args: -Xss512k -XX:PermSize=32m -Xms64m -XX:NewRatio=3 -XX:MaxPermSize=128m -Xmx196m -XX:MaxDirectMemorySize=2147400000 -Dsun.java2d.noddraw=true -Dsun.awt.nopixfmt=true -Xshare:off -Xrs -Dsun.awt.disableMixing=true -Djava.library.path=C:\Program Files\MATLAB\R2012b\bin\win64;C:\Program Files\MATLAB\R2012b\sys\jxbrowser\win64\lib vfprintf abort 
java_command: <unknown>
Launcher Type: generic

Environment Variables:
PATH=C:\Program Files\Common Files\Microsoft Shared\Windows Live;C:\Program Files (x86)\Common Files\Microsoft Shared\Windows Live;C:\Program Files (x86)\Intel\iCLS Client\;C:\Program Files\Intel\iCLS Client\;C:\Windows\system32;C:\Windows;C:\Windows\System32\Wbem;C:\Windows\System32\WindowsPowerShell\v1.0\;C:\Program Files\Intel\Intel(R) Management Engine Components\DAL;C:\Program Files\Intel\Intel(R) Management Engine Components\IPT;C:\Program Files (x86)\Intel\Intel(R) Management Engine Components\DAL;C:\Program Files (x86)\Intel\Intel(R) Management Engine Components\IPT;C:\Program Files (x86)\Windows Live\Shared;C:\Program Files\TortoiseGit\bin;C:\Program Files (x86)\Microsoft SQL Server\100\Tools\Binn\;C:\Program Files\Microsoft SQL Server\100\Tools\Binn\;C:\Program Files\Microsoft SQL Server\100\DTS\Binn\;C:\Program Files\MATLAB\R2012b\runtime\win64;C:\Program Files\MATLAB\R2012b\bin
USERNAME=Wk
OS=Windows_NT
PROCESSOR_IDENTIFIER=Intel64 Family 6 Model 62 Stepping 4, GenuineIntel



---------------  S Y S T E M  ---------------

OS: Windows 7 Build 7601 Service Pack 1

CPU:total 48 (16 cores per cpu, 2 threads per core) family 6 model 62 stepping 4, cmov, cx8, fxsr, mmx, sse, sse2, sse3, ssse3, sse4.1, sse4.2, ht

Memory: 4k page, physical 67051748k(60749460k free), swap 681449884k(674446832k free)

vm_info: Java HotSpot(TM) 64-Bit Server VM (14.3-b01) for windows-amd64 JRE (1.6.0_17-b04), built on Oct 11 2009 00:46:08 by "java_re" with MS VC++ 8.0

time: Wed Jan 15 19:25:32 2014
elapsed time: 133 seconds

