#
# A fatal error has been detected by the Java Runtime Environment:
#
#  EXCEPTION_ACCESS_VIOLATION (0xc0000005) at pc=0x00000000bcc32e92, pid=1512, tid=6368
#
# JRE version: 6.0_17-b04
# Java VM: Java HotSpot(TM) 64-Bit Server VM (14.3-b01 mixed mode windows-amd64 )
# Problematic frame:
# C  0x00000000bcc32e92
#
# If you would like to submit a bug report, please visit:
#   http://java.sun.com/webapps/bugreport/crash.jsp
# The crash happened outside the Java Virtual Machine in native code.
# See problematic frame for where to report the bug.
#

---------------  T H R E A D  ---------------

Current thread (0x000000000e19d000):  JavaThread "main" [_thread_in_native, id=6368, stack(0x0000000000210000,0x0000000004210000)]

siginfo: ExceptionCode=0xc0000005, reading address 0x000000002298eb8c

Registers:
EAX=0x000000002298eb80, EBX=0x00000000380942b0, ECX=0x0000000004201740, EDX=0x00000000d5324ba0
ESP=0x0000000004201700, EBP=0x0000000004202208, ESI=0x0000000000000009, EDI=0x00000000317359ae
EIP=0x00000000bcc32e92, EFLAGS=0x0000000000010202

Top of Stack: (sp=0x0000000004201700)
0x0000000004201700:   0000000004201740 00000000bcc654f8
0x0000000004201710:   0000000000000000 0000000004202208
0x0000000004201720:   0000000000000001 000000002298eb80
0x0000000004201730:   0000000077b9af30 0000000071086fd0
0x0000000004201740:   74726f5058545852 29286e696172643a
0x0000000004201750:   736e727574657220 000000000a30203a
0x0000000004201760:   0000000004201838 000000000000000a
0x0000000004201770:   0000000077c55430 0000000005e80040
0x0000000004201780:   00000000042018f2 0000000000000000
0x0000000004201790:   0000000100000000 0000000000000000
0x00000000042017a0:   0000000000000000 0000000000000000
0x00000000042017b0:   000000001d242050 0000000077b98445
0x00000000042017c0:   0000000077c55430 0000000000000000
0x00000000042017d0:   0000000000000001 0000000000000000
0x00000000042017e0:   000000003486f201 00000000042018f0
0x00000000042017f0:   00000000bcc63b70 0000000000000000 

Instructions: (pc=0x00000000bcc32e92)
0x00000000bcc32e82:   00 00 00 48 83 7c 24 28 00 74 77 48 8b 44 24 28
0x00000000bcc32e92:   83 78 0c 00 74 6c 4c 8b 4c 24 28 4c 8d 84 24 98 


Stack: [0x0000000000210000,0x0000000004210000],  sp=0x0000000004201700,  free space=65477k
Native frames: (J=compiled Java code, j=interpreted, Vv=VM code, C=native code)
C  0x00000000bcc32e92
j  gnu.io.RXTXPort$SerialOutputStream.flush()V+92
j  com.mathworks.toolbox.instrument.SerialComm.writeBinaryToHardware(Ljava/lang/Object;II)I+77
j  com.mathworks.toolbox.instrument.InstrumentWriter.writeBinarySync(Ljava/lang/Object;II)[Ljava/lang/Object;+4
j  com.mathworks.toolbox.instrument.InstrumentWriter.writeBinary(Ljava/lang/Object;III)[Ljava/lang/Object;+48
j  com.mathworks.toolbox.instrument.InstrumentWriter.fwrite(Ljava/lang/Object;IIII)V+183
v  ~StubRoutines::call_stub

Java frames: (J=compiled Java code, j=interpreted, Vv=VM code)
j  gnu.io.RXTXPort.nativeDrain(Z)Z+0
j  gnu.io.RXTXPort$SerialOutputStream.flush()V+92
j  com.mathworks.toolbox.instrument.SerialComm.writeBinaryToHardware(Ljava/lang/Object;II)I+77
j  com.mathworks.toolbox.instrument.InstrumentWriter.writeBinarySync(Ljava/lang/Object;II)[Ljava/lang/Object;+4
j  com.mathworks.toolbox.instrument.InstrumentWriter.writeBinary(Ljava/lang/Object;III)[Ljava/lang/Object;+48
j  com.mathworks.toolbox.instrument.InstrumentWriter.fwrite(Ljava/lang/Object;IIII)V+183
v  ~StubRoutines::call_stub

---------------  P R O C E S S  ---------------

Java Threads: ( => current thread )
  0x0000000062522000 JavaThread "Thread-121" [_thread_in_native, id=6868, stack(0x0000000122910000,0x0000000122990000)]
  0x0000000062520800 JavaThread "Timer-InstrumentReadWritePoll" [_thread_blocked, id=6884, stack(0x00000001226b0000,0x0000000122730000)]
  0x000000006251f000 JavaThread "Swing-Shell" daemon [_thread_blocked, id=6128, stack(0x000000002f970000,0x000000002f9f0000)]
  0x0000000062521800 JavaThread "Timer-3" daemon [_thread_blocked, id=7128, stack(0x000000004cba0000,0x000000004cc20000)]
  0x0000000062520000 JavaThread "Explorer NavigationContext request queue" [_thread_blocked, id=6232, stack(0x0000000009810000,0x0000000009890000)]
  0x000000006251d800 JavaThread "AddressBar directory emptiness poller" [_thread_blocked, id=2900, stack(0x0000000009500000,0x0000000009580000)]
  0x000000006251d000 JavaThread "Explorer Refresh Service 1548405287" [_thread_blocked, id=6940, stack(0x00000000095a0000,0x0000000009620000)]
  0x000000006251b800 JavaThread "Timer-1" daemon [_thread_blocked, id=5484, stack(0x0000000062c50000,0x0000000062cd0000)]
  0x000000006251b000 JavaThread "TimerQueue" daemon [_thread_blocked, id=6684, stack(0x0000000058dd0000,0x0000000058e50000)]
  0x000000006251a000 JavaThread "Thread-5" daemon [_thread_blocked, id=6140, stack(0x000000000fd70000,0x000000000fdf0000)]
  0x0000000062519800 JavaThread "FelixPackageAdmin" daemon [_thread_blocked, id=4132, stack(0x000000000fec0000,0x000000000ff40000)]
  0x00000000625a0800 JavaThread "FelixStartLevel" daemon [_thread_blocked, id=6680, stack(0x0000000062800000,0x0000000062880000)]
  0x000000006259f800 JavaThread "FelixDispatchQueue" daemon [_thread_blocked, id=4028, stack(0x0000000019080000,0x0000000019100000)]
  0x0000000062184000 JavaThread "AWT-EventQueue-0" [_thread_blocked, id=5544, stack(0x000000002d6b0000,0x000000002d730000)]
  0x000000006220d800 JavaThread "com.google.common.base.internal.Finalizer" daemon [_thread_blocked, id=6904, stack(0x000000002d620000,0x000000002d6a0000)]
  0x00000000620bb000 JavaThread "AWT-Windows" daemon [_thread_in_native, id=4696, stack(0x0000000014fa0000,0x0000000015020000)]
  0x00000000620ba800 JavaThread "AWT-Shutdown" [_thread_blocked, id=5064, stack(0x0000000010e60000,0x0000000010ee0000)]
  0x0000000061f56000 JavaThread "Java2D Disposer" daemon [_thread_blocked, id=6308, stack(0x000000001d110000,0x000000001d190000)]
  0x0000000061ded000 JavaThread "Timer-0" [_thread_blocked, id=5824, stack(0x000000000ff40000,0x000000000ffc0000)]
  0x0000000061b2e800 JavaThread "EventMgr Dispatcher" daemon [_thread_in_native, id=6548, stack(0x0000000009ba0000,0x000000000dba0000)]
  0x000000000f8d5000 JavaThread "Low Memory Detector" daemon [_thread_blocked, id=4056, stack(0x000000000fcf0000,0x000000000fd70000)]
  0x000000000f61a800 JavaThread "CompilerThread1" daemon [_thread_blocked, id=6356, stack(0x00000000ed920000,0x00000000f1920000)]
  0x000000000f616800 JavaThread "CompilerThread0" daemon [_thread_blocked, id=4208, stack(0x00000000e97f0000,0x00000000ed7f0000)]
  0x000000000f615800 JavaThread "Attach Listener" daemon [_thread_blocked, id=6644, stack(0x000000000fe10000,0x000000000fe90000)]
  0x000000000f610000 JavaThread "Finalizer" daemon [_thread_blocked, id=5568, stack(0x000000000fc40000,0x000000000fcc0000)]
  0x000000000f60f800 JavaThread "Reference Handler" daemon [_thread_blocked, id=4220, stack(0x000000000fa70000,0x000000000faf0000)]
=>0x000000000e19d000 JavaThread "main" [_thread_in_native, id=6368, stack(0x0000000000210000,0x0000000004210000)]

Other Threads:
  0x000000000f605000 VMThread [stack: 0x00000000e5770000,0x00000000e9770000] [id=4572]
  0x000000000f903000 WatcherThread [stack: 0x00000000f1b00000,0x00000000f5b00000] [id=6340]

VM state:not at safepoint (normal execution)

VM Mutex/Monitor currently owned by a thread: None

Heap
 PSYoungGen      total 44160K, used 17927K [0x0000000045a30000, 0x0000000048b30000, 0x0000000048b30000)
  eden space 39040K, 36% used [0x0000000045a30000,0x00000000467f5e18,0x0000000048050000)
  from space 5120K, 74% used [0x00000000485f0000,0x00000000489abf90,0x0000000048af0000)
  to   space 5568K, 0% used [0x0000000048050000,0x0000000048050000,0x00000000485c0000)
 PSOldGen        total 79872K, used 60296K [0x000000003c730000, 0x0000000041530000, 0x0000000045a30000)
  object space 79872K, 75% used [0x000000003c730000,0x0000000040212218,0x0000000041530000)
 PSPermGen       total 73024K, used 61575K [0x0000000034730000, 0x0000000038e80000, 0x000000003c730000)
  object space 73024K, 84% used [0x0000000034730000,0x0000000038351ec0,0x0000000038e80000)

Dynamic libraries:
0x000000013fb50000 - 0x000000013fb7d000 	C:\Program Files\MATLAB\R2012b\bin\win64\MATLAB.exe
0x0000000077b40000 - 0x0000000077ce9000 	C:\Windows\SYSTEM32\ntdll.dll
0x0000000077920000 - 0x0000000077a3f000 	C:\Windows\system32\kernel32.dll
0x000007fefd9d0000 - 0x000007fefda3b000 	C:\Windows\system32\KERNELBASE.dll
0x0000000074460000 - 0x000000007451f000 	C:\Program Files\MATLAB\R2012b\bin\win64\libut.dll
0x00000000758a0000 - 0x000000007595c000 	C:\Program Files\MATLAB\R2012b\bin\win64\libmwi18n.dll
0x0000000180000000 - 0x000000018000b000 	C:\Program Files\MATLAB\R2012b\bin\win64\libmwresource_core.dll
0x0000000066150000 - 0x0000000066223000 	C:\Windows\WinSxS\amd64_microsoft.vc90.crt_1fc8b3b9a1e18e3b_9.0.30729.6161_none_08e61857a83bc251\MSVCP90.dll
0x0000000066260000 - 0x0000000066303000 	C:\Windows\WinSxS\amd64_microsoft.vc90.crt_1fc8b3b9a1e18e3b_9.0.30729.6161_none_08e61857a83bc251\MSVCR90.dll
0x000000007a170000 - 0x000000007a19c000 	C:\Program Files\MATLAB\R2012b\bin\win64\boost_filesystem-vc90-mt-1_44.dll
0x000000007a560000 - 0x000000007a569000 	C:\Program Files\MATLAB\R2012b\bin\win64\boost_system-vc90-mt-1_44.dll
0x000007feff5d0000 - 0x000007feff6ab000 	C:\Windows\system32\ADVAPI32.dll
0x000007fefdd80000 - 0x000007fefde1f000 	C:\Windows\system32\msvcrt.dll
0x000007feffbd0000 - 0x000007feffbef000 	C:\Windows\SYSTEM32\sechost.dll
0x000007feff4a0000 - 0x000007feff5cd000 	C:\Windows\system32\RPCRT4.dll
0x000000007a010000 - 0x000000007a035000 	C:\Program Files\MATLAB\R2012b\bin\win64\LIBEXPAT.dll
0x0000000065f50000 - 0x0000000066141000 	C:\Program Files\MATLAB\R2012b\bin\win64\icuin44.dll
0x0000000065dd0000 - 0x0000000065f41000 	C:\Program Files\MATLAB\R2012b\bin\win64\icuuc44.dll
0x0000000010000000 - 0x0000000010e41000 	C:\Program Files\MATLAB\R2012b\bin\win64\icudt44.dll
0x0000000073f70000 - 0x000000007411d000 	C:\Program Files\MATLAB\R2012b\bin\win64\libmwfl.dll
0x00000000045f0000 - 0x00000000049a6000 	C:\Program Files\MATLAB\R2012b\bin\win64\libmwMATLAB_res.dll
0x000000007a3b0000 - 0x000000007a3c0000 	C:\Program Files\MATLAB\R2012b\bin\win64\boost_date_time-vc90-mt-1_44.dll
0x000000007a250000 - 0x000000007a263000 	C:\Program Files\MATLAB\R2012b\bin\win64\boost_signals-vc90-mt-1_44.dll
0x000000007a2d0000 - 0x000000007a2e2000 	C:\Program Files\MATLAB\R2012b\bin\win64\boost_thread-vc90-mt-1_44.dll
0x0000000004210000 - 0x00000000042cd000 	C:\Program Files\MATLAB\R2012b\bin\win64\boost_log-vc90-mt-1_44.dll
0x0000000077d00000 - 0x0000000077d07000 	C:\Windows\system32\PSAPI.DLL
0x000007fefdd30000 - 0x000007fefdd7d000 	C:\Windows\system32\WS2_32.dll
0x000007fefdd20000 - 0x000007fefdd28000 	C:\Windows\system32\NSI.dll
0x00000000001b0000 - 0x00000000001f6000 	C:\Program Files\MATLAB\R2012b\bin\win64\tbb.dll
0x000007feff480000 - 0x000007feff499000 	C:\Windows\system32\imagehlp.dll
0x0000000066240000 - 0x0000000066253000 	C:\Program Files\MATLAB\R2012b\bin\win64\icuio44.dll
0x000007feea8d0000 - 0x000007feea9f5000 	C:\Windows\system32\dbghelp.dll
0x0000000077a40000 - 0x0000000077b3a000 	C:\Windows\system32\USER32.dll
0x000007fefe180000 - 0x000007fefe1e7000 	C:\Windows\system32\GDI32.dll
0x000007fefdec0000 - 0x000007fefdece000 	C:\Windows\system32\LPK.dll
0x000007fefe620000 - 0x000007fefe6e9000 	C:\Windows\system32\USP10.dll
0x00000000049b0000 - 0x0000000004c8c000 	C:\Program Files\MATLAB\R2012b\bin\win64\libmwservices.dll
0x0000000075a20000 - 0x0000000075af3000 	C:\Program Files\MATLAB\R2012b\bin\win64\libmx.dll
0x0000000004300000 - 0x0000000004329000 	C:\Program Files\MATLAB\R2012b\bin\win64\tbbmalloc.dll
0x000000007a210000 - 0x000000007a228000 	C:\Program Files\MATLAB\R2012b\bin\win64\zlib1.dll
0x0000000004c90000 - 0x0000000004cdd000 	C:\Program Files\MATLAB\R2012b\bin\win64\libmwregexp.dll
0x0000000004ce0000 - 0x0000000004d03000 	C:\Program Files\MATLAB\R2012b\bin\win64\libmwmfl_scalar.dll
0x0000000075f10000 - 0x0000000075f60000 	C:\Program Files\MATLAB\R2012b\bin\win64\mpath.dll
0x000000007b680000 - 0x000000007bc9a000 	C:\Program Files\MATLAB\R2012b\bin\win64\mlutil.dll
0x00000000754d0000 - 0x0000000075551000 	C:\Program Files\MATLAB\R2012b\bin\win64\xmlcore.dll
0x0000000004d50000 - 0x0000000004fa3000 	C:\Program Files\MATLAB\R2012b\bin\win64\xerces-c_2_7.dll
0x0000000004fc0000 - 0x0000000004fe0000 	C:\Program Files\MATLAB\R2012b\bin\win64\libmwMATLAB_settings_res.dll
0x0000000004ff0000 - 0x0000000005000000 	C:\Program Files\MATLAB\R2012b\bin\win64\boost_iostreams-vc90-mt-1_44.dll
0x0000000005010000 - 0x0000000005057000 	C:\Program Files\MATLAB\R2012b\bin\win64\boost_serialization-vc90-mt-1_44.dll
0x000007fefe6f0000 - 0x000007feff478000 	C:\Windows\system32\SHELL32.dll
0x000007feffab0000 - 0x000007feffb21000 	C:\Windows\system32\SHLWAPI.dll
0x000007fef9a10000 - 0x000007fef9ab0000 	C:\Windows\WinSxS\amd64_microsoft.windows.common-controls_6595b64144ccf1df_5.82.7601.18201_none_a4d3b9377117c3df\COMCTL32.dll
0x000007fefde20000 - 0x000007fefdeb7000 	C:\Windows\system32\COMDLG32.dll
0x000007fefb4a0000 - 0x000007fefb4b6000 	C:\Windows\system32\NETAPI32.dll
0x000007fefb490000 - 0x000007fefb49c000 	C:\Windows\system32\netutils.dll
0x000007fefd520000 - 0x000007fefd543000 	C:\Windows\system32\srvcli.dll
0x000007fefb470000 - 0x000007fefb485000 	C:\Windows\system32\wkscli.dll
0x000007feff6e0000 - 0x000007feff8e3000 	C:\Windows\system32\ole32.dll
0x000007fefe1f0000 - 0x000007fefe2c7000 	C:\Windows\system32\OLEAUT32.dll
0x0000000074970000 - 0x0000000074a31000 	C:\Program Files\MATLAB\R2012b\bin\win64\mcr.dll
0x0000000075000000 - 0x00000000753e9000 	C:\Program Files\MATLAB\R2012b\bin\win64\iqm.dll
0x0000000074e80000 - 0x0000000074f38000 	C:\Program Files\MATLAB\R2012b\bin\win64\m_dispatcher.dll
0x0000000074880000 - 0x000000007496d000 	C:\Program Files\MATLAB\R2012b\bin\win64\boost_regex-vc90-mt-1_44.dll
0x000007fee7620000 - 0x000007fee7e91000 	C:\Program Files\MATLAB\R2012b\bin\win64\m_interpreter.dll
0x000000006bf20000 - 0x000000006bf47000 	C:\Program Files\MATLAB\R2012b\bin\win64\libmex.dll
0x0000000065cb0000 - 0x0000000065d34000 	C:\Program Files\MATLAB\R2012b\bin\win64\profiler.dll
0x00000000050e0000 - 0x000000000534a000 	C:\Program Files\MATLAB\R2012b\bin\win64\libmwmathutil.dll
0x0000000079f40000 - 0x0000000079f6e000 	C:\Program Files\MATLAB\R2012b\bin\win64\libmwmathrng.dll
0x0000000005370000 - 0x0000000005382000 	C:\Program Files\MATLAB\R2012b\bin\win64\libmwmfl_rng.dll
0x0000000074c10000 - 0x0000000074cee000 	C:\Program Files\MATLAB\R2012b\bin\win64\libmwmathcore.dll
0x0000000076160000 - 0x00000000761ca000 	C:\Program Files\MATLAB\R2012b\bin\win64\libmwspmatrix.dll
0x0000000075ea0000 - 0x0000000075f02000 	C:\Program Files\MATLAB\R2012b\bin\win64\libmwcholmod.dll
0x000000007a460000 - 0x000000007a46d000 	C:\Program Files\MATLAB\R2012b\bin\win64\libmwamd.dll
0x000000007a4b0000 - 0x000000007a4bc000 	C:\Program Files\MATLAB\R2012b\bin\win64\libmwcolamd.dll
0x000000007a290000 - 0x000000007a2a9000 	C:\Program Files\MATLAB\R2012b\bin\win64\libmwblas.dll
0x000000007a310000 - 0x000000007a321000 	C:\Program Files\MATLAB\R2012b\bin\win64\libmwbinder.dll
0x000000007a4d0000 - 0x000000007a4dc000 	C:\Program Files\MATLAB\R2012b\bin\win64\libmwompwrapper.dll
0x0000000005420000 - 0x00000000054a5000 	C:\Program Files\MATLAB\R2012b\bin\win64\libmwlapack.dll
0x0000000065da0000 - 0x0000000065dc1000 	C:\Program Files\MATLAB\R2012b\bin\win64\m_pcodeio.dll
0x0000000079b10000 - 0x0000000079b77000 	C:\Program Files\MATLAB\R2012b\bin\win64\m_ir.dll
0x0000000065640000 - 0x0000000065cb0000 	C:\Program Files\MATLAB\R2012b\bin\win64\m_parser.dll
0x0000000065d80000 - 0x0000000065d9a000 	C:\Program Files\MATLAB\R2012b\bin\win64\ir_xfmr.dll
0x000007fef51a0000 - 0x000007fef5436000 	C:\Program Files\MATLAB\R2012b\bin\win64\mcos.dll
0x0000000065d60000 - 0x0000000065d71000 	C:\Program Files\MATLAB\R2012b\bin\win64\mtok.dll
0x0000000065600000 - 0x0000000065631000 	C:\Program Files\MATLAB\R2012b\bin\win64\m_pcodegen.dll
0x0000000079fb0000 - 0x0000000079fe6000 	C:\Program Files\MATLAB\R2012b\bin\win64\libmwbridge.dll
0x0000000065530000 - 0x00000000655f8000 	C:\Program Files\MATLAB\R2012b\bin\win64\udd.dll
0x00000000653d0000 - 0x0000000065522000 	C:\Program Files\MATLAB\R2012b\bin\win64\libmwgui.dll
0x0000000065d40000 - 0x0000000065d57000 	C:\Program Files\MATLAB\R2012b\bin\win64\graphics_util.dll
0x0000000063f10000 - 0x000000006496f000 	C:\Program Files\MATLAB\R2012b\bin\win64\hg.dll
0x0000000005580000 - 0x00000000055e8000 	C:\Program Files\MATLAB\R2012b\bin\win64\libmat.dll
0x0000000072d30000 - 0x0000000072f44000 	C:\Program Files\MATLAB\R2012b\bin\win64\hdf5dll.dll
0x0000000075710000 - 0x00000000757de000 	C:\Program Files\MATLAB\R2012b\bin\win64\jmi.dll
0x0000000005620000 - 0x000000000562d000 	C:\Program Files\MATLAB\R2012b\bin\win64\nativejava_services.dll
0x0000000065380000 - 0x00000000653c6000 	C:\Program Files\MATLAB\R2012b\bin\win64\libmwhardcopy.dll
0x0000000065310000 - 0x0000000065373000 	C:\Program Files\MATLAB\R2012b\bin\win64\libuij.dll
0x00000000650a0000 - 0x0000000065304000 	C:\Program Files\MATLAB\R2012b\bin\win64\hgdatatypes.dll
0x0000000064f80000 - 0x000000006509f000 	C:\Program Files\MATLAB\R2012b\bin\win64\hgutils.dll
0x0000000064ec0000 - 0x0000000064f80000 	C:\Program Files\MATLAB\R2012b\bin\win64\udd_mi.dll
0x0000000005690000 - 0x00000000056cb000 	C:\Program Files\MATLAB\R2012b\bin\win64\libmwgbtutils.dll
0x00000000056e0000 - 0x00000000056fb000 	C:\Program Files\MATLAB\R2012b\bin\win64\libmwgbt.dll
0x0000000005710000 - 0x00000000059e1000 	C:\Program Files\MATLAB\R2012b\bin\win64\uiw.dll
0x0000000066230000 - 0x000000006623f000 	C:\Program Files\MATLAB\R2012b\bin\win64\uinone.dll
0x0000000005a10000 - 0x0000000005a39000 	C:\Program Files\MATLAB\R2012b\bin\win64\libmwnativefiledialogs.dll
0x0000000005a50000 - 0x0000000005a58000 	C:\Program Files\MATLAB\R2012b\bin\win64\libmwplatform_res.dll
0x000007fef8a50000 - 0x000007fef8a68000 	C:\Windows\system32\MPR.dll
0x00000000649d0000 - 0x0000000064eb4000 	C:\Windows\WinSxS\amd64_microsoft.vc90.mfc_1fc8b3b9a1e18e3b_9.0.30729.6161_none_044aad0bab1eb146\mfc90.dll
0x000007fef9db0000 - 0x000007fef9db7000 	C:\Windows\system32\MSIMG32.dll
0x000007fef9990000 - 0x000007fef9a01000 	C:\Windows\system32\WINSPOOL.DRV
0x00000000649a0000 - 0x00000000649c2000 	C:\Program Files\MATLAB\R2012b\bin\win64\mwoles05.DLL
0x0000000063e90000 - 0x0000000063f0d000 	C:\Program Files\MATLAB\R2012b\bin\win64\comcli.dll
0x0000000064970000 - 0x000000006499f000 	C:\Windows\WinSxS\amd64_microsoft.vc90.atl_1fc8b3b9a1e18e3b_9.0.30729.6161_none_0a1fd3a3a768b895\ATL90.DLL
0x0000000063e70000 - 0x0000000063e7c000 	C:\Program Files\MATLAB\R2012b\bin\win64\mlautoregister.dll
0x000007fefd7c0000 - 0x000007fefd817000 	C:\Windows\system32\apphelp.dll
0x000007fef7640000 - 0x000007fef7691000 	C:\Windows\AppPatch\AppPatch64\AcGenral.DLL
0x000007fefd790000 - 0x000007fefd7b5000 	C:\Windows\system32\SspiCli.dll
0x0000000074660000 - 0x0000000074663000 	C:\Windows\system32\sfc.dll
0x000007fef92c0000 - 0x000007fef92d0000 	C:\Windows\system32\sfc_os.DLL
0x000007fefcbe0000 - 0x000007fefcbfe000 	C:\Windows\system32\USERENV.dll
0x000007fefd8f0000 - 0x000007fefd8ff000 	C:\Windows\system32\profapi.dll
0x000007fefa980000 - 0x000007fefa998000 	C:\Windows\system32\dwmapi.dll
0x000007feff6b0000 - 0x000007feff6de000 	C:\Windows\system32\IMM32.DLL
0x000007fefe510000 - 0x000007fefe619000 	C:\Windows\system32\MSCTF.dll
0x000007fefae30000 - 0x000007fefae86000 	C:\Windows\system32\UxTheme.dll
0x0000000063e80000 - 0x0000000063e8d000 	C:\Windows\WinSxS\amd64_microsoft.vc90.mfcloc_1fc8b3b9a1e18e3b_9.0.30729.6161_none_01c9581e60cbee58\MFC90ENU.DLL
0x0000000005af0000 - 0x0000000005aff000 	C:\Program Files\MATLAB\R2012b\bin\win64\xmlxrcsc.dll
0x000007fefd820000 - 0x000007fefd82f000 	C:\Windows\system32\CRYPTBASE.dll
0x000007fefbe10000 - 0x000007fefc004000 	C:\Windows\WinSxS\amd64_microsoft.windows.common-controls_6595b64144ccf1df_6.0.7601.17514_none_fa396087175ac9ac\comctl32.dll

VM Arguments:
jvm_args: -Xss512k -XX:PermSize=32m -Xms64m -XX:NewRatio=3 -XX:MaxPermSize=128m -Xmx196m -XX:MaxDirectMemorySize=2147400000 -Dsun.java2d.noddraw=true -Dsun.awt.nopixfmt=true -Xshare:off -Xrs -Dsun.awt.disableMixing=true -Djava.library.path=C:\Program Files\MATLAB\R2012b\bin\win64;C:\Program Files\MATLAB\R2012b\sys\jxbrowser\win64\lib vfprintf abort 
java_command: <unknown>
Launcher Type: generic

Environment Variables:
PATH=C:\Program Files\Common Files\Microsoft Shared\Windows Live;C:\Program Files (x86)\Common Files\Microsoft Shared\Windows Live;C:\Program Files (x86)\Intel\iCLS Client\;C:\Program Files\Intel\iCLS Client\;C:\Windows\system32;C:\Windows;C:\Windows\System32\Wbem;C:\Windows\System32\WindowsPowerShell\v1.0\;C:\Program Files\Intel\Intel(R) Management Engine Components\DAL;C:\Program Files\Intel\Intel(R) Management Engine Components\IPT;C:\Program Files (x86)\Intel\Intel(R) Management Engine Components\DAL;C:\Program Files (x86)\Intel\Intel(R) Management Engine Components\IPT;C:\Program Files (x86)\Windows Live\Shared;C:\Program Files\TortoiseGit\bin;C:\Program Files (x86)\Microsoft SQL Server\100\Tools\Binn\;C:\Program Files\Microsoft SQL Server\100\Tools\Binn\;C:\Program Files\Microsoft SQL Server\100\DTS\Binn\;C:\Program Files\MATLAB\R2012b\runtime\win64;C:\Program Files\MATLAB\R2012b\bin
USERNAME=Wk
OS=Windows_NT
PROCESSOR_IDENTIFIER=Intel64 Family 6 Model 62 Stepping 4, GenuineIntel



---------------  S Y S T E M  ---------------

OS: Windows 7 Build 7601 Service Pack 1

CPU:total 48 (16 cores per cpu, 2 threads per core) family 6 model 62 stepping 4, cmov, cx8, fxsr, mmx, sse, sse2, sse3, ssse3, sse4.1, sse4.2, ht

Memory: 4k page, physical 67051748k(60730472k free), swap 681449884k(674444776k free)

vm_info: Java HotSpot(TM) 64-Bit Server VM (14.3-b01) for windows-amd64 JRE (1.6.0_17-b04), built on Oct 11 2009 00:46:08 by "java_re" with MS VC++ 8.0

time: Wed Jan 15 19:29:43 2014
elapsed time: 71 seconds

