#
# A fatal error has been detected by the Java Runtime Environment:
#
#  EXCEPTION_ACCESS_VIOLATION (0xc0000005) at pc=0x0000000111f52e92, pid=2012, tid=6212
#
# JRE version: 6.0_17-b04
# Java VM: Java HotSpot(TM) 64-Bit Server VM (14.3-b01 mixed mode windows-amd64 )
# Problematic frame:
# C  0x0000000111f52e92
#
# If you would like to submit a bug report, please visit:
#   http://java.sun.com/webapps/bugreport/crash.jsp
# The crash happened outside the Java Virtual Machine in native code.
# See problematic frame for where to report the bug.
#

---------------  T H R E A D  ---------------

Current thread (0x00000000094fd000):  JavaThread "main" [_thread_in_native, id=6212, stack(0x0000000000160000,0x0000000004160000)]

siginfo: ExceptionCode=0xc0000005, reading address 0x00000000194becdc

Registers:
EAX=0x00000000194becd0, EBX=0x0000000037e81f88, ECX=0x0000000004151a00, EDX=0x0000000122404ba0
ESP=0x00000000041519c0, EBP=0x00000000041524c8, ESI=0x0000000000000009, EDI=0x00000000315159ae
EIP=0x0000000111f52e92, EFLAGS=0x0000000000010202

Top of Stack: (sp=0x00000000041519c0)
0x00000000041519c0:   0000000004151a00 0000000111f854f8
0x00000000041519d0:   0000000000000000 00000000041524c8
0x00000000041519e0:   0000000000000001 00000000194becd0
0x00000000041519f0:   0000000077b9af30 0000000070dc4b40
0x0000000004151a00:   74726f5058545852 29286e696172643a
0x0000000004151a10:   736e727574657220 000000000a30203a
0x0000000004151a20:   0000000004151af8 000000000000000a
0x0000000004151a30:   0000000077c55430 0000000005f10040
0x0000000004151a40:   0000000004151bb2 0000000000000000
0x0000000004151a50:   0000000100000000 0000000000000000
0x0000000004151a60:   0000000000000000 0000000000000000
0x0000000004151a70:   0000000030d5ca90 0000000077b98445
0x0000000004151a80:   0000000077c55430 0000000000000000
0x0000000004151a90:   0000000000000001 0000000000000000
0x0000000004151aa0:   000000003464f201 0000000004151bb0
0x0000000004151ab0:   0000000111f83b70 0000000000000000 

Instructions: (pc=0x0000000111f52e92)
0x0000000111f52e82:   00 00 00 48 83 7c 24 28 00 74 77 48 8b 44 24 28
0x0000000111f52e92:   83 78 0c 00 74 6c 4c 8b 4c 24 28 4c 8d 84 24 98 


Stack: [0x0000000000160000,0x0000000004160000],  sp=0x00000000041519c0,  free space=65478k
Native frames: (J=compiled Java code, j=interpreted, Vv=VM code, C=native code)
C  0x0000000111f52e92
j  gnu.io.RXTXPort$SerialOutputStream.flush()V+92
j  com.mathworks.toolbox.instrument.SerialComm.writeBinaryToHardware(Ljava/lang/Object;II)I+77
j  com.mathworks.toolbox.instrument.InstrumentWriter.writeBinarySync(Ljava/lang/Object;II)[Ljava/lang/Object;+4
j  com.mathworks.toolbox.instrument.InstrumentWriter.writeBinary(Ljava/lang/Object;III)[Ljava/lang/Object;+48
j  com.mathworks.toolbox.instrument.InstrumentWriter.fwrite(Ljava/lang/Object;IIII)V+183
v  ~StubRoutines::call_stub

Java frames: (J=compiled Java code, j=interpreted, Vv=VM code)
j  gnu.io.RXTXPort.nativeDrain(Z)Z+0
j  gnu.io.RXTXPort$SerialOutputStream.flush()V+92
j  com.mathworks.toolbox.instrument.SerialComm.writeBinaryToHardware(Ljava/lang/Object;II)I+77
j  com.mathworks.toolbox.instrument.InstrumentWriter.writeBinarySync(Ljava/lang/Object;II)[Ljava/lang/Object;+4
j  com.mathworks.toolbox.instrument.InstrumentWriter.writeBinary(Ljava/lang/Object;III)[Ljava/lang/Object;+48
j  com.mathworks.toolbox.instrument.InstrumentWriter.fwrite(Ljava/lang/Object;IIII)V+183
v  ~StubRoutines::call_stub

---------------  P R O C E S S  ---------------

Java Threads: ( => current thread )
  0x000000006231a800 JavaThread "Thread-140" [_thread_in_native, id=6756, stack(0x0000000119440000,0x00000001194c0000)]
  0x000000006231b800 JavaThread "Timer-InstrumentReadWritePoll" [_thread_blocked, id=6244, stack(0x0000000119390000,0x0000000119410000)]
  0x000000006231c000 JavaThread "Swing-Shell" daemon [_thread_blocked, id=1364, stack(0x000000002fb90000,0x000000002fc10000)]
  0x000000006231a000 JavaThread "Timer-3" daemon [_thread_blocked, id=6880, stack(0x0000000072cb0000,0x0000000072d30000)]
  0x0000000062318800 JavaThread "Explorer NavigationContext request queue" [_thread_blocked, id=588, stack(0x000000006b6d0000,0x000000006b750000)]
  0x0000000062316800 JavaThread "AddressBar directory emptiness poller" [_thread_blocked, id=4020, stack(0x000000006be00000,0x000000006be80000)]
  0x0000000062315800 JavaThread "Explorer Refresh Service 714752751" [_thread_blocked, id=6992, stack(0x00000000489a0000,0x0000000048a20000)]
  0x0000000062314000 JavaThread "Timer-1" daemon [_thread_blocked, id=7124, stack(0x000000000fb80000,0x000000000fc00000)]
  0x0000000062313800 JavaThread "TimerQueue" daemon [_thread_blocked, id=6712, stack(0x000000000f0c0000,0x000000000f140000)]
  0x0000000062312800 JavaThread "Thread-5" daemon [_thread_blocked, id=3884, stack(0x000000000e710000,0x000000000e790000)]
  0x0000000062312000 JavaThread "AWT-EventQueue-0" [_thread_blocked, id=7140, stack(0x000000000eda0000,0x000000000ee20000)]
  0x0000000062311800 JavaThread "AWT-Shutdown" [_thread_blocked, id=1904, stack(0x000000000ece0000,0x000000000ed60000)]
  0x0000000062310800 JavaThread "FelixPackageAdmin" daemon [_thread_blocked, id=6568, stack(0x000000000eb10000,0x000000000eb90000)]
  0x0000000062342800 JavaThread "FelixStartLevel" daemon [_thread_blocked, id=5556, stack(0x000000000ea80000,0x000000000eb00000)]
  0x000000006216c000 JavaThread "FelixDispatchQueue" daemon [_thread_blocked, id=6164, stack(0x000000000ec40000,0x000000000ecc0000)]
  0x0000000062025800 JavaThread "com.google.common.base.internal.Finalizer" daemon [_thread_blocked, id=1464, stack(0x0000000048920000,0x00000000489a0000)]
  0x0000000061f9c000 JavaThread "AWT-Windows" daemon [_thread_in_native, id=7084, stack(0x00000000292e0000,0x0000000029360000)]
  0x0000000061f9a800 JavaThread "Java2D Disposer" daemon [_thread_blocked, id=3024, stack(0x0000000010ea0000,0x0000000010f20000)]
  0x0000000061cbe800 JavaThread "Timer-0" [_thread_blocked, id=6696, stack(0x000000001d0e0000,0x000000001d160000)]
  0x00000000616ad800 JavaThread "EventMgr Dispatcher" daemon [_thread_in_native, id=6964, stack(0x0000000009ab0000,0x000000000dab0000)]
  0x000000000fa35000 JavaThread "Low Memory Detector" daemon [_thread_blocked, id=7132, stack(0x000000000fe90000,0x000000000ff10000)]
  0x000000000f77a800 JavaThread "CompilerThread1" daemon [_thread_blocked, id=6996, stack(0x00000000ede40000,0x00000000f1e40000)]
  0x000000000f776800 JavaThread "CompilerThread0" daemon [_thread_blocked, id=6808, stack(0x00000000e9cc0000,0x00000000edcc0000)]
  0x000000000f775800 JavaThread "Attach Listener" daemon [_thread_blocked, id=5108, stack(0x000000000fcf0000,0x000000000fd70000)]
  0x000000000f770000 JavaThread "Finalizer" daemon [_thread_blocked, id=6412, stack(0x000000000fdb0000,0x000000000fe30000)]
  0x000000000f76f800 JavaThread "Reference Handler" daemon [_thread_blocked, id=6252, stack(0x000000000fc20000,0x000000000fca0000)]
=>0x00000000094fd000 JavaThread "main" [_thread_in_native, id=6212, stack(0x0000000000160000,0x0000000004160000)]

Other Threads:
  0x000000000f765000 VMThread [stack: 0x00000000e5bc0000,0x00000000e9bc0000] [id=5472]
  0x000000000fa5b000 WatcherThread [stack: 0x00000000f1f50000,0x00000000f5f50000] [id=6848]

VM state:not at safepoint (normal execution)

VM Mutex/Monitor currently owned by a thread: None

Heap
 PSYoungGen      total 42880K, used 26121K [0x0000000045810000, 0x0000000048910000, 0x0000000048910000)
  eden space 36224K, 59% used [0x0000000045810000,0x0000000046cf5680,0x0000000047b70000)
  from space 6656K, 70% used [0x0000000048290000,0x000000004872cdd8,0x0000000048910000)
  to   space 6976K, 0% used [0x0000000047b70000,0x0000000047b70000,0x0000000048240000)
 PSOldGen        total 86080K, used 56979K [0x000000003c510000, 0x0000000041920000, 0x0000000045810000)
  object space 86080K, 66% used [0x000000003c510000,0x000000003fcb4e80,0x0000000041920000)
 PSPermGen       total 73088K, used 65251K [0x0000000034510000, 0x0000000038c70000, 0x000000003c510000)
  object space 73088K, 89% used [0x0000000034510000,0x00000000384c8dd0,0x0000000038c70000)

Dynamic libraries:
0x000000013fa40000 - 0x000000013fa6d000 	C:\Program Files\MATLAB\R2012b\bin\win64\MATLAB.exe
0x0000000077b40000 - 0x0000000077ce9000 	C:\Windows\SYSTEM32\ntdll.dll
0x0000000077920000 - 0x0000000077a3f000 	C:\Windows\system32\kernel32.dll
0x000007fefd9d0000 - 0x000007fefda3b000 	C:\Windows\system32\KERNELBASE.dll
0x0000000074460000 - 0x000000007451f000 	C:\Program Files\MATLAB\R2012b\bin\win64\libut.dll
0x00000000758a0000 - 0x000000007595c000 	C:\Program Files\MATLAB\R2012b\bin\win64\libmwi18n.dll
0x0000000180000000 - 0x000000018000b000 	C:\Program Files\MATLAB\R2012b\bin\win64\libmwresource_core.dll
0x0000000066150000 - 0x0000000066223000 	C:\Windows\WinSxS\amd64_microsoft.vc90.crt_1fc8b3b9a1e18e3b_9.0.30729.6161_none_08e61857a83bc251\MSVCP90.dll
0x0000000066260000 - 0x0000000066303000 	C:\Windows\WinSxS\amd64_microsoft.vc90.crt_1fc8b3b9a1e18e3b_9.0.30729.6161_none_08e61857a83bc251\MSVCR90.dll
0x000000007a170000 - 0x000000007a19c000 	C:\Program Files\MATLAB\R2012b\bin\win64\boost_filesystem-vc90-mt-1_44.dll
0x000000007a560000 - 0x000000007a569000 	C:\Program Files\MATLAB\R2012b\bin\win64\boost_system-vc90-mt-1_44.dll
0x000007feff5d0000 - 0x000007feff6ab000 	C:\Windows\system32\ADVAPI32.dll
0x000007fefdd80000 - 0x000007fefde1f000 	C:\Windows\system32\msvcrt.dll
0x000007feffbd0000 - 0x000007feffbef000 	C:\Windows\SYSTEM32\sechost.dll
0x000007feff4a0000 - 0x000007feff5cd000 	C:\Windows\system32\RPCRT4.dll
0x000000007a010000 - 0x000000007a035000 	C:\Program Files\MATLAB\R2012b\bin\win64\LIBEXPAT.dll
0x0000000065f50000 - 0x0000000066141000 	C:\Program Files\MATLAB\R2012b\bin\win64\icuin44.dll
0x0000000065dd0000 - 0x0000000065f41000 	C:\Program Files\MATLAB\R2012b\bin\win64\icuuc44.dll
0x0000000010000000 - 0x0000000010e41000 	C:\Program Files\MATLAB\R2012b\bin\win64\icudt44.dll
0x0000000073f70000 - 0x000000007411d000 	C:\Program Files\MATLAB\R2012b\bin\win64\libmwfl.dll
0x00000000044b0000 - 0x0000000004866000 	C:\Program Files\MATLAB\R2012b\bin\win64\libmwMATLAB_res.dll
0x000000007a3b0000 - 0x000000007a3c0000 	C:\Program Files\MATLAB\R2012b\bin\win64\boost_date_time-vc90-mt-1_44.dll
0x000000007a250000 - 0x000000007a263000 	C:\Program Files\MATLAB\R2012b\bin\win64\boost_signals-vc90-mt-1_44.dll
0x000000007a2d0000 - 0x000000007a2e2000 	C:\Program Files\MATLAB\R2012b\bin\win64\boost_thread-vc90-mt-1_44.dll
0x0000000004870000 - 0x000000000492d000 	C:\Program Files\MATLAB\R2012b\bin\win64\boost_log-vc90-mt-1_44.dll
0x0000000077d00000 - 0x0000000077d07000 	C:\Windows\system32\PSAPI.DLL
0x000007fefdd30000 - 0x000007fefdd7d000 	C:\Windows\system32\WS2_32.dll
0x000007fefdd20000 - 0x000007fefdd28000 	C:\Windows\system32\NSI.dll
0x00000000041b0000 - 0x00000000041f6000 	C:\Program Files\MATLAB\R2012b\bin\win64\tbb.dll
0x000007feff480000 - 0x000007feff499000 	C:\Windows\system32\imagehlp.dll
0x0000000066240000 - 0x0000000066253000 	C:\Program Files\MATLAB\R2012b\bin\win64\icuio44.dll
0x000007feea8d0000 - 0x000007feea9f5000 	C:\Windows\system32\dbghelp.dll
0x0000000077a40000 - 0x0000000077b3a000 	C:\Windows\system32\USER32.dll
0x000007fefe180000 - 0x000007fefe1e7000 	C:\Windows\system32\GDI32.dll
0x000007fefdec0000 - 0x000007fefdece000 	C:\Windows\system32\LPK.dll
0x000007fefe620000 - 0x000007fefe6e9000 	C:\Windows\system32\USP10.dll
0x0000000004930000 - 0x0000000004c0c000 	C:\Program Files\MATLAB\R2012b\bin\win64\libmwservices.dll
0x0000000075a20000 - 0x0000000075af3000 	C:\Program Files\MATLAB\R2012b\bin\win64\libmx.dll
0x0000000004c30000 - 0x0000000004c59000 	C:\Program Files\MATLAB\R2012b\bin\win64\tbbmalloc.dll
0x000000007a210000 - 0x000000007a228000 	C:\Program Files\MATLAB\R2012b\bin\win64\zlib1.dll
0x0000000004c80000 - 0x0000000004ccd000 	C:\Program Files\MATLAB\R2012b\bin\win64\libmwregexp.dll
0x0000000004ce0000 - 0x0000000004d03000 	C:\Program Files\MATLAB\R2012b\bin\win64\libmwmfl_scalar.dll
0x0000000075f10000 - 0x0000000075f60000 	C:\Program Files\MATLAB\R2012b\bin\win64\mpath.dll
0x000000007b680000 - 0x000000007bc9a000 	C:\Program Files\MATLAB\R2012b\bin\win64\mlutil.dll
0x00000000754d0000 - 0x0000000075551000 	C:\Program Files\MATLAB\R2012b\bin\win64\xmlcore.dll
0x0000000004d50000 - 0x0000000004fa3000 	C:\Program Files\MATLAB\R2012b\bin\win64\xerces-c_2_7.dll
0x0000000004fc0000 - 0x0000000004fe0000 	C:\Program Files\MATLAB\R2012b\bin\win64\libmwMATLAB_settings_res.dll
0x0000000004ff0000 - 0x0000000005000000 	C:\Program Files\MATLAB\R2012b\bin\win64\boost_iostreams-vc90-mt-1_44.dll
0x0000000005010000 - 0x0000000005057000 	C:\Program Files\MATLAB\R2012b\bin\win64\boost_serialization-vc90-mt-1_44.dll
0x000007fefe6f0000 - 0x000007feff478000 	C:\Windows\system32\SHELL32.dll
0x000007feffab0000 - 0x000007feffb21000 	C:\Windows\system32\SHLWAPI.dll
0x000007fef9a10000 - 0x000007fef9ab0000 	C:\Windows\WinSxS\amd64_microsoft.windows.common-controls_6595b64144ccf1df_5.82.7601.18201_none_a4d3b9377117c3df\COMCTL32.dll
0x000007fefde20000 - 0x000007fefdeb7000 	C:\Windows\system32\COMDLG32.dll
0x000007fefb4a0000 - 0x000007fefb4b6000 	C:\Windows\system32\NETAPI32.dll
0x000007fefb490000 - 0x000007fefb49c000 	C:\Windows\system32\netutils.dll
0x000007fefd520000 - 0x000007fefd543000 	C:\Windows\system32\srvcli.dll
0x000007fefb470000 - 0x000007fefb485000 	C:\Windows\system32\wkscli.dll
0x000007feff6e0000 - 0x000007feff8e3000 	C:\Windows\system32\ole32.dll
0x000007fefe1f0000 - 0x000007fefe2c7000 	C:\Windows\system32\OLEAUT32.dll
0x0000000074970000 - 0x0000000074a31000 	C:\Program Files\MATLAB\R2012b\bin\win64\mcr.dll
0x0000000075000000 - 0x00000000753e9000 	C:\Program Files\MATLAB\R2012b\bin\win64\iqm.dll
0x0000000074e80000 - 0x0000000074f38000 	C:\Program Files\MATLAB\R2012b\bin\win64\m_dispatcher.dll
0x0000000074880000 - 0x000000007496d000 	C:\Program Files\MATLAB\R2012b\bin\win64\boost_regex-vc90-mt-1_44.dll
0x000007fee6da0000 - 0x000007fee7611000 	C:\Program Files\MATLAB\R2012b\bin\win64\m_interpreter.dll
0x0000000065da0000 - 0x0000000065dc7000 	C:\Program Files\MATLAB\R2012b\bin\win64\libmex.dll
0x0000000065d10000 - 0x0000000065d94000 	C:\Program Files\MATLAB\R2012b\bin\win64\profiler.dll
0x00000000050e0000 - 0x000000000534a000 	C:\Program Files\MATLAB\R2012b\bin\win64\libmwmathutil.dll
0x0000000079f40000 - 0x0000000079f6e000 	C:\Program Files\MATLAB\R2012b\bin\win64\libmwmathrng.dll
0x0000000005370000 - 0x0000000005382000 	C:\Program Files\MATLAB\R2012b\bin\win64\libmwmfl_rng.dll
0x0000000074c10000 - 0x0000000074cee000 	C:\Program Files\MATLAB\R2012b\bin\win64\libmwmathcore.dll
0x0000000076160000 - 0x00000000761ca000 	C:\Program Files\MATLAB\R2012b\bin\win64\libmwspmatrix.dll
0x0000000075ea0000 - 0x0000000075f02000 	C:\Program Files\MATLAB\R2012b\bin\win64\libmwcholmod.dll
0x000000007a460000 - 0x000000007a46d000 	C:\Program Files\MATLAB\R2012b\bin\win64\libmwamd.dll
0x000000007a4b0000 - 0x000000007a4bc000 	C:\Program Files\MATLAB\R2012b\bin\win64\libmwcolamd.dll
0x000000007a290000 - 0x000000007a2a9000 	C:\Program Files\MATLAB\R2012b\bin\win64\libmwblas.dll
0x000000007a310000 - 0x000000007a321000 	C:\Program Files\MATLAB\R2012b\bin\win64\libmwbinder.dll
0x000000007a4d0000 - 0x000000007a4dc000 	C:\Program Files\MATLAB\R2012b\bin\win64\libmwompwrapper.dll
0x0000000005420000 - 0x00000000054a5000 	C:\Program Files\MATLAB\R2012b\bin\win64\libmwlapack.dll
0x0000000065ce0000 - 0x0000000065d01000 	C:\Program Files\MATLAB\R2012b\bin\win64\m_pcodeio.dll
0x0000000079b10000 - 0x0000000079b77000 	C:\Program Files\MATLAB\R2012b\bin\win64\m_ir.dll
0x0000000065670000 - 0x0000000065ce0000 	C:\Program Files\MATLAB\R2012b\bin\win64\m_parser.dll
0x0000000065650000 - 0x000000006566a000 	C:\Program Files\MATLAB\R2012b\bin\win64\ir_xfmr.dll
0x000007fee87b0000 - 0x000007fee8a46000 	C:\Program Files\MATLAB\R2012b\bin\win64\mcos.dll
0x0000000065630000 - 0x0000000065641000 	C:\Program Files\MATLAB\R2012b\bin\win64\mtok.dll
0x00000000655f0000 - 0x0000000065621000 	C:\Program Files\MATLAB\R2012b\bin\win64\m_pcodegen.dll
0x0000000079fb0000 - 0x0000000079fe6000 	C:\Program Files\MATLAB\R2012b\bin\win64\libmwbridge.dll
0x0000000065520000 - 0x00000000655e8000 	C:\Program Files\MATLAB\R2012b\bin\win64\udd.dll
0x00000000653c0000 - 0x0000000065512000 	C:\Program Files\MATLAB\R2012b\bin\win64\libmwgui.dll
0x00000000653a0000 - 0x00000000653b7000 	C:\Program Files\MATLAB\R2012b\bin\win64\graphics_util.dll
0x0000000064940000 - 0x000000006539f000 	C:\Program Files\MATLAB\R2012b\bin\win64\hg.dll
0x0000000005580000 - 0x00000000055e8000 	C:\Program Files\MATLAB\R2012b\bin\win64\libmat.dll
0x0000000072d30000 - 0x0000000072f44000 	C:\Program Files\MATLAB\R2012b\bin\win64\hdf5dll.dll
0x0000000075710000 - 0x00000000757de000 	C:\Program Files\MATLAB\R2012b\bin\win64\jmi.dll
0x0000000005620000 - 0x000000000562d000 	C:\Program Files\MATLAB\R2012b\bin\win64\nativejava_services.dll
0x00000000648f0000 - 0x0000000064936000 	C:\Program Files\MATLAB\R2012b\bin\win64\libmwhardcopy.dll
0x0000000064880000 - 0x00000000648e3000 	C:\Program Files\MATLAB\R2012b\bin\win64\libuij.dll
0x0000000064610000 - 0x0000000064874000 	C:\Program Files\MATLAB\R2012b\bin\win64\hgdatatypes.dll
0x00000000644f0000 - 0x000000006460f000 	C:\Program Files\MATLAB\R2012b\bin\win64\hgutils.dll
0x0000000064430000 - 0x00000000644f0000 	C:\Program Files\MATLAB\R2012b\bin\win64\udd_mi.dll
0x0000000005690000 - 0x00000000056cb000 	C:\Program Files\MATLAB\R2012b\bin\win64\libmwgbtutils.dll
0x00000000056e0000 - 0x00000000056fb000 	C:\Program Files\MATLAB\R2012b\bin\win64\libmwgbt.dll
0x0000000005710000 - 0x00000000059e1000 	C:\Program Files\MATLAB\R2012b\bin\win64\uiw.dll
0x0000000066230000 - 0x000000006623f000 	C:\Program Files\MATLAB\R2012b\bin\win64\uinone.dll
0x0000000005a10000 - 0x0000000005a39000 	C:\Program Files\MATLAB\R2012b\bin\win64\libmwnativefiledialogs.dll
0x0000000005a50000 - 0x0000000005a58000 	C:\Program Files\MATLAB\R2012b\bin\win64\libmwplatform_res.dll
0x000007fef8a50000 - 0x000007fef8a68000 	C:\Windows\system32\MPR.dll
0x0000000063f40000 - 0x0000000064424000 	C:\Windows\WinSxS\amd64_microsoft.vc90.mfc_1fc8b3b9a1e18e3b_9.0.30729.6161_none_044aad0bab1eb146\mfc90.dll
0x000007fef9db0000 - 0x000007fef9db7000 	C:\Windows\system32\MSIMG32.dll
0x000007fef9990000 - 0x000007fef9a01000 	C:\Windows\system32\WINSPOOL.DRV
0x0000000063f10000 - 0x0000000063f32000 	C:\Program Files\MATLAB\R2012b\bin\win64\mwoles05.DLL
0x0000000063e90000 - 0x0000000063f0d000 	C:\Program Files\MATLAB\R2012b\bin\win64\comcli.dll
0x0000000063e60000 - 0x0000000063e8f000 	C:\Windows\WinSxS\amd64_microsoft.vc90.atl_1fc8b3b9a1e18e3b_9.0.30729.6161_none_0a1fd3a3a768b895\ATL90.DLL
0x000000006bf20000 - 0x000000006bf2c000 	C:\Program Files\MATLAB\R2012b\bin\win64\mlautoregister.dll
0x000007fefd7c0000 - 0x000007fefd817000 	C:\Windows\system32\apphelp.dll
0x000007feec380000 - 0x000007feec3d1000 	C:\Windows\AppPatch\AppPatch64\AcGenral.DLL
0x000007fefd790000 - 0x000007fefd7b5000 	C:\Windows\system32\SspiCli.dll
0x0000000074660000 - 0x0000000074663000 	C:\Windows\system32\sfc.dll
0x000007fef92c0000 - 0x000007fef92d0000 	C:\Windows\system32\sfc_os.DLL
0x000007fefcbe0000 - 0x000007fefcbfe000 	C:\Windows\system32\USERENV.dll
0x000007fefd8f0000 - 0x000007fefd8ff000 	C:\Windows\system32\profapi.dll
0x000007fefa980000 - 0x000007fefa998000 	C:\Windows\system32\dwmapi.dll
0x000007feff6b0000 - 0x000007feff6de000 	C:\Windows\system32\IMM32.DLL
0x000007fefe510000 - 0x000007fefe619000 	C:\Windows\system32\MSCTF.dll
0x000007fefae30000 - 0x000007fefae86000 	C:\Windows\system32\UxTheme.dll
0x0000000063e40000 - 0x0000000063e4d000 	C:\Windows\WinSxS\amd64_microsoft.vc90.mfcloc_1fc8b3b9a1e18e3b_9.0.30729.6161_none_01c9581e60cbee58\MFC90ENU.DLL
0x00000000060c0000 - 0x00000000060cf000 	C:\Program Files\MATLAB\R2012b\bin\win64\xmlxrcsc.dll
0x000007fefd820000 - 0x000007fefd82f000 	C:\Windows\system32\CRYPTBASE.dll
0x000007fefbe10000 - 0x000007fefc004000 	C:\Windows\WinSxS\amd64_microsoft.windows.common-controls_6595b64144ccf1df_6.0.7601.17514_none_fa396087175ac9ac\comctl32.dll

VM Arguments:
jvm_args: -Xss512k -XX:PermSize=32m -Xms64m -XX:NewRatio=3 -XX:MaxPermSize=128m -Xmx196m -XX:MaxDirectMemorySize=2147400000 -Dsun.java2d.noddraw=true -Dsun.awt.nopixfmt=true -Xshare:off -Xrs -Dsun.awt.disableMixing=true -Djava.library.path=C:\Program Files\MATLAB\R2012b\bin\win64;C:\Program Files\MATLAB\R2012b\sys\jxbrowser\win64\lib vfprintf abort 
java_command: <unknown>
Launcher Type: generic

Environment Variables:
PATH=C:\Program Files\Common Files\Microsoft Shared\Windows Live;C:\Program Files (x86)\Common Files\Microsoft Shared\Windows Live;C:\Program Files (x86)\Intel\iCLS Client\;C:\Program Files\Intel\iCLS Client\;C:\Windows\system32;C:\Windows;C:\Windows\System32\Wbem;C:\Windows\System32\WindowsPowerShell\v1.0\;C:\Program Files\Intel\Intel(R) Management Engine Components\DAL;C:\Program Files\Intel\Intel(R) Management Engine Components\IPT;C:\Program Files (x86)\Intel\Intel(R) Management Engine Components\DAL;C:\Program Files (x86)\Intel\Intel(R) Management Engine Components\IPT;C:\Program Files (x86)\Windows Live\Shared;C:\Program Files\TortoiseGit\bin;C:\Program Files (x86)\Microsoft SQL Server\100\Tools\Binn\;C:\Program Files\Microsoft SQL Server\100\Tools\Binn\;C:\Program Files\Microsoft SQL Server\100\DTS\Binn\;C:\Program Files\MATLAB\R2012b\runtime\win64;C:\Program Files\MATLAB\R2012b\bin
USERNAME=Wk
OS=Windows_NT
PROCESSOR_IDENTIFIER=Intel64 Family 6 Model 62 Stepping 4, GenuineIntel



---------------  S Y S T E M  ---------------

OS: Windows 7 Build 7601 Service Pack 1

CPU:total 48 (16 cores per cpu, 2 threads per core) family 6 model 62 stepping 4, cmov, cx8, fxsr, mmx, sse, sse2, sse3, ssse3, sse4.1, sse4.2, ht

Memory: 4k page, physical 67051748k(60811176k free), swap 681449884k(674593804k free)

vm_info: Java HotSpot(TM) 64-Bit Server VM (14.3-b01) for windows-amd64 JRE (1.6.0_17-b04), built on Oct 11 2009 00:46:08 by "java_re" with MS VC++ 8.0

time: Wed Jan 15 17:31:53 2014
elapsed time: 104 seconds

