#
# A fatal error has been detected by the Java Runtime Environment:
#
#  EXCEPTION_ACCESS_VIOLATION (0xc0000005) at pc=0x00000000720d2e92, pid=5300, tid=460
#
# JRE version: 6.0_17-b04
# Java VM: Java HotSpot(TM) 64-Bit Server VM (14.3-b01 mixed mode windows-amd64 )
# Problematic frame:
# C  0x00000000720d2e92
#
# If you would like to submit a bug report, please visit:
#   http://java.sun.com/webapps/bugreport/crash.jsp
# The crash happened outside the Java Virtual Machine in native code.
# See problematic frame for where to report the bug.
#

---------------  T H R E A D  ---------------

Current thread (0x000000000f00d000):  JavaThread "main" [_thread_in_native, id=460, stack(0x0000000000080000,0x0000000004080000)]

siginfo: ExceptionCode=0xc0000005, reading address 0xffffffffefacee6c

Registers:
EAX=0xffffffffefacee60, EBX=0x000000002f82df70, ECX=0x0000000004071e90, EDX=0x00000000d9724ba0
ESP=0x0000000004071e50, EBP=0x0000000004072958, ESI=0x0000000000000009, EDI=0x00000000295f59ae
EIP=0x00000000720d2e92, EFLAGS=0x0000000000010286

Top of Stack: (sp=0x0000000004071e50)
0x0000000004071e50:   0000000004071e90 00000000721054f8
0x0000000004071e60:   0000000000000000 0000000004072958
0x0000000004071e70:   0000000000000001 ffffffffefacee60
0x0000000004071e80:   00000000655a1acc 0000000003fa4000
0x0000000004071e90:   74726f5058545852 29286e696172643a
0x0000000004071ea0:   736e727574657220 000000000a30203a
0x0000000004071eb0:   00000000655d92c4 00000000040757a0
0x0000000004071ec0:   000000000000001a 0000000004071ef0
0x0000000004071ed0:   000000006556851e 00000000655a1acc
0x0000000004071ee0:   0000000100000000 0000000000000000
0x0000000004071ef0:   0000000005d31660 0000000000000000
0x0000000004071f00:   0000000000000000 0000000000000000
0x0000000004071f10:   0000000000000000 0000000000000000
0x0000000004071f20:   0000000000000000 0000000000000000
0x0000000004071f30:   0000000000000000 0000000000000000
0x0000000004071f40:   0000000000000000 0000000000000000 

Instructions: (pc=0x00000000720d2e92)
0x00000000720d2e82:   00 00 00 48 83 7c 24 28 00 74 77 48 8b 44 24 28
0x00000000720d2e92:   83 78 0c 00 74 6c 4c 8b 4c 24 28 4c 8d 84 24 98 


Stack: [0x0000000000080000,0x0000000004080000],  sp=0x0000000004071e50,  free space=65479k
Native frames: (J=compiled Java code, j=interpreted, Vv=VM code, C=native code)
C  0x00000000720d2e92
j  gnu.io.RXTXPort$SerialOutputStream.flush()V+92
j  com.mathworks.toolbox.instrument.SerialComm.writeBinaryToHardware(Ljava/lang/Object;II)I+77
j  com.mathworks.toolbox.instrument.InstrumentWriter.writeBinarySync(Ljava/lang/Object;II)[Ljava/lang/Object;+4
j  com.mathworks.toolbox.instrument.InstrumentWriter.writeBinary(Ljava/lang/Object;III)[Ljava/lang/Object;+48
j  com.mathworks.toolbox.instrument.InstrumentWriter.fwrite(Ljava/lang/Object;IIII)V+183
v  ~StubRoutines::call_stub

Java frames: (J=compiled Java code, j=interpreted, Vv=VM code)
j  gnu.io.RXTXPort.nativeDrain(Z)Z+0
j  gnu.io.RXTXPort$SerialOutputStream.flush()V+92
j  com.mathworks.toolbox.instrument.SerialComm.writeBinaryToHardware(Ljava/lang/Object;II)I+77
j  com.mathworks.toolbox.instrument.InstrumentWriter.writeBinarySync(Ljava/lang/Object;II)[Ljava/lang/Object;+4
j  com.mathworks.toolbox.instrument.InstrumentWriter.writeBinary(Ljava/lang/Object;III)[Ljava/lang/Object;+48
j  com.mathworks.toolbox.instrument.InstrumentWriter.fwrite(Ljava/lang/Object;IIII)V+183
v  ~StubRoutines::call_stub

---------------  P R O C E S S  ---------------

Java Threads: ( => current thread )
  0x00000000625b2000 JavaThread "Timer-165" [_thread_blocked, id=6948, stack(0x00000000efb00000,0x00000000efb80000)]
  0x00000000625b6800 JavaThread "Thread-197" [_thread_in_native, id=364, stack(0x00000000efa50000,0x00000000efad0000)]
  0x00000000625b1800 JavaThread "Timer-InstrumentReadWritePoll" [_thread_blocked, id=6196, stack(0x00000000f1f10000,0x00000000f1f90000)]
  0x00000000625af800 JavaThread "Swing-Shell" daemon [_thread_blocked, id=5312, stack(0x00000000acd10000,0x00000000acd90000)]
  0x00000000625b3800 JavaThread "Timer-7" daemon [_thread_blocked, id=5940, stack(0x0000000072250000,0x00000000722d0000)]
  0x00000000625b3000 JavaThread "Explorer NavigationContext request queue" [_thread_blocked, id=5968, stack(0x0000000040a20000,0x0000000040aa0000)]
  0x00000000625b1000 JavaThread "AddressBar directory emptiness poller" [_thread_blocked, id=6656, stack(0x000000001d2b0000,0x000000001d330000)]
  0x00000000625b0000 JavaThread "Explorer Refresh Service 940667589" [_thread_blocked, id=5888, stack(0x0000000054f30000,0x0000000054fb0000)]
  0x00000000625ae800 JavaThread "Timer-1" daemon [_thread_blocked, id=5824, stack(0x0000000009190000,0x0000000009210000)]
  0x00000000625ae000 JavaThread "TimerQueue" daemon [_thread_blocked, id=5860, stack(0x0000000008b20000,0x0000000008ba0000)]
  0x00000000625ad000 JavaThread "Thread-5" daemon [_thread_blocked, id=6916, stack(0x0000000025550000,0x00000000255d0000)]
  0x00000000625ac800 JavaThread "FelixPackageAdmin" daemon [_thread_blocked, id=7088, stack(0x0000000044bd0000,0x0000000044c50000)]
  0x00000000622da000 JavaThread "FelixStartLevel" daemon [_thread_blocked, id=3856, stack(0x0000000040aa0000,0x0000000040b20000)]
  0x000000006242c800 JavaThread "FelixDispatchQueue" daemon [_thread_blocked, id=5276, stack(0x0000000015000000,0x0000000015080000)]
  0x0000000062320000 JavaThread "AWT-EventQueue-0" [_thread_blocked, id=6516, stack(0x0000000021390000,0x0000000021410000)]
  0x00000000622c5000 JavaThread "com.google.common.base.internal.Finalizer" daemon [_thread_blocked, id=1372, stack(0x0000000010f10000,0x0000000010f90000)]
  0x000000006219b000 JavaThread "AWT-Windows" daemon [_thread_in_native, id=5676, stack(0x000000001d170000,0x000000001d1f0000)]
  0x000000006219a000 JavaThread "AWT-Shutdown" [_thread_blocked, id=5516, stack(0x000000000ff50000,0x000000000ffd0000)]
  0x0000000062199800 JavaThread "Java2D Disposer" daemon [_thread_blocked, id=1308, stack(0x0000000010e60000,0x0000000010ee0000)]
  0x0000000061eaa800 JavaThread "Timer-0" [_thread_blocked, id=6512, stack(0x000000000fe80000,0x000000000ff00000)]
  0x0000000061c1b000 JavaThread "EventMgr Dispatcher" daemon [_thread_in_native, id=6404, stack(0x0000000009ac0000,0x000000000dac0000)]
  0x000000000f4ef800 JavaThread "Low Memory Detector" daemon [_thread_blocked, id=1200, stack(0x000000000fd30000,0x000000000fdb0000)]
  0x000000000f4ea000 JavaThread "CompilerThread1" daemon [_thread_blocked, id=6820, stack(0x00000000e5b40000,0x00000000e9b40000)]
  0x000000000f4e6000 JavaThread "CompilerThread0" daemon [_thread_blocked, id=5264, stack(0x00000000e1a30000,0x00000000e5a30000)]
  0x000000000f4e5800 JavaThread "Attach Listener" daemon [_thread_blocked, id=6200, stack(0x000000000fbd0000,0x000000000fc50000)]
  0x000000000f4e0000 JavaThread "Finalizer" daemon [_thread_blocked, id=5104, stack(0x000000000fab0000,0x000000000fb30000)]
  0x000000000f4df800 JavaThread "Reference Handler" daemon [_thread_blocked, id=6900, stack(0x000000000f9f0000,0x000000000fa70000)]
=>0x000000000f00d000 JavaThread "main" [_thread_in_native, id=460, stack(0x0000000000080000,0x0000000004080000)]

Other Threads:
  0x000000000f4d5000 VMThread [stack: 0x00000000dd8e0000,0x00000000e18e0000] [id=6148]
  0x000000000f7d2800 WatcherThread [stack: 0x00000000e9c80000,0x00000000edc80000] [id=6416]

VM state:not at safepoint (normal execution)

VM Mutex/Monitor currently owned by a thread: None

Heap
 PSYoungGen      total 40448K, used 7565K [0x000000003d8f0000, 0x0000000040910000, 0x00000000409f0000)
  eden space 31488K, 12% used [0x000000003d8f0000,0x000000003dcbd9e0,0x000000003f7b0000)
  from space 8960K, 40% used [0x000000003f7b0000,0x000000003fb45b18,0x0000000040070000)
  to   space 8704K, 0% used [0x0000000040090000,0x0000000040090000,0x0000000040910000)
 PSOldGen        total 77568K, used 57059K [0x00000000345f0000, 0x00000000391b0000, 0x000000003d8f0000)
  object space 77568K, 73% used [0x00000000345f0000,0x0000000037da8fa0,0x00000000391b0000)
 PSPermGen       total 94272K, used 65569K [0x000000002c5f0000, 0x0000000032200000, 0x00000000345f0000)
  object space 94272K, 69% used [0x000000002c5f0000,0x00000000305f87f0,0x0000000032200000)

Dynamic libraries:
0x000000013fa40000 - 0x000000013fa6d000 	C:\Program Files\MATLAB\R2012b\bin\win64\matlab.exe
0x0000000077b40000 - 0x0000000077ce9000 	C:\Windows\SYSTEM32\ntdll.dll
0x0000000077920000 - 0x0000000077a3f000 	C:\Windows\system32\kernel32.dll
0x000007fefd9d0000 - 0x000007fefda3b000 	C:\Windows\system32\KERNELBASE.dll
0x0000000074460000 - 0x000000007451f000 	C:\Program Files\MATLAB\R2012b\bin\win64\libut.dll
0x00000000758a0000 - 0x000000007595c000 	C:\Program Files\MATLAB\R2012b\bin\win64\libmwi18n.dll
0x0000000180000000 - 0x000000018000b000 	C:\Program Files\MATLAB\R2012b\bin\win64\libmwresource_core.dll
0x0000000066150000 - 0x0000000066223000 	C:\Windows\WinSxS\amd64_microsoft.vc90.crt_1fc8b3b9a1e18e3b_9.0.30729.6161_none_08e61857a83bc251\MSVCP90.dll
0x0000000066260000 - 0x0000000066303000 	C:\Windows\WinSxS\amd64_microsoft.vc90.crt_1fc8b3b9a1e18e3b_9.0.30729.6161_none_08e61857a83bc251\MSVCR90.dll
0x000000007a170000 - 0x000000007a19c000 	C:\Program Files\MATLAB\R2012b\bin\win64\boost_filesystem-vc90-mt-1_44.dll
0x000000007a560000 - 0x000000007a569000 	C:\Program Files\MATLAB\R2012b\bin\win64\boost_system-vc90-mt-1_44.dll
0x000007feff5d0000 - 0x000007feff6ab000 	C:\Windows\system32\ADVAPI32.dll
0x000007fefdd80000 - 0x000007fefde1f000 	C:\Windows\system32\msvcrt.dll
0x000007feffbd0000 - 0x000007feffbef000 	C:\Windows\SYSTEM32\sechost.dll
0x000007feff4a0000 - 0x000007feff5cd000 	C:\Windows\system32\RPCRT4.dll
0x000000007a010000 - 0x000000007a035000 	C:\Program Files\MATLAB\R2012b\bin\win64\LIBEXPAT.dll
0x0000000065f50000 - 0x0000000066141000 	C:\Program Files\MATLAB\R2012b\bin\win64\icuin44.dll
0x0000000065dd0000 - 0x0000000065f41000 	C:\Program Files\MATLAB\R2012b\bin\win64\icuuc44.dll
0x0000000010000000 - 0x0000000010e41000 	C:\Program Files\MATLAB\R2012b\bin\win64\icudt44.dll
0x0000000073f70000 - 0x000000007411d000 	C:\Program Files\MATLAB\R2012b\bin\win64\libmwfl.dll
0x00000000043f0000 - 0x00000000047a6000 	C:\Program Files\MATLAB\R2012b\bin\win64\libmwMATLAB_res.dll
0x000000007a3b0000 - 0x000000007a3c0000 	C:\Program Files\MATLAB\R2012b\bin\win64\boost_date_time-vc90-mt-1_44.dll
0x000000007a250000 - 0x000000007a263000 	C:\Program Files\MATLAB\R2012b\bin\win64\boost_signals-vc90-mt-1_44.dll
0x000000007a2d0000 - 0x000000007a2e2000 	C:\Program Files\MATLAB\R2012b\bin\win64\boost_thread-vc90-mt-1_44.dll
0x00000000047f0000 - 0x00000000048ad000 	C:\Program Files\MATLAB\R2012b\bin\win64\boost_log-vc90-mt-1_44.dll
0x0000000077d00000 - 0x0000000077d07000 	C:\Windows\system32\PSAPI.DLL
0x000007fefdd30000 - 0x000007fefdd7d000 	C:\Windows\system32\WS2_32.dll
0x000007fefdd20000 - 0x000007fefdd28000 	C:\Windows\system32\NSI.dll
0x00000000048c0000 - 0x0000000004906000 	C:\Program Files\MATLAB\R2012b\bin\win64\tbb.dll
0x000007feff480000 - 0x000007feff499000 	C:\Windows\system32\imagehlp.dll
0x0000000066240000 - 0x0000000066253000 	C:\Program Files\MATLAB\R2012b\bin\win64\icuio44.dll
0x000007feea8d0000 - 0x000007feea9f5000 	C:\Windows\system32\dbghelp.dll
0x0000000077a40000 - 0x0000000077b3a000 	C:\Windows\system32\USER32.dll
0x000007fefe180000 - 0x000007fefe1e7000 	C:\Windows\system32\GDI32.dll
0x000007fefdec0000 - 0x000007fefdece000 	C:\Windows\system32\LPK.dll
0x000007fefe620000 - 0x000007fefe6e9000 	C:\Windows\system32\USP10.dll
0x0000000004930000 - 0x0000000004c0c000 	C:\Program Files\MATLAB\R2012b\bin\win64\libmwservices.dll
0x0000000075a20000 - 0x0000000075af3000 	C:\Program Files\MATLAB\R2012b\bin\win64\libmx.dll
0x0000000004c30000 - 0x0000000004c59000 	C:\Program Files\MATLAB\R2012b\bin\win64\tbbmalloc.dll
0x000000007a210000 - 0x000000007a228000 	C:\Program Files\MATLAB\R2012b\bin\win64\zlib1.dll
0x0000000004c80000 - 0x0000000004ccd000 	C:\Program Files\MATLAB\R2012b\bin\win64\libmwregexp.dll
0x0000000004ce0000 - 0x0000000004d03000 	C:\Program Files\MATLAB\R2012b\bin\win64\libmwmfl_scalar.dll
0x0000000075f10000 - 0x0000000075f60000 	C:\Program Files\MATLAB\R2012b\bin\win64\mpath.dll
0x000000007b680000 - 0x000000007bc9a000 	C:\Program Files\MATLAB\R2012b\bin\win64\mlutil.dll
0x00000000754d0000 - 0x0000000075551000 	C:\Program Files\MATLAB\R2012b\bin\win64\xmlcore.dll
0x0000000004d50000 - 0x0000000004fa3000 	C:\Program Files\MATLAB\R2012b\bin\win64\xerces-c_2_7.dll
0x0000000004fc0000 - 0x0000000004fe0000 	C:\Program Files\MATLAB\R2012b\bin\win64\libmwMATLAB_settings_res.dll
0x0000000004ff0000 - 0x0000000005000000 	C:\Program Files\MATLAB\R2012b\bin\win64\boost_iostreams-vc90-mt-1_44.dll
0x0000000005010000 - 0x0000000005057000 	C:\Program Files\MATLAB\R2012b\bin\win64\boost_serialization-vc90-mt-1_44.dll
0x000007fefe6f0000 - 0x000007feff478000 	C:\Windows\system32\SHELL32.dll
0x000007feffab0000 - 0x000007feffb21000 	C:\Windows\system32\SHLWAPI.dll
0x000007fef9a10000 - 0x000007fef9ab0000 	C:\Windows\WinSxS\amd64_microsoft.windows.common-controls_6595b64144ccf1df_5.82.7601.18201_none_a4d3b9377117c3df\COMCTL32.dll
0x000007fefde20000 - 0x000007fefdeb7000 	C:\Windows\system32\COMDLG32.dll
0x000007fefb4a0000 - 0x000007fefb4b6000 	C:\Windows\system32\NETAPI32.dll
0x000007fefb490000 - 0x000007fefb49c000 	C:\Windows\system32\netutils.dll
0x000007fefd520000 - 0x000007fefd543000 	C:\Windows\system32\srvcli.dll
0x000007fefb470000 - 0x000007fefb485000 	C:\Windows\system32\wkscli.dll
0x000007feff6e0000 - 0x000007feff8e3000 	C:\Windows\system32\ole32.dll
0x000007fefe1f0000 - 0x000007fefe2c7000 	C:\Windows\system32\OLEAUT32.dll
0x0000000074970000 - 0x0000000074a31000 	C:\Program Files\MATLAB\R2012b\bin\win64\mcr.dll
0x0000000075000000 - 0x00000000753e9000 	C:\Program Files\MATLAB\R2012b\bin\win64\iqm.dll
0x0000000074e80000 - 0x0000000074f38000 	C:\Program Files\MATLAB\R2012b\bin\win64\m_dispatcher.dll
0x0000000074880000 - 0x000000007496d000 	C:\Program Files\MATLAB\R2012b\bin\win64\boost_regex-vc90-mt-1_44.dll
0x000007fee6da0000 - 0x000007fee7611000 	C:\Program Files\MATLAB\R2012b\bin\win64\m_interpreter.dll
0x0000000065da0000 - 0x0000000065dc7000 	C:\Program Files\MATLAB\R2012b\bin\win64\libmex.dll
0x0000000065d10000 - 0x0000000065d94000 	C:\Program Files\MATLAB\R2012b\bin\win64\profiler.dll
0x00000000050e0000 - 0x000000000534a000 	C:\Program Files\MATLAB\R2012b\bin\win64\libmwmathutil.dll
0x0000000079f40000 - 0x0000000079f6e000 	C:\Program Files\MATLAB\R2012b\bin\win64\libmwmathrng.dll
0x0000000005370000 - 0x0000000005382000 	C:\Program Files\MATLAB\R2012b\bin\win64\libmwmfl_rng.dll
0x0000000074c10000 - 0x0000000074cee000 	C:\Program Files\MATLAB\R2012b\bin\win64\libmwmathcore.dll
0x0000000076160000 - 0x00000000761ca000 	C:\Program Files\MATLAB\R2012b\bin\win64\libmwspmatrix.dll
0x0000000075ea0000 - 0x0000000075f02000 	C:\Program Files\MATLAB\R2012b\bin\win64\libmwcholmod.dll
0x000000007a460000 - 0x000000007a46d000 	C:\Program Files\MATLAB\R2012b\bin\win64\libmwamd.dll
0x000000007a4b0000 - 0x000000007a4bc000 	C:\Program Files\MATLAB\R2012b\bin\win64\libmwcolamd.dll
0x000000007a290000 - 0x000000007a2a9000 	C:\Program Files\MATLAB\R2012b\bin\win64\libmwblas.dll
0x000000007a310000 - 0x000000007a321000 	C:\Program Files\MATLAB\R2012b\bin\win64\libmwbinder.dll
0x000000007a4d0000 - 0x000000007a4dc000 	C:\Program Files\MATLAB\R2012b\bin\win64\libmwompwrapper.dll
0x0000000005420000 - 0x00000000054a5000 	C:\Program Files\MATLAB\R2012b\bin\win64\libmwlapack.dll
0x0000000065ce0000 - 0x0000000065d01000 	C:\Program Files\MATLAB\R2012b\bin\win64\m_pcodeio.dll
0x0000000079b10000 - 0x0000000079b77000 	C:\Program Files\MATLAB\R2012b\bin\win64\m_ir.dll
0x0000000065670000 - 0x0000000065ce0000 	C:\Program Files\MATLAB\R2012b\bin\win64\m_parser.dll
0x0000000065650000 - 0x000000006566a000 	C:\Program Files\MATLAB\R2012b\bin\win64\ir_xfmr.dll
0x000007fee87b0000 - 0x000007fee8a46000 	C:\Program Files\MATLAB\R2012b\bin\win64\mcos.dll
0x0000000065630000 - 0x0000000065641000 	C:\Program Files\MATLAB\R2012b\bin\win64\mtok.dll
0x00000000655f0000 - 0x0000000065621000 	C:\Program Files\MATLAB\R2012b\bin\win64\m_pcodegen.dll
0x0000000079fb0000 - 0x0000000079fe6000 	C:\Program Files\MATLAB\R2012b\bin\win64\libmwbridge.dll
0x0000000065520000 - 0x00000000655e8000 	C:\Program Files\MATLAB\R2012b\bin\win64\udd.dll
0x00000000653c0000 - 0x0000000065512000 	C:\Program Files\MATLAB\R2012b\bin\win64\libmwgui.dll
0x00000000653a0000 - 0x00000000653b7000 	C:\Program Files\MATLAB\R2012b\bin\win64\graphics_util.dll
0x0000000064940000 - 0x000000006539f000 	C:\Program Files\MATLAB\R2012b\bin\win64\hg.dll
0x0000000005580000 - 0x00000000055e8000 	C:\Program Files\MATLAB\R2012b\bin\win64\libmat.dll
0x0000000072d30000 - 0x0000000072f44000 	C:\Program Files\MATLAB\R2012b\bin\win64\hdf5dll.dll
0x0000000075710000 - 0x00000000757de000 	C:\Program Files\MATLAB\R2012b\bin\win64\jmi.dll
0x0000000005620000 - 0x000000000562d000 	C:\Program Files\MATLAB\R2012b\bin\win64\nativejava_services.dll
0x00000000648f0000 - 0x0000000064936000 	C:\Program Files\MATLAB\R2012b\bin\win64\libmwhardcopy.dll
0x0000000064880000 - 0x00000000648e3000 	C:\Program Files\MATLAB\R2012b\bin\win64\libuij.dll
0x0000000064610000 - 0x0000000064874000 	C:\Program Files\MATLAB\R2012b\bin\win64\hgdatatypes.dll
0x00000000644f0000 - 0x000000006460f000 	C:\Program Files\MATLAB\R2012b\bin\win64\hgutils.dll
0x0000000064430000 - 0x00000000644f0000 	C:\Program Files\MATLAB\R2012b\bin\win64\udd_mi.dll
0x0000000005690000 - 0x00000000056cb000 	C:\Program Files\MATLAB\R2012b\bin\win64\libmwgbtutils.dll
0x00000000056e0000 - 0x00000000056fb000 	C:\Program Files\MATLAB\R2012b\bin\win64\libmwgbt.dll
0x0000000005710000 - 0x00000000059e1000 	C:\Program Files\MATLAB\R2012b\bin\win64\uiw.dll
0x0000000066230000 - 0x000000006623f000 	C:\Program Files\MATLAB\R2012b\bin\win64\uinone.dll
0x0000000005a10000 - 0x0000000005a39000 	C:\Program Files\MATLAB\R2012b\bin\win64\libmwnativefiledialogs.dll
0x0000000005a50000 - 0x0000000005a58000 	C:\Program Files\MATLAB\R2012b\bin\win64\libmwplatform_res.dll
0x000007fef8a50000 - 0x000007fef8a68000 	C:\Windows\system32\MPR.dll
0x0000000063f40000 - 0x0000000064424000 	C:\Windows\WinSxS\amd64_microsoft.vc90.mfc_1fc8b3b9a1e18e3b_9.0.30729.6161_none_044aad0bab1eb146\mfc90.dll
0x000007fef9db0000 - 0x000007fef9db7000 	C:\Windows\system32\MSIMG32.dll
0x000007fef9990000 - 0x000007fef9a01000 	C:\Windows\system32\WINSPOOL.DRV
0x0000000063f10000 - 0x0000000063f32000 	C:\Program Files\MATLAB\R2012b\bin\win64\mwoles05.DLL
0x0000000063e90000 - 0x0000000063f0d000 	C:\Program Files\MATLAB\R2012b\bin\win64\comcli.dll
0x0000000063e60000 - 0x0000000063e8f000 	C:\Windows\WinSxS\amd64_microsoft.vc90.atl_1fc8b3b9a1e18e3b_9.0.30729.6161_none_0a1fd3a3a768b895\ATL90.DLL
0x000000006bf20000 - 0x000000006bf2c000 	C:\Program Files\MATLAB\R2012b\bin\win64\mlautoregister.dll
0x000007fefd7c0000 - 0x000007fefd817000 	C:\Windows\system32\apphelp.dll
0x000007feec380000 - 0x000007feec3d1000 	C:\Windows\AppPatch\AppPatch64\AcGenral.DLL
0x000007fefd790000 - 0x000007fefd7b5000 	C:\Windows\system32\SspiCli.dll
0x0000000074660000 - 0x0000000074663000 	C:\Windows\system32\sfc.dll
0x000007fef92c0000 - 0x000007fef92d0000 	C:\Windows\system32\sfc_os.DLL
0x000007fefcbe0000 - 0x000007fefcbfe000 	C:\Windows\system32\USERENV.dll
0x000007fefd8f0000 - 0x000007fefd8ff000 	C:\Windows\system32\profapi.dll
0x000007fefa980000 - 0x000007fefa998000 	C:\Windows\system32\dwmapi.dll
0x000007feff6b0000 - 0x000007feff6de000 	C:\Windows\system32\IMM32.DLL
0x000007fefe510000 - 0x000007fefe619000 	C:\Windows\system32\MSCTF.dll
0x000007fefae30000 - 0x000007fefae86000 	C:\Windows\system32\UxTheme.dll
0x0000000063e40000 - 0x0000000063e4d000 	C:\Windows\WinSxS\amd64_microsoft.vc90.mfcloc_1fc8b3b9a1e18e3b_9.0.30729.6161_none_01c9581e60cbee58\MFC90ENU.DLL
0x0000000078870000 - 0x0000000078ecd000 	C:\Program Files\MATLAB\R2012b\sys\java\jre\win64\jre\bin\server\jvm.dll
0x000007fefa4c0000 - 0x000007fefa4fb000 	C:\Windows\system32\WINMM.dll
0x000007fefc7c0000 - 0x000007fefc7d5000 	C:\Windows\system32\NLAapi.dll

VM Arguments:
jvm_args: -Xss512k -XX:PermSize=32m -Xms64m -XX:NewRatio=3 -XX:MaxPermSize=128m -Xmx196m -XX:MaxDirectMemorySize=2147400000 -Dsun.java2d.noddraw=true -Dsun.awt.nopixfmt=true -Xshare:off -Xrs -Dsun.awt.disableMixing=true -Djava.library.path=C:\Program Files\MATLAB\R2012b\bin\win64;C:\Program Files\MATLAB\R2012b\sys\jxbrowser\win64\lib vfprintf abort 
java_command: <unknown>
Launcher Type: generic

Environment Variables:
PATH=C:\Program Files\Common Files\Microsoft Shared\Windows Live;C:\Program Files (x86)\Common Files\Microsoft Shared\Windows Live;C:\Program Files (x86)\Intel\iCLS Client\;C:\Program Files\Intel\iCLS Client\;C:\Windows\system32;C:\Windows;C:\Windows\System32\Wbem;C:\Windows\System32\WindowsPowerShell\v1.0\;C:\Program Files\Intel\Intel(R) Management Engine Components\DAL;C:\Program Files\Intel\Intel(R) Management Engine Components\IPT;C:\Program Files (x86)\Intel\Intel(R) Management Engine Components\DAL;C:\Program Files (x86)\Intel\Intel(R) Management Engine Components\IPT;C:\Program Files (x86)\Windows Live\Shared;C:\Program Files\TortoiseGit\bin;C:\Program Files (x86)\Microsoft SQL Server\100\Tools\Binn\;C:\Program Files\Microsoft SQL Server\100\Tools\Binn\;C:\Program Files\Microsoft SQL Server\100\DTS\Binn\;C:\Program Files\MATLAB\R2012b\runtime\win64;C:\Program Files\MATLAB\R2012b\bin
USERNAME=Wk
OS=Windows_NT
PROCESSOR_IDENTIFIER=Intel64 Family 6 Model 62 Stepping 4, GenuineIntel



---------------  S Y S T E M  ---------------

OS: Windows 7 Build 7601 Service Pack 1

CPU:total 48 (16 cores per cpu, 2 threads per core) family 6 model 62 stepping 4, cmov, cx8, fxsr, mmx, sse, sse2, sse3, ssse3, sse4.1, sse4.2, ht

Memory: 4k page, physical 67051748k(60759664k free), swap 681449884k(674542580k free)

vm_info: Java HotSpot(TM) 64-Bit Server VM (14.3-b01) for windows-amd64 JRE (1.6.0_17-b04), built on Oct 11 2009 00:46:08 by "java_re" with MS VC++ 8.0

time: Wed Jan 15 17:29:56 2014
elapsed time: 202 seconds

