#
# A fatal error has been detected by the Java Runtime Environment:
#
#  EXCEPTION_ACCESS_VIOLATION (0xc0000005) at pc=0x0000000088142e92, pid=400, tid=5240
#
# JRE version: 6.0_17-b04
# Java VM: Java HotSpot(TM) 64-Bit Server VM (14.3-b01 mixed mode windows-amd64 )
# Problematic frame:
# C  0x0000000088142e92
#
# If you would like to submit a bug report, please visit:
#   http://java.sun.com/webapps/bugreport/crash.jsp
# The crash happened outside the Java Virtual Machine in native code.
# See problematic frame for where to report the bug.
#

---------------  T H R E A D  ---------------

Current thread (0x0000000005d7f800):  JavaThread "main" [_thread_in_native, id=5240, stack(0x0000000000100000,0x0000000004100000)]

siginfo: ExceptionCode=0xc0000005, reading address 0xffffffff8aa0ed1c

Registers:
EAX=0xffffffff8aa0ed10, EBX=0x000000002fbaa628, ECX=0x00000000040f1a50, EDX=0x0000000090344ba0
ESP=0x00000000040f1a10, EBP=0x00000000040f2518, ESI=0x0000000000000009, EDI=0x00000000292559ae
EIP=0x0000000088142e92, EFLAGS=0x0000000000010282

Top of Stack: (sp=0x00000000040f1a10)
0x00000000040f1a10:   00000000040f1a50 00000000881754f8
0x00000000040f1a20:   0000000000000000 00000000040f2518
0x00000000040f1a30:   0000000000000001 ffffffff8aa0ed10
0x00000000040f1a40:   000000007705af30 0000000026f9ca90
0x00000000040f1a50:   74726f5058545852 29286e696172643a
0x00000000040f1a60:   736e727574657220 000000000a30203a
0x00000000040f1a70:   00000000040f1b48 000000000000000a
0x00000000040f1a80:   0000000077115430 0000000005c20080
0x00000000040f1a90:   00000000040f1c02 0000000000000000
0x00000000040f1aa0:   0000000100000000 0000000000000000
0x00000000040f1ab0:   0000000000000000 0000000000000000
0x00000000040f1ac0:   000000007457f710 0000000077058445
0x00000000040f1ad0:   0000000077115430 0000000000000000
0x00000000040f1ae0:   0000000000000001 0000000000000000
0x00000000040f1af0:   000000002c38f001 00000000040f1c00
0x00000000040f1b00:   0000000088173b70 0000000000000000 

Instructions: (pc=0x0000000088142e92)
0x0000000088142e82:   00 00 00 48 83 7c 24 28 00 74 77 48 8b 44 24 28
0x0000000088142e92:   83 78 0c 00 74 6c 4c 8b 4c 24 28 4c 8d 84 24 98 


Stack: [0x0000000000100000,0x0000000004100000],  sp=0x00000000040f1a10,  free space=65478k
Native frames: (J=compiled Java code, j=interpreted, Vv=VM code, C=native code)
C  0x0000000088142e92
j  gnu.io.RXTXPort$SerialOutputStream.flush()V+92
j  com.mathworks.toolbox.instrument.SerialComm.writeBinaryToHardware(Ljava/lang/Object;II)I+77
j  com.mathworks.toolbox.instrument.InstrumentWriter.writeBinarySync(Ljava/lang/Object;II)[Ljava/lang/Object;+4
j  com.mathworks.toolbox.instrument.InstrumentWriter.writeBinary(Ljava/lang/Object;III)[Ljava/lang/Object;+48
j  com.mathworks.toolbox.instrument.InstrumentWriter.fwrite(Ljava/lang/Object;IIII)V+183
v  ~StubRoutines::call_stub

Java frames: (J=compiled Java code, j=interpreted, Vv=VM code)
j  gnu.io.RXTXPort.nativeDrain(Z)Z+0
j  gnu.io.RXTXPort$SerialOutputStream.flush()V+92
j  com.mathworks.toolbox.instrument.SerialComm.writeBinaryToHardware(Ljava/lang/Object;II)I+77
j  com.mathworks.toolbox.instrument.InstrumentWriter.writeBinarySync(Ljava/lang/Object;II)[Ljava/lang/Object;+4
j  com.mathworks.toolbox.instrument.InstrumentWriter.writeBinary(Ljava/lang/Object;III)[Ljava/lang/Object;+48
j  com.mathworks.toolbox.instrument.InstrumentWriter.fwrite(Ljava/lang/Object;IIII)V+183
v  ~StubRoutines::call_stub

---------------  P R O C E S S  ---------------

Java Threads: ( => current thread )
  0x000000006cf92800 JavaThread "Thread-171" [_thread_in_native, id=5944, stack(0x000000008a990000,0x000000008aa10000)]
  0x000000006cf88800 JavaThread "Timer-InstrumentReadWritePoll" [_thread_blocked, id=5864, stack(0x000000008aa30000,0x000000008aab0000)]
  0x000000006cf8f800 JavaThread "FileDecorationCache request queue" [_thread_blocked, id=2492, stack(0x00000000896c0000,0x0000000089740000)]
  0x000000006cf8a800 JavaThread "Active Reference Queue Daemon" daemon [_thread_blocked, id=3776, stack(0x00000000894a0000,0x0000000089520000)]
  0x000000006cf92000 JavaThread "Timer-136" daemon [_thread_blocked, id=5956, stack(0x0000000089410000,0x0000000089490000)]
  0x000000006cf8e800 JavaThread "Swing-Shell" daemon [_thread_blocked, id=5452, stack(0x0000000008c70000,0x0000000008cf0000)]
  0x000000006cf8d800 JavaThread "Timer-6" daemon [_thread_blocked, id=1588, stack(0x0000000008890000,0x0000000008910000)]
  0x000000006cf8b800 JavaThread "Explorer NavigationContext request queue" [_thread_blocked, id=1956, stack(0x000000006bc50000,0x000000006bcd0000)]
  0x000000006cf8a000 JavaThread "AddressBar directory emptiness poller" [_thread_blocked, id=5984, stack(0x000000006bcf0000,0x000000006bd70000)]
  0x000000006cf89000 JavaThread "Explorer Refresh Service 1827001890" [_thread_blocked, id=5312, stack(0x000000006a860000,0x000000006a8e0000)]
  0x000000006cf88000 JavaThread "Timer-1" daemon [_thread_blocked, id=4020, stack(0x0000000069ed0000,0x0000000069f50000)]
  0x000000006cf87000 JavaThread "TimerQueue" daemon [_thread_blocked, id=2820, stack(0x00000000697e0000,0x0000000069860000)]
  0x000000006cf86800 JavaThread "Thread-5" daemon [_thread_blocked, id=5296, stack(0x0000000058c10000,0x0000000058c90000)]
  0x000000006cf85800 JavaThread "FelixPackageAdmin" daemon [_thread_blocked, id=216, stack(0x0000000054b10000,0x0000000054b90000)]
  0x000000006cefd000 JavaThread "FelixStartLevel" daemon [_thread_blocked, id=5656, stack(0x000000004c8d0000,0x000000004c950000)]
  0x000000006cdd0800 JavaThread "FelixDispatchQueue" daemon [_thread_blocked, id=1828, stack(0x0000000019110000,0x0000000019190000)]
  0x000000006c9a4000 JavaThread "AWT-EventQueue-0" [_thread_blocked, id=4864, stack(0x00000000509d0000,0x0000000050a50000)]
  0x000000006c994000 JavaThread "com.google.common.base.internal.Finalizer" daemon [_thread_blocked, id=3756, stack(0x0000000040790000,0x0000000040810000)]
  0x000000006979c800 JavaThread "AWT-Windows" daemon [_thread_in_native, id=5936, stack(0x0000000015030000,0x00000000150b0000)]
  0x000000006979c000 JavaThread "AWT-Shutdown" [_thread_blocked, id=2132, stack(0x0000000010f40000,0x0000000010fc0000)]
  0x000000006979b000 JavaThread "Java2D Disposer" daemon [_thread_blocked, id=4552, stack(0x000000000ff50000,0x000000000ffd0000)]
  0x000000000f92b800 JavaThread "Timer-0" [_thread_blocked, id=2376, stack(0x000000000fd30000,0x000000000fdb0000)]
  0x000000006c602000 JavaThread "EventMgr Dispatcher" daemon [_thread_in_native, id=3352, stack(0x0000000009960000,0x000000000d960000)]
  0x000000000f68d800 JavaThread "Low Memory Detector" daemon [_thread_blocked, id=5728, stack(0x000000000f770000,0x000000000f7f0000)]
  0x000000000f687000 JavaThread "CompilerThread1" daemon [_thread_blocked, id=3856, stack(0x0000000080000000,0x0000000084000000)]
  0x000000000f680800 JavaThread "CompilerThread0" daemon [_thread_blocked, id=4132, stack(0x0000000064fa0000,0x0000000068fa0000)]
  0x000000000f680000 JavaThread "Attach Listener" daemon [_thread_blocked, id=1272, stack(0x000000000df90000,0x000000000e010000)]
  0x000000000f626000 JavaThread "Finalizer" daemon [_thread_blocked, id=5448, stack(0x000000000f3e0000,0x000000000f460000)]
  0x000000000f618000 JavaThread "Reference Handler" daemon [_thread_blocked, id=3836, stack(0x000000000f340000,0x000000000f3c0000)]
=>0x0000000005d7f800 JavaThread "main" [_thread_in_native, id=5240, stack(0x0000000000100000,0x0000000004100000)]

Other Threads:
  0x0000000005d1f800 VMThread [stack: 0x0000000060e90000,0x0000000064e90000] [id=5504]
  0x000000000f6ba800 WatcherThread [stack: 0x0000000084030000,0x0000000088030000] [id=4480]

VM state:not at safepoint (normal execution)

VM Mutex/Monitor currently owned by a thread: None

Heap
 PSYoungGen      total 23744K, used 10184K [0x000000003d550000, 0x000000003fa20000, 0x0000000040650000)
  eden space 23360K, 42% used [0x000000003d550000,0x000000003deea260,0x000000003ec20000)
  from space 384K, 91% used [0x000000003ec20000,0x000000003ec78000,0x000000003ec80000)
  to   space 7104K, 0% used [0x000000003f330000,0x000000003f330000,0x000000003fa20000)
 PSOldGen        total 150528K, used 98350K [0x0000000034250000, 0x000000003d550000, 0x000000003d550000)
  object space 150528K, 65% used [0x0000000034250000,0x000000003a25bba0,0x000000003d550000)
 PSPermGen       total 75456K, used 67860K [0x000000002c250000, 0x0000000030c00000, 0x0000000034250000)
  object space 75456K, 89% used [0x000000002c250000,0x0000000030495088,0x0000000030c00000)

Dynamic libraries:
0x000000013f3e0000 - 0x000000013f40d000 	D:\Program Files\MATLAB\R2012b\bin\win64\MATLAB.exe
0x0000000077000000 - 0x00000000771a9000 	C:\Windows\SYSTEM32\ntdll.dll
0x0000000076ee0000 - 0x0000000076fff000 	C:\Windows\system32\kernel32.dll
0x000007fefce70000 - 0x000007fefcedb000 	C:\Windows\system32\KERNELBASE.dll
0x0000000074460000 - 0x000000007451f000 	D:\Program Files\MATLAB\R2012b\bin\win64\libut.dll
0x00000000758a0000 - 0x000000007595c000 	D:\Program Files\MATLAB\R2012b\bin\win64\libmwi18n.dll
0x0000000180000000 - 0x000000018000b000 	D:\Program Files\MATLAB\R2012b\bin\win64\libmwresource_core.dll
0x0000000004100000 - 0x00000000041d3000 	C:\Windows\WinSxS\amd64_microsoft.vc90.crt_1fc8b3b9a1e18e3b_9.0.30729.6161_none_08e61857a83bc251\MSVCP90.dll
0x00000000749b0000 - 0x0000000074a53000 	C:\Windows\WinSxS\amd64_microsoft.vc90.crt_1fc8b3b9a1e18e3b_9.0.30729.6161_none_08e61857a83bc251\MSVCR90.dll
0x000000007a170000 - 0x000000007a19c000 	D:\Program Files\MATLAB\R2012b\bin\win64\boost_filesystem-vc90-mt-1_44.dll
0x000000007a560000 - 0x000000007a569000 	D:\Program Files\MATLAB\R2012b\bin\win64\boost_system-vc90-mt-1_44.dll
0x000007fefe270000 - 0x000007fefe34b000 	C:\Windows\system32\ADVAPI32.dll
0x000007fefd380000 - 0x000007fefd41f000 	C:\Windows\system32\msvcrt.dll
0x000007fefe110000 - 0x000007fefe12f000 	C:\Windows\SYSTEM32\sechost.dll
0x000007fefd1e0000 - 0x000007fefd30d000 	C:\Windows\system32\RPCRT4.dll
0x000000007a010000 - 0x000000007a035000 	D:\Program Files\MATLAB\R2012b\bin\win64\LIBEXPAT.dll
0x0000000070560000 - 0x0000000070751000 	D:\Program Files\MATLAB\R2012b\bin\win64\icuin44.dll
0x00000000703e0000 - 0x0000000070551000 	D:\Program Files\MATLAB\R2012b\bin\win64\icuuc44.dll
0x0000000010000000 - 0x0000000010e41000 	D:\Program Files\MATLAB\R2012b\bin\win64\icudt44.dll
0x0000000073f70000 - 0x000000007411d000 	D:\Program Files\MATLAB\R2012b\bin\win64\libmwfl.dll
0x0000000004330000 - 0x00000000046e6000 	D:\Program Files\MATLAB\R2012b\bin\win64\libmwMATLAB_res.dll
0x000000007a3b0000 - 0x000000007a3c0000 	D:\Program Files\MATLAB\R2012b\bin\win64\boost_date_time-vc90-mt-1_44.dll
0x000000007a250000 - 0x000000007a263000 	D:\Program Files\MATLAB\R2012b\bin\win64\boost_signals-vc90-mt-1_44.dll
0x000000007a2d0000 - 0x000000007a2e2000 	D:\Program Files\MATLAB\R2012b\bin\win64\boost_thread-vc90-mt-1_44.dll
0x0000000004730000 - 0x00000000047ed000 	D:\Program Files\MATLAB\R2012b\bin\win64\boost_log-vc90-mt-1_44.dll
0x00000000771d0000 - 0x00000000771d7000 	C:\Windows\system32\PSAPI.DLL
0x000007fefde10000 - 0x000007fefde5d000 	C:\Windows\system32\WS2_32.dll
0x000007feff0e0000 - 0x000007feff0e8000 	C:\Windows\system32\NSI.dll
0x0000000004800000 - 0x0000000004846000 	D:\Program Files\MATLAB\R2012b\bin\win64\tbb.dll
0x000007feff1d0000 - 0x000007feff1e9000 	C:\Windows\system32\imagehlp.dll
0x0000000071df0000 - 0x0000000071e03000 	D:\Program Files\MATLAB\R2012b\bin\win64\icuio44.dll
0x000007fef44f0000 - 0x000007fef4615000 	C:\Windows\system32\dbghelp.dll
0x0000000076de0000 - 0x0000000076eda000 	C:\Windows\system32\USER32.dll
0x000007fefd310000 - 0x000007fefd377000 	C:\Windows\system32\GDI32.dll
0x000007fefd9b0000 - 0x000007fefd9be000 	C:\Windows\system32\LPK.dll
0x000007fefe040000 - 0x000007fefe109000 	C:\Windows\system32\USP10.dll
0x0000000004870000 - 0x0000000004b4c000 	D:\Program Files\MATLAB\R2012b\bin\win64\libmwservices.dll
0x0000000075a20000 - 0x0000000075af3000 	D:\Program Files\MATLAB\R2012b\bin\win64\libmx.dll
0x0000000004b70000 - 0x0000000004b99000 	D:\Program Files\MATLAB\R2012b\bin\win64\tbbmalloc.dll
0x000000007a210000 - 0x000000007a228000 	D:\Program Files\MATLAB\R2012b\bin\win64\zlib1.dll
0x0000000004bc0000 - 0x0000000004c0d000 	D:\Program Files\MATLAB\R2012b\bin\win64\libmwregexp.dll
0x0000000004c20000 - 0x0000000004c43000 	D:\Program Files\MATLAB\R2012b\bin\win64\libmwmfl_scalar.dll
0x0000000075f10000 - 0x0000000075f60000 	D:\Program Files\MATLAB\R2012b\bin\win64\mpath.dll
0x000000007b680000 - 0x000000007bc9a000 	D:\Program Files\MATLAB\R2012b\bin\win64\mlutil.dll
0x00000000754d0000 - 0x0000000075551000 	D:\Program Files\MATLAB\R2012b\bin\win64\xmlcore.dll
0x0000000004c90000 - 0x0000000004ee3000 	D:\Program Files\MATLAB\R2012b\bin\win64\xerces-c_2_7.dll
0x0000000004f00000 - 0x0000000004f20000 	D:\Program Files\MATLAB\R2012b\bin\win64\libmwMATLAB_settings_res.dll
0x0000000004f30000 - 0x0000000004f40000 	D:\Program Files\MATLAB\R2012b\bin\win64\boost_iostreams-vc90-mt-1_44.dll
0x0000000004f50000 - 0x0000000004f97000 	D:\Program Files\MATLAB\R2012b\bin\win64\boost_serialization-vc90-mt-1_44.dll
0x000007fefe350000 - 0x000007feff0d8000 	C:\Windows\system32\SHELL32.dll
0x000007feff150000 - 0x000007feff1c1000 	C:\Windows\system32\SHLWAPI.dll
0x000007fef7170000 - 0x000007fef7210000 	C:\Windows\WinSxS\amd64_microsoft.windows.common-controls_6595b64144ccf1df_5.82.7601.18201_none_a4d3b9377117c3df\COMCTL32.dll
0x000007feff270000 - 0x000007feff307000 	C:\Windows\system32\COMDLG32.dll
0x000007fefa8f0000 - 0x000007fefa906000 	C:\Windows\system32\NETAPI32.dll
0x000007fefa8e0000 - 0x000007fefa8ec000 	C:\Windows\system32\netutils.dll
0x000007fefc920000 - 0x000007fefc943000 	C:\Windows\system32\srvcli.dll
0x000007fefa8c0000 - 0x000007fefa8d5000 	C:\Windows\system32\wkscli.dll
0x000007fefd9c0000 - 0x000007fefdbc3000 	C:\Windows\system32\ole32.dll
0x000007fefd4c0000 - 0x000007fefd597000 	C:\Windows\system32\OLEAUT32.dll
0x0000000004fb0000 - 0x0000000005071000 	D:\Program Files\MATLAB\R2012b\bin\win64\mcr.dll
0x0000000075000000 - 0x00000000753e9000 	D:\Program Files\MATLAB\R2012b\bin\win64\iqm.dll
0x0000000074e80000 - 0x0000000074f38000 	D:\Program Files\MATLAB\R2012b\bin\win64\m_dispatcher.dll
0x0000000074880000 - 0x000000007496d000 	D:\Program Files\MATLAB\R2012b\bin\win64\boost_regex-vc90-mt-1_44.dll
0x000007fee74e0000 - 0x000007fee7d51000 	D:\Program Files\MATLAB\R2012b\bin\win64\m_interpreter.dll
0x0000000070980000 - 0x00000000709a7000 	D:\Program Files\MATLAB\R2012b\bin\win64\libmex.dll
0x0000000071d50000 - 0x0000000071dd4000 	D:\Program Files\MATLAB\R2012b\bin\win64\profiler.dll
0x00000000050f0000 - 0x000000000535a000 	D:\Program Files\MATLAB\R2012b\bin\win64\libmwmathutil.dll
0x0000000079f40000 - 0x0000000079f6e000 	D:\Program Files\MATLAB\R2012b\bin\win64\libmwmathrng.dll
0x0000000005380000 - 0x0000000005392000 	D:\Program Files\MATLAB\R2012b\bin\win64\libmwmfl_rng.dll
0x0000000074c10000 - 0x0000000074cee000 	D:\Program Files\MATLAB\R2012b\bin\win64\libmwmathcore.dll
0x0000000076160000 - 0x00000000761ca000 	D:\Program Files\MATLAB\R2012b\bin\win64\libmwspmatrix.dll
0x0000000075ea0000 - 0x0000000075f02000 	D:\Program Files\MATLAB\R2012b\bin\win64\libmwcholmod.dll
0x000000007a460000 - 0x000000007a46d000 	D:\Program Files\MATLAB\R2012b\bin\win64\libmwamd.dll
0x000000007a4b0000 - 0x000000007a4bc000 	D:\Program Files\MATLAB\R2012b\bin\win64\libmwcolamd.dll
0x000000007a290000 - 0x000000007a2a9000 	D:\Program Files\MATLAB\R2012b\bin\win64\libmwblas.dll
0x000000007a310000 - 0x000000007a321000 	D:\Program Files\MATLAB\R2012b\bin\win64\libmwbinder.dll
0x000000007a4d0000 - 0x000000007a4dc000 	D:\Program Files\MATLAB\R2012b\bin\win64\libmwompwrapper.dll
0x0000000005430000 - 0x00000000054b5000 	D:\Program Files\MATLAB\R2012b\bin\win64\libmwlapack.dll
0x0000000070080000 - 0x00000000700a1000 	D:\Program Files\MATLAB\R2012b\bin\win64\m_pcodeio.dll
0x0000000079b10000 - 0x0000000079b77000 	D:\Program Files\MATLAB\R2012b\bin\win64\m_ir.dll
0x000000006bef0000 - 0x000000006c560000 	D:\Program Files\MATLAB\R2012b\bin\win64\m_parser.dll
0x000000006ff80000 - 0x000000006ff9a000 	D:\Program Files\MATLAB\R2012b\bin\win64\ir_xfmr.dll
0x000007fee7240000 - 0x000007fee74d6000 	D:\Program Files\MATLAB\R2012b\bin\win64\mcos.dll
0x000000006ff50000 - 0x000000006ff61000 	D:\Program Files\MATLAB\R2012b\bin\win64\mtok.dll
0x000000006bb20000 - 0x000000006bb51000 	D:\Program Files\MATLAB\R2012b\bin\win64\m_pcodegen.dll
0x0000000079fb0000 - 0x0000000079fe6000 	D:\Program Files\MATLAB\R2012b\bin\win64\libmwbridge.dll
0x000000006ba30000 - 0x000000006baf8000 	D:\Program Files\MATLAB\R2012b\bin\win64\udd.dll
0x000000006b8d0000 - 0x000000006ba22000 	D:\Program Files\MATLAB\R2012b\bin\win64\libmwgui.dll
0x000000006b8b0000 - 0x000000006b8c7000 	D:\Program Files\MATLAB\R2012b\bin\win64\graphics_util.dll
0x000000006ae50000 - 0x000000006b8af000 	D:\Program Files\MATLAB\R2012b\bin\win64\hg.dll
0x0000000005590000 - 0x00000000055f8000 	D:\Program Files\MATLAB\R2012b\bin\win64\libmat.dll
0x0000000072d30000 - 0x0000000072f44000 	D:\Program Files\MATLAB\R2012b\bin\win64\hdf5dll.dll
0x0000000075710000 - 0x00000000757de000 	D:\Program Files\MATLAB\R2012b\bin\win64\jmi.dll
0x0000000005630000 - 0x000000000563d000 	D:\Program Files\MATLAB\R2012b\bin\win64\nativejava_services.dll
0x000000006ae00000 - 0x000000006ae46000 	D:\Program Files\MATLAB\R2012b\bin\win64\libmwhardcopy.dll
0x000000006ad90000 - 0x000000006adf3000 	D:\Program Files\MATLAB\R2012b\bin\win64\libuij.dll
0x000000006ab20000 - 0x000000006ad84000 	D:\Program Files\MATLAB\R2012b\bin\win64\hgdatatypes.dll
0x000000006aa00000 - 0x000000006ab1f000 	D:\Program Files\MATLAB\R2012b\bin\win64\hgutils.dll
0x000000006a940000 - 0x000000006aa00000 	D:\Program Files\MATLAB\R2012b\bin\win64\udd_mi.dll
0x00000000056a0000 - 0x00000000056db000 	D:\Program Files\MATLAB\R2012b\bin\win64\libmwgbtutils.dll
0x00000000056f0000 - 0x000000000570b000 	D:\Program Files\MATLAB\R2012b\bin\win64\libmwgbt.dll
0x0000000005720000 - 0x00000000059f1000 	D:\Program Files\MATLAB\R2012b\bin\win64\uiw.dll
0x000000006bb00000 - 0x000000006bb0f000 	D:\Program Files\MATLAB\R2012b\bin\win64\uinone.dll
0x0000000005a20000 - 0x0000000005a49000 	D:\Program Files\MATLAB\R2012b\bin\win64\libmwnativefiledialogs.dll
0x0000000005a60000 - 0x0000000005a68000 	D:\Program Files\MATLAB\R2012b\bin\win64\libmwplatform_res.dll
0x000007fef3620000 - 0x000007fef3638000 	C:\Windows\system32\MPR.dll
0x000000006a1e0000 - 0x000000006a6c4000 	C:\Windows\WinSxS\amd64_microsoft.vc90.mfc_1fc8b3b9a1e18e3b_9.0.30729.6161_none_044aad0bab1eb146\mfc90.dll
0x000007fefa8a0000 - 0x000007fefa8a7000 	C:\Windows\system32\MSIMG32.dll
0x000007fef70f0000 - 0x000007fef7161000 	C:\Windows\system32\WINSPOOL.DRV
0x000000006a190000 - 0x000000006a1b2000 	D:\Program Files\MATLAB\R2012b\bin\win64\mwoles05.DLL
0x000000006a0d0000 - 0x000000006a14d000 	D:\Program Files\MATLAB\R2012b\bin\win64\comcli.dll
0x0000000073c80000 - 0x0000000073caf000 	C:\Windows\WinSxS\amd64_microsoft.vc90.atl_1fc8b3b9a1e18e3b_9.0.30729.6161_none_0a1fd3a3a768b895\ATL90.DLL
0x000000006a0c0000 - 0x000000006a0cc000 	D:\Program Files\MATLAB\R2012b\bin\win64\mlautoregister.dll
0x000007fefe240000 - 0x000007fefe26e000 	C:\Windows\system32\IMM32.DLL
0x000007fefe130000 - 0x000007fefe239000 	C:\Windows\system32\MSCTF.dll
0x000007fefa7c0000 - 0x000007fefa816000 	C:\Windows\system32\UxTheme.dll
0x000007fefa7a0000 - 0x000007fefa7b8000 	C:\Windows\system32\dwmapi.dll
0x0000000074380000 - 0x000000007438d000 	C:\Windows\WinSxS\amd64_microsoft.vc90.mfcloc_1fc8b3b9a1e18e3b_9.0.30729.6161_none_01c9581e60cbee58\MFC90ENU.DLL
0x0000000078870000 - 0x0000000078ecd000 	D:\Program Files\MATLAB\R2012b\sys\java\jre\win64\jre\bin\server\jvm.dll
0x000007fef8490000 - 0x000007fef84cb000 	C:\Windows\system32\WINMM.dll
0x000007fefcdb0000 - 0x000007fefcdbf000 	C:\Windows\system32\profapi.dll
0x000007fefb770000 - 0x000007fefb785000 	C:\Windows\system32\NLAapi.dll
0x000007fef4b80000 - 0x000007fef4b95000 	C:\Windows\system32\napinsp.dll
0x000007fef4b60000 - 0x000007fef4b79000 	C:\Windows\system32\pnrpnsp.dll
0x000007fef4b50000 - 0x000007fef4b60000 	C:\Windows\system32\wshbth.dll
0x000007fefc620000 - 0x000007fefc675000 	C:\Windows\System32\mswsock.dll
0x000007fefc4a0000 - 0x000007fefc4fb000 	C:\Windows\system32\DNSAPI.dll
0x000007fef4b40000 - 0x000007fef4b4b000 	C:\Windows\System32\winrnr.dll

VM Arguments:
jvm_args: -Xss512k -XX:PermSize=32m -Xms64m -XX:NewRatio=3 -XX:MaxPermSize=128m -Xmx196m -XX:MaxDirectMemorySize=2147400000 -Dsun.java2d.noddraw=true -Dsun.awt.nopixfmt=true -Xshare:off -Xrs -Dsun.awt.disableMixing=true -Djava.library.path=D:\Program Files\MATLAB\R2012b\bin\win64;D:\Program Files\MATLAB\R2012b\sys\jxbrowser\win64\lib vfprintf abort 
java_command: <unknown>
Launcher Type: generic

Environment Variables:
CLASSPATH=C:\Program Files\Mosek\7\tools\platform\win64x86\bin\mosek.jar;C:\Program Files\Mosek\7\tools\platform\win64x86\bin\fusion.jar
PATH=C:\CTEX\UserData\miktex\bin;C:\CTEX\MiKTeX\miktex\bin;C:\CTEX\CTeX\ctex\bin;C:\CTEX\CTeX\cct\bin;C:\CTEX\CTeX\ty\bin;C:\CTEX\Ghostscript\gs9.05\bin;C:\CTEX\GSview\gsview;C:\CTEX\WinEdt;C:\Program Files (x86)\Microsoft SQL Server\100\Tools\Binn\;C:\Program Files\Microsoft SQL Server\100\Tools\Binn\;C:\Program Files\Microsoft SQL Server\100\DTS\Binn\;C:\Program Files\IBM\ILOG\CPLEX_Studio1251\opl\bin\x64_win64;C:\Program Files\IBM\ILOG\CPLEX_Studio1251\opl\oplide\;C:\Program Files\IBM\ILOG\CPLEX_Studio1251\cplex\bin\x64_win64;C:\Program Files\IBM\ILOG\CPLEX_Studio1251\cpoptimizer\bin\x64_win64;C:\Program Files\Mosek\7\tools\platform\win64x86\bin;D:\Program Files\TortoiseGit\bin;d:\Program Files\MATLAB\R2012b\runtime\win64;d:\Program Files\MATLAB\R2012b\bin
USERNAME=Vicon
OS=Windows_NT
PROCESSOR_IDENTIFIER=Intel64 Family 6 Model 58 Stepping 9, GenuineIntel



---------------  S Y S T E M  ---------------

OS: Windows 7 Build 7601 Service Pack 1

CPU:total 8 (8 cores per cpu, 2 threads per core) family 6 model 58 stepping 9, cmov, cx8, fxsr, mmx, sse, sse2, sse3, ssse3, sse4.1, sse4.2, ht

Memory: 4k page, physical 16731116k(13257628k free), swap 545460368k(541518280k free)

vm_info: Java HotSpot(TM) 64-Bit Server VM (14.3-b01) for windows-amd64 JRE (1.6.0_17-b04), built on Oct 11 2009 00:46:08 by "java_re" with MS VC++ 8.0

time: Sun Jan 19 16:58:15 2014
elapsed time: 114 seconds

