#
# A fatal error has been detected by the Java Runtime Environment:
#
#  EXCEPTION_ACCESS_VIOLATION (0xc0000005) at pc=0x00000000d1372e92, pid=5164, tid=6832
#
# JRE version: 6.0_17-b04
# Java VM: Java HotSpot(TM) 64-Bit Server VM (14.3-b01 mixed mode windows-amd64 )
# Problematic frame:
# C  0x00000000d1372e92
#
# If you would like to submit a bug report, please visit:
#   http://java.sun.com/webapps/bugreport/crash.jsp
# The crash happened outside the Java Virtual Machine in native code.
# See problematic frame for where to report the bug.
#

---------------  T H R E A D  ---------------

Current thread (0x000000000e08d000):  JavaThread "main" [_thread_in_native, id=6832, stack(0x0000000000050000,0x0000000004050000)]

siginfo: ExceptionCode=0xc0000005, reading address 0x000000001a00f07c

Registers:
EAX=0x000000001a00f070, EBX=0x0000000038117648, ECX=0x00000000040418e0, EDX=0x00000000cd254ba0
ESP=0x00000000040418a0, EBP=0x00000000040423a8, ESI=0x0000000000000009, EDI=0x00000000317a59ae
EIP=0x00000000d1372e92, EFLAGS=0x0000000000010202

Top of Stack: (sp=0x00000000040418a0)
0x00000000040418a0:   00000000040418e0 00000000d13a54f8
0x00000000040418b0:   0000000000000000 00000000040423a8
0x00000000040418c0:   0000000000000001 000000001a00f070
0x00000000040418d0:   00000001472b79e0 0000000000000001
0x00000000040418e0:   74726f5058545852 29286e696172643a
0x00000000040418f0:   736e727574657220 000000000a30203a
0x0000000004041900:   0000000146d63620 0000000152e2d700
0x0000000004041910:   000000000000024e 000007fee871581b
0x0000000004041920:   000007ffff66cd40 0000000004046220
0x0000000004041930:   0000000100000000 0000000000000047
0x0000000004041940:   000000000000024e 000007fee8833415
0x0000000004041950:   0000000000000000 0000000000000000
0x0000000004041960:   0000000000000000 0000000000000000
0x0000000004041970:   0000000000000000 0000000000000000
0x0000000004041980:   0000000000000000 0000000000000000
0x0000000004041990:   0000000000000000 0000000000000000 

Instructions: (pc=0x00000000d1372e92)
0x00000000d1372e82:   00 00 00 48 83 7c 24 28 00 74 77 48 8b 44 24 28
0x00000000d1372e92:   83 78 0c 00 74 6c 4c 8b 4c 24 28 4c 8d 84 24 98 


Stack: [0x0000000000050000,0x0000000004050000],  sp=0x00000000040418a0,  free space=65478k
Native frames: (J=compiled Java code, j=interpreted, Vv=VM code, C=native code)
C  0x00000000d1372e92
j  gnu.io.RXTXPort$SerialOutputStream.flush()V+92
j  com.mathworks.toolbox.instrument.SerialComm.writeBinaryToHardware(Ljava/lang/Object;II)I+77
j  com.mathworks.toolbox.instrument.InstrumentWriter.writeBinarySync(Ljava/lang/Object;II)[Ljava/lang/Object;+4
j  com.mathworks.toolbox.instrument.InstrumentWriter.writeBinary(Ljava/lang/Object;III)[Ljava/lang/Object;+48
j  com.mathworks.toolbox.instrument.InstrumentWriter.fwrite(Ljava/lang/Object;IIII)V+183
v  ~StubRoutines::call_stub

Java frames: (J=compiled Java code, j=interpreted, Vv=VM code)
j  gnu.io.RXTXPort.nativeDrain(Z)Z+0
j  gnu.io.RXTXPort$SerialOutputStream.flush()V+92
j  com.mathworks.toolbox.instrument.SerialComm.writeBinaryToHardware(Ljava/lang/Object;II)I+77
j  com.mathworks.toolbox.instrument.InstrumentWriter.writeBinarySync(Ljava/lang/Object;II)[Ljava/lang/Object;+4
j  com.mathworks.toolbox.instrument.InstrumentWriter.writeBinary(Ljava/lang/Object;III)[Ljava/lang/Object;+48
j  com.mathworks.toolbox.instrument.InstrumentWriter.fwrite(Ljava/lang/Object;IIII)V+183
v  ~StubRoutines::call_stub

---------------  P R O C E S S  ---------------

Java Threads: ( => current thread )
  0x000000006277d000 JavaThread "Thread-141" [_thread_in_native, id=2016, stack(0x0000000119f90000,0x000000011a010000)]
  0x0000000062779000 JavaThread "Timer-InstrumentReadWritePoll" [_thread_blocked, id=2708, stack(0x0000000115e60000,0x0000000115ee0000)]
  0x0000000062778000 JavaThread "Swing-Shell" daemon [_thread_blocked, id=6940, stack(0x000000002ee50000,0x000000002eed0000)]
  0x000000006277a800 JavaThread "Timer-3" daemon [_thread_blocked, id=1456, stack(0x0000000072340000,0x00000000723c0000)]
  0x0000000062779800 JavaThread "Explorer NavigationContext request queue" [_thread_blocked, id=5740, stack(0x0000000072860000,0x00000000728e0000)]
  0x0000000062777800 JavaThread "AddressBar directory emptiness poller" [_thread_blocked, id=5080, stack(0x0000000072650000,0x00000000726d0000)]
  0x0000000062776800 JavaThread "Explorer Refresh Service 1414376399" [_thread_blocked, id=6168, stack(0x000000006be20000,0x000000006bea0000)]
  0x0000000062775800 JavaThread "Timer-1" daemon [_thread_blocked, id=6888, stack(0x0000000063770000,0x00000000637f0000)]
  0x0000000062774800 JavaThread "TimerQueue" daemon [_thread_blocked, id=928, stack(0x000000005d100000,0x000000005d180000)]
  0x0000000062774000 JavaThread "Thread-5" daemon [_thread_blocked, id=6416, stack(0x000000004cd90000,0x000000004ce10000)]
  0x0000000062773000 JavaThread "FelixPackageAdmin" daemon [_thread_blocked, id=6472, stack(0x0000000050f20000,0x0000000050fa0000)]
  0x000000006245d800 JavaThread "FelixStartLevel" daemon [_thread_blocked, id=6744, stack(0x000000004cd00000,0x000000004cd80000)]
  0x00000000626f0000 JavaThread "FelixDispatchQueue" daemon [_thread_blocked, id=5064, stack(0x0000000048be0000,0x0000000048c60000)]
  0x00000000623be800 JavaThread "AWT-EventQueue-0" [_thread_in_Java, id=5348, stack(0x0000000029590000,0x0000000029610000)]
  0x0000000062356000 JavaThread "com.google.common.base.internal.Finalizer" daemon [_thread_blocked, id=6016, stack(0x00000000253e0000,0x0000000025460000)]
  0x00000000622e1800 JavaThread "AWT-Windows" daemon [_thread_in_native, id=1624, stack(0x0000000015020000,0x00000000150a0000)]
  0x00000000622e0800 JavaThread "AWT-Shutdown" [_thread_blocked, id=3908, stack(0x000000000fda0000,0x000000000fe20000)]
  0x00000000622e0000 JavaThread "Java2D Disposer" daemon [_thread_blocked, id=6964, stack(0x000000000fc80000,0x000000000fd00000)]
  0x0000000061f5c000 JavaThread "Timer-0" [_thread_blocked, id=4132, stack(0x000000000ff30000,0x000000000ffb0000)]
  0x0000000061d11800 JavaThread "EventMgr Dispatcher" daemon [_thread_in_native, id=7124, stack(0x0000000009ab0000,0x000000000dab0000)]
  0x000000000f935000 JavaThread "Low Memory Detector" daemon [_thread_blocked, id=5484, stack(0x0000000010ea0000,0x0000000010f20000)]
  0x000000000f67a800 JavaThread "CompilerThread1" daemon [_thread_in_vm, id=6372, stack(0x00000000eda20000,0x00000000f1a20000)]
  0x000000000f676800 JavaThread "CompilerThread0" daemon [_thread_in_native, id=6796, stack(0x00000000e99e0000,0x00000000ed9e0000)]
  0x000000000f675800 JavaThread "Attach Listener" daemon [_thread_blocked, id=1892, stack(0x000000000fe70000,0x000000000fef0000)]
  0x000000000f670000 JavaThread "Finalizer" daemon [_thread_blocked, id=7164, stack(0x000000000fd10000,0x000000000fd90000)]
  0x000000000f66f800 JavaThread "Reference Handler" daemon [_thread_blocked, id=6532, stack(0x000000000fae0000,0x000000000fb60000)]
=>0x000000000e08d000 JavaThread "main" [_thread_in_native, id=6832, stack(0x0000000000050000,0x0000000004050000)]

Other Threads:
  0x000000000f665000 VMThread [stack: 0x00000000e5860000,0x00000000e9860000] [id=5976]
  0x000000000f953000 WatcherThread [stack: 0x00000000f1b40000,0x00000000f5b40000] [id=5668]

VM state:not at safepoint (normal execution)

VM Mutex/Monitor currently owned by a thread: None

Heap
 PSYoungGen      total 42368K, used 33389K [0x0000000045aa0000, 0x0000000048ba0000, 0x0000000048ba0000)
  eden space 39040K, 77% used [0x0000000045aa0000,0x0000000047802bf8,0x00000000480c0000)
  from space 3328K, 99% used [0x00000000480c0000,0x00000000483f8b88,0x0000000048400000)
  to   space 5760K, 0% used [0x0000000048600000,0x0000000048600000,0x0000000048ba0000)
 PSOldGen        total 61440K, used 53982K [0x000000003c7a0000, 0x00000000403a0000, 0x0000000045aa0000)
  object space 61440K, 87% used [0x000000003c7a0000,0x000000003fc57850,0x00000000403a0000)
 PSPermGen       total 88640K, used 62040K [0x00000000347a0000, 0x0000000039e30000, 0x000000003c7a0000)
  object space 88640K, 69% used [0x00000000347a0000,0x0000000038436180,0x0000000039e30000)

Dynamic libraries:
0x000000013fa10000 - 0x000000013fa3d000 	C:\Program Files\MATLAB\R2012b\bin\win64\MATLAB.exe
0x0000000077b40000 - 0x0000000077ce9000 	C:\Windows\SYSTEM32\ntdll.dll
0x0000000077920000 - 0x0000000077a3f000 	C:\Windows\system32\kernel32.dll
0x000007fefd9d0000 - 0x000007fefda3b000 	C:\Windows\system32\KERNELBASE.dll
0x0000000074460000 - 0x000000007451f000 	C:\Program Files\MATLAB\R2012b\bin\win64\libut.dll
0x00000000758a0000 - 0x000000007595c000 	C:\Program Files\MATLAB\R2012b\bin\win64\libmwi18n.dll
0x0000000180000000 - 0x000000018000b000 	C:\Program Files\MATLAB\R2012b\bin\win64\libmwresource_core.dll
0x0000000066150000 - 0x0000000066223000 	C:\Windows\WinSxS\amd64_microsoft.vc90.crt_1fc8b3b9a1e18e3b_9.0.30729.6161_none_08e61857a83bc251\MSVCP90.dll
0x0000000066260000 - 0x0000000066303000 	C:\Windows\WinSxS\amd64_microsoft.vc90.crt_1fc8b3b9a1e18e3b_9.0.30729.6161_none_08e61857a83bc251\MSVCR90.dll
0x000000007a170000 - 0x000000007a19c000 	C:\Program Files\MATLAB\R2012b\bin\win64\boost_filesystem-vc90-mt-1_44.dll
0x000000007a560000 - 0x000000007a569000 	C:\Program Files\MATLAB\R2012b\bin\win64\boost_system-vc90-mt-1_44.dll
0x000007feff5d0000 - 0x000007feff6ab000 	C:\Windows\system32\ADVAPI32.dll
0x000007fefdd80000 - 0x000007fefde1f000 	C:\Windows\system32\msvcrt.dll
0x000007feffbd0000 - 0x000007feffbef000 	C:\Windows\SYSTEM32\sechost.dll
0x000007feff4a0000 - 0x000007feff5cd000 	C:\Windows\system32\RPCRT4.dll
0x000000007a010000 - 0x000000007a035000 	C:\Program Files\MATLAB\R2012b\bin\win64\LIBEXPAT.dll
0x0000000065f50000 - 0x0000000066141000 	C:\Program Files\MATLAB\R2012b\bin\win64\icuin44.dll
0x0000000065dd0000 - 0x0000000065f41000 	C:\Program Files\MATLAB\R2012b\bin\win64\icuuc44.dll
0x0000000010000000 - 0x0000000010e41000 	C:\Program Files\MATLAB\R2012b\bin\win64\icudt44.dll
0x0000000073f70000 - 0x000000007411d000 	C:\Program Files\MATLAB\R2012b\bin\win64\libmwfl.dll
0x00000000043f0000 - 0x00000000047a6000 	C:\Program Files\MATLAB\R2012b\bin\win64\libmwMATLAB_res.dll
0x000000007a3b0000 - 0x000000007a3c0000 	C:\Program Files\MATLAB\R2012b\bin\win64\boost_date_time-vc90-mt-1_44.dll
0x000000007a250000 - 0x000000007a263000 	C:\Program Files\MATLAB\R2012b\bin\win64\boost_signals-vc90-mt-1_44.dll
0x000000007a2d0000 - 0x000000007a2e2000 	C:\Program Files\MATLAB\R2012b\bin\win64\boost_thread-vc90-mt-1_44.dll
0x00000000047f0000 - 0x00000000048ad000 	C:\Program Files\MATLAB\R2012b\bin\win64\boost_log-vc90-mt-1_44.dll
0x0000000077d00000 - 0x0000000077d07000 	C:\Windows\system32\PSAPI.DLL
0x000007fefdd30000 - 0x000007fefdd7d000 	C:\Windows\system32\WS2_32.dll
0x000007fefdd20000 - 0x000007fefdd28000 	C:\Windows\system32\NSI.dll
0x00000000048c0000 - 0x0000000004906000 	C:\Program Files\MATLAB\R2012b\bin\win64\tbb.dll
0x000007feff480000 - 0x000007feff499000 	C:\Windows\system32\imagehlp.dll
0x0000000066240000 - 0x0000000066253000 	C:\Program Files\MATLAB\R2012b\bin\win64\icuio44.dll
0x000007feea8d0000 - 0x000007feea9f5000 	C:\Windows\system32\dbghelp.dll
0x0000000077a40000 - 0x0000000077b3a000 	C:\Windows\system32\USER32.dll
0x000007fefe180000 - 0x000007fefe1e7000 	C:\Windows\system32\GDI32.dll
0x000007fefdec0000 - 0x000007fefdece000 	C:\Windows\system32\LPK.dll
0x000007fefe620000 - 0x000007fefe6e9000 	C:\Windows\system32\USP10.dll
0x0000000004930000 - 0x0000000004c0c000 	C:\Program Files\MATLAB\R2012b\bin\win64\libmwservices.dll
0x0000000075a20000 - 0x0000000075af3000 	C:\Program Files\MATLAB\R2012b\bin\win64\libmx.dll
0x0000000004c30000 - 0x0000000004c59000 	C:\Program Files\MATLAB\R2012b\bin\win64\tbbmalloc.dll
0x000000007a210000 - 0x000000007a228000 	C:\Program Files\MATLAB\R2012b\bin\win64\zlib1.dll
0x0000000004c80000 - 0x0000000004ccd000 	C:\Program Files\MATLAB\R2012b\bin\win64\libmwregexp.dll
0x0000000004ce0000 - 0x0000000004d03000 	C:\Program Files\MATLAB\R2012b\bin\win64\libmwmfl_scalar.dll
0x0000000075f10000 - 0x0000000075f60000 	C:\Program Files\MATLAB\R2012b\bin\win64\mpath.dll
0x000000007b680000 - 0x000000007bc9a000 	C:\Program Files\MATLAB\R2012b\bin\win64\mlutil.dll
0x00000000754d0000 - 0x0000000075551000 	C:\Program Files\MATLAB\R2012b\bin\win64\xmlcore.dll
0x0000000004d50000 - 0x0000000004fa3000 	C:\Program Files\MATLAB\R2012b\bin\win64\xerces-c_2_7.dll
0x0000000004fc0000 - 0x0000000004fe0000 	C:\Program Files\MATLAB\R2012b\bin\win64\libmwMATLAB_settings_res.dll
0x0000000004ff0000 - 0x0000000005000000 	C:\Program Files\MATLAB\R2012b\bin\win64\boost_iostreams-vc90-mt-1_44.dll
0x0000000005010000 - 0x0000000005057000 	C:\Program Files\MATLAB\R2012b\bin\win64\boost_serialization-vc90-mt-1_44.dll
0x000007fefe6f0000 - 0x000007feff478000 	C:\Windows\system32\SHELL32.dll
0x000007feffab0000 - 0x000007feffb21000 	C:\Windows\system32\SHLWAPI.dll
0x000007fef9a10000 - 0x000007fef9ab0000 	C:\Windows\WinSxS\amd64_microsoft.windows.common-controls_6595b64144ccf1df_5.82.7601.18201_none_a4d3b9377117c3df\COMCTL32.dll
0x000007fefde20000 - 0x000007fefdeb7000 	C:\Windows\system32\COMDLG32.dll
0x000007fefb4a0000 - 0x000007fefb4b6000 	C:\Windows\system32\NETAPI32.dll
0x000007fefb490000 - 0x000007fefb49c000 	C:\Windows\system32\netutils.dll
0x000007fefd520000 - 0x000007fefd543000 	C:\Windows\system32\srvcli.dll
0x000007fefb470000 - 0x000007fefb485000 	C:\Windows\system32\wkscli.dll
0x000007feff6e0000 - 0x000007feff8e3000 	C:\Windows\system32\ole32.dll
0x000007fefe1f0000 - 0x000007fefe2c7000 	C:\Windows\system32\OLEAUT32.dll
0x0000000074970000 - 0x0000000074a31000 	C:\Program Files\MATLAB\R2012b\bin\win64\mcr.dll
0x0000000075000000 - 0x00000000753e9000 	C:\Program Files\MATLAB\R2012b\bin\win64\iqm.dll
0x0000000074e80000 - 0x0000000074f38000 	C:\Program Files\MATLAB\R2012b\bin\win64\m_dispatcher.dll
0x0000000074880000 - 0x000000007496d000 	C:\Program Files\MATLAB\R2012b\bin\win64\boost_regex-vc90-mt-1_44.dll
0x000007fee8700000 - 0x000007fee8f71000 	C:\Program Files\MATLAB\R2012b\bin\win64\m_interpreter.dll
0x000000006bf20000 - 0x000000006bf47000 	C:\Program Files\MATLAB\R2012b\bin\win64\libmex.dll
0x0000000065cb0000 - 0x0000000065d34000 	C:\Program Files\MATLAB\R2012b\bin\win64\profiler.dll
0x00000000050e0000 - 0x000000000534a000 	C:\Program Files\MATLAB\R2012b\bin\win64\libmwmathutil.dll
0x0000000079f40000 - 0x0000000079f6e000 	C:\Program Files\MATLAB\R2012b\bin\win64\libmwmathrng.dll
0x0000000005370000 - 0x0000000005382000 	C:\Program Files\MATLAB\R2012b\bin\win64\libmwmfl_rng.dll
0x0000000074c10000 - 0x0000000074cee000 	C:\Program Files\MATLAB\R2012b\bin\win64\libmwmathcore.dll
0x0000000076160000 - 0x00000000761ca000 	C:\Program Files\MATLAB\R2012b\bin\win64\libmwspmatrix.dll
0x0000000075ea0000 - 0x0000000075f02000 	C:\Program Files\MATLAB\R2012b\bin\win64\libmwcholmod.dll
0x000000007a460000 - 0x000000007a46d000 	C:\Program Files\MATLAB\R2012b\bin\win64\libmwamd.dll
0x000000007a4b0000 - 0x000000007a4bc000 	C:\Program Files\MATLAB\R2012b\bin\win64\libmwcolamd.dll
0x000000007a290000 - 0x000000007a2a9000 	C:\Program Files\MATLAB\R2012b\bin\win64\libmwblas.dll
0x000000007a310000 - 0x000000007a321000 	C:\Program Files\MATLAB\R2012b\bin\win64\libmwbinder.dll
0x000000007a4d0000 - 0x000000007a4dc000 	C:\Program Files\MATLAB\R2012b\bin\win64\libmwompwrapper.dll
0x0000000005420000 - 0x00000000054a5000 	C:\Program Files\MATLAB\R2012b\bin\win64\libmwlapack.dll
0x0000000065da0000 - 0x0000000065dc1000 	C:\Program Files\MATLAB\R2012b\bin\win64\m_pcodeio.dll
0x0000000079b10000 - 0x0000000079b77000 	C:\Program Files\MATLAB\R2012b\bin\win64\m_ir.dll
0x0000000065640000 - 0x0000000065cb0000 	C:\Program Files\MATLAB\R2012b\bin\win64\m_parser.dll
0x0000000065d80000 - 0x0000000065d9a000 	C:\Program Files\MATLAB\R2012b\bin\win64\ir_xfmr.dll
0x000007fef51a0000 - 0x000007fef5436000 	C:\Program Files\MATLAB\R2012b\bin\win64\mcos.dll
0x0000000065d60000 - 0x0000000065d71000 	C:\Program Files\MATLAB\R2012b\bin\win64\mtok.dll
0x0000000065600000 - 0x0000000065631000 	C:\Program Files\MATLAB\R2012b\bin\win64\m_pcodegen.dll
0x0000000079fb0000 - 0x0000000079fe6000 	C:\Program Files\MATLAB\R2012b\bin\win64\libmwbridge.dll
0x0000000065530000 - 0x00000000655f8000 	C:\Program Files\MATLAB\R2012b\bin\win64\udd.dll
0x00000000653d0000 - 0x0000000065522000 	C:\Program Files\MATLAB\R2012b\bin\win64\libmwgui.dll
0x0000000065d40000 - 0x0000000065d57000 	C:\Program Files\MATLAB\R2012b\bin\win64\graphics_util.dll
0x0000000063f10000 - 0x000000006496f000 	C:\Program Files\MATLAB\R2012b\bin\win64\hg.dll
0x0000000005580000 - 0x00000000055e8000 	C:\Program Files\MATLAB\R2012b\bin\win64\libmat.dll
0x0000000072d30000 - 0x0000000072f44000 	C:\Program Files\MATLAB\R2012b\bin\win64\hdf5dll.dll
0x0000000075710000 - 0x00000000757de000 	C:\Program Files\MATLAB\R2012b\bin\win64\jmi.dll
0x0000000005620000 - 0x000000000562d000 	C:\Program Files\MATLAB\R2012b\bin\win64\nativejava_services.dll
0x0000000065380000 - 0x00000000653c6000 	C:\Program Files\MATLAB\R2012b\bin\win64\libmwhardcopy.dll
0x0000000065310000 - 0x0000000065373000 	C:\Program Files\MATLAB\R2012b\bin\win64\libuij.dll
0x00000000650a0000 - 0x0000000065304000 	C:\Program Files\MATLAB\R2012b\bin\win64\hgdatatypes.dll
0x0000000064f80000 - 0x000000006509f000 	C:\Program Files\MATLAB\R2012b\bin\win64\hgutils.dll
0x0000000064ec0000 - 0x0000000064f80000 	C:\Program Files\MATLAB\R2012b\bin\win64\udd_mi.dll
0x0000000005690000 - 0x00000000056cb000 	C:\Program Files\MATLAB\R2012b\bin\win64\libmwgbtutils.dll
0x00000000056e0000 - 0x00000000056fb000 	C:\Program Files\MATLAB\R2012b\bin\win64\libmwgbt.dll
0x0000000005710000 - 0x00000000059e1000 	C:\Program Files\MATLAB\R2012b\bin\win64\uiw.dll
0x0000000066230000 - 0x000000006623f000 	C:\Program Files\MATLAB\R2012b\bin\win64\uinone.dll
0x0000000005a10000 - 0x0000000005a39000 	C:\Program Files\MATLAB\R2012b\bin\win64\libmwnativefiledialogs.dll
0x0000000005a50000 - 0x0000000005a58000 	C:\Program Files\MATLAB\R2012b\bin\win64\libmwplatform_res.dll
0x000007fef8a50000 - 0x000007fef8a68000 	C:\Windows\system32\MPR.dll
0x00000000649d0000 - 0x0000000064eb4000 	C:\Windows\WinSxS\amd64_microsoft.vc90.mfc_1fc8b3b9a1e18e3b_9.0.30729.6161_none_044aad0bab1eb146\mfc90.dll
0x000007fef9db0000 - 0x000007fef9db7000 	C:\Windows\system32\MSIMG32.dll
0x000007fef9990000 - 0x000007fef9a01000 	C:\Windows\system32\WINSPOOL.DRV
0x00000000649a0000 - 0x00000000649c2000 	C:\Program Files\MATLAB\R2012b\bin\win64\mwoles05.DLL
0x0000000063e90000 - 0x0000000063f0d000 	C:\Program Files\MATLAB\R2012b\bin\win64\comcli.dll
0x0000000064970000 - 0x000000006499f000 	C:\Windows\WinSxS\amd64_microsoft.vc90.atl_1fc8b3b9a1e18e3b_9.0.30729.6161_none_0a1fd3a3a768b895\ATL90.DLL
0x0000000063e70000 - 0x0000000063e7c000 	C:\Program Files\MATLAB\R2012b\bin\win64\mlautoregister.dll
0x000007fefd7c0000 - 0x000007fefd817000 	C:\Windows\system32\apphelp.dll
0x000007fef7640000 - 0x000007fef7691000 	C:\Windows\AppPatch\AppPatch64\AcGenral.DLL
0x000007fefd790000 - 0x000007fefd7b5000 	C:\Windows\system32\SspiCli.dll
0x0000000074660000 - 0x0000000074663000 	C:\Windows\system32\sfc.dll
0x000007fef92c0000 - 0x000007fef92d0000 	C:\Windows\system32\sfc_os.DLL
0x000007fefcbe0000 - 0x000007fefcbfe000 	C:\Windows\system32\USERENV.dll
0x000007fefd8f0000 - 0x000007fefd8ff000 	C:\Windows\system32\profapi.dll
0x000007fefa980000 - 0x000007fefa998000 	C:\Windows\system32\dwmapi.dll
0x000007feff6b0000 - 0x000007feff6de000 	C:\Windows\system32\IMM32.DLL
0x000007fefe510000 - 0x000007fefe619000 	C:\Windows\system32\MSCTF.dll
0x000007fefae30000 - 0x000007fefae86000 	C:\Windows\system32\UxTheme.dll
0x0000000063e80000 - 0x0000000063e8d000 	C:\Windows\WinSxS\amd64_microsoft.vc90.mfcloc_1fc8b3b9a1e18e3b_9.0.30729.6161_none_01c9581e60cbee58\MFC90ENU.DLL
0x0000000005af0000 - 0x0000000005aff000 	C:\Program Files\MATLAB\R2012b\bin\win64\xmlxrcsc.dll
0x000007fefd820000 - 0x000007fefd82f000 	C:\Windows\system32\CRYPTBASE.dll
0x000007fefbe10000 - 0x000007fefc004000 	C:\Windows\WinSxS\amd64_microsoft.windows.common-controls_6595b64144ccf1df_6.0.7601.17514_none_fa396087175ac9ac\comctl32.dll

VM Arguments:
jvm_args: -Xss512k -XX:PermSize=32m -Xms64m -XX:NewRatio=3 -XX:MaxPermSize=128m -Xmx196m -XX:MaxDirectMemorySize=2147400000 -Dsun.java2d.noddraw=true -Dsun.awt.nopixfmt=true -Xshare:off -Xrs -Dsun.awt.disableMixing=true -Djava.library.path=C:\Program Files\MATLAB\R2012b\bin\win64;C:\Program Files\MATLAB\R2012b\sys\jxbrowser\win64\lib vfprintf abort 
java_command: <unknown>
Launcher Type: generic

Environment Variables:
PATH=C:\Program Files\Common Files\Microsoft Shared\Windows Live;C:\Program Files (x86)\Common Files\Microsoft Shared\Windows Live;C:\Program Files (x86)\Intel\iCLS Client\;C:\Program Files\Intel\iCLS Client\;C:\Windows\system32;C:\Windows;C:\Windows\System32\Wbem;C:\Windows\System32\WindowsPowerShell\v1.0\;C:\Program Files\Intel\Intel(R) Management Engine Components\DAL;C:\Program Files\Intel\Intel(R) Management Engine Components\IPT;C:\Program Files (x86)\Intel\Intel(R) Management Engine Components\DAL;C:\Program Files (x86)\Intel\Intel(R) Management Engine Components\IPT;C:\Program Files (x86)\Windows Live\Shared;C:\Program Files\TortoiseGit\bin;C:\Program Files (x86)\Microsoft SQL Server\100\Tools\Binn\;C:\Program Files\Microsoft SQL Server\100\Tools\Binn\;C:\Program Files\Microsoft SQL Server\100\DTS\Binn\;C:\Program Files\MATLAB\R2012b\runtime\win64;C:\Program Files\MATLAB\R2012b\bin
USERNAME=Wk
OS=Windows_NT
PROCESSOR_IDENTIFIER=Intel64 Family 6 Model 62 Stepping 4, GenuineIntel



---------------  S Y S T E M  ---------------

OS: Windows 7 Build 7601 Service Pack 1

CPU:total 48 (16 cores per cpu, 2 threads per core) family 6 model 62 stepping 4, cmov, cx8, fxsr, mmx, sse, sse2, sse3, ssse3, sse4.1, sse4.2, ht

Memory: 4k page, physical 67051748k(60743120k free), swap 681449884k(674454984k free)

vm_info: Java HotSpot(TM) 64-Bit Server VM (14.3-b01) for windows-amd64 JRE (1.6.0_17-b04), built on Oct 11 2009 00:46:08 by "java_re" with MS VC++ 8.0

time: Wed Jan 15 20:05:39 2014
elapsed time: 105 seconds

