#
# A fatal error has been detected by the Java Runtime Environment:
#
#  EXCEPTION_ACCESS_VIOLATION (0xc0000005) at pc=0x000000007ac02e92, pid=2272, tid=5964
#
# JRE version: 6.0_17-b04
# Java VM: Java HotSpot(TM) 64-Bit Server VM (14.3-b01 mixed mode windows-amd64 )
# Problematic frame:
# C  0x000000007ac02e92
#
# If you would like to submit a bug report, please visit:
#   http://java.sun.com/webapps/bugreport/crash.jsp
# The crash happened outside the Java Virtual Machine in native code.
# See problematic frame for where to report the bug.
#

---------------  T H R E A D  ---------------

Current thread (0x0000000005c9f800):  JavaThread "main" [_thread_in_native, id=5964, stack(0x0000000000060000,0x0000000004060000)]

siginfo: ExceptionCode=0xc0000005, reading address 0xffffffff8816f06c

Registers:
EAX=0xffffffff8816f060, EBX=0x000000002fdbc108, ECX=0x00000000040518a0, EDX=0x000000007b0d4ba0
ESP=0x0000000004051860, EBP=0x0000000004052368, ESI=0x0000000000000008, EDI=0x00000000294d59ae
EIP=0x000000007ac02e92, EFLAGS=0x0000000000010286

Top of Stack: (sp=0x0000000004051860)
0x0000000004051860:   00000000040518a0 000000007ac354f8
0x0000000004051870:   0000000000000000 0000000004052368
0x0000000004051880:   0000000000000001 ffffffff8816f060
0x0000000004051890:   0000000004051a90 00000000040523e0
0x00000000040518a0:   74726f5058545852 29286e696172643a
0x00000000040518b0:   736e727574657220 000000000a30203a
0x00000000040518c0:   00000000108a43d4 000000007d1d1b67
0x00000000040518d0:   00000000b254ba50 0000000000000000
0x00000000040518e0:   fffffffffffffffe 0000000075a37382
0x00000000040518f0:   0000000100000000 000000007044ab45
0x0000000004051900:   0000000004051b00 0000000004052450
0x0000000004051910:   0000000000000000 0000000000000000
0x0000000004051920:   0000000000000000 0000000000000000
0x0000000004051930:   0000000000000000 0000000000000000
0x0000000004051940:   0000000000000000 0000000000000000
0x0000000004051950:   0000000000000000 0000000000000000 

Instructions: (pc=0x000000007ac02e92)
0x000000007ac02e82:   00 00 00 48 83 7c 24 28 00 74 77 48 8b 44 24 28
0x000000007ac02e92:   83 78 0c 00 74 6c 4c 8b 4c 24 28 4c 8d 84 24 98 


Stack: [0x0000000000060000,0x0000000004060000],  sp=0x0000000004051860,  free space=65478k
Native frames: (J=compiled Java code, j=interpreted, Vv=VM code, C=native code)
C  0x000000007ac02e92
j  gnu.io.RXTXPort$SerialOutputStream.flush()V+92
j  com.mathworks.toolbox.instrument.SerialComm.writeBinaryToHardware(Ljava/lang/Object;II)I+77
j  com.mathworks.toolbox.instrument.InstrumentWriter.writeBinarySync(Ljava/lang/Object;II)[Ljava/lang/Object;+4
j  com.mathworks.toolbox.instrument.InstrumentWriter.writeBinary(Ljava/lang/Object;III)[Ljava/lang/Object;+48
j  com.mathworks.toolbox.instrument.InstrumentWriter.fwrite(Ljava/lang/Object;IIII)V+183
v  ~StubRoutines::call_stub

Java frames: (J=compiled Java code, j=interpreted, Vv=VM code)
j  gnu.io.RXTXPort.nativeDrain(Z)Z+0
j  gnu.io.RXTXPort$SerialOutputStream.flush()V+92
j  com.mathworks.toolbox.instrument.SerialComm.writeBinaryToHardware(Ljava/lang/Object;II)I+77
j  com.mathworks.toolbox.instrument.InstrumentWriter.writeBinarySync(Ljava/lang/Object;II)[Ljava/lang/Object;+4
j  com.mathworks.toolbox.instrument.InstrumentWriter.writeBinary(Ljava/lang/Object;III)[Ljava/lang/Object;+48
j  com.mathworks.toolbox.instrument.InstrumentWriter.fwrite(Ljava/lang/Object;IIII)V+183
v  ~StubRoutines::call_stub

---------------  P R O C E S S  ---------------

Java Threads: ( => current thread )
  0x00000000663cc000 JavaThread "Thread-115" [_thread_in_native, id=2356, stack(0x00000000880f0000,0x0000000088170000)]
  0x00000000663cc800 JavaThread "Timer-84" [_thread_in_Java, id=4248, stack(0x000000007ed60000,0x000000007ede0000)]
  0x00000000663ce000 JavaThread "FileDecorationCache request queue" [_thread_blocked, id=4840, stack(0x000000007eea0000,0x000000007ef20000)]
  0x00000000662e0800 JavaThread "Inactive RequestProcessor thread [Was:TimedSoftReference/org.openide.util.TimedSoftReference]" daemon [_thread_blocked, id=3512, stack(0x000000007b320000,0x000000007b3a0000)]
  0x00000000663cb000 JavaThread "Active Reference Queue Daemon" daemon [_thread_blocked, id=1100, stack(0x000000007eb40000,0x000000007ebc0000)]
  0x00000000662e4000 JavaThread "Timer-77" daemon [_thread_blocked, id=1756, stack(0x000000007b410000,0x000000007b490000)]
  0x00000000663ca800 JavaThread "Timer-InstrumentReadWritePoll" [_thread_blocked, id=808, stack(0x000000007ecb0000,0x000000007ed30000)]
  0x00000000662e2000 JavaThread "Swing-Shell" daemon [_thread_blocked, id=2176, stack(0x0000000025830000,0x00000000258b0000)]
  0x00000000662e5800 JavaThread "Timer-6" daemon [_thread_blocked, id=5920, stack(0x0000000069510000,0x0000000069590000)]
  0x00000000662e5000 JavaThread "Explorer NavigationContext request queue" [_thread_blocked, id=2864, stack(0x0000000069460000,0x00000000694e0000)]
  0x00000000662e3800 JavaThread "AddressBar directory emptiness poller" [_thread_blocked, id=3840, stack(0x0000000066fa0000,0x0000000067020000)]
  0x00000000662e2800 JavaThread "Explorer Refresh Service 375753662" [_thread_blocked, id=5520, stack(0x0000000066dc0000,0x0000000066e40000)]
  0x00000000662e1800 JavaThread "Timer-1" daemon [_thread_blocked, id=5200, stack(0x0000000066bc0000,0x0000000066c40000)]
  0x00000000662e0000 JavaThread "TimerQueue" daemon [_thread_blocked, id=4284, stack(0x000000004cbb0000,0x000000004cc30000)]
  0x00000000662df000 JavaThread "Thread-5" daemon [_thread_blocked, id=5612, stack(0x0000000019210000,0x0000000019290000)]
  0x00000000662de800 JavaThread "FelixPackageAdmin" daemon [_thread_blocked, id=3764, stack(0x0000000025430000,0x00000000254b0000)]
  0x0000000066171800 JavaThread "FelixStartLevel" daemon [_thread_blocked, id=4300, stack(0x0000000015060000,0x00000000150e0000)]
  0x00000000664ba000 JavaThread "FelixDispatchQueue" daemon [_thread_blocked, id=1444, stack(0x00000000408f0000,0x0000000040970000)]
  0x00000000662ea800 JavaThread "AWT-EventQueue-0" [_thread_blocked, id=5280, stack(0x00000000150f0000,0x0000000015170000)]
  0x00000000660d4000 JavaThread "com.google.common.base.internal.Finalizer" daemon [_thread_blocked, id=4796, stack(0x0000000010e60000,0x0000000010ee0000)]
  0x0000000066042000 JavaThread "AWT-Windows" daemon [_thread_in_native, id=5160, stack(0x000000000fcd0000,0x000000000fd50000)]
  0x0000000065f8c000 JavaThread "AWT-Shutdown" [_thread_blocked, id=6096, stack(0x000000000fc50000,0x000000000fcd0000)]
  0x0000000065f8b800 JavaThread "Java2D Disposer" daemon [_thread_blocked, id=4520, stack(0x000000000ddf0000,0x000000000de70000)]
  0x0000000065cac000 JavaThread "Timer-0" [_thread_blocked, id=5144, stack(0x000000000fb60000,0x000000000fbe0000)]
  0x0000000065aa6800 JavaThread "EventMgr Dispatcher" daemon [_thread_in_native, id=5424, stack(0x0000000009a40000,0x000000000da40000)]
  0x000000000f58d800 JavaThread "Low Memory Detector" daemon [_thread_blocked, id=3368, stack(0x000000000f6a0000,0x000000000f720000)]
  0x000000000f587000 JavaThread "CompilerThread1" daemon [_thread_blocked, id=2520, stack(0x0000000084090000,0x0000000088090000)]
  0x000000000f580800 JavaThread "CompilerThread0" daemon [_thread_blocked, id=1088, stack(0x0000000080000000,0x0000000084000000)]
  0x000000000f580000 JavaThread "Attach Listener" daemon [_thread_blocked, id=1636, stack(0x000000000e8a0000,0x000000000e920000)]
  0x000000000f521000 JavaThread "Finalizer" daemon [_thread_blocked, id=5896, stack(0x000000000f5c0000,0x000000000f640000)]
  0x000000000f518000 JavaThread "Reference Handler" daemon [_thread_blocked, id=2992, stack(0x000000000df00000,0x000000000df80000)]
=>0x0000000005c9f800 JavaThread "main" [_thread_in_native, id=5964, stack(0x0000000000060000,0x0000000004060000)]

Other Threads:
  0x0000000005d9f800 VMThread [stack: 0x00000000611f0000,0x00000000651f0000] [id=5092]
  0x000000000f5ba800 WatcherThread [stack: 0x00000000881a0000,0x000000008c1a0000] [id=5804]

VM state:not at safepoint (normal execution)

VM Mutex/Monitor currently owned by a thread: None

Heap
 PSYoungGen      total 31296K, used 22507K [0x000000003d7d0000, 0x0000000040220000, 0x00000000408d0000)
  eden space 26944K, 67% used [0x000000003d7d0000,0x000000003e99bdb8,0x000000003f220000)
  from space 4352K, 99% used [0x000000003f2e0000,0x000000003f71fcf0,0x000000003f720000)
  to   space 8192K, 0% used [0x000000003fa20000,0x000000003fa20000,0x0000000040220000)
 PSOldGen        total 72384K, used 48729K [0x00000000344d0000, 0x0000000038b80000, 0x000000003d7d0000)
  object space 72384K, 67% used [0x00000000344d0000,0x0000000037466688,0x0000000038b80000)
 PSPermGen       total 94016K, used 64506K [0x000000002c4d0000, 0x00000000320a0000, 0x00000000344d0000)
  object space 94016K, 68% used [0x000000002c4d0000,0x00000000303cea88,0x00000000320a0000)

Dynamic libraries:
0x000000013f6c0000 - 0x000000013f6ed000 	D:\Program Files\MATLAB\R2012b\bin\win64\MATLAB.exe
0x0000000077000000 - 0x00000000771a9000 	C:\Windows\SYSTEM32\ntdll.dll
0x0000000076ee0000 - 0x0000000076fff000 	C:\Windows\system32\kernel32.dll
0x000007fefce70000 - 0x000007fefcedb000 	C:\Windows\system32\KERNELBASE.dll
0x0000000074460000 - 0x000000007451f000 	D:\Program Files\MATLAB\R2012b\bin\win64\libut.dll
0x00000000758a0000 - 0x000000007595c000 	D:\Program Files\MATLAB\R2012b\bin\win64\libmwi18n.dll
0x0000000180000000 - 0x000000018000b000 	D:\Program Files\MATLAB\R2012b\bin\win64\libmwresource_core.dll
0x00000000042c0000 - 0x0000000004393000 	C:\Windows\WinSxS\amd64_microsoft.vc90.crt_1fc8b3b9a1e18e3b_9.0.30729.6161_none_08e61857a83bc251\MSVCP90.dll
0x00000000749b0000 - 0x0000000074a53000 	C:\Windows\WinSxS\amd64_microsoft.vc90.crt_1fc8b3b9a1e18e3b_9.0.30729.6161_none_08e61857a83bc251\MSVCR90.dll
0x000000007a170000 - 0x000000007a19c000 	D:\Program Files\MATLAB\R2012b\bin\win64\boost_filesystem-vc90-mt-1_44.dll
0x000000007a560000 - 0x000000007a569000 	D:\Program Files\MATLAB\R2012b\bin\win64\boost_system-vc90-mt-1_44.dll
0x000007fefe270000 - 0x000007fefe34b000 	C:\Windows\system32\ADVAPI32.dll
0x000007fefd380000 - 0x000007fefd41f000 	C:\Windows\system32\msvcrt.dll
0x000007fefe110000 - 0x000007fefe12f000 	C:\Windows\SYSTEM32\sechost.dll
0x000007fefd1e0000 - 0x000007fefd30d000 	C:\Windows\system32\RPCRT4.dll
0x000000007a010000 - 0x000000007a035000 	D:\Program Files\MATLAB\R2012b\bin\win64\LIBEXPAT.dll
0x0000000070560000 - 0x0000000070751000 	D:\Program Files\MATLAB\R2012b\bin\win64\icuin44.dll
0x00000000703e0000 - 0x0000000070551000 	D:\Program Files\MATLAB\R2012b\bin\win64\icuuc44.dll
0x0000000010000000 - 0x0000000010e41000 	D:\Program Files\MATLAB\R2012b\bin\win64\icudt44.dll
0x0000000073f70000 - 0x000000007411d000 	D:\Program Files\MATLAB\R2012b\bin\win64\libmwfl.dll
0x00000000043a0000 - 0x0000000004756000 	D:\Program Files\MATLAB\R2012b\bin\win64\libmwMATLAB_res.dll
0x000000007a3b0000 - 0x000000007a3c0000 	D:\Program Files\MATLAB\R2012b\bin\win64\boost_date_time-vc90-mt-1_44.dll
0x000000007a250000 - 0x000000007a263000 	D:\Program Files\MATLAB\R2012b\bin\win64\boost_signals-vc90-mt-1_44.dll
0x000000007a2d0000 - 0x000000007a2e2000 	D:\Program Files\MATLAB\R2012b\bin\win64\boost_thread-vc90-mt-1_44.dll
0x0000000004760000 - 0x000000000481d000 	D:\Program Files\MATLAB\R2012b\bin\win64\boost_log-vc90-mt-1_44.dll
0x00000000771d0000 - 0x00000000771d7000 	C:\Windows\system32\PSAPI.DLL
0x000007fefde10000 - 0x000007fefde5d000 	C:\Windows\system32\WS2_32.dll
0x000007feff0e0000 - 0x000007feff0e8000 	C:\Windows\system32\NSI.dll
0x0000000004820000 - 0x0000000004866000 	D:\Program Files\MATLAB\R2012b\bin\win64\tbb.dll
0x000007feff1d0000 - 0x000007feff1e9000 	C:\Windows\system32\imagehlp.dll
0x0000000071df0000 - 0x0000000071e03000 	D:\Program Files\MATLAB\R2012b\bin\win64\icuio44.dll
0x000007fef44f0000 - 0x000007fef4615000 	C:\Windows\system32\dbghelp.dll
0x0000000076de0000 - 0x0000000076eda000 	C:\Windows\system32\USER32.dll
0x000007fefd310000 - 0x000007fefd377000 	C:\Windows\system32\GDI32.dll
0x000007fefd9b0000 - 0x000007fefd9be000 	C:\Windows\system32\LPK.dll
0x000007fefe040000 - 0x000007fefe109000 	C:\Windows\system32\USP10.dll
0x0000000004870000 - 0x0000000004b4c000 	D:\Program Files\MATLAB\R2012b\bin\win64\libmwservices.dll
0x0000000075a20000 - 0x0000000075af3000 	D:\Program Files\MATLAB\R2012b\bin\win64\libmx.dll
0x0000000004b70000 - 0x0000000004b99000 	D:\Program Files\MATLAB\R2012b\bin\win64\tbbmalloc.dll
0x000000007a210000 - 0x000000007a228000 	D:\Program Files\MATLAB\R2012b\bin\win64\zlib1.dll
0x0000000004bc0000 - 0x0000000004c0d000 	D:\Program Files\MATLAB\R2012b\bin\win64\libmwregexp.dll
0x0000000004c20000 - 0x0000000004c43000 	D:\Program Files\MATLAB\R2012b\bin\win64\libmwmfl_scalar.dll
0x0000000075f10000 - 0x0000000075f60000 	D:\Program Files\MATLAB\R2012b\bin\win64\mpath.dll
0x000000007b680000 - 0x000000007bc9a000 	D:\Program Files\MATLAB\R2012b\bin\win64\mlutil.dll
0x00000000754d0000 - 0x0000000075551000 	D:\Program Files\MATLAB\R2012b\bin\win64\xmlcore.dll
0x0000000004c90000 - 0x0000000004ee3000 	D:\Program Files\MATLAB\R2012b\bin\win64\xerces-c_2_7.dll
0x0000000004f00000 - 0x0000000004f20000 	D:\Program Files\MATLAB\R2012b\bin\win64\libmwMATLAB_settings_res.dll
0x0000000004f30000 - 0x0000000004f40000 	D:\Program Files\MATLAB\R2012b\bin\win64\boost_iostreams-vc90-mt-1_44.dll
0x0000000004f50000 - 0x0000000004f97000 	D:\Program Files\MATLAB\R2012b\bin\win64\boost_serialization-vc90-mt-1_44.dll
0x000007fefe350000 - 0x000007feff0d8000 	C:\Windows\system32\SHELL32.dll
0x000007feff150000 - 0x000007feff1c1000 	C:\Windows\system32\SHLWAPI.dll
0x000007fef7170000 - 0x000007fef7210000 	C:\Windows\WinSxS\amd64_microsoft.windows.common-controls_6595b64144ccf1df_5.82.7601.18201_none_a4d3b9377117c3df\COMCTL32.dll
0x000007feff270000 - 0x000007feff307000 	C:\Windows\system32\COMDLG32.dll
0x000007fefa8f0000 - 0x000007fefa906000 	C:\Windows\system32\NETAPI32.dll
0x000007fefa8e0000 - 0x000007fefa8ec000 	C:\Windows\system32\netutils.dll
0x000007fefc920000 - 0x000007fefc943000 	C:\Windows\system32\srvcli.dll
0x000007fefa8c0000 - 0x000007fefa8d5000 	C:\Windows\system32\wkscli.dll
0x000007fefd9c0000 - 0x000007fefdbc3000 	C:\Windows\system32\ole32.dll
0x000007fefd4c0000 - 0x000007fefd597000 	C:\Windows\system32\OLEAUT32.dll
0x0000000004fb0000 - 0x0000000005071000 	D:\Program Files\MATLAB\R2012b\bin\win64\mcr.dll
0x0000000075000000 - 0x00000000753e9000 	D:\Program Files\MATLAB\R2012b\bin\win64\iqm.dll
0x0000000074e80000 - 0x0000000074f38000 	D:\Program Files\MATLAB\R2012b\bin\win64\m_dispatcher.dll
0x0000000074880000 - 0x000000007496d000 	D:\Program Files\MATLAB\R2012b\bin\win64\boost_regex-vc90-mt-1_44.dll
0x000007fee46b0000 - 0x000007fee4f21000 	D:\Program Files\MATLAB\R2012b\bin\win64\m_interpreter.dll
0x0000000071db0000 - 0x0000000071dd7000 	D:\Program Files\MATLAB\R2012b\bin\win64\libmex.dll
0x000000006c4d0000 - 0x000000006c554000 	D:\Program Files\MATLAB\R2012b\bin\win64\profiler.dll
0x00000000050f0000 - 0x000000000535a000 	D:\Program Files\MATLAB\R2012b\bin\win64\libmwmathutil.dll
0x0000000079f40000 - 0x0000000079f6e000 	D:\Program Files\MATLAB\R2012b\bin\win64\libmwmathrng.dll
0x0000000005380000 - 0x0000000005392000 	D:\Program Files\MATLAB\R2012b\bin\win64\libmwmfl_rng.dll
0x0000000074c10000 - 0x0000000074cee000 	D:\Program Files\MATLAB\R2012b\bin\win64\libmwmathcore.dll
0x0000000076160000 - 0x00000000761ca000 	D:\Program Files\MATLAB\R2012b\bin\win64\libmwspmatrix.dll
0x0000000075ea0000 - 0x0000000075f02000 	D:\Program Files\MATLAB\R2012b\bin\win64\libmwcholmod.dll
0x000000007a460000 - 0x000000007a46d000 	D:\Program Files\MATLAB\R2012b\bin\win64\libmwamd.dll
0x000000007a4b0000 - 0x000000007a4bc000 	D:\Program Files\MATLAB\R2012b\bin\win64\libmwcolamd.dll
0x000000007a290000 - 0x000000007a2a9000 	D:\Program Files\MATLAB\R2012b\bin\win64\libmwblas.dll
0x000000007a310000 - 0x000000007a321000 	D:\Program Files\MATLAB\R2012b\bin\win64\libmwbinder.dll
0x000000007a4d0000 - 0x000000007a4dc000 	D:\Program Files\MATLAB\R2012b\bin\win64\libmwompwrapper.dll
0x0000000005430000 - 0x00000000054b5000 	D:\Program Files\MATLAB\R2012b\bin\win64\libmwlapack.dll
0x0000000071d80000 - 0x0000000071da1000 	D:\Program Files\MATLAB\R2012b\bin\win64\m_pcodeio.dll
0x0000000079b10000 - 0x0000000079b77000 	D:\Program Files\MATLAB\R2012b\bin\win64\m_ir.dll
0x000000006ae30000 - 0x000000006b4a0000 	D:\Program Files\MATLAB\R2012b\bin\win64\m_parser.dll
0x0000000071d60000 - 0x0000000071d7a000 	D:\Program Files\MATLAB\R2012b\bin\win64\ir_xfmr.dll
0x000007feeda00000 - 0x000007feedc96000 	D:\Program Files\MATLAB\R2012b\bin\win64\mcos.dll
0x000000006ff50000 - 0x000000006ff61000 	D:\Program Files\MATLAB\R2012b\bin\win64\mtok.dll
0x000000006c490000 - 0x000000006c4c1000 	D:\Program Files\MATLAB\R2012b\bin\win64\m_pcodegen.dll
0x0000000079fb0000 - 0x0000000079fe6000 	D:\Program Files\MATLAB\R2012b\bin\win64\libmwbridge.dll
0x000000006c3c0000 - 0x000000006c488000 	D:\Program Files\MATLAB\R2012b\bin\win64\udd.dll
0x000000006c260000 - 0x000000006c3b2000 	D:\Program Files\MATLAB\R2012b\bin\win64\libmwgui.dll
0x0000000070990000 - 0x00000000709a7000 	D:\Program Files\MATLAB\R2012b\bin\win64\graphics_util.dll
0x00000000671a0000 - 0x0000000067bff000 	D:\Program Files\MATLAB\R2012b\bin\win64\hg.dll
0x0000000005590000 - 0x00000000055f8000 	D:\Program Files\MATLAB\R2012b\bin\win64\libmat.dll
0x0000000072d30000 - 0x0000000072f44000 	D:\Program Files\MATLAB\R2012b\bin\win64\hdf5dll.dll
0x0000000075710000 - 0x00000000757de000 	D:\Program Files\MATLAB\R2012b\bin\win64\jmi.dll
0x0000000005630000 - 0x000000000563d000 	D:\Program Files\MATLAB\R2012b\bin\win64\nativejava_services.dll
0x000000006c210000 - 0x000000006c256000 	D:\Program Files\MATLAB\R2012b\bin\win64\libmwhardcopy.dll
0x000000006c1a0000 - 0x000000006c203000 	D:\Program Files\MATLAB\R2012b\bin\win64\libuij.dll
0x000000006b8a0000 - 0x000000006bb04000 	D:\Program Files\MATLAB\R2012b\bin\win64\hgdatatypes.dll
0x000000006c080000 - 0x000000006c19f000 	D:\Program Files\MATLAB\R2012b\bin\win64\hgutils.dll
0x000000006bfc0000 - 0x000000006c080000 	D:\Program Files\MATLAB\R2012b\bin\win64\udd_mi.dll
0x00000000056a0000 - 0x00000000056db000 	D:\Program Files\MATLAB\R2012b\bin\win64\libmwgbtutils.dll
0x00000000056f0000 - 0x000000000570b000 	D:\Program Files\MATLAB\R2012b\bin\win64\libmwgbt.dll
0x0000000005720000 - 0x00000000059f1000 	D:\Program Files\MATLAB\R2012b\bin\win64\uiw.dll
0x0000000071d50000 - 0x0000000071d5f000 	D:\Program Files\MATLAB\R2012b\bin\win64\uinone.dll
0x0000000005a20000 - 0x0000000005a49000 	D:\Program Files\MATLAB\R2012b\bin\win64\libmwnativefiledialogs.dll
0x0000000005a60000 - 0x0000000005a68000 	D:\Program Files\MATLAB\R2012b\bin\win64\libmwplatform_res.dll
0x000007fef3620000 - 0x000007fef3638000 	C:\Windows\system32\MPR.dll
0x00000000697f0000 - 0x0000000069cd4000 	C:\Windows\WinSxS\amd64_microsoft.vc90.mfc_1fc8b3b9a1e18e3b_9.0.30729.6161_none_044aad0bab1eb146\mfc90.dll
0x000007fefa8a0000 - 0x000007fefa8a7000 	C:\Windows\system32\MSIMG32.dll
0x000007fef70f0000 - 0x000007fef7161000 	C:\Windows\system32\WINSPOOL.DRV
0x000000006bf90000 - 0x000000006bfb2000 	D:\Program Files\MATLAB\R2012b\bin\win64\mwoles05.DLL
0x000000006b820000 - 0x000000006b89d000 	D:\Program Files\MATLAB\R2012b\bin\win64\comcli.dll
0x0000000073c80000 - 0x0000000073caf000 	C:\Windows\WinSxS\amd64_microsoft.vc90.atl_1fc8b3b9a1e18e3b_9.0.30729.6161_none_0a1fd3a3a768b895\ATL90.DLL
0x0000000073df0000 - 0x0000000073dfc000 	D:\Program Files\MATLAB\R2012b\bin\win64\mlautoregister.dll
0x000007fefe240000 - 0x000007fefe26e000 	C:\Windows\system32\IMM32.DLL
0x000007fefe130000 - 0x000007fefe239000 	C:\Windows\system32\MSCTF.dll
0x000007fefa7c0000 - 0x000007fefa816000 	C:\Windows\system32\UxTheme.dll
0x000007fefa7a0000 - 0x000007fefa7b8000 	C:\Windows\system32\dwmapi.dll
0x0000000074380000 - 0x000000007438d000 	C:\Windows\WinSxS\amd64_microsoft.vc90.mfcloc_1fc8b3b9a1e18e3b_9.0.30729.6161_none_01c9581e60cbee58\MFC90ENU.DLL
0x0000000078870000 - 0x0000000078ecd000 	D:\Program Files\MATLAB\R2012b\sys\java\jre\win64\jre\bin\server\jvm.dll
0x000007fef8490000 - 0x000007fef84cb000 	C:\Windows\system32\WINMM.dll
0x000007fefcdb0000 - 0x000007fefcdbf000 	C:\Windows\system32\profapi.dll
0x000007fefb770000 - 0x000007fefb785000 	C:\Windows\system32\NLAapi.dll
0x000007fef4b80000 - 0x000007fef4b95000 	C:\Windows\system32\napinsp.dll
0x000007fef4b60000 - 0x000007fef4b79000 	C:\Windows\system32\pnrpnsp.dll
0x000007fef4b50000 - 0x000007fef4b60000 	C:\Windows\system32\wshbth.dll
0x000007fefc620000 - 0x000007fefc675000 	C:\Windows\System32\mswsock.dll
0x000007fefc4a0000 - 0x000007fefc4fb000 	C:\Windows\system32\DNSAPI.dll
0x000007fef4b40000 - 0x000007fef4b4b000 	C:\Windows\System32\winrnr.dll

VM Arguments:
jvm_args: -Xss512k -XX:PermSize=32m -Xms64m -XX:NewRatio=3 -XX:MaxPermSize=128m -Xmx196m -XX:MaxDirectMemorySize=2147400000 -Dsun.java2d.noddraw=true -Dsun.awt.nopixfmt=true -Xshare:off -Xrs -Dsun.awt.disableMixing=true -Djava.library.path=D:\Program Files\MATLAB\R2012b\bin\win64;D:\Program Files\MATLAB\R2012b\sys\jxbrowser\win64\lib vfprintf abort 
java_command: <unknown>
Launcher Type: generic

Environment Variables:
CLASSPATH=C:\Program Files\Mosek\7\tools\platform\win64x86\bin\mosek.jar;C:\Program Files\Mosek\7\tools\platform\win64x86\bin\fusion.jar
PATH=C:\CTEX\UserData\miktex\bin;C:\CTEX\MiKTeX\miktex\bin;C:\CTEX\CTeX\ctex\bin;C:\CTEX\CTeX\cct\bin;C:\CTEX\CTeX\ty\bin;C:\CTEX\Ghostscript\gs9.05\bin;C:\CTEX\GSview\gsview;C:\CTEX\WinEdt;C:\Program Files (x86)\Microsoft SQL Server\100\Tools\Binn\;C:\Program Files\Microsoft SQL Server\100\Tools\Binn\;C:\Program Files\Microsoft SQL Server\100\DTS\Binn\;C:\Program Files\IBM\ILOG\CPLEX_Studio1251\opl\bin\x64_win64;C:\Program Files\IBM\ILOG\CPLEX_Studio1251\opl\oplide\;C:\Program Files\IBM\ILOG\CPLEX_Studio1251\cplex\bin\x64_win64;C:\Program Files\IBM\ILOG\CPLEX_Studio1251\cpoptimizer\bin\x64_win64;C:\Program Files\Mosek\7\tools\platform\win64x86\bin;D:\Program Files\TortoiseGit\bin;d:\Program Files\MATLAB\R2012b\runtime\win64;d:\Program Files\MATLAB\R2012b\bin
USERNAME=Vicon
OS=Windows_NT
PROCESSOR_IDENTIFIER=Intel64 Family 6 Model 58 Stepping 9, GenuineIntel



---------------  S Y S T E M  ---------------

OS: Windows 7 Build 7601 Service Pack 1

CPU:total 8 (8 cores per cpu, 2 threads per core) family 6 model 58 stepping 9, cmov, cx8, fxsr, mmx, sse, sse2, sse3, ssse3, sse4.1, sse4.2, ht

Memory: 4k page, physical 16731116k(12707364k free), swap 545460368k(540704752k free)

vm_info: Java HotSpot(TM) 64-Bit Server VM (14.3-b01) for windows-amd64 JRE (1.6.0_17-b04), built on Oct 11 2009 00:46:08 by "java_re" with MS VC++ 8.0

time: Sun Jan 19 17:18:40 2014
elapsed time: 140 seconds

