#
# A fatal error has been detected by the Java Runtime Environment:
#
#  EXCEPTION_ACCESS_VIOLATION (0xc0000005) at pc=0x00000000b2c92e92, pid=1152, tid=5448
#
# JRE version: 6.0_17-b04
# Java VM: Java HotSpot(TM) 64-Bit Server VM (14.3-b01 mixed mode windows-amd64 )
# Problematic frame:
# C  0x00000000b2c92e92
#
# If you would like to submit a bug report, please visit:
#   http://java.sun.com/webapps/bugreport/crash.jsp
# The crash happened outside the Java Virtual Machine in native code.
# See problematic frame for where to report the bug.
#

---------------  T H R E A D  ---------------

Current thread (0x0000000005d6f800):  JavaThread "main" [_thread_in_native, id=5448, stack(0x0000000000070000,0x0000000004070000)]

siginfo: ExceptionCode=0xc0000005, reading address 0xffffffff9372ed5c

Registers:
EAX=0xffffffff9372ed50, EBX=0x000000002fc6d928, ECX=0x00000000040618c0, EDX=0x00000000b2d24ba0
ESP=0x0000000004061880, EBP=0x0000000004062388, ESI=0x0000000000000008, EDI=0x00000000292559ae
EIP=0x00000000b2c92e92, EFLAGS=0x0000000000010286

Top of Stack: (sp=0x0000000004061880)
0x0000000004061880:   00000000040618c0 00000000b2cc54f8
0x0000000004061890:   0000000000000000 0000000004062388
0x00000000040618a0:   0000000000000001 ffffffff9372ed50
0x00000000040618b0:   000000007714af30 00000000262b9020
0x00000000040618c0:   74726f5058545852 29286e696172643a
0x00000000040618d0:   736e727574657220 000000000a30203a
0x00000000040618e0:   00000000040619b8 000000000000000a
0x00000000040618f0:   0000000077205430 0000000005c50080
0x0000000004061900:   0000000004061a72 0000000000000000
0x0000000004061910:   0000000100000000 0000000000000000
0x0000000004061920:   0000000000000000 0000000000000000
0x0000000004061930:   0000000075fae0c0 0000000077148445
0x0000000004061940:   0000000077205430 0000000000000000
0x0000000004061950:   0000000000000001 0000000000000000
0x0000000004061960:   000000002c38f201 0000000004061a70
0x0000000004061970:   00000000b2cc3b70 0000000000000000 

Instructions: (pc=0x00000000b2c92e92)
0x00000000b2c92e82:   00 00 00 48 83 7c 24 28 00 74 77 48 8b 44 24 28
0x00000000b2c92e92:   83 78 0c 00 74 6c 4c 8b 4c 24 28 4c 8d 84 24 98 


Stack: [0x0000000000070000,0x0000000004070000],  sp=0x0000000004061880,  free space=65478k
Native frames: (J=compiled Java code, j=interpreted, Vv=VM code, C=native code)
C  0x00000000b2c92e92
j  gnu.io.RXTXPort$SerialOutputStream.flush()V+92
j  com.mathworks.toolbox.instrument.SerialComm.writeBinaryToHardware(Ljava/lang/Object;II)I+77
j  com.mathworks.toolbox.instrument.InstrumentWriter.writeBinarySync(Ljava/lang/Object;II)[Ljava/lang/Object;+4
j  com.mathworks.toolbox.instrument.InstrumentWriter.writeBinary(Ljava/lang/Object;III)[Ljava/lang/Object;+48
j  com.mathworks.toolbox.instrument.InstrumentWriter.fwrite(Ljava/lang/Object;IIII)V+183
v  ~StubRoutines::call_stub

Java frames: (J=compiled Java code, j=interpreted, Vv=VM code)
j  gnu.io.RXTXPort.nativeDrain(Z)Z+0
j  gnu.io.RXTXPort$SerialOutputStream.flush()V+92
j  com.mathworks.toolbox.instrument.SerialComm.writeBinaryToHardware(Ljava/lang/Object;II)I+77
j  com.mathworks.toolbox.instrument.InstrumentWriter.writeBinarySync(Ljava/lang/Object;II)[Ljava/lang/Object;+4
j  com.mathworks.toolbox.instrument.InstrumentWriter.writeBinary(Ljava/lang/Object;III)[Ljava/lang/Object;+48
j  com.mathworks.toolbox.instrument.InstrumentWriter.fwrite(Ljava/lang/Object;IIII)V+183
v  ~StubRoutines::call_stub

---------------  P R O C E S S  ---------------

Java Threads: ( => current thread )
  0x00000000090f3000 JavaThread "Timer-178" [_thread_blocked, id=3428, stack(0x00000000935d0000,0x0000000093650000)]
  0x00000000090f6000 JavaThread "Thread-211" [_thread_in_native, id=5684, stack(0x00000000936b0000,0x0000000093730000)]
  0x00000000090f0800 JavaThread "Timer-InstrumentReadWritePoll" [_thread_blocked, id=1236, stack(0x0000000093860000,0x00000000938e0000)]
  0x00000000090f0000 JavaThread "Active Reference Queue Daemon" daemon [_thread_blocked, id=1224, stack(0x00000000bfa00000,0x00000000bfa80000)]
  0x00000000090f6800 JavaThread "Timer-123" daemon [_thread_blocked, id=5792, stack(0x00000000bd920000,0x00000000bd9a0000)]
  0x00000000090f5000 JavaThread "Swing-Shell" daemon [_thread_blocked, id=3032, stack(0x0000000025760000,0x00000000257e0000)]
  0x00000000090f4800 JavaThread "Timer-8" daemon [_thread_blocked, id=4220, stack(0x0000000064900000,0x0000000064980000)]
  0x00000000090f1800 JavaThread "Explorer NavigationContext request queue" [_thread_blocked, id=3716, stack(0x0000000064570000,0x00000000645f0000)]
  0x00000000090ef800 JavaThread "AddressBar directory emptiness poller" [_thread_blocked, id=4628, stack(0x0000000064740000,0x00000000647c0000)]
  0x00000000090ee800 JavaThread "Explorer Refresh Service 436710508" [_thread_blocked, id=5668, stack(0x0000000064600000,0x0000000064680000)]
  0x00000000090ed000 JavaThread "Timer-1" daemon [_thread_blocked, id=5060, stack(0x0000000064210000,0x0000000064290000)]
  0x00000000090ec800 JavaThread "TimerQueue" daemon [_thread_blocked, id=1148, stack(0x00000000615e0000,0x0000000061660000)]
  0x00000000090eb800 JavaThread "Thread-5" daemon [_thread_blocked, id=2480, stack(0x00000000488a0000,0x0000000048920000)]
  0x00000000090eb000 JavaThread "AWT-EventQueue-0" [_thread_blocked, id=4636, stack(0x000000000fe90000,0x000000000ff10000)]
  0x00000000090ea000 JavaThread "AWT-Shutdown" [_thread_blocked, id=5832, stack(0x0000000021090000,0x0000000021110000)]
  0x00000000090e9800 JavaThread "FelixPackageAdmin" daemon [_thread_blocked, id=5216, stack(0x000000004ca90000,0x000000004cb10000)]
  0x0000000060f8a800 JavaThread "FelixStartLevel" daemon [_thread_blocked, id=1744, stack(0x0000000048810000,0x0000000048890000)]
  0x0000000060f89800 JavaThread "FelixDispatchQueue" daemon [_thread_blocked, id=1320, stack(0x000000000fdd0000,0x000000000fe50000)]
  0x0000000008d62800 JavaThread "com.google.common.base.internal.Finalizer" daemon [_thread_blocked, id=6056, stack(0x00000000211d0000,0x0000000021250000)]
  0x0000000008cce800 JavaThread "AWT-Windows" daemon [_thread_in_native, id=4772, stack(0x000000000ff20000,0x000000000ffa0000)]
  0x0000000008cc8000 JavaThread "Java2D Disposer" daemon [_thread_blocked, id=5440, stack(0x000000000fc40000,0x000000000fcc0000)]
  0x000000000f7bf800 JavaThread "Timer-0" [_thread_blocked, id=5660, stack(0x000000000f590000,0x000000000f610000)]
  0x000000000f7f8000 JavaThread "EventMgr Dispatcher" daemon [_thread_in_native, id=1704, stack(0x0000000009b40000,0x000000000db40000)]
  0x000000000f51e800 JavaThread "Low Memory Detector" daemon [_thread_blocked, id=6052, stack(0x000000000f620000,0x000000000f6a0000)]
  0x000000000f518000 JavaThread "CompilerThread1" daemon [_thread_blocked, id=2336, stack(0x0000000080000000,0x0000000084000000)]
  0x000000000f511800 JavaThread "CompilerThread0" daemon [_thread_blocked, id=5788, stack(0x000000006c230000,0x0000000070230000)]
  0x000000000f511000 JavaThread "Attach Listener" daemon [_thread_blocked, id=2828, stack(0x000000000e010000,0x000000000e090000)]
  0x000000000f4b6000 JavaThread "Finalizer" daemon [_thread_blocked, id=4888, stack(0x000000000f6b0000,0x000000000f730000)]
  0x000000000f4a8000 JavaThread "Reference Handler" daemon [_thread_blocked, id=4612, stack(0x000000000e0b0000,0x000000000e130000)]
=>0x0000000005d6f800 JavaThread "main" [_thread_in_native, id=5448, stack(0x0000000000070000,0x0000000004070000)]

Other Threads:
  0x0000000005d4f800 VMThread [stack: 0x0000000068040000,0x000000006c040000] [id=5340]
  0x000000000f543800 WatcherThread [stack: 0x0000000084150000,0x0000000088150000] [id=1456]

VM state:not at safepoint (normal execution)

VM Mutex/Monitor currently owned by a thread: None

Heap
 PSYoungGen      total 19520K, used 12296K [0x000000003d550000, 0x000000003f270000, 0x0000000040650000)
  eden space 12928K, 50% used [0x000000003d550000,0x000000003dbb0788,0x000000003e1f0000)
  from space 6592K, 87% used [0x000000003e1f0000,0x000000003e791c38,0x000000003e860000)
  to   space 7424K, 0% used [0x000000003eb30000,0x000000003eb30000,0x000000003f270000)
 PSOldGen        total 78208K, used 55720K [0x0000000034250000, 0x0000000038eb0000, 0x000000003d550000)
  object space 78208K, 71% used [0x0000000034250000,0x00000000378ba240,0x0000000038eb0000)
 PSPermGen       total 112384K, used 70320K [0x000000002c250000, 0x0000000033010000, 0x0000000034250000)
  object space 112384K, 62% used [0x000000002c250000,0x00000000306fc058,0x0000000033010000)

Dynamic libraries:
0x000000013f980000 - 0x000000013f9ad000 	D:\Program Files\MATLAB\R2012b\bin\win64\MATLAB.exe
0x00000000770f0000 - 0x0000000077299000 	C:\Windows\SYSTEM32\ntdll.dll
0x0000000076ed0000 - 0x0000000076fef000 	C:\Windows\system32\kernel32.dll
0x000007fefd000000 - 0x000007fefd06b000 	C:\Windows\system32\KERNELBASE.dll
0x0000000074460000 - 0x000000007451f000 	D:\Program Files\MATLAB\R2012b\bin\win64\libut.dll
0x00000000758a0000 - 0x000000007595c000 	D:\Program Files\MATLAB\R2012b\bin\win64\libmwi18n.dll
0x0000000180000000 - 0x000000018000b000 	D:\Program Files\MATLAB\R2012b\bin\win64\libmwresource_core.dll
0x00000000740c0000 - 0x0000000074193000 	C:\Windows\WinSxS\amd64_microsoft.vc90.crt_1fc8b3b9a1e18e3b_9.0.30729.6161_none_08e61857a83bc251\MSVCP90.dll
0x0000000074690000 - 0x0000000074733000 	C:\Windows\WinSxS\amd64_microsoft.vc90.crt_1fc8b3b9a1e18e3b_9.0.30729.6161_none_08e61857a83bc251\MSVCR90.dll
0x000000007a170000 - 0x000000007a19c000 	D:\Program Files\MATLAB\R2012b\bin\win64\boost_filesystem-vc90-mt-1_44.dll
0x000000007a560000 - 0x000000007a569000 	D:\Program Files\MATLAB\R2012b\bin\win64\boost_system-vc90-mt-1_44.dll
0x000007feff2c0000 - 0x000007feff39b000 	C:\Windows\system32\ADVAPI32.dll
0x000007feff060000 - 0x000007feff0ff000 	C:\Windows\system32\msvcrt.dll
0x000007feff110000 - 0x000007feff12f000 	C:\Windows\SYSTEM32\sechost.dll
0x000007feff190000 - 0x000007feff2bd000 	C:\Windows\system32\RPCRT4.dll
0x000000007a010000 - 0x000000007a035000 	D:\Program Files\MATLAB\R2012b\bin\win64\LIBEXPAT.dll
0x0000000066db0000 - 0x0000000066fa1000 	D:\Program Files\MATLAB\R2012b\bin\win64\icuin44.dll
0x0000000066c30000 - 0x0000000066da1000 	D:\Program Files\MATLAB\R2012b\bin\win64\icuuc44.dll
0x0000000010000000 - 0x0000000010e41000 	D:\Program Files\MATLAB\R2012b\bin\win64\icudt44.dll
0x0000000004360000 - 0x000000000450d000 	D:\Program Files\MATLAB\R2012b\bin\win64\libmwfl.dll
0x0000000004510000 - 0x00000000048c6000 	D:\Program Files\MATLAB\R2012b\bin\win64\libmwMATLAB_res.dll
0x000000007a3b0000 - 0x000000007a3c0000 	D:\Program Files\MATLAB\R2012b\bin\win64\boost_date_time-vc90-mt-1_44.dll
0x000000007a250000 - 0x000000007a263000 	D:\Program Files\MATLAB\R2012b\bin\win64\boost_signals-vc90-mt-1_44.dll
0x000000007a2d0000 - 0x000000007a2e2000 	D:\Program Files\MATLAB\R2012b\bin\win64\boost_thread-vc90-mt-1_44.dll
0x0000000004190000 - 0x000000000424d000 	D:\Program Files\MATLAB\R2012b\bin\win64\boost_log-vc90-mt-1_44.dll
0x00000000772c0000 - 0x00000000772c7000 	C:\Windows\system32\PSAPI.DLL
0x000007feff3b0000 - 0x000007feff3fd000 	C:\Windows\system32\WS2_32.dll
0x000007feff100000 - 0x000007feff108000 	C:\Windows\system32\NSI.dll
0x00000000048d0000 - 0x0000000004916000 	D:\Program Files\MATLAB\R2012b\bin\win64\tbb.dll
0x000007fefe670000 - 0x000007fefe689000 	C:\Windows\system32\imagehlp.dll
0x0000000067ec0000 - 0x0000000067ed3000 	D:\Program Files\MATLAB\R2012b\bin\win64\icuio44.dll
0x000007fef4440000 - 0x000007fef4565000 	C:\Windows\system32\dbghelp.dll
0x0000000076ff0000 - 0x00000000770ea000 	C:\Windows\system32\USER32.dll
0x000007fefeff0000 - 0x000007feff057000 	C:\Windows\system32\GDI32.dll
0x000007feff3a0000 - 0x000007feff3ae000 	C:\Windows\system32\LPK.dll
0x000007fefe910000 - 0x000007fefe9d9000 	C:\Windows\system32\USP10.dll
0x0000000004940000 - 0x0000000004c1c000 	D:\Program Files\MATLAB\R2012b\bin\win64\libmwservices.dll
0x0000000075a20000 - 0x0000000075af3000 	D:\Program Files\MATLAB\R2012b\bin\win64\libmx.dll
0x0000000004c40000 - 0x0000000004c69000 	D:\Program Files\MATLAB\R2012b\bin\win64\tbbmalloc.dll
0x000000007a210000 - 0x000000007a228000 	D:\Program Files\MATLAB\R2012b\bin\win64\zlib1.dll
0x0000000004c90000 - 0x0000000004cdd000 	D:\Program Files\MATLAB\R2012b\bin\win64\libmwregexp.dll
0x0000000004cf0000 - 0x0000000004d13000 	D:\Program Files\MATLAB\R2012b\bin\win64\libmwmfl_scalar.dll
0x0000000075f10000 - 0x0000000075f60000 	D:\Program Files\MATLAB\R2012b\bin\win64\mpath.dll
0x000000007b680000 - 0x000000007bc9a000 	D:\Program Files\MATLAB\R2012b\bin\win64\mlutil.dll
0x00000000754d0000 - 0x0000000075551000 	D:\Program Files\MATLAB\R2012b\bin\win64\xmlcore.dll
0x0000000004d60000 - 0x0000000004fb3000 	D:\Program Files\MATLAB\R2012b\bin\win64\xerces-c_2_7.dll
0x0000000004fd0000 - 0x0000000004ff0000 	D:\Program Files\MATLAB\R2012b\bin\win64\libmwMATLAB_settings_res.dll
0x0000000005000000 - 0x0000000005010000 	D:\Program Files\MATLAB\R2012b\bin\win64\boost_iostreams-vc90-mt-1_44.dll
0x0000000005020000 - 0x0000000005067000 	D:\Program Files\MATLAB\R2012b\bin\win64\boost_serialization-vc90-mt-1_44.dll
0x000007fefd8b0000 - 0x000007fefe638000 	C:\Windows\system32\SHELL32.dll
0x000007fefe730000 - 0x000007fefe7a1000 	C:\Windows\system32\SHLWAPI.dll
0x000007fef8810000 - 0x000007fef88b0000 	C:\Windows\WinSxS\amd64_microsoft.windows.common-controls_6595b64144ccf1df_5.82.7601.18201_none_a4d3b9377117c3df\COMCTL32.dll
0x000007fefe690000 - 0x000007fefe727000 	C:\Windows\system32\COMDLG32.dll
0x000007fef9d70000 - 0x000007fef9d86000 	C:\Windows\system32\NETAPI32.dll
0x000007fef9d60000 - 0x000007fef9d6c000 	C:\Windows\system32\netutils.dll
0x000007fefc9f0000 - 0x000007fefca13000 	C:\Windows\system32\srvcli.dll
0x000007fef9d40000 - 0x000007fef9d55000 	C:\Windows\system32\wkscli.dll
0x000007fefd350000 - 0x000007fefd553000 	C:\Windows\system32\ole32.dll
0x000007fefec60000 - 0x000007fefed37000 	C:\Windows\system32\OLEAUT32.dll
0x0000000074970000 - 0x0000000074a31000 	D:\Program Files\MATLAB\R2012b\bin\win64\mcr.dll
0x0000000075000000 - 0x00000000753e9000 	D:\Program Files\MATLAB\R2012b\bin\win64\iqm.dll
0x0000000074e80000 - 0x0000000074f38000 	D:\Program Files\MATLAB\R2012b\bin\win64\m_dispatcher.dll
0x0000000074880000 - 0x000000007496d000 	D:\Program Files\MATLAB\R2012b\bin\win64\boost_regex-vc90-mt-1_44.dll
0x000007fee9a50000 - 0x000007feea2c1000 	D:\Program Files\MATLAB\R2012b\bin\win64\m_interpreter.dll
0x0000000066c00000 - 0x0000000066c27000 	D:\Program Files\MATLAB\R2012b\bin\win64\libmex.dll
0x0000000066b70000 - 0x0000000066bf4000 	D:\Program Files\MATLAB\R2012b\bin\win64\profiler.dll
0x00000000050f0000 - 0x000000000535a000 	D:\Program Files\MATLAB\R2012b\bin\win64\libmwmathutil.dll
0x0000000079f40000 - 0x0000000079f6e000 	D:\Program Files\MATLAB\R2012b\bin\win64\libmwmathrng.dll
0x0000000005380000 - 0x0000000005392000 	D:\Program Files\MATLAB\R2012b\bin\win64\libmwmfl_rng.dll
0x0000000074c10000 - 0x0000000074cee000 	D:\Program Files\MATLAB\R2012b\bin\win64\libmwmathcore.dll
0x0000000076160000 - 0x00000000761ca000 	D:\Program Files\MATLAB\R2012b\bin\win64\libmwspmatrix.dll
0x0000000075ea0000 - 0x0000000075f02000 	D:\Program Files\MATLAB\R2012b\bin\win64\libmwcholmod.dll
0x000000007a460000 - 0x000000007a46d000 	D:\Program Files\MATLAB\R2012b\bin\win64\libmwamd.dll
0x000000007a4b0000 - 0x000000007a4bc000 	D:\Program Files\MATLAB\R2012b\bin\win64\libmwcolamd.dll
0x000000007a290000 - 0x000000007a2a9000 	D:\Program Files\MATLAB\R2012b\bin\win64\libmwblas.dll
0x000000007a310000 - 0x000000007a321000 	D:\Program Files\MATLAB\R2012b\bin\win64\libmwbinder.dll
0x000000007a4d0000 - 0x000000007a4dc000 	D:\Program Files\MATLAB\R2012b\bin\win64\libmwompwrapper.dll
0x0000000005430000 - 0x00000000054b5000 	D:\Program Files\MATLAB\R2012b\bin\win64\libmwlapack.dll
0x0000000066b40000 - 0x0000000066b61000 	D:\Program Files\MATLAB\R2012b\bin\win64\m_pcodeio.dll
0x0000000079b10000 - 0x0000000079b77000 	D:\Program Files\MATLAB\R2012b\bin\win64\m_ir.dll
0x00000000664d0000 - 0x0000000066b40000 	D:\Program Files\MATLAB\R2012b\bin\win64\m_parser.dll
0x00000000664b0000 - 0x00000000664ca000 	D:\Program Files\MATLAB\R2012b\bin\win64\ir_xfmr.dll
0x000007fee97b0000 - 0x000007fee9a46000 	D:\Program Files\MATLAB\R2012b\bin\win64\mcos.dll
0x0000000066490000 - 0x00000000664a1000 	D:\Program Files\MATLAB\R2012b\bin\win64\mtok.dll
0x0000000066450000 - 0x0000000066481000 	D:\Program Files\MATLAB\R2012b\bin\win64\m_pcodegen.dll
0x0000000079fb0000 - 0x0000000079fe6000 	D:\Program Files\MATLAB\R2012b\bin\win64\libmwbridge.dll
0x0000000066380000 - 0x0000000066448000 	D:\Program Files\MATLAB\R2012b\bin\win64\udd.dll
0x0000000066220000 - 0x0000000066372000 	D:\Program Files\MATLAB\R2012b\bin\win64\libmwgui.dll
0x0000000066200000 - 0x0000000066217000 	D:\Program Files\MATLAB\R2012b\bin\win64\graphics_util.dll
0x00000000657a0000 - 0x00000000661ff000 	D:\Program Files\MATLAB\R2012b\bin\win64\hg.dll
0x0000000005590000 - 0x00000000055f8000 	D:\Program Files\MATLAB\R2012b\bin\win64\libmat.dll
0x0000000072d30000 - 0x0000000072f44000 	D:\Program Files\MATLAB\R2012b\bin\win64\hdf5dll.dll
0x0000000075710000 - 0x00000000757de000 	D:\Program Files\MATLAB\R2012b\bin\win64\jmi.dll
0x0000000005630000 - 0x000000000563d000 	D:\Program Files\MATLAB\R2012b\bin\win64\nativejava_services.dll
0x0000000065750000 - 0x0000000065796000 	D:\Program Files\MATLAB\R2012b\bin\win64\libmwhardcopy.dll
0x00000000656e0000 - 0x0000000065743000 	D:\Program Files\MATLAB\R2012b\bin\win64\libuij.dll
0x0000000065470000 - 0x00000000656d4000 	D:\Program Files\MATLAB\R2012b\bin\win64\hgdatatypes.dll
0x0000000065350000 - 0x000000006546f000 	D:\Program Files\MATLAB\R2012b\bin\win64\hgutils.dll
0x0000000065290000 - 0x0000000065350000 	D:\Program Files\MATLAB\R2012b\bin\win64\udd_mi.dll
0x00000000056a0000 - 0x00000000056db000 	D:\Program Files\MATLAB\R2012b\bin\win64\libmwgbtutils.dll
0x00000000056f0000 - 0x000000000570b000 	D:\Program Files\MATLAB\R2012b\bin\win64\libmwgbt.dll
0x0000000005720000 - 0x00000000059f1000 	D:\Program Files\MATLAB\R2012b\bin\win64\uiw.dll
0x0000000065280000 - 0x000000006528f000 	D:\Program Files\MATLAB\R2012b\bin\win64\uinone.dll
0x0000000005a20000 - 0x0000000005a49000 	D:\Program Files\MATLAB\R2012b\bin\win64\libmwnativefiledialogs.dll
0x0000000005a60000 - 0x0000000005a68000 	D:\Program Files\MATLAB\R2012b\bin\win64\libmwplatform_res.dll
0x000007fef3710000 - 0x000007fef3728000 	C:\Windows\system32\MPR.dll
0x0000000064d90000 - 0x0000000065274000 	C:\Windows\WinSxS\amd64_microsoft.vc90.mfc_1fc8b3b9a1e18e3b_9.0.30729.6161_none_044aad0bab1eb146\mfc90.dll
0x000007fef9a70000 - 0x000007fef9a77000 	C:\Windows\system32\MSIMG32.dll
0x000007fef8790000 - 0x000007fef8801000 	C:\Windows\system32\WINSPOOL.DRV
0x0000000064d60000 - 0x0000000064d82000 	D:\Program Files\MATLAB\R2012b\bin\win64\mwoles05.DLL
0x0000000064ce0000 - 0x0000000064d5d000 	D:\Program Files\MATLAB\R2012b\bin\win64\comcli.dll
0x0000000071dd0000 - 0x0000000071dff000 	C:\Windows\WinSxS\amd64_microsoft.vc90.atl_1fc8b3b9a1e18e3b_9.0.30729.6161_none_0a1fd3a3a768b895\ATL90.DLL
0x0000000064cd0000 - 0x0000000064cdc000 	D:\Program Files\MATLAB\R2012b\bin\win64\mlautoregister.dll
0x000007fefe640000 - 0x000007fefe66e000 	C:\Windows\system32\IMM32.DLL
0x000007fefd7a0000 - 0x000007fefd8a9000 	C:\Windows\system32\MSCTF.dll
0x000007fefb740000 - 0x000007fefb796000 	C:\Windows\system32\UxTheme.dll
0x000007fefb980000 - 0x000007fefb998000 	C:\Windows\system32\dwmapi.dll
0x0000000073f20000 - 0x0000000073f2d000 	C:\Windows\WinSxS\amd64_microsoft.vc90.mfcloc_1fc8b3b9a1e18e3b_9.0.30729.6161_none_01c9581e60cbee58\MFC90ENU.DLL
0x0000000078870000 - 0x0000000078ecd000 	D:\Program Files\MATLAB\R2012b\sys\java\jre\win64\jre\bin\server\jvm.dll
0x000007fefadc0000 - 0x000007fefadfb000 	C:\Windows\system32\WINMM.dll
0x000007fefcea0000 - 0x000007fefceaf000 	C:\Windows\system32\profapi.dll
0x000007fefb6d0000 - 0x000007fefb6e5000 	C:\Windows\system32\NLAapi.dll
0x000007fef4ac0000 - 0x000007fef4ad5000 	C:\Windows\system32\napinsp.dll
0x000007fef4aa0000 - 0x000007fef4ab9000 	C:\Windows\system32\pnrpnsp.dll
0x000007fef4a90000 - 0x000007fef4aa0000 	C:\Windows\system32\wshbth.dll
0x000007fefc710000 - 0x000007fefc765000 	C:\Windows\System32\mswsock.dll
0x000007fefc590000 - 0x000007fefc5eb000 	C:\Windows\system32\DNSAPI.dll
0x000007fef4a80000 - 0x000007fef4a8b000 	C:\Windows\System32\winrnr.dll

VM Arguments:
jvm_args: -Xss512k -XX:PermSize=32m -Xms64m -XX:NewRatio=3 -XX:MaxPermSize=128m -Xmx196m -XX:MaxDirectMemorySize=2147400000 -Dsun.java2d.noddraw=true -Dsun.awt.nopixfmt=true -Xshare:off -Xrs -Dsun.awt.disableMixing=true -Djava.library.path=D:\Program Files\MATLAB\R2012b\bin\win64;D:\Program Files\MATLAB\R2012b\sys\jxbrowser\win64\lib vfprintf abort 
java_command: <unknown>
Launcher Type: generic

Environment Variables:
CLASSPATH=C:\Program Files\Mosek\7\tools\platform\win64x86\bin\mosek.jar;C:\Program Files\Mosek\7\tools\platform\win64x86\bin\fusion.jar
PATH=C:\CTEX\UserData\miktex\bin;C:\CTEX\MiKTeX\miktex\bin;C:\CTEX\CTeX\ctex\bin;C:\CTEX\CTeX\cct\bin;C:\CTEX\CTeX\ty\bin;C:\CTEX\Ghostscript\gs9.05\bin;C:\CTEX\GSview\gsview;C:\CTEX\WinEdt;C:\Program Files (x86)\Microsoft SQL Server\100\Tools\Binn\;C:\Program Files\Microsoft SQL Server\100\Tools\Binn\;C:\Program Files\Microsoft SQL Server\100\DTS\Binn\;C:\Program Files\IBM\ILOG\CPLEX_Studio1251\opl\bin\x64_win64;C:\Program Files\IBM\ILOG\CPLEX_Studio1251\opl\oplide\;C:\Program Files\IBM\ILOG\CPLEX_Studio1251\cplex\bin\x64_win64;C:\Program Files\IBM\ILOG\CPLEX_Studio1251\cpoptimizer\bin\x64_win64;C:\Program Files\Mosek\7\tools\platform\win64x86\bin;D:\Program Files\TortoiseGit\bin;d:\Program Files\MATLAB\R2012b\runtime\win64;d:\Program Files\MATLAB\R2012b\bin
USERNAME=Vicon
OS=Windows_NT
PROCESSOR_IDENTIFIER=Intel64 Family 6 Model 58 Stepping 9, GenuineIntel



---------------  S Y S T E M  ---------------

OS: Windows 7 Build 7601 Service Pack 1

CPU:total 8 (8 cores per cpu, 2 threads per core) family 6 model 58 stepping 9, cmov, cx8, fxsr, mmx, sse, sse2, sse3, ssse3, sse4.1, sse4.2, ht

Memory: 4k page, physical 16731116k(13173988k free), swap 545460368k(541272940k free)

vm_info: Java HotSpot(TM) 64-Bit Server VM (14.3-b01) for windows-amd64 JRE (1.6.0_17-b04), built on Oct 11 2009 00:46:08 by "java_re" with MS VC++ 8.0

time: Mon Jan 20 12:32:29 2014
elapsed time: 464 seconds

