#
# A fatal error has been detected by the Java Runtime Environment:
#
#  EXCEPTION_ACCESS_VIOLATION (0xc0000005) at pc=0x000000009b782e92, pid=6860, tid=6412
#
# JRE version: 6.0_17-b04
# Java VM: Java HotSpot(TM) 64-Bit Server VM (14.3-b01 mixed mode windows-amd64 )
# Problematic frame:
# C  0x000000009b782e92
#
# If you would like to submit a bug report, please visit:
#   http://java.sun.com/webapps/bugreport/crash.jsp
# The crash happened outside the Java Virtual Machine in native code.
# See problematic frame for where to report the bug.
#

---------------  T H R E A D  ---------------

Current thread (0x0000000005c9f800):  JavaThread "main" [_thread_in_native, id=6412, stack(0x0000000000200000,0x0000000004200000)]

siginfo: ExceptionCode=0xc0000005, reading address 0xffffffff886fee4c

Registers:
EAX=0xffffffff886fee40, EBX=0x000000002fcc07c0, ECX=0x00000000041f1840, EDX=0x00000000b4054ba0
ESP=0x00000000041f1800, EBP=0x00000000041f2308, ESI=0x0000000000000009, EDI=0x00000000293e59ae
EIP=0x000000009b782e92, EFLAGS=0x0000000000010282

Top of Stack: (sp=0x00000000041f1800)
0x00000000041f1800:   00000000041f1840 000000009b7b54f8
0x00000000041f1810:   0000000000000000 00000000041f2308
0x00000000041f1820:   0000000000000001 ffffffff886fee40
0x00000000041f1830:   000000007705af30 00000000712a0cf0
0x00000000041f1840:   74726f5058545852 29286e696172643a
0x00000000041f1850:   736e727574657220 000000000a30203a
0x00000000041f1860:   00000000041f1938 000000000000000a
0x00000000041f1870:   0000000077115430 0000000005ca0080
0x00000000041f1880:   00000000041f19f2 0000000000000000
0x00000000041f1890:   0000000100000000 0000000000000000
0x00000000041f18a0:   0000000000000000 0000000000000000
0x00000000041f18b0:   000000007456b460 0000000077058445
0x00000000041f18c0:   0000000077115430 0000000000000000
0x00000000041f18d0:   0000000000000001 0000000000000000
0x00000000041f18e0:   000000002c51f201 00000000041f19f0
0x00000000041f18f0:   000000009b7b3b70 0000000000000000 

Instructions: (pc=0x000000009b782e92)
0x000000009b782e82:   00 00 00 48 83 7c 24 28 00 74 77 48 8b 44 24 28
0x000000009b782e92:   83 78 0c 00 74 6c 4c 8b 4c 24 28 4c 8d 84 24 98 


Stack: [0x0000000000200000,0x0000000004200000],  sp=0x00000000041f1800,  free space=65478k
Native frames: (J=compiled Java code, j=interpreted, Vv=VM code, C=native code)
C  0x000000009b782e92
j  gnu.io.RXTXPort$SerialOutputStream.flush()V+92
j  com.mathworks.toolbox.instrument.SerialComm.writeBinaryToHardware(Ljava/lang/Object;II)I+77
j  com.mathworks.toolbox.instrument.InstrumentWriter.writeBinarySync(Ljava/lang/Object;II)[Ljava/lang/Object;+4
j  com.mathworks.toolbox.instrument.InstrumentWriter.writeBinary(Ljava/lang/Object;III)[Ljava/lang/Object;+48
j  com.mathworks.toolbox.instrument.InstrumentWriter.fwrite(Ljava/lang/Object;IIII)V+183
v  ~StubRoutines::call_stub

Java frames: (J=compiled Java code, j=interpreted, Vv=VM code)
j  gnu.io.RXTXPort.nativeDrain(Z)Z+0
j  gnu.io.RXTXPort$SerialOutputStream.flush()V+92
j  com.mathworks.toolbox.instrument.SerialComm.writeBinaryToHardware(Ljava/lang/Object;II)I+77
j  com.mathworks.toolbox.instrument.InstrumentWriter.writeBinarySync(Ljava/lang/Object;II)[Ljava/lang/Object;+4
j  com.mathworks.toolbox.instrument.InstrumentWriter.writeBinary(Ljava/lang/Object;III)[Ljava/lang/Object;+48
j  com.mathworks.toolbox.instrument.InstrumentWriter.fwrite(Ljava/lang/Object;IIII)V+183
v  ~StubRoutines::call_stub

---------------  P R O C E S S  ---------------

Java Threads: ( => current thread )
  0x000000006cfde800 JavaThread "Thread-89" [_thread_in_native, id=7108, stack(0x0000000088680000,0x0000000088700000)]
  0x000000006cfe0000 JavaThread "Timer-InstrumentReadWritePoll" [_thread_blocked, id=6800, stack(0x0000000088530000,0x00000000885b0000)]
  0x000000006cfde000 JavaThread "Image Fetcher 0" daemon [_thread_blocked, id=4796, stack(0x00000000ba720000,0x00000000ba7a0000)]
  0x000000006cfdc800 JavaThread "Swing-Shell" daemon [_thread_blocked, id=6588, stack(0x00000000258b0000,0x0000000025930000)]
  0x000000006cfdc000 JavaThread "Timer-6" daemon [_thread_blocked, id=3412, stack(0x0000000058c10000,0x0000000058c90000)]
  0x000000006cfd9800 JavaThread "Explorer NavigationContext request queue" [_thread_blocked, id=5308, stack(0x0000000069730000,0x00000000697b0000)]
  0x000000006cfd8000 JavaThread "AddressBar directory emptiness poller" [_thread_blocked, id=7160, stack(0x000000006a200000,0x000000006a280000)]
  0x000000006cfd7800 JavaThread "Explorer Refresh Service 1389463094" [_thread_blocked, id=5464, stack(0x000000006a940000,0x000000006a9c0000)]
  0x000000006cfd6000 JavaThread "Timer-1" daemon [_thread_blocked, id=7080, stack(0x0000000025320000,0x00000000253a0000)]
  0x000000006cfd5800 JavaThread "TimerQueue" daemon [_thread_blocked, id=2492, stack(0x000000005cd30000,0x000000005cdb0000)]
  0x000000006cfd4800 JavaThread "Thread-5" daemon [_thread_blocked, id=6328, stack(0x0000000010e60000,0x0000000010ee0000)]
  0x000000006cfd4000 JavaThread "FelixPackageAdmin" daemon [_thread_blocked, id=6592, stack(0x000000000f3c0000,0x000000000f440000)]
  0x000000006cc7e000 JavaThread "FelixStartLevel" daemon [_thread_blocked, id=6088, stack(0x000000001d1b0000,0x000000001d230000)]
  0x000000006cfcb000 JavaThread "FelixDispatchQueue" daemon [_thread_blocked, id=6092, stack(0x0000000010ee0000,0x0000000010f60000)]
  0x0000000069259800 JavaThread "AWT-EventQueue-0" [_thread_blocked, id=4948, stack(0x000000001d100000,0x000000001d180000)]
  0x000000006cc5e000 JavaThread "com.google.common.base.internal.Finalizer" daemon [_thread_blocked, id=3724, stack(0x0000000010f90000,0x0000000011010000)]
  0x000000006cbc4000 JavaThread "AWT-Windows" daemon [_thread_in_native, id=4144, stack(0x000000000fda0000,0x000000000fe20000)]
  0x000000006cbc3000 JavaThread "AWT-Shutdown" [_thread_blocked, id=2196, stack(0x000000000fd20000,0x000000000fda0000)]
  0x000000000f331000 JavaThread "Java2D Disposer" daemon [_thread_blocked, id=4540, stack(0x000000000fbb0000,0x000000000fc30000)]
  0x000000006960c000 JavaThread "Timer-0" [_thread_blocked, id=5860, stack(0x000000000fa20000,0x000000000faa0000)]
  0x000000006917f000 JavaThread "EventMgr Dispatcher" daemon [_thread_in_native, id=6640, stack(0x0000000009700000,0x000000000d700000)]
  0x000000000f38d800 JavaThread "Low Memory Detector" daemon [_thread_blocked, id=5260, stack(0x000000000e760000,0x000000000e7e0000)]
  0x000000000f387000 JavaThread "CompilerThread1" daemon [_thread_blocked, id=6104, stack(0x0000000080000000,0x0000000084000000)]
  0x000000000f380800 JavaThread "CompilerThread0" daemon [_thread_blocked, id=2808, stack(0x0000000064f00000,0x0000000068f00000)]
  0x000000000f380000 JavaThread "Attach Listener" daemon [_thread_blocked, id=5896, stack(0x000000000f4f0000,0x000000000f570000)]
  0x000000000f326000 JavaThread "Finalizer" daemon [_thread_blocked, id=4156, stack(0x000000000f450000,0x000000000f4d0000)]
  0x000000000f318000 JavaThread "Reference Handler" daemon [_thread_blocked, id=6100, stack(0x000000000e690000,0x000000000e710000)]
=>0x0000000005c9f800 JavaThread "main" [_thread_in_native, id=6412, stack(0x0000000000200000,0x0000000004200000)]

Other Threads:
  0x0000000005d9f800 VMThread [stack: 0x0000000060eb0000,0x0000000064eb0000] [id=3888]
  0x000000000f3b2800 WatcherThread [stack: 0x00000000841a0000,0x00000000881a0000] [id=6252]

VM state:not at safepoint (normal execution)

VM Mutex/Monitor currently owned by a thread: None

Heap
 PSYoungGen      total 39936K, used 11417K [0x000000003d6e0000, 0x0000000040720000, 0x00000000407e0000)
  eden space 30912K, 31% used [0x000000003d6e0000,0x000000003e0564a8,0x000000003f510000)
  from space 9024K, 19% used [0x000000003f510000,0x000000003f6c0000,0x000000003fde0000)
  to   space 8512K, 0% used [0x000000003fed0000,0x000000003fed0000,0x0000000040720000)
 PSOldGen        total 66752K, used 51718K [0x00000000343e0000, 0x0000000038510000, 0x000000003d6e0000)
  object space 66752K, 77% used [0x00000000343e0000,0x0000000037661b90,0x0000000038510000)
 PSPermGen       total 90304K, used 64769K [0x000000002c3e0000, 0x0000000031c10000, 0x00000000343e0000)
  object space 90304K, 71% used [0x000000002c3e0000,0x0000000030320778,0x0000000031c10000)

Dynamic libraries:
0x000000013f4f0000 - 0x000000013f51d000 	D:\Program Files\MATLAB\R2012b\bin\win64\MATLAB.exe
0x0000000077000000 - 0x00000000771a9000 	C:\Windows\SYSTEM32\ntdll.dll
0x0000000076ee0000 - 0x0000000076fff000 	C:\Windows\system32\kernel32.dll
0x000007fefce70000 - 0x000007fefcedb000 	C:\Windows\system32\KERNELBASE.dll
0x0000000074460000 - 0x000000007451f000 	D:\Program Files\MATLAB\R2012b\bin\win64\libut.dll
0x00000000758a0000 - 0x000000007595c000 	D:\Program Files\MATLAB\R2012b\bin\win64\libmwi18n.dll
0x0000000180000000 - 0x000000018000b000 	D:\Program Files\MATLAB\R2012b\bin\win64\libmwresource_core.dll
0x0000000004200000 - 0x00000000042d3000 	C:\Windows\WinSxS\amd64_microsoft.vc90.crt_1fc8b3b9a1e18e3b_9.0.30729.6161_none_08e61857a83bc251\MSVCP90.dll
0x00000000749b0000 - 0x0000000074a53000 	C:\Windows\WinSxS\amd64_microsoft.vc90.crt_1fc8b3b9a1e18e3b_9.0.30729.6161_none_08e61857a83bc251\MSVCR90.dll
0x000000007a170000 - 0x000000007a19c000 	D:\Program Files\MATLAB\R2012b\bin\win64\boost_filesystem-vc90-mt-1_44.dll
0x000000007a560000 - 0x000000007a569000 	D:\Program Files\MATLAB\R2012b\bin\win64\boost_system-vc90-mt-1_44.dll
0x000007fefe270000 - 0x000007fefe34b000 	C:\Windows\system32\ADVAPI32.dll
0x000007fefd380000 - 0x000007fefd41f000 	C:\Windows\system32\msvcrt.dll
0x000007fefe110000 - 0x000007fefe12f000 	C:\Windows\SYSTEM32\sechost.dll
0x000007fefd1e0000 - 0x000007fefd30d000 	C:\Windows\system32\RPCRT4.dll
0x000000007a010000 - 0x000000007a035000 	D:\Program Files\MATLAB\R2012b\bin\win64\LIBEXPAT.dll
0x000000006c360000 - 0x000000006c551000 	D:\Program Files\MATLAB\R2012b\bin\win64\icuin44.dll
0x00000000705e0000 - 0x0000000070751000 	D:\Program Files\MATLAB\R2012b\bin\win64\icuuc44.dll
0x0000000010000000 - 0x0000000010e41000 	D:\Program Files\MATLAB\R2012b\bin\win64\icudt44.dll
0x0000000073f70000 - 0x000000007411d000 	D:\Program Files\MATLAB\R2012b\bin\win64\libmwfl.dll
0x0000000004330000 - 0x00000000046e6000 	D:\Program Files\MATLAB\R2012b\bin\win64\libmwMATLAB_res.dll
0x000000007a3b0000 - 0x000000007a3c0000 	D:\Program Files\MATLAB\R2012b\bin\win64\boost_date_time-vc90-mt-1_44.dll
0x000000007a250000 - 0x000000007a263000 	D:\Program Files\MATLAB\R2012b\bin\win64\boost_signals-vc90-mt-1_44.dll
0x000000007a2d0000 - 0x000000007a2e2000 	D:\Program Files\MATLAB\R2012b\bin\win64\boost_thread-vc90-mt-1_44.dll
0x0000000004730000 - 0x00000000047ed000 	D:\Program Files\MATLAB\R2012b\bin\win64\boost_log-vc90-mt-1_44.dll
0x00000000771d0000 - 0x00000000771d7000 	C:\Windows\system32\PSAPI.DLL
0x000007fefde10000 - 0x000007fefde5d000 	C:\Windows\system32\WS2_32.dll
0x000007feff0e0000 - 0x000007feff0e8000 	C:\Windows\system32\NSI.dll
0x0000000004800000 - 0x0000000004846000 	D:\Program Files\MATLAB\R2012b\bin\win64\tbb.dll
0x000007feff1d0000 - 0x000007feff1e9000 	C:\Windows\system32\imagehlp.dll
0x0000000071dc0000 - 0x0000000071dd3000 	D:\Program Files\MATLAB\R2012b\bin\win64\icuio44.dll
0x000007fef44f0000 - 0x000007fef4615000 	C:\Windows\system32\dbghelp.dll
0x0000000076de0000 - 0x0000000076eda000 	C:\Windows\system32\USER32.dll
0x000007fefd310000 - 0x000007fefd377000 	C:\Windows\system32\GDI32.dll
0x000007fefd9b0000 - 0x000007fefd9be000 	C:\Windows\system32\LPK.dll
0x000007fefe040000 - 0x000007fefe109000 	C:\Windows\system32\USP10.dll
0x0000000004870000 - 0x0000000004b4c000 	D:\Program Files\MATLAB\R2012b\bin\win64\libmwservices.dll
0x0000000075a20000 - 0x0000000075af3000 	D:\Program Files\MATLAB\R2012b\bin\win64\libmx.dll
0x0000000004b70000 - 0x0000000004b99000 	D:\Program Files\MATLAB\R2012b\bin\win64\tbbmalloc.dll
0x000000007a210000 - 0x000000007a228000 	D:\Program Files\MATLAB\R2012b\bin\win64\zlib1.dll
0x0000000004bc0000 - 0x0000000004c0d000 	D:\Program Files\MATLAB\R2012b\bin\win64\libmwregexp.dll
0x0000000004c20000 - 0x0000000004c43000 	D:\Program Files\MATLAB\R2012b\bin\win64\libmwmfl_scalar.dll
0x0000000075f10000 - 0x0000000075f60000 	D:\Program Files\MATLAB\R2012b\bin\win64\mpath.dll
0x000000007b680000 - 0x000000007bc9a000 	D:\Program Files\MATLAB\R2012b\bin\win64\mlutil.dll
0x00000000754d0000 - 0x0000000075551000 	D:\Program Files\MATLAB\R2012b\bin\win64\xmlcore.dll
0x0000000004c90000 - 0x0000000004ee3000 	D:\Program Files\MATLAB\R2012b\bin\win64\xerces-c_2_7.dll
0x0000000004f00000 - 0x0000000004f20000 	D:\Program Files\MATLAB\R2012b\bin\win64\libmwMATLAB_settings_res.dll
0x0000000004f30000 - 0x0000000004f40000 	D:\Program Files\MATLAB\R2012b\bin\win64\boost_iostreams-vc90-mt-1_44.dll
0x0000000004f50000 - 0x0000000004f97000 	D:\Program Files\MATLAB\R2012b\bin\win64\boost_serialization-vc90-mt-1_44.dll
0x000007fefe350000 - 0x000007feff0d8000 	C:\Windows\system32\SHELL32.dll
0x000007feff150000 - 0x000007feff1c1000 	C:\Windows\system32\SHLWAPI.dll
0x000007fef7170000 - 0x000007fef7210000 	C:\Windows\WinSxS\amd64_microsoft.windows.common-controls_6595b64144ccf1df_5.82.7601.18201_none_a4d3b9377117c3df\COMCTL32.dll
0x000007feff270000 - 0x000007feff307000 	C:\Windows\system32\COMDLG32.dll
0x000007fefa8f0000 - 0x000007fefa906000 	C:\Windows\system32\NETAPI32.dll
0x000007fefa8e0000 - 0x000007fefa8ec000 	C:\Windows\system32\netutils.dll
0x000007fefc920000 - 0x000007fefc943000 	C:\Windows\system32\srvcli.dll
0x000007fefa8c0000 - 0x000007fefa8d5000 	C:\Windows\system32\wkscli.dll
0x000007fefd9c0000 - 0x000007fefdbc3000 	C:\Windows\system32\ole32.dll
0x000007fefd4c0000 - 0x000007fefd597000 	C:\Windows\system32\OLEAUT32.dll
0x0000000004fb0000 - 0x0000000005071000 	D:\Program Files\MATLAB\R2012b\bin\win64\mcr.dll
0x0000000075000000 - 0x00000000753e9000 	D:\Program Files\MATLAB\R2012b\bin\win64\iqm.dll
0x0000000074e80000 - 0x0000000074f38000 	D:\Program Files\MATLAB\R2012b\bin\win64\m_dispatcher.dll
0x0000000074880000 - 0x000000007496d000 	D:\Program Files\MATLAB\R2012b\bin\win64\boost_regex-vc90-mt-1_44.dll
0x000007fee74e0000 - 0x000007fee7d51000 	D:\Program Files\MATLAB\R2012b\bin\win64\m_interpreter.dll
0x0000000071d90000 - 0x0000000071db7000 	D:\Program Files\MATLAB\R2012b\bin\win64\libmex.dll
0x0000000070550000 - 0x00000000705d4000 	D:\Program Files\MATLAB\R2012b\bin\win64\profiler.dll
0x00000000050f0000 - 0x000000000535a000 	D:\Program Files\MATLAB\R2012b\bin\win64\libmwmathutil.dll
0x0000000079f40000 - 0x0000000079f6e000 	D:\Program Files\MATLAB\R2012b\bin\win64\libmwmathrng.dll
0x0000000005380000 - 0x0000000005392000 	D:\Program Files\MATLAB\R2012b\bin\win64\libmwmfl_rng.dll
0x0000000074c10000 - 0x0000000074cee000 	D:\Program Files\MATLAB\R2012b\bin\win64\libmwmathcore.dll
0x0000000076160000 - 0x00000000761ca000 	D:\Program Files\MATLAB\R2012b\bin\win64\libmwspmatrix.dll
0x0000000075ea0000 - 0x0000000075f02000 	D:\Program Files\MATLAB\R2012b\bin\win64\libmwcholmod.dll
0x000000007a460000 - 0x000000007a46d000 	D:\Program Files\MATLAB\R2012b\bin\win64\libmwamd.dll
0x000000007a4b0000 - 0x000000007a4bc000 	D:\Program Files\MATLAB\R2012b\bin\win64\libmwcolamd.dll
0x000000007a290000 - 0x000000007a2a9000 	D:\Program Files\MATLAB\R2012b\bin\win64\libmwblas.dll
0x000000007a310000 - 0x000000007a321000 	D:\Program Files\MATLAB\R2012b\bin\win64\libmwbinder.dll
0x000000007a4d0000 - 0x000000007a4dc000 	D:\Program Files\MATLAB\R2012b\bin\win64\libmwompwrapper.dll
0x0000000005430000 - 0x00000000054b5000 	D:\Program Files\MATLAB\R2012b\bin\win64\libmwlapack.dll
0x0000000071d60000 - 0x0000000071d81000 	D:\Program Files\MATLAB\R2012b\bin\win64\m_pcodeio.dll
0x0000000079b10000 - 0x0000000079b77000 	D:\Program Files\MATLAB\R2012b\bin\win64\m_ir.dll
0x000000006b4a0000 - 0x000000006bb10000 	D:\Program Files\MATLAB\R2012b\bin\win64\m_parser.dll
0x0000000071df0000 - 0x0000000071e0a000 	D:\Program Files\MATLAB\R2012b\bin\win64\ir_xfmr.dll
0x000007fee7240000 - 0x000007fee74d6000 	D:\Program Files\MATLAB\R2012b\bin\win64\mcos.dll
0x0000000070990000 - 0x00000000709a1000 	D:\Program Files\MATLAB\R2012b\bin\win64\mtok.dll
0x0000000070510000 - 0x0000000070541000 	D:\Program Files\MATLAB\R2012b\bin\win64\m_pcodegen.dll
0x0000000079fb0000 - 0x0000000079fe6000 	D:\Program Files\MATLAB\R2012b\bin\win64\libmwbridge.dll
0x0000000070440000 - 0x0000000070508000 	D:\Program Files\MATLAB\R2012b\bin\win64\udd.dll
0x000000006c200000 - 0x000000006c352000 	D:\Program Files\MATLAB\R2012b\bin\win64\libmwgui.dll
0x0000000070420000 - 0x0000000070437000 	D:\Program Files\MATLAB\R2012b\bin\win64\graphics_util.dll
0x000000006aa40000 - 0x000000006b49f000 	D:\Program Files\MATLAB\R2012b\bin\win64\hg.dll
0x0000000005590000 - 0x00000000055f8000 	D:\Program Files\MATLAB\R2012b\bin\win64\libmat.dll
0x0000000072d30000 - 0x0000000072f44000 	D:\Program Files\MATLAB\R2012b\bin\win64\hdf5dll.dll
0x0000000075710000 - 0x00000000757de000 	D:\Program Files\MATLAB\R2012b\bin\win64\jmi.dll
0x0000000005630000 - 0x000000000563d000 	D:\Program Files\MATLAB\R2012b\bin\win64\nativejava_services.dll
0x000000006c1b0000 - 0x000000006c1f6000 	D:\Program Files\MATLAB\R2012b\bin\win64\libmwhardcopy.dll
0x000000006c140000 - 0x000000006c1a3000 	D:\Program Files\MATLAB\R2012b\bin\win64\libuij.dll
0x000000006a460000 - 0x000000006a6c4000 	D:\Program Files\MATLAB\R2012b\bin\win64\hgdatatypes.dll
0x000000006c020000 - 0x000000006c13f000 	D:\Program Files\MATLAB\R2012b\bin\win64\hgutils.dll
0x000000006bf60000 - 0x000000006c020000 	D:\Program Files\MATLAB\R2012b\bin\win64\udd_mi.dll
0x00000000056a0000 - 0x00000000056db000 	D:\Program Files\MATLAB\R2012b\bin\win64\libmwgbtutils.dll
0x00000000056f0000 - 0x000000000570b000 	D:\Program Files\MATLAB\R2012b\bin\win64\libmwgbt.dll
0x0000000005720000 - 0x00000000059f1000 	D:\Program Files\MATLAB\R2012b\bin\win64\uiw.dll
0x0000000073df0000 - 0x0000000073dff000 	D:\Program Files\MATLAB\R2012b\bin\win64\uinone.dll
0x0000000005a20000 - 0x0000000005a49000 	D:\Program Files\MATLAB\R2012b\bin\win64\libmwnativefiledialogs.dll
0x0000000005a60000 - 0x0000000005a68000 	D:\Program Files\MATLAB\R2012b\bin\win64\libmwplatform_res.dll
0x000007fef3620000 - 0x000007fef3638000 	C:\Windows\system32\MPR.dll
0x00000000697f0000 - 0x0000000069cd4000 	C:\Windows\WinSxS\amd64_microsoft.vc90.mfc_1fc8b3b9a1e18e3b_9.0.30729.6161_none_044aad0bab1eb146\mfc90.dll
0x000007fefa8a0000 - 0x000007fefa8a7000 	C:\Windows\system32\MSIMG32.dll
0x000007fef70f0000 - 0x000007fef7161000 	C:\Windows\system32\WINSPOOL.DRV
0x00000000703f0000 - 0x0000000070412000 	D:\Program Files\MATLAB\R2012b\bin\win64\mwoles05.DLL
0x000000006a9c0000 - 0x000000006aa3d000 	D:\Program Files\MATLAB\R2012b\bin\win64\comcli.dll
0x0000000073c80000 - 0x0000000073caf000 	C:\Windows\WinSxS\amd64_microsoft.vc90.atl_1fc8b3b9a1e18e3b_9.0.30729.6161_none_0a1fd3a3a768b895\ATL90.DLL
0x0000000071d50000 - 0x0000000071d5c000 	D:\Program Files\MATLAB\R2012b\bin\win64\mlautoregister.dll
0x000007fefe240000 - 0x000007fefe26e000 	C:\Windows\system32\IMM32.DLL
0x000007fefe130000 - 0x000007fefe239000 	C:\Windows\system32\MSCTF.dll
0x000007fefa7c0000 - 0x000007fefa816000 	C:\Windows\system32\UxTheme.dll
0x000007fefa7a0000 - 0x000007fefa7b8000 	C:\Windows\system32\dwmapi.dll
0x0000000074380000 - 0x000000007438d000 	C:\Windows\WinSxS\amd64_microsoft.vc90.mfcloc_1fc8b3b9a1e18e3b_9.0.30729.6161_none_01c9581e60cbee58\MFC90ENU.DLL
0x0000000078870000 - 0x0000000078ecd000 	D:\Program Files\MATLAB\R2012b\sys\java\jre\win64\jre\bin\server\jvm.dll
0x000007fef8490000 - 0x000007fef84cb000 	C:\Windows\system32\WINMM.dll
0x000007fefcdb0000 - 0x000007fefcdbf000 	C:\Windows\system32\profapi.dll
0x000007fefb770000 - 0x000007fefb785000 	C:\Windows\system32\NLAapi.dll
0x000007fef4b80000 - 0x000007fef4b95000 	C:\Windows\system32\napinsp.dll
0x000007fef4b60000 - 0x000007fef4b79000 	C:\Windows\system32\pnrpnsp.dll
0x000007fef4b50000 - 0x000007fef4b60000 	C:\Windows\system32\wshbth.dll
0x000007fefc620000 - 0x000007fefc675000 	C:\Windows\System32\mswsock.dll
0x000007fefc4a0000 - 0x000007fefc4fb000 	C:\Windows\system32\DNSAPI.dll
0x000007fef4b40000 - 0x000007fef4b4b000 	C:\Windows\System32\winrnr.dll

VM Arguments:
jvm_args: -Xss512k -XX:PermSize=32m -Xms64m -XX:NewRatio=3 -XX:MaxPermSize=128m -Xmx196m -XX:MaxDirectMemorySize=2147400000 -Dsun.java2d.noddraw=true -Dsun.awt.nopixfmt=true -Xshare:off -Xrs -Dsun.awt.disableMixing=true -Djava.library.path=D:\Program Files\MATLAB\R2012b\bin\win64;D:\Program Files\MATLAB\R2012b\sys\jxbrowser\win64\lib vfprintf abort 
java_command: <unknown>
Launcher Type: generic

Environment Variables:
CLASSPATH=C:\Program Files\Mosek\7\tools\platform\win64x86\bin\mosek.jar;C:\Program Files\Mosek\7\tools\platform\win64x86\bin\fusion.jar
PATH=C:\CTEX\UserData\miktex\bin;C:\CTEX\MiKTeX\miktex\bin;C:\CTEX\CTeX\ctex\bin;C:\CTEX\CTeX\cct\bin;C:\CTEX\CTeX\ty\bin;C:\CTEX\Ghostscript\gs9.05\bin;C:\CTEX\GSview\gsview;C:\CTEX\WinEdt;C:\Program Files (x86)\Microsoft SQL Server\100\Tools\Binn\;C:\Program Files\Microsoft SQL Server\100\Tools\Binn\;C:\Program Files\Microsoft SQL Server\100\DTS\Binn\;C:\Program Files\IBM\ILOG\CPLEX_Studio1251\opl\bin\x64_win64;C:\Program Files\IBM\ILOG\CPLEX_Studio1251\opl\oplide\;C:\Program Files\IBM\ILOG\CPLEX_Studio1251\cplex\bin\x64_win64;C:\Program Files\IBM\ILOG\CPLEX_Studio1251\cpoptimizer\bin\x64_win64;C:\Program Files\Mosek\7\tools\platform\win64x86\bin;D:\Program Files\TortoiseGit\bin;d:\Program Files\MATLAB\R2012b\runtime\win64;d:\Program Files\MATLAB\R2012b\bin
USERNAME=Vicon
OS=Windows_NT
PROCESSOR_IDENTIFIER=Intel64 Family 6 Model 58 Stepping 9, GenuineIntel



---------------  S Y S T E M  ---------------

OS: Windows 7 Build 7601 Service Pack 1

CPU:total 8 (8 cores per cpu, 2 threads per core) family 6 model 58 stepping 9, cmov, cx8, fxsr, mmx, sse, sse2, sse3, ssse3, sse4.1, sse4.2, ht

Memory: 4k page, physical 16731116k(12996176k free), swap 545460368k(541113956k free)

vm_info: Java HotSpot(TM) 64-Bit Server VM (14.3-b01) for windows-amd64 JRE (1.6.0_17-b04), built on Oct 11 2009 00:46:08 by "java_re" with MS VC++ 8.0

time: Sun Jan 19 17:37:52 2014
elapsed time: 85 seconds

