#
# A fatal error has been detected by the Java Runtime Environment:
#
#  EXCEPTION_ACCESS_VIOLATION (0xc0000005) at pc=0x000000007503cac1, pid=6520, tid=7012
#
# JRE version: 6.0_17-b04
# Java VM: Java HotSpot(TM) 64-Bit Server VM (14.3-b01 mixed mode windows-amd64 )
# Problematic frame:
# C  [iqm.dll+0x3cac1]
#
# If you would like to submit a bug report, please visit:
#   http://java.sun.com/webapps/bugreport/crash.jsp
# The crash happened outside the Java Virtual Machine in native code.
# See problematic frame for where to report the bug.
#

---------------  T H R E A D  ---------------

Current thread (0x00000000398bf000):  JavaThread "AWT-EventQueue-0" [_thread_in_native, id=7012, stack(0x00000000374b0000,0x0000000037530000)]

siginfo: ExceptionCode=0xc0000005, reading address 0xffffffffffffffff

Registers:
EAX=0x00000000041e8040, EBX=0x000000003752ea20, ECX=0x00000000041e8040, EDX=0x000000003752e9a0
ESP=0x000000003752e940, EBP=0x000000003ce35ba0, ESI=0x000000003752ea58, EDI=0x00000000636f6308
EIP=0x000000007503cac1, EFLAGS=0x0000000000010206

Top of Stack: (sp=0x000000003752e940)
0x000000003752e940:   0000000000000000 000000000010806c
0x000000003752e950:   000000003752ea20 0000000002313610
0x000000003752e960:   0000000000000018 0000000000000000
0x000000003752e970:   fffffffffffffffe 00000000750ced98
0x000000003752e980:   000079636167656c 0000000073372c23
0x000000003752e990:   0000000000000006 000000000000000f
0x000000003752e9a0:   0000000000000000 000000000013cc87
0x000000003752e9b0:   0000000017527598 000000007502e28c
0x000000003752e9c0:   000000003752eaf0 00000000636f6308
0x000000003752e9d0:   0000000017527598 00000000041e82c0
0x000000003752e9e0:   000000003ce35b90 0000000075032f00
0x000000003752e9f0:   000000003ce35ba0 0000000000000000
0x000000003752ea00:   00000000636f6308 000007fffff54bb0
0x000000003752ea10:   000007fffff54bb0 000000003d0c0348
0x000000003752ea20:   000007fffff54bb0 000000007501c217
0x000000003752ea30:   00000000000000ff 0000000000000007 

Instructions: (pc=0x000000007503cac1)
0x000000007503cab1:   4c 8b 08 4c 8d 44 24 38 48 8d 54 24 60 48 8b c8
0x000000007503cac1:   41 ff 51 18 90 49 8b c4 48 8d 15 60 71 ff ff 0f 


Stack: [0x00000000374b0000,0x0000000037530000],  sp=0x000000003752e940,  free space=506k
Native frames: (J=compiled Java code, j=interpreted, Vv=VM code, C=native code)
C  [iqm.dll+0x3cac1]

Java frames: (J=compiled Java code, j=interpreted, Vv=VM code)
j  com.mathworks.jmi.NativeMatlab.PostMatlabMessage(Ljava/lang/Object;J)V+0
j  com.mathworks.jmi.NativeMatlab.postMatlabMessage(Ljava/lang/Object;J)V+3
j  com.mathworks.jmi.NativeMatlab.postMatlabMessage(Ljava/lang/Object;)V+6
j  com.mathworks.jmi.MatlabLooper.postMatlabMessage(Lcom/mathworks/services/message/MWMessage;Lcom/mathworks/services/message/MWHandler;)V+30
j  com.mathworks.jmi.MatlabMCR.postAsync(Lcom/mathworks/services/message/MWMessage;Lcom/mathworks/jmi/CompletionObserver;Lcom/mathworks/jmi/MatlabListener;)V+34
j  com.mathworks.jmi.MatlabMCR.feval(Ljava/lang/String;[Ljava/lang/Object;ILcom/mathworks/jmi/CompletionObserver;)V+77
j  com.mathworks.mlwidgets.workspace.MatlabWorkspaceListener$InterpreterFreeTimerCallback.actionPerformed(Ljava/awt/event/ActionEvent;)V+35
j  javax.swing.Timer.fireActionPerformed(Ljava/awt/event/ActionEvent;)V+35
j  javax.swing.Timer$DoPostEvent.run()V+71
J  java.awt.event.InvocationEvent.dispatch()V
J  java.awt.EventDispatchThread.pumpOneEventForFilters(I)Z
J  java.awt.EventDispatchThread.pumpEventsForFilter(ILjava/awt/Conditional;Ljava/awt/EventFilter;)V
j  java.awt.EventDispatchThread.pumpEventsForHierarchy(ILjava/awt/Conditional;Ljava/awt/Component;)V+11
j  java.awt.EventDispatchThread.pumpEvents(ILjava/awt/Conditional;)V+4
j  java.awt.EventDispatchThread.pumpEvents(Ljava/awt/Conditional;)V+3
j  java.awt.EventDispatchThread.run()V+9
v  ~StubRoutines::call_stub

---------------  P R O C E S S  ---------------

Java Threads: ( => current thread )
  0x0000000039be4800 JavaThread "Thread-144" [_thread_blocked, id=6984, stack(0x0000000054b20000,0x0000000054ba0000)]
  0x0000000039be0800 JavaThread "RequestQueue for GenericFileList" [_thread_blocked, id=1272, stack(0x000000000efc0000,0x000000000f040000)]
  0x0000000039bdf800 JavaThread "Timer-5" daemon [_thread_blocked, id=6184, stack(0x0000000047840000,0x00000000478c0000)]
  0x0000000039bdb800 JavaThread "Prefs Updater" daemon [_thread_blocked, id=6860, stack(0x0000000047620000,0x00000000476a0000)]
  0x0000000039bdb000 JavaThread "Timer-1" [_thread_blocked, id=1764, stack(0x0000000045020000,0x00000000450a0000)]
  0x0000000039bda000 JavaThread "FelixPackageAdmin" daemon [_thread_blocked, id=6964, stack(0x0000000030600000,0x0000000030680000)]
  0x0000000039bf5000 JavaThread "FelixStartLevel" daemon [_thread_blocked, id=6088, stack(0x0000000042830000,0x00000000428b0000)]
  0x0000000039bf4000 JavaThread "FelixDispatchQueue" daemon [_thread_blocked, id=6952, stack(0x0000000035de0000,0x0000000035e60000)]
  0x0000000039826000 JavaThread "TimerQueue" daemon [_thread_blocked, id=6924, stack(0x0000000034850000,0x00000000348d0000)]
=>0x00000000398bf000 JavaThread "AWT-EventQueue-0" [_thread_in_native, id=7012, stack(0x00000000374b0000,0x0000000037530000)]
  0x0000000039698000 JavaThread "com.google.common.base.internal.Finalizer" daemon [_thread_blocked, id=7020, stack(0x000000002f010000,0x000000002f090000)]
  0x0000000039600800 JavaThread "AWT-Windows" daemon [_thread_in_native, id=6784, stack(0x0000000030690000,0x0000000030710000)]
  0x0000000039600000 JavaThread "AWT-Shutdown" [_thread_blocked, id=5292, stack(0x000000000ff70000,0x000000000fff0000)]
  0x0000000039712800 JavaThread "Java2D Disposer" daemon [_thread_blocked, id=7008, stack(0x000000002da60000,0x000000002dae0000)]
  0x0000000038db6000 JavaThread "Timer-0" [_thread_blocked, id=5624, stack(0x000000002c490000,0x000000002c510000)]
  0x0000000038ca3000 JavaThread "JMI Unnamed Thread" [_thread_in_native, id=1632, stack(0x00000000068e0000,0x0000000007de0000)]
  0x000000000ff18800 JavaThread "Low Memory Detector" daemon [_thread_blocked, id=7004, stack(0x000000000ae20000,0x000000000aea0000)]
  0x000000000ff11800 JavaThread "CompilerThread1" daemon [_thread_blocked, id=6124, stack(0x0000000035f70000,0x0000000037470000)]
  0x000000000ff0b800 JavaThread "CompilerThread0" daemon [_thread_blocked, id=6992, stack(0x00000000348d0000,0x0000000035dd0000)]
  0x000000000ff0b000 JavaThread "Attach Listener" daemon [_thread_blocked, id=7140, stack(0x000000002c3b0000,0x000000002c430000)]
  0x000000000feb2000 JavaThread "Finalizer" daemon [_thread_blocked, id=316, stack(0x000000000dae0000,0x000000000db60000)]
  0x000000000fea8000 JavaThread "Reference Handler" daemon [_thread_blocked, id=6956, stack(0x00000000082a0000,0x0000000008320000)]
  0x000000000235f800 JavaThread "main" [_thread_blocked, id=6048, stack(0x00000000001d0000,0x00000000016d0000)]

Other Threads:
  0x000000000fea3000 VMThread [stack: 0x0000000033280000,0x0000000034780000] [id=6960]
  0x000000000ff3d000 WatcherThread [stack: 0x00000000375f0000,0x0000000038af0000] [id=3436]

VM state:not at safepoint (normal execution)

VM Mutex/Monitor currently owned by a thread: None

Heap
 PSYoungGen      total 24896K, used 19173K [0x0000000025250000, 0x00000000278c0000, 0x0000000028350000)
  eden space 11904K, 96% used [0x0000000025250000,0x0000000025d7c728,0x0000000025df0000)
  from space 12992K, 59% used [0x0000000025df0000,0x000000002657cdd0,0x0000000026aa0000)
  to   space 13056K, 0% used [0x0000000026c00000,0x0000000026c00000,0x00000000278c0000)
 PSOldGen        total 120064K, used 62253K [0x000000001bf50000, 0x0000000023490000, 0x0000000025250000)
  object space 120064K, 51% used [0x000000001bf50000,0x000000001fc1b620,0x0000000023490000)
 PSPermGen       total 105920K, used 55662K [0x0000000013f50000, 0x000000001a6c0000, 0x000000001bf50000)
  object space 105920K, 52% used [0x0000000013f50000,0x00000000175ab898,0x000000001a6c0000)

Dynamic libraries:
0x000000013f9c0000 - 0x000000013f9e9000 	C:\Program Files\MATLAB\R2011a\bin\win64\MATLAB.exe
0x0000000076f40000 - 0x00000000770e9000 	C:\Windows\SYSTEM32\ntdll.dll
0x0000000076d20000 - 0x0000000076e3f000 	C:\Windows\system32\kernel32.dll
0x000007fefcea0000 - 0x000007fefcf0b000 	C:\Windows\system32\KERNELBASE.dll
0x0000000074460000 - 0x0000000074569000 	C:\Program Files\MATLAB\R2011a\bin\win64\libut.dll
0x00000000758a0000 - 0x0000000075920000 	C:\Program Files\MATLAB\R2011a\bin\win64\libmwi18n.dll
0x0000000180000000 - 0x000000018000b000 	C:\Program Files\MATLAB\R2011a\bin\win64\libmwresource_core.dll
0x0000000073370000 - 0x0000000073443000 	C:\Windows\WinSxS\amd64_microsoft.vc90.crt_1fc8b3b9a1e18e3b_9.0.30729.6161_none_08e61857a83bc251\MSVCP90.dll
0x00000000000f0000 - 0x0000000000193000 	C:\Windows\WinSxS\amd64_microsoft.vc90.crt_1fc8b3b9a1e18e3b_9.0.30729.6161_none_08e61857a83bc251\MSVCR90.dll
0x000000007a3b0000 - 0x000000007a3c0000 	C:\Program Files\MATLAB\R2011a\bin\win64\boost_date_time-vc90-mt-1_40.dll
0x000000007a170000 - 0x000000007a189000 	C:\Program Files\MATLAB\R2011a\bin\win64\boost_filesystem-vc90-mt-1_40.dll
0x000000007a560000 - 0x000000007a569000 	C:\Program Files\MATLAB\R2011a\bin\win64\boost_system-vc90-mt-1_40.dll
0x000000007a2d0000 - 0x000000007a2e2000 	C:\Program Files\MATLAB\R2011a\bin\win64\boost_thread-vc90-mt-1_40.dll
0x000000007a010000 - 0x000000007a035000 	C:\Program Files\MATLAB\R2011a\bin\win64\LIBEXPAT.dll
0x00000000739d0000 - 0x0000000073b8c000 	C:\Program Files\MATLAB\R2011a\bin\win64\icuin42.dll
0x00000000740b0000 - 0x0000000074223000 	C:\Program Files\MATLAB\R2011a\bin\win64\icuuc42.dll
0x000007feff170000 - 0x000007feff24b000 	C:\Windows\system32\ADVAPI32.dll
0x000007fefd350000 - 0x000007fefd3ef000 	C:\Windows\system32\msvcrt.dll
0x000007feff050000 - 0x000007feff06f000 	C:\Windows\SYSTEM32\sechost.dll
0x000007fefd410000 - 0x000007fefd53d000 	C:\Windows\system32\RPCRT4.dll
0x0000000010000000 - 0x0000000010f47000 	C:\Program Files\MATLAB\R2011a\bin\win64\icudt42.dll
0x0000000073f70000 - 0x000000007407d000 	C:\Program Files\MATLAB\R2011a\bin\win64\libmwfl.dll
0x0000000001720000 - 0x00000000017b3000 	C:\Program Files\MATLAB\R2011a\bin\win64\libmwMATLAB_res.dll
0x000000007a250000 - 0x000000007a263000 	C:\Program Files\MATLAB\R2011a\bin\win64\boost_signals-vc90-mt-1_40.dll
0x00000000018e0000 - 0x0000000001926000 	C:\Program Files\MATLAB\R2011a\bin\win64\tbb.dll
0x000007fefd3f0000 - 0x000007fefd409000 	C:\Windows\system32\imagehlp.dll
0x0000000077100000 - 0x0000000077107000 	C:\Windows\system32\PSAPI.DLL
0x000000007a3d0000 - 0x000000007a3e3000 	C:\Program Files\MATLAB\R2011a\bin\win64\icuio42.dll
0x000007fef4480000 - 0x000007fef45a5000 	C:\Windows\system32\dbghelp.dll
0x0000000076e40000 - 0x0000000076f3a000 	C:\Windows\system32\USER32.dll
0x000007fefd150000 - 0x000007fefd1b7000 	C:\Windows\system32\GDI32.dll
0x000007fefd1d0000 - 0x000007fefd1de000 	C:\Windows\system32\LPK.dll
0x000007fefd1e0000 - 0x000007fefd2a9000 	C:\Windows\system32\USP10.dll
0x000000007bed0000 - 0x000000007c0f5000 	C:\Program Files\MATLAB\R2011a\bin\win64\libmwservices.dll
0x0000000075a20000 - 0x0000000075ab2000 	C:\Program Files\MATLAB\R2011a\bin\win64\libmx.dll
0x000000007a210000 - 0x000000007a226000 	C:\Program Files\MATLAB\R2011a\bin\win64\zlib1.dll
0x0000000074330000 - 0x000000007444b000 	C:\Program Files\MATLAB\R2011a\bin\win64\libmwmathutil.dll
0x0000000074960000 - 0x00000000749b4000 	C:\Program Files\MATLAB\R2011a\bin\win64\mpath.dll
0x000000007b680000 - 0x000000007b982000 	C:\Program Files\MATLAB\R2011a\bin\win64\mlutil.dll
0x00000000748d0000 - 0x0000000074952000 	C:\Program Files\MATLAB\R2011a\bin\win64\xmlcore.dll
0x000000007bc30000 - 0x000000007be83000 	C:\Program Files\MATLAB\R2011a\bin\win64\xerces-c_2_7.dll
0x000007fefe6f0000 - 0x000007fefe73d000 	C:\Windows\system32\WS2_32.dll
0x000007fefd1c0000 - 0x000007fefd1c8000 	C:\Windows\system32\NSI.dll
0x000007fefd540000 - 0x000007fefe2c8000 	C:\Windows\system32\SHELL32.dll
0x000007feff070000 - 0x000007feff0e1000 	C:\Windows\system32\SHLWAPI.dll
0x000007fef91e0000 - 0x000007fef9280000 	C:\Windows\WinSxS\amd64_microsoft.windows.common-controls_6595b64144ccf1df_5.82.7601.18201_none_a4d3b9377117c3df\COMCTL32.dll
0x000007fefd2b0000 - 0x000007fefd347000 	C:\Windows\system32\COMDLG32.dll
0x000007fefa040000 - 0x000007fefa056000 	C:\Windows\system32\NETAPI32.dll
0x000007fefa020000 - 0x000007fefa02c000 	C:\Windows\system32\netutils.dll
0x000007fefc7c0000 - 0x000007fefc7e3000 	C:\Windows\system32\srvcli.dll
0x000007fef9fc0000 - 0x000007fef9fd5000 	C:\Windows\system32\wkscli.dll
0x000007fefec10000 - 0x000007fefee13000 	C:\Windows\system32\ole32.dll
0x000007fefead0000 - 0x000007fefeba7000 	C:\Windows\system32\OLEAUT32.dll
0x00000000019c0000 - 0x0000000001a84000 	C:\Program Files\MATLAB\R2011a\bin\win64\mcr.dll
0x0000000075000000 - 0x00000000750e4000 	C:\Program Files\MATLAB\R2011a\bin\win64\iqm.dll
0x000000006fc70000 - 0x000000007040c000 	C:\Program Files\MATLAB\R2011a\bin\win64\m_interpreter.dll
0x00000000748c0000 - 0x00000000748cf000 	C:\Program Files\MATLAB\R2011a\bin\win64\libmex.dll
0x0000000074810000 - 0x00000000748b4000 	C:\Program Files\MATLAB\R2011a\bin\win64\m_dispatcher.dll
0x0000000001ae0000 - 0x0000000001ba5000 	C:\Program Files\MATLAB\R2011a\bin\win64\boost_regex-vc90-mt-1_40.dll
0x0000000074790000 - 0x000000007480f000 	C:\Program Files\MATLAB\R2011a\bin\win64\profiler.dll
0x0000000079f40000 - 0x0000000079f6c000 	C:\Program Files\MATLAB\R2011a\bin\win64\libmwmathrng.dll
0x0000000074770000 - 0x0000000074790000 	C:\Program Files\MATLAB\R2011a\bin\win64\m_pcodeio.dll
0x0000000079b10000 - 0x0000000079b71000 	C:\Program Files\MATLAB\R2011a\bin\win64\m_ir.dll
0x0000000071ac0000 - 0x00000000720fb000 	C:\Program Files\MATLAB\R2011a\bin\win64\m_parser.dll
0x0000000074750000 - 0x0000000074769000 	C:\Program Files\MATLAB\R2011a\bin\win64\ir_xfmr.dll
0x0000000072650000 - 0x000000007289b000 	C:\Program Files\MATLAB\R2011a\bin\win64\mcos.dll
0x0000000074740000 - 0x000000007474c000 	C:\Program Files\MATLAB\R2011a\bin\win64\mtok.dll
0x0000000074710000 - 0x000000007473b000 	C:\Program Files\MATLAB\R2011a\bin\win64\m_pcodegen.dll
0x0000000076160000 - 0x00000000761c2000 	C:\Program Files\MATLAB\R2011a\bin\win64\libmwspmatrix.dll
0x0000000079fb0000 - 0x0000000079fde000 	C:\Program Files\MATLAB\R2011a\bin\win64\libmwbridge.dll
0x0000000074650000 - 0x0000000074709000 	C:\Program Files\MATLAB\R2011a\bin\win64\udd.dll
0x0000000072500000 - 0x0000000072641000 	C:\Program Files\MATLAB\R2011a\bin\win64\libmwgui.dll
0x0000000074630000 - 0x0000000074647000 	C:\Program Files\MATLAB\R2011a\bin\win64\graphics_util.dll
0x000000006dee0000 - 0x000000006e760000 	C:\Program Files\MATLAB\R2011a\bin\win64\hg.dll
0x0000000076100000 - 0x000000007614f000 	C:\Program Files\MATLAB\R2011a\bin\win64\libmat.dll
0x0000000072d30000 - 0x0000000072f33000 	C:\Program Files\MATLAB\R2011a\bin\win64\libhdf5.dll
0x00000000731b0000 - 0x000000007322b000 	C:\Program Files\MATLAB\R2011a\bin\win64\jmi.dll
0x0000000001ce0000 - 0x0000000001cee000 	C:\Program Files\MATLAB\R2011a\bin\win64\nativejava_services.dll
0x00000000745f0000 - 0x000000007462c000 	C:\Program Files\MATLAB\R2011a\bin\win64\libmwhardcopy.dll
0x00000000724a0000 - 0x00000000724f8000 	C:\Program Files\MATLAB\R2011a\bin\win64\libuij.dll
0x00000000722b0000 - 0x0000000072493000 	C:\Program Files\MATLAB\R2011a\bin\win64\hgdatatypes.dll
0x00000000721f0000 - 0x00000000722ac000 	C:\Program Files\MATLAB\R2011a\bin\win64\hgutils.dll
0x0000000072170000 - 0x00000000721ec000 	C:\Program Files\MATLAB\R2011a\bin\win64\libmwlapack.dll
0x00000000745d0000 - 0x00000000745e2000 	C:\Program Files\MATLAB\R2011a\bin\win64\libmwbinder.dll
0x00000000745c0000 - 0x00000000745cb000 	C:\Program Files\MATLAB\R2011a\bin\win64\libmwompwrapper.dll
0x0000000001d70000 - 0x0000000002034000 	C:\Program Files\MATLAB\R2011a\bin\win64\uiw.dll
0x00000000731a0000 - 0x00000000731aa000 	C:\Program Files\MATLAB\R2011a\bin\win64\uinone.dll
0x000000006f3e0000 - 0x000000006f8c4000 	C:\Windows\WinSxS\amd64_microsoft.vc90.mfc_1fc8b3b9a1e18e3b_9.0.30729.6161_none_044aad0bab1eb146\mfc90.dll
0x000007fef94a0000 - 0x000007fef94a7000 	C:\Windows\system32\MSIMG32.dll
0x000007fef9160000 - 0x000007fef91d1000 	C:\Windows\system32\WINSPOOL.DRV
0x0000000071a10000 - 0x0000000071ab9000 	C:\Program Files\MATLAB\R2011a\bin\win64\udd_mi.dll
0x0000000073180000 - 0x000000007319b000 	C:\Program Files\MATLAB\R2011a\bin\win64\mwoles05.DLL
0x00000000719a0000 - 0x0000000071a0e000 	C:\Program Files\MATLAB\R2011a\bin\win64\comcli.dll
0x0000000072fc0000 - 0x0000000072fef000 	C:\Windows\WinSxS\amd64_microsoft.vc90.atl_1fc8b3b9a1e18e3b_9.0.30729.6161_none_0a1fd3a3a768b895\ATL90.DLL
0x0000000073170000 - 0x000000007317c000 	C:\Program Files\MATLAB\R2011a\bin\win64\mlautoregister.dll
0x00000000020a0000 - 0x00000000020ad000 	C:\Program Files\MATLAB\R2011a\bin\win64\boost_iostreams-vc90-mt-1_40.dll
0x000007fefe430000 - 0x000007fefe45e000 	C:\Windows\system32\IMM32.DLL
0x000007fefe920000 - 0x000007fefea29000 	C:\Windows\system32\MSCTF.dll
0x000007fefb2a0000 - 0x000007fefb2f6000 	C:\Windows\system32\UxTheme.dll
0x000007fefb000000 - 0x000007fefb018000 	C:\Windows\system32\dwmapi.dll
0x0000000072ca0000 - 0x0000000072cad000 	C:\Windows\WinSxS\amd64_microsoft.vc90.mfcloc_1fc8b3b9a1e18e3b_9.0.30729.6161_none_01c9581e60cbee58\MFC90ENU.DLL
0x0000000002310000 - 0x0000000002339000 	C:\Program Files\MATLAB\R2011a\bin\win64\tbbmalloc.dll
0x000007fefcd20000 - 0x000007fefcd2f000 	C:\Windows\system32\profapi.dll
0x000007fefa780000 - 0x000007fefa7a7000 	C:\Windows\system32\iphlpapi.dll
0x000007fefa770000 - 0x000007fefa77b000 	C:\Windows\system32\WINNSI.DLL
0x000007fefc3d0000 - 0x000007fefc42b000 	C:\Windows\system32\DNSAPI.dll
0x000007fefa4f0000 - 0x000007fefa501000 	C:\Windows\system32\dhcpcsvc6.DLL
0x000007fefa450000 - 0x000007fefa468000 	C:\Windows\system32\dhcpcsvc.DLL
0x0000000072160000 - 0x0000000072163000 	C:\Windows\system32\icmp.Dll
0x000007fefcc50000 - 0x000007fefcc5f000 	C:\Windows\system32\CRYPTBASE.dll
0x000007fefcf10000 - 0x000007fefcf46000 	C:\Windows\system32\CFGMGR32.dll
0x0000000078870000 - 0x0000000078ecd000 	C:\Program Files\MATLAB\R2011a\sys\java\jre\win64\jre\bin\server\jvm.dll
0x000007fefaaf0000 - 0x000007fefab2b000 	C:\Windows\system32\WINMM.dll
0x000000007a440000 - 0x000000007a44e000 	C:\Program Files\MATLAB\R2011a\sys\java\jre\win64\jre\bin\verify.dll
0x000000007a070000 - 0x000000007a097000 	C:\Program Files\MATLAB\R2011a\sys\java\jre\win64\jre\bin\java.dll
0x000000007a540000 - 0x000000007a54a000 	C:\Program Files\MATLAB\R2011a\sys\java\jre\win64\jre\bin\hpi.dll
0x000000007a370000 - 0x000000007a382000 	C:\Program Files\MATLAB\R2011a\sys\java\jre\win64\jre\bin\zip.dll
0x000007fefea30000 - 0x000007fefeac9000 	C:\Windows\system32\CLBCatQ.DLL
0x0000000075b90000 - 0x0000000075bfb000 	C:\Program Files\MATLAB\R2011a\sys\java\jre\win64\jre\bin\fontmanager.dll
0x0000000038ef0000 - 0x00000000390b1000 	C:\Program Files\MATLAB\R2011a\sys\java\jre\win64\jre\bin\awt.dll
0x0000000079cf0000 - 0x0000000079d36000 	C:\Program Files\MATLAB\R2011a\bin\win64\nativejmi.dll
0x000000007a600000 - 0x000000007a608000 	C:\Program Files\MATLAB\R2011a\bin\win64\nativeservices.dll
0x000000007a0d0000 - 0x000000007a0e8000 	C:\Program Files\MATLAB\R2011a\bin\win64\nativejava.dll
0x000007fef3dc0000 - 0x000007fef3dd8000 	C:\Windows\system32\MPR.dll
0x000000007a230000 - 0x000000007a247000 	C:\Program Files\MATLAB\R2011a\sys\java\jre\win64\jre\bin\net.dll
0x000007fefc550000 - 0x000007fefc5a5000 	C:\Windows\system32\mswsock.dll
0x000007fefc540000 - 0x000007fefc547000 	C:\Windows\System32\wship6.dll
0x000000007a500000 - 0x000000007a50b000 	C:\Program Files\MATLAB\R2011a\sys\java\jre\win64\jre\bin\nio.dll

VM Arguments:
jvm_args: -Xss512k -XX:PermSize=32m -Xms64m -XX:NewRatio=3 -XX:MaxPermSize=128m -Xmx196m -XX:MaxDirectMemorySize=2147400000 -Dsun.java2d.noddraw=true -Dsun.awt.nopixfmt=true -Xshare:off -Xrs -Dsun.awt.disableMixing=true -Djava.library.path=C:\Program Files\MATLAB\R2011a\bin\win64 vfprintf abort 
java_command: <unknown>
Launcher Type: generic

Environment Variables:
CLASSPATH=C:\Program Files\Mosek\7\tools\platform\win64x86\bin\mosek.jar;C:\Program Files\Mosek\7\tools\platform\win64x86\bin\fusion.jar
PATH=C:\Program Files\MATLAB\R2011a\bin\win64;C:\CTEX\UserData\miktex\bin;C:\CTEX\MiKTeX\miktex\bin;C:\CTEX\CTeX\ctex\bin;C:\CTEX\CTeX\cct\bin;C:\CTEX\CTeX\ty\bin;C:\CTEX\Ghostscript\gs9.05\bin;C:\CTEX\GSview\gsview;C:\CTEX\WinEdt;C:\Program Files\MATLAB\R2011a\runtime\win64;C:\Program Files\MATLAB\R2011a\bin;C:\Program Files (x86)\Microsoft SQL Server\100\Tools\Binn\;C:\Program Files\Microsoft SQL Server\100\Tools\Binn\;C:\Program Files\Microsoft SQL Server\100\DTS\Binn\;D:\Program Files\TortoiseGit\bin;C:\Program Files\IBM\ILOG\CPLEX_Studio1251\opl\bin\x64_win64;C:\Program Files\IBM\ILOG\CPLEX_Studio1251\opl\oplide\;C:\Program Files\IBM\ILOG\CPLEX_Studio1251\cplex\bin\x64_win64;C:\Program Files\IBM\ILOG\CPLEX_Studio1251\cpoptimizer\bin\x64_win64;C:\Program Files\Mosek\7\tools\platform\win64x86\bin
USERNAME=Vicon
OS=Windows_NT
PROCESSOR_IDENTIFIER=Intel64 Family 6 Model 58 Stepping 9, GenuineIntel



---------------  S Y S T E M  ---------------

OS: Windows 7 Build 7601 Service Pack 1

CPU:total 8 (8 cores per cpu, 2 threads per core) family 6 model 58 stepping 9, cmov, cx8, fxsr, mmx, sse, sse2, sse3, ssse3, sse4.1, sse4.2, ht

Memory: 4k page, physical 16731116k(12810252k free), swap 545460368k(540697668k free)

vm_info: Java HotSpot(TM) 64-Bit Server VM (14.3-b01) for windows-amd64 JRE (1.6.0_17-b04), built on Oct 11 2009 00:46:08 by "java_re" with MS VC++ 8.0

time: Wed Nov 06 13:15:30 2013
elapsed time: 577 seconds

