#
# A fatal error has been detected by the Java Runtime Environment:
#
#  EXCEPTION_ACCESS_VIOLATION (0xc0000005) at pc=0x000000007503cac1, pid=4148, tid=5432
#
# JRE version: 6.0_17-b04
# Java VM: Java HotSpot(TM) 64-Bit Server VM (14.3-b01 mixed mode windows-amd64 )
# Problematic frame:
# C  [iqm.dll+0x3cac1]
#
# If you would like to submit a bug report, please visit:
#   http://java.sun.com/webapps/bugreport/crash.jsp
# The crash happened outside the Java Virtual Machine in native code.
# See problematic frame for where to report the bug.
#

---------------  T H R E A D  ---------------

Current thread (0x0000000039a4f000):  JavaThread "AWT-EventQueue-0" [_thread_in_native, id=5432, stack(0x000000000c7f0000,0x000000000c870000)]

siginfo: ExceptionCode=0xc0000005, reading address 0xffffffffffffffff

Registers:
EAX=0x00000000041d8040, EBX=0x000000000c86e990, ECX=0x00000000041d8040, EDX=0x000000000c86e910
ESP=0x000000000c86e8b0, EBP=0x000000003d31a420, ESI=0x000000000c86e9c8, EDI=0x000000003cfea138
EIP=0x000000007503cac1, EFLAGS=0x0000000000010206

Top of Stack: (sp=0x000000000c86e8b0)
0x000000000c86e8b0:   0000000000000000 00000000745f806c
0x000000000c86e8c0:   000000000c86e990 0000000002313610
0x000000000c86e8d0:   000000000c86eef0 0000000000000000
0x000000000c86e8e0:   fffffffffffffffe 00000000750ced98
0x000000000c86e8f0:   0000000056963fa0 0000000073582c23
0x000000000c86e900:   0000000000000010 000000000000001f
0x000000000c86e910:   0000000000000000 000000005892a510
0x000000000c86e920:   0000000016260010 000000007502e28c
0x000000000c86e930:   000000000c86ea60 000000003cfea138
0x000000000c86e940:   0000000016260010 00000000041d82c0
0x000000000c86e950:   000000003d31a410 0000000075032f00
0x000000000c86e960:   000000003d31a420 0000000000000000
0x000000000c86e970:   000000003cfea138 000007fffff54ca0
0x000000000c86e980:   000007fffff54ca0 000000003d63e898
0x000000000c86e990:   000007fffff54ca0 000000007501c217
0x000000000c86e9a0:   00000000000000ff 0000000000000007 

Instructions: (pc=0x000000007503cac1)
0x000000007503cab1:   4c 8b 08 4c 8d 44 24 38 48 8d 54 24 60 48 8b c8
0x000000007503cac1:   41 ff 51 18 90 49 8b c4 48 8d 15 60 71 ff ff 0f 


Stack: [0x000000000c7f0000,0x000000000c870000],  sp=0x000000000c86e8b0,  free space=506k
Native frames: (J=compiled Java code, j=interpreted, Vv=VM code, C=native code)
C  [iqm.dll+0x3cac1]

Java frames: (J=compiled Java code, j=interpreted, Vv=VM code)
j  com.mathworks.jmi.NativeMatlab.PostMatlabMessage(Ljava/lang/Object;J)V+0
j  com.mathworks.jmi.NativeMatlab.postMatlabMessage(Ljava/lang/Object;J)V+3
j  com.mathworks.jmi.NativeMatlab.postMatlabMessage(Ljava/lang/Object;)V+6
j  com.mathworks.jmi.MatlabLooper.postMatlabMessage(Lcom/mathworks/services/message/MWMessage;Lcom/mathworks/services/message/MWHandler;)V+30
j  com.mathworks.jmi.MatlabMCR.postAsync(Lcom/mathworks/services/message/MWMessage;Lcom/mathworks/jmi/CompletionObserver;Lcom/mathworks/jmi/MatlabListener;)V+34
j  com.mathworks.jmi.MatlabMCR.eval(Ljava/lang/String;Lcom/mathworks/jmi/CompletionObserver;)V+44
j  com.mathworks.mlwidgets.workspace.MatlabWorkspaceListener.waitForInterpreterForWhos(Lcom/mathworks/mlwidgets/workspace/WorkspaceObserver;Lcom/mathworks/mlwidgets/workspace/WorkspaceChange;)V+33
j  com.mathworks.mlwidgets.workspace.MatlabWorkspaceListener.startWhosQueryForTimer()V+81
j  com.mathworks.mlwidgets.workspace.MatlabWorkspaceListener.workspaceChangeTimerCallback()V+8
j  com.mathworks.mlwidgets.workspace.MatlabWorkspaceListener$WorkspaceChangeTimerCallback.actionPerformed(Ljava/awt/event/ActionEvent;)V+0
j  javax.swing.Timer.fireActionPerformed(Ljava/awt/event/ActionEvent;)V+35
j  javax.swing.Timer$DoPostEvent.run()V+71
J  java.awt.EventDispatchThread.pumpOneEventForFilters(I)Z
j  java.awt.EventDispatchThread.pumpEventsForFilter(ILjava/awt/Conditional;Ljava/awt/EventFilter;)V+30
j  java.awt.EventDispatchThread.pumpEventsForHierarchy(ILjava/awt/Conditional;Ljava/awt/Component;)V+11
j  java.awt.EventDispatchThread.pumpEvents(ILjava/awt/Conditional;)V+4
j  java.awt.EventDispatchThread.pumpEvents(Ljava/awt/Conditional;)V+3
j  java.awt.EventDispatchThread.run()V+9
v  ~StubRoutines::call_stub

---------------  P R O C E S S  ---------------

Java Threads: ( => current thread )
  0x0000000039a12000 JavaThread "RequestQueue for GenericFileList" [_thread_blocked, id=5108, stack(0x000000000dfe0000,0x000000000e060000)]
  0x0000000039a10800 JavaThread "Timer-5" daemon [_thread_blocked, id=6432, stack(0x000000003e9e0000,0x000000003ea60000)]
  0x0000000039a0d000 JavaThread "Prefs Updater" daemon [_thread_blocked, id=7064, stack(0x00000000305a0000,0x0000000030620000)]
  0x0000000039a0c800 JavaThread "Timer-1" [_thread_blocked, id=6468, stack(0x0000000044d30000,0x0000000044db0000)]
  0x0000000039a0b800 JavaThread "FelixPackageAdmin" daemon [_thread_blocked, id=7020, stack(0x000000003e920000,0x000000003e9a0000)]
  0x000000003a01d800 JavaThread "FelixStartLevel" daemon [_thread_blocked, id=6964, stack(0x0000000039a50000,0x0000000039ad0000)]
  0x0000000039e75000 JavaThread "FelixDispatchQueue" daemon [_thread_blocked, id=1112, stack(0x000000003b1b0000,0x000000003b230000)]
  0x00000000399ab800 JavaThread "TimerQueue" daemon [_thread_blocked, id=3080, stack(0x0000000037be0000,0x0000000037c60000)]
=>0x0000000039a4f000 JavaThread "AWT-EventQueue-0" [_thread_in_native, id=5432, stack(0x000000000c7f0000,0x000000000c870000)]
  0x00000000398e5000 JavaThread "com.google.common.base.internal.Finalizer" daemon [_thread_blocked, id=5132, stack(0x000000002ef00000,0x000000002ef80000)]
  0x00000000397f6000 JavaThread "AWT-Windows" daemon [_thread_in_native, id=1496, stack(0x0000000029920000,0x00000000299a0000)]
  0x0000000039890000 JavaThread "AWT-Shutdown" [_thread_blocked, id=6716, stack(0x000000000f840000,0x000000000f8c0000)]
  0x0000000039882800 JavaThread "Java2D Disposer" daemon [_thread_blocked, id=5604, stack(0x000000000f7c0000,0x000000000f840000)]
  0x000000000fe7b000 JavaThread "Timer-0" [_thread_blocked, id=6460, stack(0x000000000b0f0000,0x000000000b170000)]
  0x000000000fd5d000 JavaThread "JMI Unnamed Thread" [_thread_in_native, id=5588, stack(0x0000000006890000,0x0000000007d90000)]
  0x000000000fb69800 JavaThread "Low Memory Detector" daemon [_thread_blocked, id=5896, stack(0x0000000009a70000,0x0000000009af0000)]
  0x000000000fb63000 JavaThread "CompilerThread1" daemon [_thread_blocked, id=1764, stack(0x00000000366a0000,0x0000000037ba0000)]
  0x000000000fb5d000 JavaThread "CompilerThread0" daemon [_thread_blocked, id=3800, stack(0x0000000035150000,0x0000000036650000)]
  0x000000000fb5c000 JavaThread "Attach Listener" daemon [_thread_blocked, id=6768, stack(0x00000000099c0000,0x0000000009a40000)]
  0x000000000fafe800 JavaThread "Finalizer" daemon [_thread_blocked, id=6896, stack(0x000000000b060000,0x000000000b0e0000)]
  0x000000000faf6000 JavaThread "Reference Handler" daemon [_thread_blocked, id=5048, stack(0x00000000082b0000,0x0000000008330000)]
  0x000000000235f800 JavaThread "main" [_thread_blocked, id=6360, stack(0x0000000000170000,0x0000000001670000)]

Other Threads:
  0x00000000022cc800 VMThread [stack: 0x0000000033bc0000,0x00000000350c0000] [id=5468]
  0x000000000fb86800 WatcherThread [stack: 0x0000000037d50000,0x0000000039250000] [id=6684]

VM state:not at safepoint (normal execution)

VM Mutex/Monitor currently owned by a thread: None

Heap
 PSYoungGen      total 33472K, used 19340K [0x0000000025250000, 0x0000000028350000, 0x0000000028350000)
  eden space 16768K, 46% used [0x0000000025250000,0x00000000259e4e88,0x00000000262b0000)
  from space 16704K, 69% used [0x0000000027300000,0x0000000027e4e190,0x0000000028350000)
  to   space 16704K, 0% used [0x00000000262b0000,0x00000000262b0000,0x0000000027300000)
 PSOldGen        total 91200K, used 55297K [0x000000001bf50000, 0x0000000021860000, 0x0000000025250000)
  object space 91200K, 60% used [0x000000001bf50000,0x000000001f550410,0x0000000021860000)
 PSPermGen       total 104000K, used 54978K [0x0000000013f50000, 0x000000001a4e0000, 0x000000001bf50000)
  object space 104000K, 52% used [0x0000000013f50000,0x0000000017500978,0x000000001a4e0000)

Dynamic libraries:
0x000000013f400000 - 0x000000013f429000 	C:\Program Files\MATLAB\R2011a\bin\win64\MATLAB.exe
0x0000000077140000 - 0x00000000772e9000 	C:\Windows\SYSTEM32\ntdll.dll
0x0000000076f20000 - 0x000000007703f000 	C:\Windows\system32\kernel32.dll
0x000007fefd1d0000 - 0x000007fefd23b000 	C:\Windows\system32\KERNELBASE.dll
0x0000000074460000 - 0x0000000074569000 	C:\Program Files\MATLAB\R2011a\bin\win64\libut.dll
0x00000000758a0000 - 0x0000000075920000 	C:\Program Files\MATLAB\R2011a\bin\win64\libmwi18n.dll
0x0000000180000000 - 0x000000018000b000 	C:\Program Files\MATLAB\R2011a\bin\win64\libmwresource_core.dll
0x0000000073580000 - 0x0000000073653000 	C:\Windows\WinSxS\amd64_microsoft.vc90.crt_1fc8b3b9a1e18e3b_9.0.30729.6161_none_08e61857a83bc251\MSVCP90.dll
0x00000000745e0000 - 0x0000000074683000 	C:\Windows\WinSxS\amd64_microsoft.vc90.crt_1fc8b3b9a1e18e3b_9.0.30729.6161_none_08e61857a83bc251\MSVCR90.dll
0x000000007a3b0000 - 0x000000007a3c0000 	C:\Program Files\MATLAB\R2011a\bin\win64\boost_date_time-vc90-mt-1_40.dll
0x000000007a170000 - 0x000000007a189000 	C:\Program Files\MATLAB\R2011a\bin\win64\boost_filesystem-vc90-mt-1_40.dll
0x000000007a560000 - 0x000000007a569000 	C:\Program Files\MATLAB\R2011a\bin\win64\boost_system-vc90-mt-1_40.dll
0x000000007a2d0000 - 0x000000007a2e2000 	C:\Program Files\MATLAB\R2011a\bin\win64\boost_thread-vc90-mt-1_40.dll
0x000000007a010000 - 0x000000007a035000 	C:\Program Files\MATLAB\R2011a\bin\win64\LIBEXPAT.dll
0x00000000739d0000 - 0x0000000073b8c000 	C:\Program Files\MATLAB\R2011a\bin\win64\icuin42.dll
0x00000000740b0000 - 0x0000000074223000 	C:\Program Files\MATLAB\R2011a\bin\win64\icuuc42.dll
0x000007feff240000 - 0x000007feff31b000 	C:\Windows\system32\ADVAPI32.dll
0x000007fefd8c0000 - 0x000007fefd95f000 	C:\Windows\system32\msvcrt.dll
0x000007fefe170000 - 0x000007fefe18f000 	C:\Windows\SYSTEM32\sechost.dll
0x000007feff320000 - 0x000007feff44d000 	C:\Windows\system32\RPCRT4.dll
0x0000000010000000 - 0x0000000010f47000 	C:\Program Files\MATLAB\R2011a\bin\win64\icudt42.dll
0x0000000073f70000 - 0x000000007407d000 	C:\Program Files\MATLAB\R2011a\bin\win64\libmwfl.dll
0x00000000017e0000 - 0x0000000001873000 	C:\Program Files\MATLAB\R2011a\bin\win64\libmwMATLAB_res.dll
0x000000007a250000 - 0x000000007a263000 	C:\Program Files\MATLAB\R2011a\bin\win64\boost_signals-vc90-mt-1_40.dll
0x0000000001690000 - 0x00000000016d6000 	C:\Program Files\MATLAB\R2011a\bin\win64\tbb.dll
0x000007fefdf20000 - 0x000007fefdf39000 	C:\Windows\system32\imagehlp.dll
0x0000000077300000 - 0x0000000077307000 	C:\Windows\system32\PSAPI.DLL
0x000000007a3d0000 - 0x000000007a3e3000 	C:\Program Files\MATLAB\R2011a\bin\win64\icuio42.dll
0x000007fef4680000 - 0x000007fef47a5000 	C:\Windows\system32\dbghelp.dll
0x0000000077040000 - 0x000000007713a000 	C:\Windows\system32\USER32.dll
0x000007fefde30000 - 0x000007fefde97000 	C:\Windows\system32\GDI32.dll
0x000007feff230000 - 0x000007feff23e000 	C:\Windows\system32\LPK.dll
0x000007fefe2a0000 - 0x000007fefe369000 	C:\Windows\system32\USP10.dll
0x000000007bed0000 - 0x000000007c0f5000 	C:\Program Files\MATLAB\R2011a\bin\win64\libmwservices.dll
0x0000000075a20000 - 0x0000000075ab2000 	C:\Program Files\MATLAB\R2011a\bin\win64\libmx.dll
0x000000007a210000 - 0x000000007a226000 	C:\Program Files\MATLAB\R2011a\bin\win64\zlib1.dll
0x0000000074330000 - 0x000000007444b000 	C:\Program Files\MATLAB\R2011a\bin\win64\libmwmathutil.dll
0x0000000072e50000 - 0x0000000072ea4000 	C:\Program Files\MATLAB\R2011a\bin\win64\mpath.dll
0x000000007b680000 - 0x000000007b982000 	C:\Program Files\MATLAB\R2011a\bin\win64\mlutil.dll
0x0000000072dc0000 - 0x0000000072e42000 	C:\Program Files\MATLAB\R2011a\bin\win64\xmlcore.dll
0x000000007bc30000 - 0x000000007be83000 	C:\Program Files\MATLAB\R2011a\bin\win64\xerces-c_2_7.dll
0x000007fefdbd0000 - 0x000007fefdc1d000 	C:\Windows\system32\WS2_32.dll
0x000007fefdbc0000 - 0x000007fefdbc8000 	C:\Windows\system32\NSI.dll
0x000007fefe410000 - 0x000007feff198000 	C:\Windows\system32\SHELL32.dll
0x000007fefdea0000 - 0x000007fefdf11000 	C:\Windows\system32\SHLWAPI.dll
0x000007fef90e0000 - 0x000007fef9180000 	C:\Windows\WinSxS\amd64_microsoft.windows.common-controls_6595b64144ccf1df_5.82.7601.18201_none_a4d3b9377117c3df\COMCTL32.dll
0x000007fefe370000 - 0x000007fefe407000 	C:\Windows\system32\COMDLG32.dll
0x000007fefa2f0000 - 0x000007fefa306000 	C:\Windows\system32\NETAPI32.dll
0x000007fefa2c0000 - 0x000007fefa2cc000 	C:\Windows\system32\netutils.dll
0x000007fefc9c0000 - 0x000007fefc9e3000 	C:\Windows\system32\srvcli.dll
0x000007fefa250000 - 0x000007fefa265000 	C:\Windows\system32\wkscli.dll
0x000007fefdc20000 - 0x000007fefde23000 	C:\Windows\system32\ole32.dll
0x000007fefd7e0000 - 0x000007fefd8b7000 	C:\Windows\system32\OLEAUT32.dll
0x0000000074970000 - 0x0000000074a34000 	C:\Program Files\MATLAB\R2011a\bin\win64\mcr.dll
0x0000000075000000 - 0x00000000750e4000 	C:\Program Files\MATLAB\R2011a\bin\win64\iqm.dll
0x000000006d310000 - 0x000000006daac000 	C:\Program Files\MATLAB\R2011a\bin\win64\m_interpreter.dll
0x0000000072db0000 - 0x0000000072dbf000 	C:\Program Files\MATLAB\R2011a\bin\win64\libmex.dll
0x0000000072d00000 - 0x0000000072da4000 	C:\Program Files\MATLAB\R2011a\bin\win64\m_dispatcher.dll
0x0000000074880000 - 0x0000000074945000 	C:\Program Files\MATLAB\R2011a\bin\win64\boost_regex-vc90-mt-1_40.dll
0x0000000072c80000 - 0x0000000072cff000 	C:\Program Files\MATLAB\R2011a\bin\win64\profiler.dll
0x0000000079f40000 - 0x0000000079f6c000 	C:\Program Files\MATLAB\R2011a\bin\win64\libmwmathrng.dll
0x0000000072c60000 - 0x0000000072c80000 	C:\Program Files\MATLAB\R2011a\bin\win64\m_pcodeio.dll
0x0000000079b10000 - 0x0000000079b71000 	C:\Program Files\MATLAB\R2011a\bin\win64\m_ir.dll
0x000000006dc10000 - 0x000000006e24b000 	C:\Program Files\MATLAB\R2011a\bin\win64\m_parser.dll
0x0000000072c40000 - 0x0000000072c59000 	C:\Program Files\MATLAB\R2011a\bin\win64\ir_xfmr.dll
0x000000006e7a0000 - 0x000000006e9eb000 	C:\Program Files\MATLAB\R2011a\bin\win64\mcos.dll
0x0000000072c30000 - 0x0000000072c3c000 	C:\Program Files\MATLAB\R2011a\bin\win64\mtok.dll
0x000000006e770000 - 0x000000006e79b000 	C:\Program Files\MATLAB\R2011a\bin\win64\m_pcodegen.dll
0x0000000076160000 - 0x00000000761c2000 	C:\Program Files\MATLAB\R2011a\bin\win64\libmwspmatrix.dll
0x0000000079fb0000 - 0x0000000079fde000 	C:\Program Files\MATLAB\R2011a\bin\win64\libmwbridge.dll
0x000000006e6b0000 - 0x000000006e769000 	C:\Program Files\MATLAB\R2011a\bin\win64\udd.dll
0x000000006e560000 - 0x000000006e6a1000 	C:\Program Files\MATLAB\R2011a\bin\win64\libmwgui.dll
0x000000006ea10000 - 0x000000006ea27000 	C:\Program Files\MATLAB\R2011a\bin\win64\graphics_util.dll
0x000000006ca90000 - 0x000000006d310000 	C:\Program Files\MATLAB\R2011a\bin\win64\hg.dll
0x0000000076100000 - 0x000000007614f000 	C:\Program Files\MATLAB\R2011a\bin\win64\libmat.dll
0x0000000001a70000 - 0x0000000001c73000 	C:\Program Files\MATLAB\R2011a\bin\win64\libhdf5.dll
0x000000006e4e0000 - 0x000000006e55b000 	C:\Program Files\MATLAB\R2011a\bin\win64\jmi.dll
0x0000000001ca0000 - 0x0000000001cae000 	C:\Program Files\MATLAB\R2011a\bin\win64\nativejava_services.dll
0x000000006e4a0000 - 0x000000006e4dc000 	C:\Program Files\MATLAB\R2011a\bin\win64\libmwhardcopy.dll
0x000000006e440000 - 0x000000006e498000 	C:\Program Files\MATLAB\R2011a\bin\win64\libuij.dll
0x000000006c8a0000 - 0x000000006ca83000 	C:\Program Files\MATLAB\R2011a\bin\win64\hgdatatypes.dll
0x000000006e380000 - 0x000000006e43c000 	C:\Program Files\MATLAB\R2011a\bin\win64\hgutils.dll
0x000000006e300000 - 0x000000006e37c000 	C:\Program Files\MATLAB\R2011a\bin\win64\libmwlapack.dll
0x000000006e2e0000 - 0x000000006e2f2000 	C:\Program Files\MATLAB\R2011a\bin\win64\libmwbinder.dll
0x0000000072c20000 - 0x0000000072c2b000 	C:\Program Files\MATLAB\R2011a\bin\win64\libmwompwrapper.dll
0x0000000001d30000 - 0x0000000001ff4000 	C:\Program Files\MATLAB\R2011a\bin\win64\uiw.dll
0x0000000070a60000 - 0x0000000070a6a000 	C:\Program Files\MATLAB\R2011a\bin\win64\uinone.dll
0x000000006c3b0000 - 0x000000006c894000 	C:\Windows\WinSxS\amd64_microsoft.vc90.mfc_1fc8b3b9a1e18e3b_9.0.30729.6161_none_044aad0bab1eb146\mfc90.dll
0x000007fef96a0000 - 0x000007fef96a7000 	C:\Windows\system32\MSIMG32.dll
0x000007fef9060000 - 0x000007fef90d1000 	C:\Windows\system32\WINSPOOL.DRV
0x000000006db60000 - 0x000000006dc09000 	C:\Program Files\MATLAB\R2011a\bin\win64\udd_mi.dll
0x000000006e2c0000 - 0x000000006e2db000 	C:\Program Files\MATLAB\R2011a\bin\win64\mwoles05.DLL
0x000000006daf0000 - 0x000000006db5e000 	C:\Program Files\MATLAB\R2011a\bin\win64\comcli.dll
0x00000000731d0000 - 0x00000000731ff000 	C:\Windows\WinSxS\amd64_microsoft.vc90.atl_1fc8b3b9a1e18e3b_9.0.30729.6161_none_0a1fd3a3a768b895\ATL90.DLL
0x00000000705e0000 - 0x00000000705ec000 	C:\Program Files\MATLAB\R2011a\bin\win64\mlautoregister.dll
0x0000000002060000 - 0x000000000206d000 	C:\Program Files\MATLAB\R2011a\bin\win64\boost_iostreams-vc90-mt-1_40.dll
0x000007feff1a0000 - 0x000007feff1ce000 	C:\Windows\system32\IMM32.DLL
0x000007fefe190000 - 0x000007fefe299000 	C:\Windows\system32\MSCTF.dll
0x000007fefb4e0000 - 0x000007fefb536000 	C:\Windows\system32\UxTheme.dll
0x000007fefb240000 - 0x000007fefb258000 	C:\Windows\system32\dwmapi.dll
0x0000000072eb0000 - 0x0000000072ebd000 	C:\Windows\WinSxS\amd64_microsoft.vc90.mfcloc_1fc8b3b9a1e18e3b_9.0.30729.6161_none_01c9581e60cbee58\MFC90ENU.DLL
0x0000000002310000 - 0x0000000002339000 	C:\Program Files\MATLAB\R2011a\bin\win64\tbbmalloc.dll
0x000007fefcf20000 - 0x000007fefcf2f000 	C:\Windows\system32\profapi.dll
0x000007fefa880000 - 0x000007fefa8a7000 	C:\Windows\system32\iphlpapi.dll
0x000007fefa870000 - 0x000007fefa87b000 	C:\Windows\system32\WINNSI.DLL
0x000007fefc520000 - 0x000007fefc57b000 	C:\Windows\system32\DNSAPI.dll
0x000007fefa670000 - 0x000007fefa681000 	C:\Windows\system32\dhcpcsvc6.DLL
0x000007fefa650000 - 0x000007fefa668000 	C:\Windows\system32\dhcpcsvc.DLL
0x0000000070540000 - 0x0000000070543000 	C:\Windows\system32\icmp.Dll
0x000007fefce50000 - 0x000007fefce5f000 	C:\Windows\system32\CRYPTBASE.dll
0x000007fefd140000 - 0x000007fefd176000 	C:\Windows\system32\CFGMGR32.dll
0x0000000078870000 - 0x0000000078ecd000 	C:\Program Files\MATLAB\R2011a\sys\java\jre\win64\jre\bin\server\jvm.dll
0x000007fefacd0000 - 0x000007fefad0b000 	C:\Windows\system32\WINMM.dll
0x000000007a440000 - 0x000000007a44e000 	C:\Program Files\MATLAB\R2011a\sys\java\jre\win64\jre\bin\verify.dll
0x000000007a070000 - 0x000000007a097000 	C:\Program Files\MATLAB\R2011a\sys\java\jre\win64\jre\bin\java.dll
0x000000007a540000 - 0x000000007a54a000 	C:\Program Files\MATLAB\R2011a\sys\java\jre\win64\jre\bin\hpi.dll
0x000007fefd350000 - 0x000007fefd3e9000 	C:\Windows\system32\CLBCatQ.DLL
0x000000007a370000 - 0x000000007a382000 	C:\Program Files\MATLAB\R2011a\sys\java\jre\win64\jre\bin\zip.dll
0x0000000075b90000 - 0x0000000075bfb000 	C:\Program Files\MATLAB\R2011a\sys\java\jre\win64\jre\bin\fontmanager.dll
0x000000000dd70000 - 0x000000000df31000 	C:\Program Files\MATLAB\R2011a\sys\java\jre\win64\jre\bin\awt.dll
0x0000000079cf0000 - 0x0000000079d36000 	C:\Program Files\MATLAB\R2011a\bin\win64\nativejmi.dll
0x000000007a600000 - 0x000000007a608000 	C:\Program Files\MATLAB\R2011a\bin\win64\nativeservices.dll
0x000000007a0d0000 - 0x000000007a0e8000 	C:\Program Files\MATLAB\R2011a\bin\win64\nativejava.dll
0x000007fef3490000 - 0x000007fef34a8000 	C:\Windows\system32\MPR.dll
0x000000007a230000 - 0x000000007a247000 	C:\Program Files\MATLAB\R2011a\sys\java\jre\win64\jre\bin\net.dll
0x000007fefc740000 - 0x000007fefc795000 	C:\Windows\system32\mswsock.dll
0x000007fefc8c0000 - 0x000007fefc8c7000 	C:\Windows\System32\wship6.dll
0x000000007a500000 - 0x000000007a50b000 	C:\Program Files\MATLAB\R2011a\sys\java\jre\win64\jre\bin\nio.dll

VM Arguments:
jvm_args: -Xss512k -XX:PermSize=32m -Xms64m -XX:NewRatio=3 -XX:MaxPermSize=128m -Xmx196m -XX:MaxDirectMemorySize=2147400000 -Dsun.java2d.noddraw=true -Dsun.awt.nopixfmt=true -Xshare:off -Xrs -Dsun.awt.disableMixing=true -Djava.library.path=C:\Program Files\MATLAB\R2011a\bin\win64 vfprintf abort 
java_command: <unknown>
Launcher Type: generic

Environment Variables:
CLASSPATH=C:\Program Files\Mosek\7\tools\platform\win64x86\bin\mosek.jar;C:\Program Files\Mosek\7\tools\platform\win64x86\bin\fusion.jar
PATH=C:\Program Files\MATLAB\R2011a\bin\win64;C:\CTEX\UserData\miktex\bin;C:\CTEX\MiKTeX\miktex\bin;C:\CTEX\CTeX\ctex\bin;C:\CTEX\CTeX\cct\bin;C:\CTEX\CTeX\ty\bin;C:\CTEX\Ghostscript\gs9.05\bin;C:\CTEX\GSview\gsview;C:\CTEX\WinEdt;C:\Program Files\MATLAB\R2011a\runtime\win64;C:\Program Files\MATLAB\R2011a\bin;C:\Program Files (x86)\Microsoft SQL Server\100\Tools\Binn\;C:\Program Files\Microsoft SQL Server\100\Tools\Binn\;C:\Program Files\Microsoft SQL Server\100\DTS\Binn\;C:\Program Files\IBM\ILOG\CPLEX_Studio1251\opl\bin\x64_win64;C:\Program Files\IBM\ILOG\CPLEX_Studio1251\opl\oplide\;C:\Program Files\IBM\ILOG\CPLEX_Studio1251\cplex\bin\x64_win64;C:\Program Files\IBM\ILOG\CPLEX_Studio1251\cpoptimizer\bin\x64_win64;C:\Program Files\Mosek\7\tools\platform\win64x86\bin;D:\Program Files\TortoiseGit\bin
USERNAME=Vicon
OS=Windows_NT
PROCESSOR_IDENTIFIER=Intel64 Family 6 Model 58 Stepping 9, GenuineIntel



---------------  S Y S T E M  ---------------

OS: Windows 7 Build 7601 Service Pack 1

CPU:total 8 (8 cores per cpu, 2 threads per core) family 6 model 58 stepping 9, cmov, cx8, fxsr, mmx, sse, sse2, sse3, ssse3, sse4.1, sse4.2, ht

Memory: 4k page, physical 16731116k(13014356k free), swap 545460368k(540917356k free)

vm_info: Java HotSpot(TM) 64-Bit Server VM (14.3-b01) for windows-amd64 JRE (1.6.0_17-b04), built on Oct 11 2009 00:46:08 by "java_re" with MS VC++ 8.0

time: Tue Nov 19 14:04:05 2013
elapsed time: 69 seconds

