#
# A fatal error has been detected by the Java Runtime Environment:
#
#  EXCEPTION_ACCESS_VIOLATION (0xc0000005) at pc=0x000000007503cac1, pid=4376, tid=7120
#
# JRE version: 6.0_17-b04
# Java VM: Java HotSpot(TM) 64-Bit Server VM (14.3-b01 mixed mode windows-amd64 )
# Problematic frame:
# C  [iqm.dll+0x3cac1]
#
# If you would like to submit a bug report, please visit:
#   http://java.sun.com/webapps/bugreport/crash.jsp
# The crash happened outside the Java Virtual Machine in native code.
# See problematic frame for where to report the bug.
#

---------------  T H R E A D  ---------------

Current thread (0x0000000039983000):  JavaThread "AWT-EventQueue-0" [_thread_in_native, id=7120, stack(0x000000002dd60000,0x000000002dde0000)]

siginfo: ExceptionCode=0xc0000005, reading address 0xffffffffffffffff

Registers:
EAX=0x0000000004144cc0, EBX=0x000000002ddde9a0, ECX=0x0000000004144cc0, EDX=0x000000002ddde920
ESP=0x000000002ddde8c0, EBP=0x000000003cf70db0, ESI=0x000000002ddde9d8, EDI=0x000000005c16b018
EIP=0x000000007503cac1, EFLAGS=0x0000000000010202

Top of Stack: (sp=0x000000002ddde8c0)
0x000000002ddde8c0:   0000000000000000 000000000010806c
0x000000002ddde8d0:   000000002ddde9a0 00000000020b3610
0x000000002ddde8e0:   000000002dddeef8 0000000000000000
0x000000002ddde8f0:   fffffffffffffffe 00000000750ced98
0x000000002ddde900:   000000005b3cfc30 0000000073cf2c23
0x000000002ddde910:   0000000000000010 000000000000001f
0x000000002ddde920:   0000000000000000 00000000565be3f0
0x000000002ddde930:   00000000178b5758 000000007502e28c
0x000000002ddde940:   000000002dddea70 000000005c16b018
0x000000002ddde950:   00000000178b5758 0000000004144f40
0x000000002ddde960:   000000003cf70da0 0000000075032f00
0x000000002ddde970:   000000003cf70db0 0000000000000000
0x000000002ddde980:   000000005c16b018 000007fffff74700
0x000000002ddde990:   000007fffff74700 000000003ce28918
0x000000002ddde9a0:   000007fffff74700 000000007501c217
0x000000002ddde9b0:   000000000000007f 0000000000000006 

Instructions: (pc=0x000000007503cac1)
0x000000007503cab1:   4c 8b 08 4c 8d 44 24 38 48 8d 54 24 60 48 8b c8
0x000000007503cac1:   41 ff 51 18 90 49 8b c4 48 8d 15 60 71 ff ff 0f 


Stack: [0x000000002dd60000,0x000000002dde0000],  sp=0x000000002ddde8c0,  free space=506k
Native frames: (J=compiled Java code, j=interpreted, Vv=VM code, C=native code)
C  [iqm.dll+0x3cac1]

Java frames: (J=compiled Java code, j=interpreted, Vv=VM code)
j  com.mathworks.jmi.NativeMatlab.PostMatlabMessage(Ljava/lang/Object;J)V+0
j  com.mathworks.jmi.NativeMatlab.postMatlabMessage(Ljava/lang/Object;J)V+3
j  com.mathworks.jmi.NativeMatlab.postMatlabMessage(Ljava/lang/Object;)V+6
j  com.mathworks.jmi.MatlabLooper.postMatlabMessage(Lcom/mathworks/services/message/MWMessage;Lcom/mathworks/services/message/MWHandler;)V+30
j  com.mathworks.jmi.MatlabMCR.postAsync(Lcom/mathworks/services/message/MWMessage;Lcom/mathworks/jmi/CompletionObserver;Lcom/mathworks/jmi/MatlabListener;)V+34
j  com.mathworks.jmi.MatlabMCR.eval(Ljava/lang/String;Lcom/mathworks/jmi/CompletionObserver;)V+44
j  com.mathworks.mlwidgets.workspace.MatlabWorkspaceListener.waitForInterpreterForWhos(Lcom/mathworks/mlwidgets/workspace/WorkspaceObserver;Lcom/mathworks/mlwidgets/workspace/WorkspaceChange;)V+33
j  com.mathworks.mlwidgets.workspace.MatlabWorkspaceListener.startWhosQueryForTimer()V+81
j  com.mathworks.mlwidgets.workspace.MatlabWorkspaceListener.workspaceChangeTimerCallback()V+8
j  com.mathworks.mlwidgets.workspace.MatlabWorkspaceListener$WorkspaceChangeTimerCallback.actionPerformed(Ljava/awt/event/ActionEvent;)V+0
j  javax.swing.Timer.fireActionPerformed(Ljava/awt/event/ActionEvent;)V+35
j  javax.swing.Timer$DoPostEvent.run()V+71
j  java.awt.event.InvocationEvent.dispatch()V+47
J  java.awt.EventDispatchThread.pumpOneEventForFilters(I)Z
J  java.awt.EventDispatchThread.pumpEventsForFilter(ILjava/awt/Conditional;Ljava/awt/EventFilter;)V
j  java.awt.EventDispatchThread.pumpEventsForHierarchy(ILjava/awt/Conditional;Ljava/awt/Component;)V+11
j  java.awt.EventDispatchThread.pumpEvents(ILjava/awt/Conditional;)V+4
j  java.awt.EventDispatchThread.pumpEvents(Ljava/awt/Conditional;)V+3
j  java.awt.EventDispatchThread.run()V+9
v  ~StubRoutines::call_stub

---------------  P R O C E S S  ---------------

Java Threads: ( => current thread )
  0x000000003a0f7000 JavaThread "Thread-112" [_thread_blocked, id=5312, stack(0x0000000041140000,0x00000000411c0000)]
  0x000000003a0fc800 JavaThread "Active Reference Queue Daemon" daemon [_thread_blocked, id=6656, stack(0x000000005cd70000,0x000000005cdf0000)]
  0x000000003a0f7800 JavaThread "Timer-83" daemon [_thread_blocked, id=1940, stack(0x000000005ce60000,0x000000005cee0000)]
  0x000000003a0fb000 JavaThread "RequestQueue for GenericFileList" [_thread_blocked, id=6924, stack(0x000000000da40000,0x000000000dac0000)]
  0x000000003a0fa000 JavaThread "Timer-5" daemon [_thread_blocked, id=4508, stack(0x0000000044cb0000,0x0000000044d30000)]
  0x000000003a0f6000 JavaThread "Prefs Updater" daemon [_thread_blocked, id=5296, stack(0x0000000044af0000,0x0000000044b70000)]
  0x000000003a0f5800 JavaThread "Timer-1" [_thread_blocked, id=6744, stack(0x000000003fca0000,0x000000003fd20000)]
  0x000000003a0f4800 JavaThread "FelixPackageAdmin" daemon [_thread_blocked, id=6520, stack(0x000000003fd20000,0x000000003fda0000)]
  0x0000000039e39800 JavaThread "FelixStartLevel" daemon [_thread_blocked, id=5208, stack(0x0000000031ee0000,0x0000000031f60000)]
  0x0000000039e39000 JavaThread "FelixDispatchQueue" daemon [_thread_blocked, id=3512, stack(0x00000000378c0000,0x0000000037940000)]
  0x00000000399f2000 JavaThread "TimerQueue" daemon [_thread_blocked, id=3684, stack(0x0000000037810000,0x0000000037890000)]
=>0x0000000039983000 JavaThread "AWT-EventQueue-0" [_thread_in_native, id=7120, stack(0x000000002dd60000,0x000000002dde0000)]
  0x0000000039837000 JavaThread "com.google.common.base.internal.Finalizer" daemon [_thread_blocked, id=5976, stack(0x0000000028420000,0x00000000284a0000)]
  0x000000003986a000 JavaThread "AWT-Windows" daemon [_thread_in_native, id=772, stack(0x000000002b100000,0x000000002b180000)]
  0x0000000039869000 JavaThread "AWT-Shutdown" [_thread_blocked, id=6488, stack(0x0000000029a20000,0x0000000029aa0000)]
  0x00000000397dc800 JavaThread "Java2D Disposer" daemon [_thread_blocked, id=5108, stack(0x00000000283a0000,0x0000000028420000)]
  0x0000000039098000 JavaThread "Timer-0" [_thread_blocked, id=5716, stack(0x0000000006990000,0x0000000006a10000)]
  0x0000000039193800 JavaThread "JMI Unnamed Thread" [_thread_in_native, id=912, stack(0x0000000006a30000,0x0000000007f30000)]
  0x0000000033629800 JavaThread "Low Memory Detector" daemon [_thread_blocked, id=1284, stack(0x000000000f2c0000,0x000000000f340000)]
  0x0000000033623000 JavaThread "CompilerThread1" daemon [_thread_blocked, id=6192, stack(0x00000000362d0000,0x00000000377d0000)]
  0x000000003361d000 JavaThread "CompilerThread0" daemon [_thread_blocked, id=776, stack(0x0000000034c80000,0x0000000036180000)]
  0x000000003361c000 JavaThread "Attach Listener" daemon [_thread_blocked, id=3268, stack(0x00000000083d0000,0x0000000008450000)]
  0x00000000335be800 JavaThread "Finalizer" daemon [_thread_blocked, id=1188, stack(0x0000000008330000,0x00000000083b0000)]
  0x00000000335b5800 JavaThread "Reference Handler" daemon [_thread_blocked, id=5996, stack(0x0000000006910000,0x0000000006990000)]
  0x00000000020af800 JavaThread "main" [_thread_in_native, id=6160, stack(0x00000000001a0000,0x00000000016a0000)]

Other Threads:
  0x000000000220c800 VMThread [stack: 0x0000000033780000,0x0000000034c80000] [id=4956]
  0x0000000033656800 WatcherThread [stack: 0x0000000037950000,0x0000000038e50000] [id=6768]

VM state:not at safepoint (normal execution)

VM Mutex/Monitor currently owned by a thread: None

Heap
 PSYoungGen      total 30592K, used 29200K [0x0000000025250000, 0x0000000028350000, 0x0000000028350000)
  eden space 20608K, 93% used [0x0000000025250000,0x000000002651c938,0x0000000026670000)
  from space 9984K, 99% used [0x0000000026670000,0x0000000027027908,0x0000000027030000)
  to   space 15680K, 0% used [0x0000000027400000,0x0000000027400000,0x0000000028350000)
 PSOldGen        total 103936K, used 61035K [0x000000001bf50000, 0x00000000224d0000, 0x0000000025250000)
  object space 103936K, 58% used [0x000000001bf50000,0x000000001faeae28,0x00000000224d0000)
 PSPermGen       total 105984K, used 58786K [0x0000000013f50000, 0x000000001a6d0000, 0x000000001bf50000)
  object space 105984K, 55% used [0x0000000013f50000,0x00000000178b88e0,0x000000001a6d0000)

Dynamic libraries:
0x000000013fb90000 - 0x000000013fbb9000 	C:\Program Files\MATLAB\R2011a\bin\win64\MATLAB.exe
0x0000000076e30000 - 0x0000000076fd9000 	C:\Windows\SYSTEM32\ntdll.dll
0x0000000076c10000 - 0x0000000076d2f000 	C:\Windows\system32\kernel32.dll
0x000007fefcf00000 - 0x000007fefcf6b000 	C:\Windows\system32\KERNELBASE.dll
0x0000000074460000 - 0x0000000074569000 	C:\Program Files\MATLAB\R2011a\bin\win64\libut.dll
0x00000000758a0000 - 0x0000000075920000 	C:\Program Files\MATLAB\R2011a\bin\win64\libmwi18n.dll
0x0000000180000000 - 0x000000018000b000 	C:\Program Files\MATLAB\R2011a\bin\win64\libmwresource_core.dll
0x0000000073cf0000 - 0x0000000073dc3000 	C:\Windows\WinSxS\amd64_microsoft.vc90.crt_1fc8b3b9a1e18e3b_9.0.30729.6161_none_08e61857a83bc251\MSVCP90.dll
0x00000000000f0000 - 0x0000000000193000 	C:\Windows\WinSxS\amd64_microsoft.vc90.crt_1fc8b3b9a1e18e3b_9.0.30729.6161_none_08e61857a83bc251\MSVCR90.dll
0x000000007a3b0000 - 0x000000007a3c0000 	C:\Program Files\MATLAB\R2011a\bin\win64\boost_date_time-vc90-mt-1_40.dll
0x000000007a170000 - 0x000000007a189000 	C:\Program Files\MATLAB\R2011a\bin\win64\boost_filesystem-vc90-mt-1_40.dll
0x000000007a560000 - 0x000000007a569000 	C:\Program Files\MATLAB\R2011a\bin\win64\boost_system-vc90-mt-1_40.dll
0x000000007a2d0000 - 0x000000007a2e2000 	C:\Program Files\MATLAB\R2011a\bin\win64\boost_thread-vc90-mt-1_40.dll
0x000000007a010000 - 0x000000007a035000 	C:\Program Files\MATLAB\R2011a\bin\win64\LIBEXPAT.dll
0x00000000739d0000 - 0x0000000073b8c000 	C:\Program Files\MATLAB\R2011a\bin\win64\icuin42.dll
0x00000000740b0000 - 0x0000000074223000 	C:\Program Files\MATLAB\R2011a\bin\win64\icuuc42.dll
0x000007fefd060000 - 0x000007fefd13b000 	C:\Windows\system32\ADVAPI32.dll
0x000007fefd9f0000 - 0x000007fefda8f000 	C:\Windows\system32\msvcrt.dll
0x000007fefd040000 - 0x000007fefd05f000 	C:\Windows\SYSTEM32\sechost.dll
0x000007fefedb0000 - 0x000007fefeedd000 	C:\Windows\system32\RPCRT4.dll
0x0000000010000000 - 0x0000000010f47000 	C:\Program Files\MATLAB\R2011a\bin\win64\icudt42.dll
0x0000000073f70000 - 0x000000007407d000 	C:\Program Files\MATLAB\R2011a\bin\win64\libmwfl.dll
0x0000000001720000 - 0x00000000017b3000 	C:\Program Files\MATLAB\R2011a\bin\win64\libmwMATLAB_res.dll
0x000000007a250000 - 0x000000007a263000 	C:\Program Files\MATLAB\R2011a\bin\win64\boost_signals-vc90-mt-1_40.dll
0x00000000018e0000 - 0x0000000001926000 	C:\Program Files\MATLAB\R2011a\bin\win64\tbb.dll
0x000007fefd5f0000 - 0x000007fefd609000 	C:\Windows\system32\imagehlp.dll
0x0000000076ff0000 - 0x0000000076ff7000 	C:\Windows\system32\PSAPI.DLL
0x000000007a3d0000 - 0x000000007a3e3000 	C:\Program Files\MATLAB\R2011a\bin\win64\icuio42.dll
0x000007fef41d0000 - 0x000007fef42f5000 	C:\Windows\system32\dbghelp.dll
0x0000000076d30000 - 0x0000000076e2a000 	C:\Windows\system32\USER32.dll
0x000007fefd140000 - 0x000007fefd1a7000 	C:\Windows\system32\GDI32.dll
0x000007fefd6f0000 - 0x000007fefd6fe000 	C:\Windows\system32\LPK.dll
0x000007fefd520000 - 0x000007fefd5e9000 	C:\Windows\system32\USP10.dll
0x000000007bed0000 - 0x000000007c0f5000 	C:\Program Files\MATLAB\R2011a\bin\win64\libmwservices.dll
0x0000000075a20000 - 0x0000000075ab2000 	C:\Program Files\MATLAB\R2011a\bin\win64\libmx.dll
0x000000007a210000 - 0x000000007a226000 	C:\Program Files\MATLAB\R2011a\bin\win64\zlib1.dll
0x0000000074330000 - 0x000000007444b000 	C:\Program Files\MATLAB\R2011a\bin\win64\libmwmathutil.dll
0x000000006cc00000 - 0x000000006cc54000 	C:\Program Files\MATLAB\R2011a\bin\win64\mpath.dll
0x000000007b680000 - 0x000000007b982000 	C:\Program Files\MATLAB\R2011a\bin\win64\mlutil.dll
0x00000000691b0000 - 0x0000000069232000 	C:\Program Files\MATLAB\R2011a\bin\win64\xmlcore.dll
0x000000007bc30000 - 0x000000007be83000 	C:\Program Files\MATLAB\R2011a\bin\win64\xerces-c_2_7.dll
0x000007fefd4d0000 - 0x000007fefd51d000 	C:\Windows\system32\WS2_32.dll
0x000007fefd1b0000 - 0x000007fefd1b8000 	C:\Windows\system32\NSI.dll
0x000007fefdc70000 - 0x000007fefe9f8000 	C:\Windows\system32\SHELL32.dll
0x000007fefd3d0000 - 0x000007fefd441000 	C:\Windows\system32\SHLWAPI.dll
0x000007fef90d0000 - 0x000007fef9170000 	C:\Windows\WinSxS\amd64_microsoft.windows.common-controls_6595b64144ccf1df_5.82.7601.18201_none_a4d3b9377117c3df\COMCTL32.dll
0x000007fefed10000 - 0x000007fefeda7000 	C:\Windows\system32\COMDLG32.dll
0x000007fef9ce0000 - 0x000007fef9cf6000 	C:\Windows\system32\NETAPI32.dll
0x000007fef9cd0000 - 0x000007fef9cdc000 	C:\Windows\system32\netutils.dll
0x000007fefc760000 - 0x000007fefc783000 	C:\Windows\system32\srvcli.dll
0x000007fef9cb0000 - 0x000007fef9cc5000 	C:\Windows\system32\wkscli.dll
0x000007fefd1c0000 - 0x000007fefd3c3000 	C:\Windows\system32\ole32.dll
0x000007fefd610000 - 0x000007fefd6e7000 	C:\Windows\system32\OLEAUT32.dll
0x0000000074970000 - 0x0000000074a34000 	C:\Program Files\MATLAB\R2011a\bin\win64\mcr.dll
0x0000000075000000 - 0x00000000750e4000 	C:\Program Files\MATLAB\R2011a\bin\win64\iqm.dll
0x0000000068340000 - 0x0000000068adc000 	C:\Program Files\MATLAB\R2011a\bin\win64\m_interpreter.dll
0x000000006ccb0000 - 0x000000006ccbf000 	C:\Program Files\MATLAB\R2011a\bin\win64\libmex.dll
0x0000000069100000 - 0x00000000691a4000 	C:\Program Files\MATLAB\R2011a\bin\win64\m_dispatcher.dll
0x0000000074880000 - 0x0000000074945000 	C:\Program Files\MATLAB\R2011a\bin\win64\boost_regex-vc90-mt-1_40.dll
0x0000000069080000 - 0x00000000690ff000 	C:\Program Files\MATLAB\R2011a\bin\win64\profiler.dll
0x0000000079f40000 - 0x0000000079f6c000 	C:\Program Files\MATLAB\R2011a\bin\win64\libmwmathrng.dll
0x000000006cc90000 - 0x000000006ccb0000 	C:\Program Files\MATLAB\R2011a\bin\win64\m_pcodeio.dll
0x0000000079b10000 - 0x0000000079b71000 	C:\Program Files\MATLAB\R2011a\bin\win64\m_ir.dll
0x0000000067d00000 - 0x000000006833b000 	C:\Program Files\MATLAB\R2011a\bin\win64\m_parser.dll
0x000000006cc70000 - 0x000000006cc89000 	C:\Program Files\MATLAB\R2011a\bin\win64\ir_xfmr.dll
0x0000000068e30000 - 0x000000006907b000 	C:\Program Files\MATLAB\R2011a\bin\win64\mcos.dll
0x000000006cc60000 - 0x000000006cc6c000 	C:\Program Files\MATLAB\R2011a\bin\win64\mtok.dll
0x000000006cbd0000 - 0x000000006cbfb000 	C:\Program Files\MATLAB\R2011a\bin\win64\m_pcodegen.dll
0x0000000076160000 - 0x00000000761c2000 	C:\Program Files\MATLAB\R2011a\bin\win64\libmwspmatrix.dll
0x0000000079fb0000 - 0x0000000079fde000 	C:\Program Files\MATLAB\R2011a\bin\win64\libmwbridge.dll
0x0000000068d70000 - 0x0000000068e29000 	C:\Program Files\MATLAB\R2011a\bin\win64\udd.dll
0x0000000067bb0000 - 0x0000000067cf1000 	C:\Program Files\MATLAB\R2011a\bin\win64\libmwgui.dll
0x000000006cbb0000 - 0x000000006cbc7000 	C:\Program Files\MATLAB\R2011a\bin\win64\graphics_util.dll
0x0000000067330000 - 0x0000000067bb0000 	C:\Program Files\MATLAB\R2011a\bin\win64\hg.dll
0x0000000076100000 - 0x000000007614f000 	C:\Program Files\MATLAB\R2011a\bin\win64\libmat.dll
0x0000000072d30000 - 0x0000000072f33000 	C:\Program Files\MATLAB\R2011a\bin\win64\libhdf5.dll
0x00000000672b0000 - 0x000000006732b000 	C:\Program Files\MATLAB\R2011a\bin\win64\jmi.dll
0x0000000001b40000 - 0x0000000001b4e000 	C:\Program Files\MATLAB\R2011a\bin\win64\nativejava_services.dll
0x0000000067270000 - 0x00000000672ac000 	C:\Program Files\MATLAB\R2011a\bin\win64\libmwhardcopy.dll
0x0000000067210000 - 0x0000000067268000 	C:\Program Files\MATLAB\R2011a\bin\win64\libuij.dll
0x0000000067020000 - 0x0000000067203000 	C:\Program Files\MATLAB\R2011a\bin\win64\hgdatatypes.dll
0x0000000066f60000 - 0x000000006701c000 	C:\Program Files\MATLAB\R2011a\bin\win64\hgutils.dll
0x0000000066ee0000 - 0x0000000066f5c000 	C:\Program Files\MATLAB\R2011a\bin\win64\libmwlapack.dll
0x0000000066ec0000 - 0x0000000066ed2000 	C:\Program Files\MATLAB\R2011a\bin\win64\libmwbinder.dll
0x0000000066eb0000 - 0x0000000066ebb000 	C:\Program Files\MATLAB\R2011a\bin\win64\libmwompwrapper.dll
0x0000000001bd0000 - 0x0000000001e94000 	C:\Program Files\MATLAB\R2011a\bin\win64\uiw.dll
0x0000000066ea0000 - 0x0000000066eaa000 	C:\Program Files\MATLAB\R2011a\bin\win64\uinone.dll
0x00000000669b0000 - 0x0000000066e94000 	C:\Windows\WinSxS\amd64_microsoft.vc90.mfc_1fc8b3b9a1e18e3b_9.0.30729.6161_none_044aad0bab1eb146\mfc90.dll
0x000007fef9210000 - 0x000007fef9217000 	C:\Windows\system32\MSIMG32.dll
0x000007fef8d50000 - 0x000007fef8dc1000 	C:\Windows\system32\WINSPOOL.DRV
0x0000000066900000 - 0x00000000669a9000 	C:\Program Files\MATLAB\R2011a\bin\win64\udd_mi.dll
0x00000000668e0000 - 0x00000000668fb000 	C:\Program Files\MATLAB\R2011a\bin\win64\mwoles05.DLL
0x0000000066870000 - 0x00000000668de000 	C:\Program Files\MATLAB\R2011a\bin\win64\comcli.dll
0x0000000072f70000 - 0x0000000072f9f000 	C:\Windows\WinSxS\amd64_microsoft.vc90.atl_1fc8b3b9a1e18e3b_9.0.30729.6161_none_0a1fd3a3a768b895\ATL90.DLL
0x0000000066860000 - 0x000000006686c000 	C:\Program Files\MATLAB\R2011a\bin\win64\mlautoregister.dll
0x0000000001f00000 - 0x0000000001f0d000 	C:\Program Files\MATLAB\R2011a\bin\win64\boost_iostreams-vc90-mt-1_40.dll
0x000007fefeee0000 - 0x000007fefef0e000 	C:\Windows\system32\IMM32.DLL
0x000007fefea00000 - 0x000007fefeb09000 	C:\Windows\system32\MSCTF.dll
0x000007fefb1d0000 - 0x000007fefb226000 	C:\Windows\system32\UxTheme.dll
0x000007fefaef0000 - 0x000007fefaf08000 	C:\Windows\system32\dwmapi.dll
0x0000000073200000 - 0x000000007320d000 	C:\Windows\WinSxS\amd64_microsoft.vc90.mfcloc_1fc8b3b9a1e18e3b_9.0.30729.6161_none_01c9581e60cbee58\MFC90ENU.DLL
0x00000000020b0000 - 0x00000000020d9000 	C:\Program Files\MATLAB\R2011a\bin\win64\tbbmalloc.dll
0x000007fefcc10000 - 0x000007fefcc1f000 	C:\Windows\system32\profapi.dll
0x000007fefa680000 - 0x000007fefa6a7000 	C:\Windows\system32\iphlpapi.dll
0x000007fefa660000 - 0x000007fefa66b000 	C:\Windows\system32\WINNSI.DLL
0x000007fefc2c0000 - 0x000007fefc31b000 	C:\Windows\system32\DNSAPI.dll
0x000007fefa3f0000 - 0x000007fefa401000 	C:\Windows\system32\dhcpcsvc6.DLL
0x000007fefa3d0000 - 0x000007fefa3e8000 	C:\Windows\system32\dhcpcsvc.DLL
0x0000000066850000 - 0x0000000066853000 	C:\Windows\system32\icmp.Dll
0x000007fefcb40000 - 0x000007fefcb4f000 	C:\Windows\system32\CRYPTBASE.dll
0x000007fefcfb0000 - 0x000007fefcfe6000 	C:\Windows\system32\CFGMGR32.dll
0x0000000078870000 - 0x0000000078ecd000 	C:\Program Files\MATLAB\R2011a\sys\java\jre\win64\jre\bin\server\jvm.dll
0x000007fefa9e0000 - 0x000007fefaa1b000 	C:\Windows\system32\WINMM.dll
0x000000007a440000 - 0x000000007a44e000 	C:\Program Files\MATLAB\R2011a\sys\java\jre\win64\jre\bin\verify.dll
0x000000007a070000 - 0x000000007a097000 	C:\Program Files\MATLAB\R2011a\sys\java\jre\win64\jre\bin\java.dll
0x000000007a540000 - 0x000000007a54a000 	C:\Program Files\MATLAB\R2011a\sys\java\jre\win64\jre\bin\hpi.dll
0x000007fefec70000 - 0x000007fefed09000 	C:\Windows\system32\CLBCatQ.DLL
0x000000007a370000 - 0x000000007a382000 	C:\Program Files\MATLAB\R2011a\sys\java\jre\win64\jre\bin\zip.dll
0x0000000075b90000 - 0x0000000075bfb000 	C:\Program Files\MATLAB\R2011a\sys\java\jre\win64\jre\bin\fontmanager.dll
0x000000000fdb0000 - 0x000000000ff71000 	C:\Program Files\MATLAB\R2011a\sys\java\jre\win64\jre\bin\awt.dll
0x0000000079cf0000 - 0x0000000079d36000 	C:\Program Files\MATLAB\R2011a\bin\win64\nativejmi.dll
0x000000007a600000 - 0x000000007a608000 	C:\Program Files\MATLAB\R2011a\bin\win64\nativeservices.dll
0x000000007a0d0000 - 0x000000007a0e8000 	C:\Program Files\MATLAB\R2011a\bin\win64\nativejava.dll
0x000007fef3160000 - 0x000007fef3178000 	C:\Windows\system32\MPR.dll
0x000000007a230000 - 0x000000007a247000 	C:\Program Files\MATLAB\R2011a\sys\java\jre\win64\jre\bin\net.dll
0x000007fefc440000 - 0x000007fefc495000 	C:\Windows\system32\mswsock.dll
0x000007fefc430000 - 0x000007fefc437000 	C:\Windows\System32\wship6.dll
0x000000007a500000 - 0x000000007a50b000 	C:\Program Files\MATLAB\R2011a\sys\java\jre\win64\jre\bin\nio.dll

VM Arguments:
jvm_args: -Xss512k -XX:PermSize=32m -Xms64m -XX:NewRatio=3 -XX:MaxPermSize=128m -Xmx196m -XX:MaxDirectMemorySize=2147400000 -Dsun.java2d.noddraw=true -Dsun.awt.nopixfmt=true -Xshare:off -Xrs -Dsun.awt.disableMixing=true -Djava.library.path=C:\Program Files\MATLAB\R2011a\bin\win64 vfprintf abort 
java_command: <unknown>
Launcher Type: generic

Environment Variables:
CLASSPATH=C:\Program Files\Mosek\7\tools\platform\win64x86\bin\mosek.jar;C:\Program Files\Mosek\7\tools\platform\win64x86\bin\fusion.jar
PATH=C:\Program Files\MATLAB\R2011a\bin\win64;C:\CTEX\UserData\miktex\bin;C:\CTEX\MiKTeX\miktex\bin;C:\CTEX\CTeX\ctex\bin;C:\CTEX\CTeX\cct\bin;C:\CTEX\CTeX\ty\bin;C:\CTEX\Ghostscript\gs9.05\bin;C:\CTEX\GSview\gsview;C:\CTEX\WinEdt;C:\Program Files\MATLAB\R2011a\runtime\win64;C:\Program Files\MATLAB\R2011a\bin;C:\Program Files (x86)\Microsoft SQL Server\100\Tools\Binn\;C:\Program Files\Microsoft SQL Server\100\Tools\Binn\;C:\Program Files\Microsoft SQL Server\100\DTS\Binn\;D:\Program Files\TortoiseGit\bin;C:\Program Files\IBM\ILOG\CPLEX_Studio1251\opl\bin\x64_win64;C:\Program Files\IBM\ILOG\CPLEX_Studio1251\opl\oplide\;C:\Program Files\IBM\ILOG\CPLEX_Studio1251\cplex\bin\x64_win64;C:\Program Files\IBM\ILOG\CPLEX_Studio1251\cpoptimizer\bin\x64_win64;C:\Program Files\Mosek\7\tools\platform\win64x86\bin
USERNAME=Vicon
OS=Windows_NT
PROCESSOR_IDENTIFIER=Intel64 Family 6 Model 58 Stepping 9, GenuineIntel



---------------  S Y S T E M  ---------------

OS: Windows 7 Build 7601 Service Pack 1

CPU:total 8 (8 cores per cpu, 2 threads per core) family 6 model 58 stepping 9, cmov, cx8, fxsr, mmx, sse, sse2, sse3, ssse3, sse4.1, sse4.2, ht

Memory: 4k page, physical 16731116k(12739268k free), swap 545460368k(540562920k free)

vm_info: Java HotSpot(TM) 64-Bit Server VM (14.3-b01) for windows-amd64 JRE (1.6.0_17-b04), built on Oct 11 2009 00:46:08 by "java_re" with MS VC++ 8.0

time: Thu Oct 31 15:50:24 2013
elapsed time: 173 seconds

