#
# A fatal error has been detected by the Java Runtime Environment:
#
#  EXCEPTION_ACCESS_VIOLATION (0xc0000005) at pc=0x000000007502025d, pid=5372, tid=5388
#
# JRE version: 6.0_17-b04
# Java VM: Java HotSpot(TM) 64-Bit Server VM (14.3-b01 mixed mode windows-amd64 )
# Problematic frame:
# C  [iqm.dll+0x2025d]
#
# If you would like to submit a bug report, please visit:
#   http://java.sun.com/webapps/bugreport/crash.jsp
# The crash happened outside the Java Virtual Machine in native code.
# See problematic frame for where to report the bug.
#

---------------  T H R E A D  ---------------

Current thread (0x0000000001ebf800):  JavaThread "main" [_thread_in_native, id=5388, stack(0x0000000000080000,0x0000000001580000)]

siginfo: ExceptionCode=0xc0000005, reading address 0xffffffffffffffff

Registers:
EAX=0x00000000040b82c0, EBX=0x0000000000000000, ECX=0x00000000040b82c0, EDX=0x00000000483a6748
ESP=0x0000000001564f90, EBP=0xffffffffffffffff, ESI=0x000000000419ab10, EDI=0x00000000483a6748
EIP=0x000000007502025d, EFLAGS=0x0000000000010202

Top of Stack: (sp=0x0000000001564f90)
0x0000000001564f90:   000000000419ab10 0000000000000000
0x0000000001564fa0:   0000000000000000 000000007502051b
0x0000000001564fb0:   fffffffffffffffe 0000000000000001
0x0000000001564fc0:   fffffffffffffffe 00000000483a6740
0x0000000001564fd0:   000000000419ab10 000000000419aaf0
0x0000000001564fe0:   00000000015652e8 0000000079d0a2cc
0x0000000001564ff0:   000000000419ab10 00000000483a6740
0x0000000001565000:   0000000001ebf9b8 00000000483a6748
0x0000000001565010:   fffffffffffffffe 00000000483a6740
0x0000000001565020:   0000000051529c90 00000000c15730e2
0x0000000001565030:   00000000c15730e2 0000000079d0ac74
0x0000000001565040:   0000000001ebf9b8 00000000015652e8
0x0000000001565050:   0000000000000008 00000000483a6740
0x0000000001565060:   fffffffffffffffe 000000007b730c62
0x0000000001565070:   0000000001ebf9b8 000000000164c100
0x0000000001565080:   000000001493ea90 00000000015651f0 

Instructions: (pc=0x000000007502025d)
0x000000007502024d:   33 01 00 4c 8b 08 4c 8d 46 10 48 8b d7 48 8b c8
0x000000007502025d:   41 ff 51 58 90 48 8b 5c 24 68 48 8b 74 24 70 48 


Stack: [0x0000000000080000,0x0000000001580000],  sp=0x0000000001564f90,  free space=21395k
Native frames: (J=compiled Java code, j=interpreted, Vv=VM code, C=native code)
C  [iqm.dll+0x2025d]

Java frames: (J=compiled Java code, j=interpreted, Vv=VM code)
j  com.mathworks.jmi.NativeMatlab.PostMatlabMessage(Ljava/lang/Object;J)V+0
j  com.mathworks.jmi.NativeMatlab.postMatlabMessage(Ljava/lang/Object;J)V+3
j  com.mathworks.jmi.NativeMatlab.postMatlabMessage(Ljava/lang/Object;)V+6
j  com.mathworks.jmi.MatlabLooper.postMatlabMessage(Lcom/mathworks/services/message/MWMessage;Lcom/mathworks/services/message/MWHandler;)V+30
j  com.mathworks.jmi.MatlabMCR.postMatlabMessage(Lcom/mathworks/services/message/MWMessage;Lcom/mathworks/services/message/MWHandler;)V+6
j  com.mathworks.jmi.MatlabMCR.evalNoOutput(Ljava/lang/String;Lcom/mathworks/jmi/CompletionObserver;)V+58
j  com.mathworks.jmi.Matlab.evalNoOutput(Ljava/lang/String;Lcom/mathworks/jmi/CompletionObserver;)V+6
j  com.mathworks.jmi.Matlab.whenAtPrompt(Ljava/lang/Runnable;)V+17
j  com.mathworks.jmi.MatlabPath$CwdChangeWhenAtPrompt.trigger(Ljava/io/File;)V+43
j  com.mathworks.jmi.MatlabPath$PathCallback.completed(ILjava/lang/Object;)V+196
j  com.mathworks.jmi.MatlabMCR$InterestHandler.messageReceived(Lcom/mathworks/services/message/MWMessage;)V+93
v  ~StubRoutines::call_stub

---------------  P R O C E S S  ---------------

Java Threads: ( => current thread )
  0x000000003b29d000 JavaThread "Thread-169" [_thread_blocked, id=5196, stack(0x000000003fa00000,0x000000003fa80000)]
  0x000000003b29b800 JavaThread "RequestQueue for GenericFileList" [_thread_blocked, id=6412, stack(0x000000000e320000,0x000000000e3a0000)]
  0x000000003b299000 JavaThread "Timer-4" daemon [_thread_blocked, id=6384, stack(0x000000000fee0000,0x000000000ff60000)]
  0x000000003b296800 JavaThread "Prefs Updater" daemon [_thread_blocked, id=6352, stack(0x000000000f920000,0x000000000f9a0000)]
  0x000000003b296000 JavaThread "Timer-1" [_thread_blocked, id=6344, stack(0x0000000031060000,0x00000000310e0000)]
  0x000000003b295000 JavaThread "FelixPackageAdmin" daemon [_thread_blocked, id=6328, stack(0x0000000028c80000,0x0000000028d00000)]
  0x0000000039f56000 JavaThread "FelixStartLevel" daemon [_thread_blocked, id=6324, stack(0x000000000fb60000,0x000000000fbe0000)]
  0x0000000039f55800 JavaThread "FelixDispatchQueue" daemon [_thread_blocked, id=6320, stack(0x0000000028d60000,0x0000000028de0000)]
  0x0000000039f49000 JavaThread "TimerQueue" daemon [_thread_blocked, id=6312, stack(0x00000000057d0000,0x0000000005850000)]
  0x0000000039f6b000 JavaThread "AWT-EventQueue-0" [_thread_in_Java, id=6304, stack(0x0000000004ee0000,0x0000000004f60000)]
  0x0000000039589000 JavaThread "com.google.common.base.internal.Finalizer" daemon [_thread_blocked, id=6296, stack(0x0000000004ca0000,0x0000000004d20000)]
  0x0000000039582800 JavaThread "AWT-Windows" daemon [_thread_in_native, id=6284, stack(0x0000000004bf0000,0x0000000004c70000)]
  0x000000003966e800 JavaThread "AWT-Shutdown" [_thread_blocked, id=6280, stack(0x0000000004ac0000,0x0000000004b40000)]
  0x000000003966a000 JavaThread "Java2D Disposer" daemon [_thread_blocked, id=6276, stack(0x0000000004a00000,0x0000000004a80000)]
  0x0000000039707800 JavaThread "Timer-0" [_thread_blocked, id=6208, stack(0x00000000088b0000,0x0000000008930000)]
  0x000000003968b000 JavaThread "JMI Unnamed Thread" [_thread_in_native, id=5024, stack(0x0000000006fe0000,0x00000000084e0000)]
  0x000000000fdbc000 JavaThread "Low Memory Detector" daemon [_thread_blocked, id=6180, stack(0x000000000fad0000,0x000000000fb50000)]
  0x000000000fdb3000 JavaThread "CompilerThread1" daemon [_thread_in_native, id=6176, stack(0x00000000369e0000,0x0000000037ee0000)]
  0x000000000fdad000 JavaThread "CompilerThread0" daemon [_thread_blocked, id=6172, stack(0x0000000035400000,0x0000000036900000)]
  0x000000000fdac000 JavaThread "Attach Listener" daemon [_thread_blocked, id=6168, stack(0x0000000008830000,0x00000000088b0000)]
  0x000000000fd53800 JavaThread "Finalizer" daemon [_thread_blocked, id=6152, stack(0x000000000f8a0000,0x000000000f920000)]
  0x000000000fd46000 JavaThread "Reference Handler" daemon [_thread_blocked, id=6148, stack(0x000000000c910000,0x000000000c990000)]
=>0x0000000001ebf800 JavaThread "main" [_thread_in_native, id=5388, stack(0x0000000000080000,0x0000000001580000)]

Other Threads:
  0x000000000210c800 VMThread [stack: 0x0000000033eb0000,0x00000000353b0000] [id=5408]
  0x000000000fdd9000 WatcherThread [stack: 0x0000000037f50000,0x0000000039450000] [id=6184]

VM state:not at safepoint (normal execution)

VM Mutex/Monitor currently owned by a thread: None

Heap
 PSYoungGen      total 19456K, used 16107K [0x0000000025b80000, 0x0000000027870000, 0x0000000028c80000)
  eden space 11392K, 84% used [0x0000000025b80000,0x00000000264dd330,0x00000000266a0000)
  from space 8064K, 80% used [0x0000000026f30000,0x000000002758d8f8,0x0000000027710000)
  to   space 8768K, 0% used [0x00000000266a0000,0x00000000266a0000,0x0000000026f30000)
 PSOldGen        total 80256K, used 57823K [0x000000001c880000, 0x00000000216e0000, 0x0000000025b80000)
  object space 80256K, 72% used [0x000000001c880000,0x00000000200f7e38,0x00000000216e0000)
 PSPermGen       total 103296K, used 55331K [0x0000000014880000, 0x000000001ad60000, 0x000000001c880000)
  object space 103296K, 53% used [0x0000000014880000,0x0000000017e88d98,0x000000001ad60000)

Dynamic libraries:
0x000000013f490000 - 0x000000013f4b9000 	C:\Program Files\MATLAB\R2011a\bin\win64\MATLAB.exe
0x0000000077710000 - 0x00000000778b9000 	C:\Windows\SYSTEM32\ntdll.dll
0x00000000775f0000 - 0x000000007770f000 	C:\Windows\system32\kernel32.dll
0x000007fefd5a0000 - 0x000007fefd60b000 	C:\Windows\system32\KERNELBASE.dll
0x0000000074460000 - 0x0000000074569000 	C:\Program Files\MATLAB\R2011a\bin\win64\libut.dll
0x00000000758a0000 - 0x0000000075920000 	C:\Program Files\MATLAB\R2011a\bin\win64\libmwi18n.dll
0x0000000180000000 - 0x000000018000b000 	C:\Program Files\MATLAB\R2011a\bin\win64\libmwresource_core.dll
0x00000000746e0000 - 0x00000000747b3000 	C:\Windows\WinSxS\amd64_microsoft.vc90.crt_1fc8b3b9a1e18e3b_9.0.30729.6161_none_08e61857a83bc251\MSVCP90.dll
0x0000000074cb0000 - 0x0000000074d53000 	C:\Windows\WinSxS\amd64_microsoft.vc90.crt_1fc8b3b9a1e18e3b_9.0.30729.6161_none_08e61857a83bc251\MSVCR90.dll
0x000000007a3b0000 - 0x000000007a3c0000 	C:\Program Files\MATLAB\R2011a\bin\win64\boost_date_time-vc90-mt-1_40.dll
0x000000007a170000 - 0x000000007a189000 	C:\Program Files\MATLAB\R2011a\bin\win64\boost_filesystem-vc90-mt-1_40.dll
0x000000007a560000 - 0x000000007a569000 	C:\Program Files\MATLAB\R2011a\bin\win64\boost_system-vc90-mt-1_40.dll
0x000000007a2d0000 - 0x000000007a2e2000 	C:\Program Files\MATLAB\R2011a\bin\win64\boost_thread-vc90-mt-1_40.dll
0x000000007a010000 - 0x000000007a035000 	C:\Program Files\MATLAB\R2011a\bin\win64\LIBEXPAT.dll
0x00000000739d0000 - 0x0000000073b8c000 	C:\Program Files\MATLAB\R2011a\bin\win64\icuin42.dll
0x00000000740b0000 - 0x0000000074223000 	C:\Program Files\MATLAB\R2011a\bin\win64\icuuc42.dll
0x000007fefd9b0000 - 0x000007fefda8b000 	C:\Windows\system32\ADVAPI32.dll
0x000007feff6a0000 - 0x000007feff73f000 	C:\Windows\system32\msvcrt.dll
0x000007fefd990000 - 0x000007fefd9af000 	C:\Windows\SYSTEM32\sechost.dll
0x000007fefde60000 - 0x000007fefdf8d000 	C:\Windows\system32\RPCRT4.dll
0x0000000010000000 - 0x0000000010f47000 	C:\Program Files\MATLAB\R2011a\bin\win64\icudt42.dll
0x0000000073f70000 - 0x000000007407d000 	C:\Program Files\MATLAB\R2011a\bin\win64\libmwfl.dll
0x0000000001770000 - 0x0000000001803000 	C:\Program Files\MATLAB\R2011a\bin\win64\libmwMATLAB_res.dll
0x000000007a250000 - 0x000000007a263000 	C:\Program Files\MATLAB\R2011a\bin\win64\boost_signals-vc90-mt-1_40.dll
0x0000000001830000 - 0x0000000001876000 	C:\Program Files\MATLAB\R2011a\bin\win64\tbb.dll
0x000007fefde40000 - 0x000007fefde59000 	C:\Windows\system32\imagehlp.dll
0x00000000778e0000 - 0x00000000778e7000 	C:\Windows\system32\PSAPI.DLL
0x000000007a3d0000 - 0x000000007a3e3000 	C:\Program Files\MATLAB\R2011a\bin\win64\icuio42.dll
0x000007fef4a40000 - 0x000007fef4b65000 	C:\Windows\system32\dbghelp.dll
0x00000000774f0000 - 0x00000000775ea000 	C:\Windows\system32\USER32.dll
0x000007fefdb10000 - 0x000007fefdb77000 	C:\Windows\system32\GDI32.dll
0x000007feff530000 - 0x000007feff53e000 	C:\Windows\system32\LPK.dll
0x000007feff950000 - 0x000007feffa19000 	C:\Windows\system32\USP10.dll
0x000000007bed0000 - 0x000000007c0f5000 	C:\Program Files\MATLAB\R2011a\bin\win64\libmwservices.dll
0x0000000075a20000 - 0x0000000075ab2000 	C:\Program Files\MATLAB\R2011a\bin\win64\libmx.dll
0x000000007a210000 - 0x000000007a226000 	C:\Program Files\MATLAB\R2011a\bin\win64\zlib1.dll
0x0000000074330000 - 0x000000007444b000 	C:\Program Files\MATLAB\R2011a\bin\win64\libmwmathutil.dll
0x00000000737d0000 - 0x0000000073824000 	C:\Program Files\MATLAB\R2011a\bin\win64\mpath.dll
0x000000007b680000 - 0x000000007b982000 	C:\Program Files\MATLAB\R2011a\bin\win64\mlutil.dll
0x0000000071fb0000 - 0x0000000072032000 	C:\Program Files\MATLAB\R2011a\bin\win64\xmlcore.dll
0x000000007bc30000 - 0x000000007be83000 	C:\Program Files\MATLAB\R2011a\bin\win64\xerces-c_2_7.dll
0x000007fefef60000 - 0x000007fefefad000 	C:\Windows\system32\WS2_32.dll
0x000007fefde30000 - 0x000007fefde38000 	C:\Windows\system32\NSI.dll
0x000007fefdf90000 - 0x000007fefed18000 	C:\Windows\system32\SHELL32.dll
0x000007fefda90000 - 0x000007fefdb01000 	C:\Windows\system32\SHLWAPI.dll
0x000007fef94e0000 - 0x000007fef9580000 	C:\Windows\WinSxS\amd64_microsoft.windows.common-controls_6595b64144ccf1df_5.82.7601.18201_none_a4d3b9377117c3df\COMCTL32.dll
0x000007fefd8f0000 - 0x000007fefd987000 	C:\Windows\system32\COMDLG32.dll
0x000007fefa390000 - 0x000007fefa3a6000 	C:\Windows\system32\NETAPI32.dll
0x000007fefa380000 - 0x000007fefa38c000 	C:\Windows\system32\netutils.dll
0x000007fefd010000 - 0x000007fefd033000 	C:\Windows\system32\srvcli.dll
0x000007fefa360000 - 0x000007fefa375000 	C:\Windows\system32\wkscli.dll
0x000007feff740000 - 0x000007feff943000 	C:\Windows\system32\ole32.dll
0x000007feff330000 - 0x000007feff407000 	C:\Windows\system32\OLEAUT32.dll
0x0000000074970000 - 0x0000000074a34000 	C:\Program Files\MATLAB\R2011a\bin\win64\mcr.dll
0x0000000075000000 - 0x00000000750e4000 	C:\Program Files\MATLAB\R2011a\bin\win64\iqm.dll
0x0000000070440000 - 0x0000000070bdc000 	C:\Program Files\MATLAB\R2011a\bin\win64\m_interpreter.dll
0x0000000073840000 - 0x000000007384f000 	C:\Program Files\MATLAB\R2011a\bin\win64\libmex.dll
0x0000000070d80000 - 0x0000000070e24000 	C:\Program Files\MATLAB\R2011a\bin\win64\m_dispatcher.dll
0x0000000074880000 - 0x0000000074945000 	C:\Program Files\MATLAB\R2011a\bin\win64\boost_regex-vc90-mt-1_40.dll
0x00000000703c0000 - 0x000000007043f000 	C:\Program Files\MATLAB\R2011a\bin\win64\profiler.dll
0x0000000079f40000 - 0x0000000079f6c000 	C:\Program Files\MATLAB\R2011a\bin\win64\libmwmathrng.dll
0x0000000070d60000 - 0x0000000070d80000 	C:\Program Files\MATLAB\R2011a\bin\win64\m_pcodeio.dll
0x0000000079b10000 - 0x0000000079b71000 	C:\Program Files\MATLAB\R2011a\bin\win64\m_ir.dll
0x000000006dda0000 - 0x000000006e3db000 	C:\Program Files\MATLAB\R2011a\bin\win64\m_parser.dll
0x00000000703a0000 - 0x00000000703b9000 	C:\Program Files\MATLAB\R2011a\bin\win64\ir_xfmr.dll
0x000000006db50000 - 0x000000006dd9b000 	C:\Program Files\MATLAB\R2011a\bin\win64\mcos.dll
0x00000000737c0000 - 0x00000000737cc000 	C:\Program Files\MATLAB\R2011a\bin\win64\mtok.dll
0x0000000070370000 - 0x000000007039b000 	C:\Program Files\MATLAB\R2011a\bin\win64\m_pcodegen.dll
0x0000000076160000 - 0x00000000761c2000 	C:\Program Files\MATLAB\R2011a\bin\win64\libmwspmatrix.dll
0x0000000079fb0000 - 0x0000000079fde000 	C:\Program Files\MATLAB\R2011a\bin\win64\libmwbridge.dll
0x00000000702b0000 - 0x0000000070369000 	C:\Program Files\MATLAB\R2011a\bin\win64\udd.dll
0x000000006da00000 - 0x000000006db41000 	C:\Program Files\MATLAB\R2011a\bin\win64\libmwgui.dll
0x0000000070290000 - 0x00000000702a7000 	C:\Program Files\MATLAB\R2011a\bin\win64\graphics_util.dll
0x000000006d180000 - 0x000000006da00000 	C:\Program Files\MATLAB\R2011a\bin\win64\hg.dll
0x0000000076100000 - 0x000000007614f000 	C:\Program Files\MATLAB\R2011a\bin\win64\libmat.dll
0x0000000072d30000 - 0x0000000072f33000 	C:\Program Files\MATLAB\R2011a\bin\win64\libhdf5.dll
0x000000006d100000 - 0x000000006d17b000 	C:\Program Files\MATLAB\R2011a\bin\win64\jmi.dll
0x0000000001a90000 - 0x0000000001a9e000 	C:\Program Files\MATLAB\R2011a\bin\win64\nativejava_services.dll
0x0000000070250000 - 0x000000007028c000 	C:\Program Files\MATLAB\R2011a\bin\win64\libmwhardcopy.dll
0x000000006d0a0000 - 0x000000006d0f8000 	C:\Program Files\MATLAB\R2011a\bin\win64\libuij.dll
0x000000006ceb0000 - 0x000000006d093000 	C:\Program Files\MATLAB\R2011a\bin\win64\hgdatatypes.dll
0x000000006cdf0000 - 0x000000006ceac000 	C:\Program Files\MATLAB\R2011a\bin\win64\hgutils.dll
0x000000006cd70000 - 0x000000006cdec000 	C:\Program Files\MATLAB\R2011a\bin\win64\libmwlapack.dll
0x000000006cd50000 - 0x000000006cd62000 	C:\Program Files\MATLAB\R2011a\bin\win64\libmwbinder.dll
0x0000000071fa0000 - 0x0000000071fab000 	C:\Program Files\MATLAB\R2011a\bin\win64\libmwompwrapper.dll
0x0000000001b20000 - 0x0000000001de4000 	C:\Program Files\MATLAB\R2011a\bin\win64\uiw.dll
0x0000000070d40000 - 0x0000000070d4a000 	C:\Program Files\MATLAB\R2011a\bin\win64\uinone.dll
0x000000006c860000 - 0x000000006cd44000 	C:\Windows\WinSxS\amd64_microsoft.vc90.mfc_1fc8b3b9a1e18e3b_9.0.30729.6161_none_044aad0bab1eb146\mfc90.dll
0x000007fefa090000 - 0x000007fefa097000 	C:\Windows\system32\MSIMG32.dll
0x000007fef8ac0000 - 0x000007fef8b31000 	C:\Windows\system32\WINSPOOL.DRV
0x000000006c7b0000 - 0x000000006c859000 	C:\Program Files\MATLAB\R2011a\bin\win64\udd_mi.dll
0x000000006c790000 - 0x000000006c7ab000 	C:\Program Files\MATLAB\R2011a\bin\win64\mwoles05.DLL
0x000000006c720000 - 0x000000006c78e000 	C:\Program Files\MATLAB\R2011a\bin\win64\comcli.dll
0x0000000001e40000 - 0x0000000001e6f000 	C:\Windows\WinSxS\amd64_microsoft.vc90.atl_1fc8b3b9a1e18e3b_9.0.30729.6161_none_0a1fd3a3a768b895\ATL90.DLL
0x0000000070c00000 - 0x0000000070c0c000 	C:\Program Files\MATLAB\R2011a\bin\win64\mlautoregister.dll
0x0000000001e80000 - 0x0000000001e8d000 	C:\Program Files\MATLAB\R2011a\bin\win64\boost_iostreams-vc90-mt-1_40.dll
0x000007feff0c0000 - 0x000007feff0ee000 	C:\Windows\system32\IMM32.DLL
0x000007fefefb0000 - 0x000007feff0b9000 	C:\Windows\system32\MSCTF.dll
0x000007fefbab0000 - 0x000007fefbb06000 	C:\Windows\system32\UxTheme.dll
0x000007fefb5f0000 - 0x000007fefb608000 	C:\Windows\system32\dwmapi.dll
0x0000000001ee0000 - 0x0000000001eed000 	C:\Windows\WinSxS\amd64_microsoft.vc90.mfcloc_1fc8b3b9a1e18e3b_9.0.30729.6161_none_01c9581e60cbee58\MFC90ENU.DLL
0x0000000002210000 - 0x0000000002239000 	C:\Program Files\MATLAB\R2011a\bin\win64\tbbmalloc.dll
0x000007fefd4c0000 - 0x000007fefd4cf000 	C:\Windows\system32\profapi.dll
0x000007fefb090000 - 0x000007fefb0b7000 	C:\Windows\system32\iphlpapi.dll
0x000007fefb080000 - 0x000007fefb08b000 	C:\Windows\system32\WINNSI.DLL
0x000007fefcbb0000 - 0x000007fefcc0b000 	C:\Windows\system32\DNSAPI.dll
0x000007fefaca0000 - 0x000007fefacb1000 	C:\Windows\system32\dhcpcsvc6.DLL
0x000007fefac80000 - 0x000007fefac98000 	C:\Windows\system32\dhcpcsvc.DLL
0x000000006c710000 - 0x000000006c713000 	C:\Windows\system32\icmp.Dll
0x000007fefd3f0000 - 0x000007fefd3ff000 	C:\Windows\system32\CRYPTBASE.dll
0x000007fefd870000 - 0x000007fefd8a6000 	C:\Windows\system32\CFGMGR32.dll
0x0000000078870000 - 0x0000000078ecd000 	C:\Program Files\MATLAB\R2011a\sys\java\jre\win64\jre\bin\server\jvm.dll
0x000007fefb2b0000 - 0x000007fefb2eb000 	C:\Windows\system32\WINMM.dll
0x000007feff410000 - 0x000007feff4a9000 	C:\Windows\system32\CLBCatQ.DLL
0x000000007a440000 - 0x000000007a44e000 	C:\Program Files\MATLAB\R2011a\sys\java\jre\win64\jre\bin\verify.dll
0x000000007a070000 - 0x000000007a097000 	C:\Program Files\MATLAB\R2011a\sys\java\jre\win64\jre\bin\java.dll
0x000000007a540000 - 0x000000007a54a000 	C:\Program Files\MATLAB\R2011a\sys\java\jre\win64\jre\bin\hpi.dll
0x000000007a370000 - 0x000000007a382000 	C:\Program Files\MATLAB\R2011a\sys\java\jre\win64\jre\bin\zip.dll
0x0000000075b90000 - 0x0000000075bfb000 	C:\Program Files\MATLAB\R2011a\sys\java\jre\win64\jre\bin\fontmanager.dll
0x0000000073150000 - 0x0000000073311000 	C:\Program Files\MATLAB\R2011a\sys\java\jre\win64\jre\bin\awt.dll
0x0000000079cf0000 - 0x0000000079d36000 	C:\Program Files\MATLAB\R2011a\bin\win64\nativejmi.dll
0x000000007a600000 - 0x000000007a608000 	C:\Program Files\MATLAB\R2011a\bin\win64\nativeservices.dll
0x000000007a0d0000 - 0x000000007a0e8000 	C:\Program Files\MATLAB\R2011a\bin\win64\nativejava.dll
0x000007fef4470000 - 0x000007fef4488000 	C:\Windows\system32\MPR.dll
0x000000007a230000 - 0x000000007a247000 	C:\Program Files\MATLAB\R2011a\sys\java\jre\win64\jre\bin\net.dll
0x000007fefcd30000 - 0x000007fefcd85000 	C:\Windows\system32\mswsock.dll
0x000007fefcd20000 - 0x000007fefcd27000 	C:\Windows\System32\wship6.dll
0x000000007a500000 - 0x000000007a50b000 	C:\Program Files\MATLAB\R2011a\sys\java\jre\win64\jre\bin\nio.dll

VM Arguments:
jvm_args: -Xss512k -XX:PermSize=32m -Xms64m -XX:NewRatio=3 -XX:MaxPermSize=128m -Xmx196m -XX:MaxDirectMemorySize=2147400000 -Dsun.java2d.noddraw=true -Dsun.awt.nopixfmt=true -Xshare:off -Xrs -Dsun.awt.disableMixing=true -Djava.library.path=C:\Program Files\MATLAB\R2011a\bin\win64 vfprintf abort 
java_command: <unknown>
Launcher Type: generic

Environment Variables:
CLASSPATH=C:\Program Files\Mosek\7\tools\platform\win64x86\bin\mosek.jar;C:\Program Files\Mosek\7\tools\platform\win64x86\bin\fusion.jar
PATH=C:\Program Files\MATLAB\R2011a\bin\win64;C:\Program Files\MATLAB\R2011a\bin\win64;C:\CTEX\UserData\miktex\bin;C:\CTEX\MiKTeX\miktex\bin;C:\CTEX\CTeX\ctex\bin;C:\CTEX\CTeX\cct\bin;C:\CTEX\CTeX\ty\bin;C:\CTEX\Ghostscript\gs9.05\bin;C:\CTEX\GSview\gsview;C:\CTEX\WinEdt;C:\Program Files\MATLAB\R2011a\runtime\win64;C:\Program Files\MATLAB\R2011a\bin;C:\Program Files (x86)\Microsoft SQL Server\100\Tools\Binn\;C:\Program Files\Microsoft SQL Server\100\Tools\Binn\;C:\Program Files\Microsoft SQL Server\100\DTS\Binn\;C:\Program Files\IBM\ILOG\CPLEX_Studio1251\opl\bin\x64_win64;C:\Program Files\IBM\ILOG\CPLEX_Studio1251\opl\oplide\;C:\Program Files\IBM\ILOG\CPLEX_Studio1251\cplex\bin\x64_win64;C:\Program Files\IBM\ILOG\CPLEX_Studio1251\cpoptimizer\bin\x64_win64;C:\Program Files\Mosek\7\tools\platform\win64x86\bin;D:\Program Files\TortoiseGit\bin
USERNAME=Vicon
OS=Windows_NT
PROCESSOR_IDENTIFIER=Intel64 Family 6 Model 58 Stepping 9, GenuineIntel



---------------  S Y S T E M  ---------------

OS: Windows 7 Build 7601 Service Pack 1

CPU:total 8 (8 cores per cpu, 2 threads per core) family 6 model 58 stepping 9, cmov, cx8, fxsr, mmx, sse, sse2, sse3, ssse3, sse4.1, sse4.2, ht

Memory: 4k page, physical 16731116k(13153036k free), swap 545460368k(540892188k free)

vm_info: Java HotSpot(TM) 64-Bit Server VM (14.3-b01) for windows-amd64 JRE (1.6.0_17-b04), built on Oct 11 2009 00:46:08 by "java_re" with MS VC++ 8.0

time: Thu Dec 05 15:21:45 2013
elapsed time: 994 seconds

