#
# A fatal error has been detected by the Java Runtime Environment:
#
#  EXCEPTION_ACCESS_VIOLATION (0xc0000005) at pc=0x000000007503cac1, pid=1456, tid=1412
#
# JRE version: 6.0_17-b04
# Java VM: Java HotSpot(TM) 64-Bit Server VM (14.3-b01 mixed mode windows-amd64 )
# Problematic frame:
# C  [iqm.dll+0x3cac1]
#
# If you would like to submit a bug report, please visit:
#   http://java.sun.com/webapps/bugreport/crash.jsp
# The crash happened outside the Java Virtual Machine in native code.
# See problematic frame for where to report the bug.
#

---------------  T H R E A D  ---------------

Current thread (0x000000003976a000):  JavaThread "AWT-EventQueue-0" [_thread_in_native, id=1412, stack(0x000000003a8a0000,0x000000003a920000)]

siginfo: ExceptionCode=0xc0000005, reading address 0xffffffffffffffff

Registers:
EAX=0x0000000004188040, EBX=0x000000003a91ecd0, ECX=0x0000000004188040, EDX=0x000000003a91ec50
ESP=0x000000003a91ebf0, EBP=0x0000000043e3b060, ESI=0x000000003a91ed08, EDI=0x000000006414cfd8
EIP=0x000000007503cac1, EFLAGS=0x0000000000010202

Top of Stack: (sp=0x000000003a91ebf0)
0x000000003a91ebf0:   0000000000000000 00000000745f806c
0x000000003a91ec00:   000000003a91ecd0 0000000002373610
0x000000003a91ec10:   000000003a91f230 0000000000000000
0x000000003a91ec20:   fffffffffffffffe 00000000750ced98
0x000000003a91ec30:   000000006b27a680 0000000073582c23
0x000000003a91ec40:   0000000000000010 000000000000001f
0x000000003a91ec50:   0000000000000000 000000006b118580
0x000000003a91ec60:   000000001626e970 000000007502e28c
0x000000003a91ec70:   000000003a91eda0 000000006414cfd8
0x000000003a91ec80:   000000001626e970 00000000041882c0
0x000000003a91ec90:   0000000043e3b050 0000000075032f00
0x000000003a91eca0:   0000000043e3b060 0000000000000000
0x000000003a91ecb0:   000000006414cfd8 000007fffff64700
0x000000003a91ecc0:   000007fffff64700 000000003d0bc398
0x000000003a91ecd0:   000007fffff64700 000000007501c217
0x000000003a91ece0:   000000000000007f 0000000000000006 

Instructions: (pc=0x000000007503cac1)
0x000000007503cab1:   4c 8b 08 4c 8d 44 24 38 48 8d 54 24 60 48 8b c8
0x000000007503cac1:   41 ff 51 18 90 49 8b c4 48 8d 15 60 71 ff ff 0f 


Stack: [0x000000003a8a0000,0x000000003a920000],  sp=0x000000003a91ebf0,  free space=506k
Native frames: (J=compiled Java code, j=interpreted, Vv=VM code, C=native code)
C  [iqm.dll+0x3cac1]

Java frames: (J=compiled Java code, j=interpreted, Vv=VM code)
j  com.mathworks.jmi.NativeMatlab.PostMatlabMessage(Ljava/lang/Object;J)V+0
j  com.mathworks.jmi.NativeMatlab.postMatlabMessage(Ljava/lang/Object;J)V+3
j  com.mathworks.jmi.NativeMatlab.postMatlabMessage(Ljava/lang/Object;)V+6
j  com.mathworks.jmi.MatlabLooper.postMatlabMessage(Lcom/mathworks/services/message/MWMessage;Lcom/mathworks/services/message/MWHandler;)V+30
j  com.mathworks.jmi.MatlabMCR.postAsync(Lcom/mathworks/services/message/MWMessage;Lcom/mathworks/jmi/CompletionObserver;Lcom/mathworks/jmi/MatlabListener;)V+34
j  com.mathworks.jmi.MatlabMCR.eval(Ljava/lang/String;Lcom/mathworks/jmi/CompletionObserver;)V+44
j  com.mathworks.mlwidgets.workspace.MatlabWorkspaceListener.waitForInterpreterForWhos(Lcom/mathworks/mlwidgets/workspace/WorkspaceObserver;Lcom/mathworks/mlwidgets/workspace/WorkspaceChange;)V+33
j  com.mathworks.mlwidgets.workspace.MatlabWorkspaceListener.startWhosQueryForTimer()V+81
j  com.mathworks.mlwidgets.workspace.MatlabWorkspaceListener.workspaceChangeTimerCallback()V+8
j  com.mathworks.mlwidgets.workspace.MatlabWorkspaceListener$WorkspaceChangeTimerCallback.actionPerformed(Ljava/awt/event/ActionEvent;)V+0
j  javax.swing.Timer.fireActionPerformed(Ljava/awt/event/ActionEvent;)V+35
j  javax.swing.Timer$DoPostEvent.run()V+71
J  java.awt.event.InvocationEvent.dispatch()V
J  java.awt.EventDispatchThread.pumpOneEventForFilters(I)Z
J  java.awt.EventDispatchThread.pumpEventsForFilter(ILjava/awt/Conditional;Ljava/awt/EventFilter;)V
j  java.awt.EventDispatchThread.pumpEventsForHierarchy(ILjava/awt/Conditional;Ljava/awt/Component;)V+11
j  java.awt.EventDispatchThread.pumpEvents(ILjava/awt/Conditional;)V+4
j  java.awt.EventDispatchThread.pumpEvents(Ljava/awt/Conditional;)V+3
j  java.awt.EventDispatchThread.run()V+9
v  ~StubRoutines::call_stub

---------------  P R O C E S S  ---------------

Java Threads: ( => current thread )
  0x0000000039c0b800 JavaThread "Active Reference Queue Daemon" daemon [_thread_blocked, id=2544, stack(0x000000005bf50000,0x000000005bfd0000)]
  0x0000000039c0e800 JavaThread "Timer-153" daemon [_thread_blocked, id=388, stack(0x00000000512a0000,0x0000000051320000)]
  0x0000000039c0c800 JavaThread "Thread-152" [_thread_blocked, id=3748, stack(0x000000004db50000,0x000000004dbd0000)]
  0x0000000039c0b000 JavaThread "RequestQueue for GenericFileList" [_thread_blocked, id=7076, stack(0x000000000e4e0000,0x000000000e560000)]
  0x0000000039c08000 JavaThread "Timer-6" daemon [_thread_blocked, id=6260, stack(0x000000000f430000,0x000000000f4b0000)]
  0x0000000039c06800 JavaThread "Prefs Updater" daemon [_thread_blocked, id=7136, stack(0x000000000f580000,0x000000000f600000)]
  0x0000000039c03800 JavaThread "Timer-1" [_thread_blocked, id=7132, stack(0x000000000f4c0000,0x000000000f540000)]
  0x0000000039c06000 JavaThread "FelixPackageAdmin" daemon [_thread_blocked, id=6828, stack(0x00000000422b0000,0x0000000042330000)]
  0x0000000039c05000 JavaThread "FelixStartLevel" daemon [_thread_blocked, id=6236, stack(0x0000000042520000,0x00000000425a0000)]
  0x0000000039c04800 JavaThread "FelixDispatchQueue" daemon [_thread_blocked, id=6484, stack(0x00000000423d0000,0x0000000042450000)]
  0x0000000039865000 JavaThread "TimerQueue" daemon [_thread_blocked, id=6256, stack(0x000000003ccd0000,0x000000003cd50000)]
=>0x000000003976a000 JavaThread "AWT-EventQueue-0" [_thread_in_native, id=1412, stack(0x000000003a8a0000,0x000000003a920000)]
  0x00000000395a8800 JavaThread "com.google.common.base.internal.Finalizer" daemon [_thread_blocked, id=5844, stack(0x000000002dba0000,0x000000002dc20000)]
  0x0000000039662000 JavaThread "AWT-Windows" daemon [_thread_in_native, id=4388, stack(0x000000002dc50000,0x000000002dcd0000)]
  0x00000000396b4000 JavaThread "AWT-Shutdown" [_thread_blocked, id=5856, stack(0x00000000283a0000,0x0000000028420000)]
  0x00000000396b3800 JavaThread "Java2D Disposer" daemon [_thread_blocked, id=6756, stack(0x0000000028450000,0x00000000284d0000)]
  0x0000000038ec7000 JavaThread "Timer-0" [_thread_blocked, id=2792, stack(0x0000000008280000,0x0000000008300000)]
  0x0000000038ebd800 JavaThread "JMI Unnamed Thread" [_thread_in_native, id=1084, stack(0x00000000068f0000,0x0000000007df0000)]
  0x0000000033588800 JavaThread "Low Memory Detector" daemon [_thread_blocked, id=5584, stack(0x000000000d8d0000,0x000000000d950000)]
  0x0000000033584000 JavaThread "CompilerThread1" daemon [_thread_blocked, id=6936, stack(0x00000000361f0000,0x00000000376f0000)]
  0x000000003357b800 JavaThread "CompilerThread0" daemon [_thread_blocked, id=4948, stack(0x0000000034c90000,0x0000000036190000)]
  0x000000003357b000 JavaThread "Attach Listener" daemon [_thread_blocked, id=6248, stack(0x000000000ad70000,0x000000000adf0000)]
  0x000000003351d000 JavaThread "Finalizer" daemon [_thread_blocked, id=1404, stack(0x00000000067c0000,0x0000000006840000)]
  0x0000000033518000 JavaThread "Reference Handler" daemon [_thread_blocked, id=7080, stack(0x0000000004eb0000,0x0000000004f30000)]
  0x000000000226f800 JavaThread "main" [_thread_in_native, id=4252, stack(0x0000000000120000,0x0000000001620000)]

Other Threads:
  0x0000000033513000 VMThread [stack: 0x0000000033760000,0x0000000034c60000] [id=6944]
  0x00000000335b5000 WatcherThread [stack: 0x0000000037770000,0x0000000038c70000] [id=6892]

VM state:not at safepoint (normal execution)

VM Mutex/Monitor currently owned by a thread: None

Heap
 PSYoungGen      total 35072K, used 18108K [0x0000000025250000, 0x0000000028260000, 0x0000000028350000)
  eden space 21952K, 43% used [0x0000000025250000,0x0000000025bae2e0,0x00000000267c0000)
  from space 13120K, 64% used [0x0000000027590000,0x0000000027de0f40,0x0000000028260000)
  to   space 13632K, 0% used [0x00000000267c0000,0x00000000267c0000,0x0000000027510000)
 PSOldGen        total 123520K, used 62241K [0x000000001bf50000, 0x00000000237f0000, 0x0000000025250000)
  object space 123520K, 50% used [0x000000001bf50000,0x000000001fc185c0,0x00000000237f0000)
 PSPermGen       total 96064K, used 59299K [0x0000000013f50000, 0x0000000019d20000, 0x000000001bf50000)
  object space 96064K, 61% used [0x0000000013f50000,0x0000000017938ca0,0x0000000019d20000)

Dynamic libraries:
0x000000013fa60000 - 0x000000013fa89000 	C:\Program Files\MATLAB\R2011a\bin\win64\MATLAB.exe
0x0000000077140000 - 0x00000000772e9000 	C:\Windows\SYSTEM32\ntdll.dll
0x0000000076f20000 - 0x000000007703f000 	C:\Windows\system32\kernel32.dll
0x000007fefd1d0000 - 0x000007fefd23b000 	C:\Windows\system32\KERNELBASE.dll
0x0000000074460000 - 0x0000000074569000 	C:\Program Files\MATLAB\R2011a\bin\win64\libut.dll
0x00000000758a0000 - 0x0000000075920000 	C:\Program Files\MATLAB\R2011a\bin\win64\libmwi18n.dll
0x0000000180000000 - 0x000000018000b000 	C:\Program Files\MATLAB\R2011a\bin\win64\libmwresource_core.dll
0x0000000073580000 - 0x0000000073653000 	C:\Windows\WinSxS\amd64_microsoft.vc90.crt_1fc8b3b9a1e18e3b_9.0.30729.6161_none_08e61857a83bc251\MSVCP90.dll
0x00000000745e0000 - 0x0000000074683000 	C:\Windows\WinSxS\amd64_microsoft.vc90.crt_1fc8b3b9a1e18e3b_9.0.30729.6161_none_08e61857a83bc251\MSVCR90.dll
0x000000007a3b0000 - 0x000000007a3c0000 	C:\Program Files\MATLAB\R2011a\bin\win64\boost_date_time-vc90-mt-1_40.dll
0x000000007a170000 - 0x000000007a189000 	C:\Program Files\MATLAB\R2011a\bin\win64\boost_filesystem-vc90-mt-1_40.dll
0x000000007a560000 - 0x000000007a569000 	C:\Program Files\MATLAB\R2011a\bin\win64\boost_system-vc90-mt-1_40.dll
0x000000007a2d0000 - 0x000000007a2e2000 	C:\Program Files\MATLAB\R2011a\bin\win64\boost_thread-vc90-mt-1_40.dll
0x000000007a010000 - 0x000000007a035000 	C:\Program Files\MATLAB\R2011a\bin\win64\LIBEXPAT.dll
0x00000000739d0000 - 0x0000000073b8c000 	C:\Program Files\MATLAB\R2011a\bin\win64\icuin42.dll
0x00000000740b0000 - 0x0000000074223000 	C:\Program Files\MATLAB\R2011a\bin\win64\icuuc42.dll
0x000007feff240000 - 0x000007feff31b000 	C:\Windows\system32\ADVAPI32.dll
0x000007fefd8c0000 - 0x000007fefd95f000 	C:\Windows\system32\msvcrt.dll
0x000007fefe170000 - 0x000007fefe18f000 	C:\Windows\SYSTEM32\sechost.dll
0x000007feff320000 - 0x000007feff44d000 	C:\Windows\system32\RPCRT4.dll
0x0000000010000000 - 0x0000000010f47000 	C:\Program Files\MATLAB\R2011a\bin\win64\icudt42.dll
0x0000000073f70000 - 0x000000007407d000 	C:\Program Files\MATLAB\R2011a\bin\win64\libmwfl.dll
0x0000000001770000 - 0x0000000001803000 	C:\Program Files\MATLAB\R2011a\bin\win64\libmwMATLAB_res.dll
0x000000007a250000 - 0x000000007a263000 	C:\Program Files\MATLAB\R2011a\bin\win64\boost_signals-vc90-mt-1_40.dll
0x0000000001830000 - 0x0000000001876000 	C:\Program Files\MATLAB\R2011a\bin\win64\tbb.dll
0x000007fefdf20000 - 0x000007fefdf39000 	C:\Windows\system32\imagehlp.dll
0x0000000077300000 - 0x0000000077307000 	C:\Windows\system32\PSAPI.DLL
0x000000007a3d0000 - 0x000000007a3e3000 	C:\Program Files\MATLAB\R2011a\bin\win64\icuio42.dll
0x000007fef4680000 - 0x000007fef47a5000 	C:\Windows\system32\dbghelp.dll
0x0000000077040000 - 0x000000007713a000 	C:\Windows\system32\USER32.dll
0x000007fefde30000 - 0x000007fefde97000 	C:\Windows\system32\GDI32.dll
0x000007feff230000 - 0x000007feff23e000 	C:\Windows\system32\LPK.dll
0x000007fefe2a0000 - 0x000007fefe369000 	C:\Windows\system32\USP10.dll
0x000000007bed0000 - 0x000000007c0f5000 	C:\Program Files\MATLAB\R2011a\bin\win64\libmwservices.dll
0x0000000075a20000 - 0x0000000075ab2000 	C:\Program Files\MATLAB\R2011a\bin\win64\libmx.dll
0x000000007a210000 - 0x000000007a226000 	C:\Program Files\MATLAB\R2011a\bin\win64\zlib1.dll
0x0000000074330000 - 0x000000007444b000 	C:\Program Files\MATLAB\R2011a\bin\win64\libmwmathutil.dll
0x0000000072df0000 - 0x0000000072e44000 	C:\Program Files\MATLAB\R2011a\bin\win64\mpath.dll
0x000000007b680000 - 0x000000007b982000 	C:\Program Files\MATLAB\R2011a\bin\win64\mlutil.dll
0x0000000072d60000 - 0x0000000072de2000 	C:\Program Files\MATLAB\R2011a\bin\win64\xmlcore.dll
0x000000007bc30000 - 0x000000007be83000 	C:\Program Files\MATLAB\R2011a\bin\win64\xerces-c_2_7.dll
0x000007fefdbd0000 - 0x000007fefdc1d000 	C:\Windows\system32\WS2_32.dll
0x000007fefdbc0000 - 0x000007fefdbc8000 	C:\Windows\system32\NSI.dll
0x000007fefe410000 - 0x000007feff198000 	C:\Windows\system32\SHELL32.dll
0x000007fefdea0000 - 0x000007fefdf11000 	C:\Windows\system32\SHLWAPI.dll
0x000007fef90e0000 - 0x000007fef9180000 	C:\Windows\WinSxS\amd64_microsoft.windows.common-controls_6595b64144ccf1df_5.82.7601.18201_none_a4d3b9377117c3df\COMCTL32.dll
0x000007fefe370000 - 0x000007fefe407000 	C:\Windows\system32\COMDLG32.dll
0x000007fefa2f0000 - 0x000007fefa306000 	C:\Windows\system32\NETAPI32.dll
0x000007fefa2c0000 - 0x000007fefa2cc000 	C:\Windows\system32\netutils.dll
0x000007fefc9c0000 - 0x000007fefc9e3000 	C:\Windows\system32\srvcli.dll
0x000007fefa250000 - 0x000007fefa265000 	C:\Windows\system32\wkscli.dll
0x000007fefdc20000 - 0x000007fefde23000 	C:\Windows\system32\ole32.dll
0x000007fefd7e0000 - 0x000007fefd8b7000 	C:\Windows\system32\OLEAUT32.dll
0x0000000074970000 - 0x0000000074a34000 	C:\Program Files\MATLAB\R2011a\bin\win64\mcr.dll
0x0000000075000000 - 0x00000000750e4000 	C:\Program Files\MATLAB\R2011a\bin\win64\iqm.dll
0x000000006dab0000 - 0x000000006e24c000 	C:\Program Files\MATLAB\R2011a\bin\win64\m_interpreter.dll
0x0000000072ea0000 - 0x0000000072eaf000 	C:\Program Files\MATLAB\R2011a\bin\win64\libmex.dll
0x0000000072cb0000 - 0x0000000072d54000 	C:\Program Files\MATLAB\R2011a\bin\win64\m_dispatcher.dll
0x0000000074880000 - 0x0000000074945000 	C:\Program Files\MATLAB\R2011a\bin\win64\boost_regex-vc90-mt-1_40.dll
0x0000000072c30000 - 0x0000000072caf000 	C:\Program Files\MATLAB\R2011a\bin\win64\profiler.dll
0x0000000079f40000 - 0x0000000079f6c000 	C:\Program Files\MATLAB\R2011a\bin\win64\libmwmathrng.dll
0x0000000072e80000 - 0x0000000072ea0000 	C:\Program Files\MATLAB\R2011a\bin\win64\m_pcodeio.dll
0x0000000079b10000 - 0x0000000079b71000 	C:\Program Files\MATLAB\R2011a\bin\win64\m_ir.dll
0x000000006e3b0000 - 0x000000006e9eb000 	C:\Program Files\MATLAB\R2011a\bin\win64\m_parser.dll
0x0000000072e60000 - 0x0000000072e79000 	C:\Program Files\MATLAB\R2011a\bin\win64\ir_xfmr.dll
0x000000006d860000 - 0x000000006daab000 	C:\Program Files\MATLAB\R2011a\bin\win64\mcos.dll
0x0000000072e50000 - 0x0000000072e5c000 	C:\Program Files\MATLAB\R2011a\bin\win64\mtok.dll
0x000000006e380000 - 0x000000006e3ab000 	C:\Program Files\MATLAB\R2011a\bin\win64\m_pcodegen.dll
0x0000000076160000 - 0x00000000761c2000 	C:\Program Files\MATLAB\R2011a\bin\win64\libmwspmatrix.dll
0x0000000079fb0000 - 0x0000000079fde000 	C:\Program Files\MATLAB\R2011a\bin\win64\libmwbridge.dll
0x000000006e2c0000 - 0x000000006e379000 	C:\Program Files\MATLAB\R2011a\bin\win64\udd.dll
0x000000006d710000 - 0x000000006d851000 	C:\Program Files\MATLAB\R2011a\bin\win64\libmwgui.dll
0x000000006e2a0000 - 0x000000006e2b7000 	C:\Program Files\MATLAB\R2011a\bin\win64\graphics_util.dll
0x000000006ce90000 - 0x000000006d710000 	C:\Program Files\MATLAB\R2011a\bin\win64\hg.dll
0x0000000076100000 - 0x000000007614f000 	C:\Program Files\MATLAB\R2011a\bin\win64\libmat.dll
0x0000000001a70000 - 0x0000000001c73000 	C:\Program Files\MATLAB\R2011a\bin\win64\libhdf5.dll
0x000000006ce10000 - 0x000000006ce8b000 	C:\Program Files\MATLAB\R2011a\bin\win64\jmi.dll
0x0000000001ca0000 - 0x0000000001cae000 	C:\Program Files\MATLAB\R2011a\bin\win64\nativejava_services.dll
0x000000006e260000 - 0x000000006e29c000 	C:\Program Files\MATLAB\R2011a\bin\win64\libmwhardcopy.dll
0x000000006cdb0000 - 0x000000006ce08000 	C:\Program Files\MATLAB\R2011a\bin\win64\libuij.dll
0x000000006cbc0000 - 0x000000006cda3000 	C:\Program Files\MATLAB\R2011a\bin\win64\hgdatatypes.dll
0x000000006cb00000 - 0x000000006cbbc000 	C:\Program Files\MATLAB\R2011a\bin\win64\hgutils.dll
0x000000006ca80000 - 0x000000006cafc000 	C:\Program Files\MATLAB\R2011a\bin\win64\libmwlapack.dll
0x000000006ea10000 - 0x000000006ea22000 	C:\Program Files\MATLAB\R2011a\bin\win64\libmwbinder.dll
0x0000000070a60000 - 0x0000000070a6b000 	C:\Program Files\MATLAB\R2011a\bin\win64\libmwompwrapper.dll
0x0000000001d30000 - 0x0000000001ff4000 	C:\Program Files\MATLAB\R2011a\bin\win64\uiw.dll
0x0000000072c20000 - 0x0000000072c2a000 	C:\Program Files\MATLAB\R2011a\bin\win64\uinone.dll
0x000000006c590000 - 0x000000006ca74000 	C:\Windows\WinSxS\amd64_microsoft.vc90.mfc_1fc8b3b9a1e18e3b_9.0.30729.6161_none_044aad0bab1eb146\mfc90.dll
0x000007fef96a0000 - 0x000007fef96a7000 	C:\Windows\system32\MSIMG32.dll
0x000007fef9060000 - 0x000007fef90d1000 	C:\Windows\system32\WINSPOOL.DRV
0x000000006c4e0000 - 0x000000006c589000 	C:\Program Files\MATLAB\R2011a\bin\win64\udd_mi.dll
0x000000006c4c0000 - 0x000000006c4db000 	C:\Program Files\MATLAB\R2011a\bin\win64\mwoles05.DLL
0x000000006c450000 - 0x000000006c4be000 	C:\Program Files\MATLAB\R2011a\bin\win64\comcli.dll
0x00000000731d0000 - 0x00000000731ff000 	C:\Windows\WinSxS\amd64_microsoft.vc90.atl_1fc8b3b9a1e18e3b_9.0.30729.6161_none_0a1fd3a3a768b895\ATL90.DLL
0x0000000070540000 - 0x000000007054c000 	C:\Program Files\MATLAB\R2011a\bin\win64\mlautoregister.dll
0x0000000002060000 - 0x000000000206d000 	C:\Program Files\MATLAB\R2011a\bin\win64\boost_iostreams-vc90-mt-1_40.dll
0x000007feff1a0000 - 0x000007feff1ce000 	C:\Windows\system32\IMM32.DLL
0x000007fefe190000 - 0x000007fefe299000 	C:\Windows\system32\MSCTF.dll
0x000007fefb4e0000 - 0x000007fefb536000 	C:\Windows\system32\UxTheme.dll
0x000007fefb240000 - 0x000007fefb258000 	C:\Windows\system32\dwmapi.dll
0x0000000072eb0000 - 0x0000000072ebd000 	C:\Windows\WinSxS\amd64_microsoft.vc90.mfcloc_1fc8b3b9a1e18e3b_9.0.30729.6161_none_01c9581e60cbee58\MFC90ENU.DLL
0x0000000002370000 - 0x0000000002399000 	C:\Program Files\MATLAB\R2011a\bin\win64\tbbmalloc.dll
0x000007fefcf20000 - 0x000007fefcf2f000 	C:\Windows\system32\profapi.dll
0x000007fefa880000 - 0x000007fefa8a7000 	C:\Windows\system32\iphlpapi.dll
0x000007fefa870000 - 0x000007fefa87b000 	C:\Windows\system32\WINNSI.DLL
0x000007fefc520000 - 0x000007fefc57b000 	C:\Windows\system32\DNSAPI.dll
0x000007fefa670000 - 0x000007fefa681000 	C:\Windows\system32\dhcpcsvc6.DLL
0x000007fefa650000 - 0x000007fefa668000 	C:\Windows\system32\dhcpcsvc.DLL
0x00000000705e0000 - 0x00000000705e3000 	C:\Windows\system32\icmp.Dll
0x000007fefce50000 - 0x000007fefce5f000 	C:\Windows\system32\CRYPTBASE.dll
0x000007fefd140000 - 0x000007fefd176000 	C:\Windows\system32\CFGMGR32.dll
0x0000000078870000 - 0x0000000078ecd000 	C:\Program Files\MATLAB\R2011a\sys\java\jre\win64\jre\bin\server\jvm.dll
0x000007fefacd0000 - 0x000007fefad0b000 	C:\Windows\system32\WINMM.dll
0x000000007a440000 - 0x000000007a44e000 	C:\Program Files\MATLAB\R2011a\sys\java\jre\win64\jre\bin\verify.dll
0x000000007a070000 - 0x000000007a097000 	C:\Program Files\MATLAB\R2011a\sys\java\jre\win64\jre\bin\java.dll
0x000000007a540000 - 0x000000007a54a000 	C:\Program Files\MATLAB\R2011a\sys\java\jre\win64\jre\bin\hpi.dll
0x000000007a370000 - 0x000000007a382000 	C:\Program Files\MATLAB\R2011a\sys\java\jre\win64\jre\bin\zip.dll
0x000007fefd350000 - 0x000007fefd3e9000 	C:\Windows\system32\CLBCatQ.DLL
0x0000000075b90000 - 0x0000000075bfb000 	C:\Program Files\MATLAB\R2011a\sys\java\jre\win64\jre\bin\fontmanager.dll
0x000000002c470000 - 0x000000002c631000 	C:\Program Files\MATLAB\R2011a\sys\java\jre\win64\jre\bin\awt.dll
0x0000000079cf0000 - 0x0000000079d36000 	C:\Program Files\MATLAB\R2011a\bin\win64\nativejmi.dll
0x000000007a600000 - 0x000000007a608000 	C:\Program Files\MATLAB\R2011a\bin\win64\nativeservices.dll
0x000000007a0d0000 - 0x000000007a0e8000 	C:\Program Files\MATLAB\R2011a\bin\win64\nativejava.dll
0x000007fef3490000 - 0x000007fef34a8000 	C:\Windows\system32\MPR.dll
0x000000007a230000 - 0x000000007a247000 	C:\Program Files\MATLAB\R2011a\sys\java\jre\win64\jre\bin\net.dll
0x000007fefc740000 - 0x000007fefc795000 	C:\Windows\system32\mswsock.dll
0x000007fefc8c0000 - 0x000007fefc8c7000 	C:\Windows\System32\wship6.dll
0x000000007a500000 - 0x000000007a50b000 	C:\Program Files\MATLAB\R2011a\sys\java\jre\win64\jre\bin\nio.dll

VM Arguments:
jvm_args: -Xss512k -XX:PermSize=32m -Xms64m -XX:NewRatio=3 -XX:MaxPermSize=128m -Xmx196m -XX:MaxDirectMemorySize=2147400000 -Dsun.java2d.noddraw=true -Dsun.awt.nopixfmt=true -Xshare:off -Xrs -Dsun.awt.disableMixing=true -Djava.library.path=C:\Program Files\MATLAB\R2011a\bin\win64 vfprintf abort 
java_command: <unknown>
Launcher Type: generic

Environment Variables:
CLASSPATH=C:\Program Files\Mosek\7\tools\platform\win64x86\bin\mosek.jar;C:\Program Files\Mosek\7\tools\platform\win64x86\bin\fusion.jar
PATH=C:\Program Files\MATLAB\R2011a\bin\win64;C:\CTEX\UserData\miktex\bin;C:\CTEX\MiKTeX\miktex\bin;C:\CTEX\CTeX\ctex\bin;C:\CTEX\CTeX\cct\bin;C:\CTEX\CTeX\ty\bin;C:\CTEX\Ghostscript\gs9.05\bin;C:\CTEX\GSview\gsview;C:\CTEX\WinEdt;C:\Program Files\MATLAB\R2011a\runtime\win64;C:\Program Files\MATLAB\R2011a\bin;C:\Program Files (x86)\Microsoft SQL Server\100\Tools\Binn\;C:\Program Files\Microsoft SQL Server\100\Tools\Binn\;C:\Program Files\Microsoft SQL Server\100\DTS\Binn\;C:\Program Files\IBM\ILOG\CPLEX_Studio1251\opl\bin\x64_win64;C:\Program Files\IBM\ILOG\CPLEX_Studio1251\opl\oplide\;C:\Program Files\IBM\ILOG\CPLEX_Studio1251\cplex\bin\x64_win64;C:\Program Files\IBM\ILOG\CPLEX_Studio1251\cpoptimizer\bin\x64_win64;C:\Program Files\Mosek\7\tools\platform\win64x86\bin;D:\Program Files\TortoiseGit\bin
USERNAME=Vicon
OS=Windows_NT
PROCESSOR_IDENTIFIER=Intel64 Family 6 Model 58 Stepping 9, GenuineIntel



---------------  S Y S T E M  ---------------

OS: Windows 7 Build 7601 Service Pack 1

CPU:total 8 (8 cores per cpu, 2 threads per core) family 6 model 58 stepping 9, cmov, cx8, fxsr, mmx, sse, sse2, sse3, ssse3, sse4.1, sse4.2, ht

Memory: 4k page, physical 16731116k(12422056k free), swap 545460368k(540214892k free)

vm_info: Java HotSpot(TM) 64-Bit Server VM (14.3-b01) for windows-amd64 JRE (1.6.0_17-b04), built on Oct 11 2009 00:46:08 by "java_re" with MS VC++ 8.0

time: Tue Nov 19 13:59:13 2013
elapsed time: 519 seconds

